[2023-07-12T02:46:18.529Z] info  code-server 4.13.0 2798322b03e7f446f59c5142215c11711ed7a427
[2023-07-12T02:46:18.530Z] info  Using user-data-dir ~/.local/share/code-server
[2023-07-12T02:46:18.551Z] info  Using config file ~/.config/code-server/config.yaml
[2023-07-12T02:46:18.551Z] info  HTTPS server listening on https://0.0.0.0:8443/
[2023-07-12T02:46:18.551Z] info    - Authentication is enabled
[2023-07-12T02:46:18.551Z] info      - Using password from $PASSWORD
[2023-07-12T02:46:18.551Z] info    - Using certificate for HTTPS: ~/.local/share/code-server/localhost.crt
[12:46:56] 




[12:46:56] Extension host agent started.
[12:46:56] Started initializing default profile extensions in extensions installation folder. file:///var/www/.local/share/code-server/extensions
[12:46:56] Completed initializing default profile extensions in extensions installation folder. file:///var/www/.local/share/code-server/extensions
[12:47:14] [<unknown>][cb5e5f22][ManagementConnection] New connection established.
[12:47:15] [<unknown>][89c7928a][ExtensionHostConnection] New connection established.
[12:47:15] [<unknown>][89c7928a][ExtensionHostConnection] <979> Launched Extension Host Process.
[12:48:43] [<unknown>][3195b345][ManagementConnection] New connection established.
[12:48:44] [<unknown>][acc4bfeb][ExtensionHostConnection] New connection established.
[12:48:44] [<unknown>][acc4bfeb][ExtensionHostConnection] <2573> Launched Extension Host Process.
[12:48:48] [<unknown>][3195b345][ManagementConnection] The client has disconnected gracefully, so the connection will be disposed.
[12:48:48] [<unknown>][acc4bfeb][ExtensionHostConnection] <2573> Extension Host Process exited with code: 0, signal: null.
[12:54:10] [<unknown>][cb5e5f22][ManagementConnection] The client has disconnected gracefully, so the connection will be disposed.
[12:54:10] [<unknown>][89c7928a][ExtensionHostConnection] <979> Extension Host Process exited with code: 0, signal: null.
[2023-07-21T03:40:03.190Z] info  code-server 4.13.0 2798322b03e7f446f59c5142215c11711ed7a427
[2023-07-21T03:40:03.191Z] info  Using user-data-dir ~/.local/share/code-server
[2023-07-21T03:40:03.373Z] info  Using config file ~/.config/code-server/config.yaml
[2023-07-21T03:40:03.374Z] info  HTTPS server listening on https://0.0.0.0:8443/
[2023-07-21T03:40:03.374Z] info    - Authentication is enabled
[2023-07-21T03:40:03.374Z] info      - Using password from $PASSWORD
[2023-07-21T03:40:03.374Z] info    - Using certificate for HTTPS: ~/.local/share/code-server/localhost.crt
[13:40:28] 




[13:40:28] Extension host agent started.
[13:42:21] [<unknown>][4b7a5af8][ManagementConnection] New connection established.
[13:42:24] [<unknown>][7245e2a4][ExtensionHostConnection] New connection established.
[13:42:24] [<unknown>][7245e2a4][ExtensionHostConnection] <1057> Launched Extension Host Process.
[13:54:50] [<unknown>][4b7a5af8][ManagementConnection] The client has disconnected gracefully, so the connection will be disposed.
[13:54:50] [<unknown>][7245e2a4][ExtensionHostConnection] <1057> Extension Host Process exited with code: 0, signal: null.
[13:54:53] [<unknown>][a0c743af][ManagementConnection] New connection established.
[13:54:56] [<unknown>][7cf82c3c][ExtensionHostConnection] New connection established.
[13:54:56] [<unknown>][7cf82c3c][ExtensionHostConnection] <4252> Launched Extension Host Process.
[IPC Library: Pty Host]  WARN Persistent process "1": Process had no disconnect runners but was an orphan
[IPC Library: Pty Host]  INFO Persistent process reconnection "1"
[IPC Library: Pty Host]  INFO Persistent process "1": Replaying 38 chars and 1 size events
