2023-09-09 17:01:23.790 [info] Log level: Info
2023-09-09 17:01:23.790 [info] Validating found git in: "git"
2023-09-09 17:01:23.790 [info] Using git "2.30.2" from "git"
2023-09-09 17:01:23.790 [info] > git rev-parse --show-toplevel [34ms]
2023-09-09 17:01:23.790 [info] fatal: not a git repository (or any of the parent directories): .git
2023-09-09 17:01:23.790 [info] > git rev-parse --show-toplevel [3ms]
2023-09-09 17:01:23.790 [info] > git rev-parse --git-dir --git-common-dir [21ms]
2023-09-09 17:01:23.790 [info] Open repository: /var/www
2023-09-09 17:01:23.790 [info] > git config --get commit.template [11ms]
2023-09-09 17:01:23.790 [info] > git rev-parse --show-toplevel [18ms]
2023-09-09 17:01:23.790 [info] fatal: not a git repository (or any of the parent directories): .git
2023-09-09 17:01:23.790 [info] > git rev-parse --show-toplevel [6ms]
2023-09-09 17:01:23.790 [info] fatal: not a git repository (or any of the parent directories): .git
2023-09-09 17:01:23.790 [info] > git for-each-ref --format=%(refname)%00%(upstream:short)%00%(objectname)%00%(upstream:track)%00%(upstream:remotename)%00%(upstream:remoteref) refs/heads/master refs/remotes/master [7ms]
2023-09-09 17:01:23.790 [info] > git rev-parse --show-toplevel [8ms]
2023-09-09 17:01:23.790 [info] fatal: not a git repository (or any of the parent directories): .git
2023-09-09 17:01:23.790 [info] > git rev-parse --show-toplevel [1ms]
2023-09-09 17:01:23.790 [info] fatal: not a git repository (or any of the parent directories): .git
2023-09-09 17:01:23.790 [info] > git rev-parse --show-toplevel [1ms]
2023-09-09 17:01:23.790 [info] fatal: not a git repository (or any of the parent directories): .git
2023-09-09 17:01:23.790 [info] > git rev-parse --show-toplevel [2ms]
2023-09-09 17:01:23.790 [info] fatal: not a git repository (or any of the parent directories): .git
2023-09-09 17:01:23.791 [info] > git rev-parse --show-toplevel [2ms]
2023-09-09 17:01:23.791 [info] fatal: not a git repository (or any of the parent directories): .git
2023-09-09 17:01:23.791 [info] > git rev-parse --show-toplevel [2ms]
2023-09-09 17:01:23.791 [info] fatal: not a git repository (or any of the parent directories): .git
2023-09-09 17:01:23.791 [info] > git rev-parse --show-toplevel [2ms]
2023-09-09 17:01:23.791 [info] fatal: not a git repository (or any of the parent directories): .git
2023-09-09 17:01:23.792 [info] > git status -z -uall [492ms]
2023-09-09 17:01:23.792 [info] > git config --get commit.template [9ms]
2023-09-09 17:01:23.792 [info] > git for-each-ref --format=%(refname)%00%(upstream:short)%00%(objectname)%00%(upstream:track)%00%(upstream:remotename)%00%(upstream:remoteref) refs/heads/master refs/remotes/master [447ms]
2023-09-09 17:01:23.792 [info] > git rev-parse --show-toplevel [21ms]
2023-09-09 17:01:23.792 [info] fatal: not a git repository (or any of the parent directories): .git
2023-09-09 17:01:23.792 [info] > git check-ignore -v -z --stdin [18ms]
2023-09-09 17:01:23.792 [info] > git rev-parse --show-toplevel [3ms]
2023-09-09 17:01:23.792 [info] fatal: not a git repository (or any of the parent directories): .git
2023-09-09 17:01:24.063 [info] > git status -z -uall [471ms]
2023-09-09 17:01:25.170 [info] > git check-ignore -v -z --stdin [4ms]
2023-09-09 17:01:25.826 [info] > git show --textconv :html/webAppDev/Assignment1/app/Http/Controllers/UserController.php [8ms]
2023-09-09 17:01:25.828 [info] > git ls-files --stage -- /var/www/html/webAppDev/Assignment1/app/Http/Controllers/UserController.php [3ms]
2023-09-09 17:01:45.666 [info] > git config --get commit.template [8ms]
2023-09-09 17:01:45.669 [info] > git for-each-ref --format=%(refname)%00%(upstream:short)%00%(objectname)%00%(upstream:track)%00%(upstream:remotename)%00%(upstream:remoteref) refs/heads/master refs/remotes/master [4ms]
2023-09-09 17:01:45.935 [info] > git status -z -uall [259ms]
2023-09-09 17:01:51.021 [info] > git config --get commit.template [10ms]
2023-09-09 17:01:51.024 [info] > git for-each-ref --format=%(refname)%00%(upstream:short)%00%(objectname)%00%(upstream:track)%00%(upstream:remotename)%00%(upstream:remoteref) refs/heads/master refs/remotes/master [5ms]
2023-09-09 17:01:51.371 [info] > git status -z -uall [336ms]
2023-09-09 17:01:56.441 [info] > git config --get commit.template [9ms]
2023-09-09 17:01:56.445 [info] > git for-each-ref --format=%(refname)%00%(upstream:short)%00%(objectname)%00%(upstream:track)%00%(upstream:remotename)%00%(upstream:remoteref) refs/heads/master refs/remotes/master [5ms]
2023-09-09 17:01:56.731 [info] > git status -z -uall [280ms]
2023-09-09 17:02:01.785 [info] > git config --get commit.template [3ms]
2023-09-09 17:02:01.798 [info] > git for-each-ref --format=%(refname)%00%(upstream:short)%00%(objectname)%00%(upstream:track)%00%(upstream:remotename)%00%(upstream:remoteref) refs/heads/master refs/remotes/master [4ms]
2023-09-09 17:02:02.090 [info] > git status -z -uall [281ms]
2023-09-09 17:02:07.845 [info] > git config --get commit.template [9ms]
2023-09-09 17:02:07.849 [info] > git for-each-ref --format=%(refname)%00%(upstream:short)%00%(objectname)%00%(upstream:track)%00%(upstream:remotename)%00%(upstream:remoteref) refs/heads/master refs/remotes/master [5ms]
2023-09-09 17:02:08.155 [info] > git status -z -uall [298ms]
2023-09-09 17:02:15.946 [info] > git config --get commit.template [10ms]
2023-09-09 17:02:15.950 [info] > git for-each-ref --format=%(refname)%00%(upstream:short)%00%(objectname)%00%(upstream:track)%00%(upstream:remotename)%00%(upstream:remoteref) refs/heads/master refs/remotes/master [4ms]
2023-09-09 17:02:16.237 [info] > git status -z -uall [278ms]
2023-09-09 17:02:21.299 [info] > git config --get commit.template [11ms]
2023-09-09 17:02:21.303 [info] > git for-each-ref --format=%(refname)%00%(upstream:short)%00%(objectname)%00%(upstream:track)%00%(upstream:remotename)%00%(upstream:remoteref) refs/heads/master refs/remotes/master [4ms]
2023-09-09 17:02:21.572 [info] > git status -z -uall [259ms]
2023-09-09 17:02:26.650 [info] > git config --get commit.template [7ms]
2023-09-09 17:02:26.653 [info] > git for-each-ref --format=%(refname)%00%(upstream:short)%00%(objectname)%00%(upstream:track)%00%(upstream:remotename)%00%(upstream:remoteref) refs/heads/master refs/remotes/master [4ms]
2023-09-09 17:02:27.056 [info] > git status -z -uall [397ms]
2023-09-09 17:02:32.110 [info] > git config --get commit.template [8ms]
2023-09-09 17:02:32.113 [info] > git for-each-ref --format=%(refname)%00%(upstream:short)%00%(objectname)%00%(upstream:track)%00%(upstream:remotename)%00%(upstream:remoteref) refs/heads/master refs/remotes/master [4ms]
2023-09-09 17:02:32.366 [info] > git status -z -uall [246ms]
2023-09-09 17:03:04.391 [info] > git config --get commit.template [7ms]
2023-09-09 17:03:04.395 [info] > git for-each-ref --format=%(refname)%00%(upstream:short)%00%(objectname)%00%(upstream:track)%00%(upstream:remotename)%00%(upstream:remoteref) refs/heads/master refs/remotes/master [5ms]
2023-09-09 17:03:04.667 [info] > git status -z -uall [265ms]
2023-09-09 17:03:09.736 [info] > git config --get commit.template [8ms]
2023-09-09 17:03:09.740 [info] > git for-each-ref --format=%(refname)%00%(upstream:short)%00%(objectname)%00%(upstream:track)%00%(upstream:remotename)%00%(upstream:remoteref) refs/heads/master refs/remotes/master [4ms]
2023-09-09 17:03:10.032 [info] > git status -z -uall [285ms]
2023-09-09 17:03:15.095 [info] > git config --get commit.template [8ms]
2023-09-09 17:03:15.099 [info] > git for-each-ref --format=%(refname)%00%(upstream:short)%00%(objectname)%00%(upstream:track)%00%(upstream:remotename)%00%(upstream:remoteref) refs/heads/master refs/remotes/master [4ms]
2023-09-09 17:03:15.376 [info] > git status -z -uall [270ms]
2023-09-09 17:03:21.663 [info] > git config --get commit.template [9ms]
2023-09-09 17:03:21.667 [info] > git for-each-ref --format=%(refname)%00%(upstream:short)%00%(objectname)%00%(upstream:track)%00%(upstream:remotename)%00%(upstream:remoteref) refs/heads/master refs/remotes/master [5ms]
2023-09-09 17:03:21.960 [info] > git status -z -uall [287ms]
2023-09-09 17:03:30.793 [info] > git config --get commit.template [8ms]
2023-09-09 17:03:30.798 [info] > git for-each-ref --format=%(refname)%00%(upstream:short)%00%(objectname)%00%(upstream:track)%00%(upstream:remotename)%00%(upstream:remoteref) refs/heads/master refs/remotes/master [5ms]
2023-09-09 17:03:31.215 [info] > git status -z -uall [409ms]
2023-09-09 17:03:34.601 [info] > git show --textconv :html/webAppDev/Assignment1/app/Http/Controllers/PostController.php [9ms]
2023-09-09 17:03:34.603 [info] > git ls-files --stage -- /var/www/html/webAppDev/Assignment1/app/Http/Controllers/PostController.php [2ms]
2023-09-09 17:03:36.342 [info] > git config --get commit.template [7ms]
2023-09-09 17:03:36.346 [info] > git for-each-ref --format=%(refname)%00%(upstream:short)%00%(objectname)%00%(upstream:track)%00%(upstream:remotename)%00%(upstream:remoteref) refs/heads/master refs/remotes/master [4ms]
2023-09-09 17:03:36.605 [info] > git status -z -uall [253ms]
2023-09-09 17:03:41.664 [info] > git config --get commit.template [8ms]
2023-09-09 17:03:41.667 [info] > git for-each-ref --format=%(refname)%00%(upstream:short)%00%(objectname)%00%(upstream:track)%00%(upstream:remotename)%00%(upstream:remoteref) refs/heads/master refs/remotes/master [4ms]
2023-09-09 17:03:41.913 [info] > git status -z -uall [239ms]
2023-09-09 17:03:46.972 [info] > git config --get commit.template [9ms]
2023-09-09 17:03:46.975 [info] > git for-each-ref --format=%(refname)%00%(upstream:short)%00%(objectname)%00%(upstream:track)%00%(upstream:remotename)%00%(upstream:remoteref) refs/heads/master refs/remotes/master [4ms]
2023-09-09 17:03:47.254 [info] > git status -z -uall [273ms]
2023-09-09 17:03:52.306 [info] > git config --get commit.template [4ms]
2023-09-09 17:03:52.319 [info] > git for-each-ref --format=%(refname)%00%(upstream:short)%00%(objectname)%00%(upstream:track)%00%(upstream:remotename)%00%(upstream:remoteref) refs/heads/master refs/remotes/master [4ms]
2023-09-09 17:03:52.579 [info] > git status -z -uall [249ms]
2023-09-09 17:03:57.633 [info] > git config --get commit.template [10ms]
2023-09-09 17:03:57.637 [info] > git for-each-ref --format=%(refname)%00%(upstream:short)%00%(objectname)%00%(upstream:track)%00%(upstream:remotename)%00%(upstream:remoteref) refs/heads/master refs/remotes/master [4ms]
2023-09-09 17:03:57.887 [info] > git status -z -uall [243ms]
2023-09-09 17:04:03.927 [info] > git config --get commit.template [11ms]
2023-09-09 17:04:03.931 [info] > git for-each-ref --format=%(refname)%00%(upstream:short)%00%(objectname)%00%(upstream:track)%00%(upstream:remotename)%00%(upstream:remoteref) refs/heads/master refs/remotes/master [5ms]
2023-09-09 17:04:04.213 [info] > git status -z -uall [273ms]
2023-09-09 17:04:09.276 [info] > git config --get commit.template [12ms]
2023-09-09 17:04:09.279 [info] > git for-each-ref --format=%(refname)%00%(upstream:short)%00%(objectname)%00%(upstream:track)%00%(upstream:remotename)%00%(upstream:remoteref) refs/heads/master refs/remotes/master [4ms]
2023-09-09 17:04:09.542 [info] > git status -z -uall [253ms]
2023-09-09 17:04:15.793 [info] > git config --get commit.template [7ms]
2023-09-09 17:04:15.807 [info] > git for-each-ref --format=%(refname)%00%(upstream:short)%00%(objectname)%00%(upstream:track)%00%(upstream:remotename)%00%(upstream:remoteref) refs/heads/master refs/remotes/master [4ms]
2023-09-09 17:04:16.076 [info] > git status -z -uall [259ms]
2023-09-09 17:04:21.140 [info] > git config --get commit.template [13ms]
2023-09-09 17:04:21.143 [info] > git for-each-ref --format=%(refname)%00%(upstream:short)%00%(objectname)%00%(upstream:track)%00%(upstream:remotename)%00%(upstream:remoteref) refs/heads/master refs/remotes/master [5ms]
2023-09-09 17:04:21.412 [info] > git status -z -uall [260ms]
2023-09-09 17:04:26.480 [info] > git config --get commit.template [13ms]
2023-09-09 17:04:26.485 [info] > git for-each-ref --format=%(refname)%00%(upstream:short)%00%(objectname)%00%(upstream:track)%00%(upstream:remotename)%00%(upstream:remoteref) refs/heads/master refs/remotes/master [6ms]
2023-09-09 17:04:26.807 [info] > git status -z -uall [313ms]
2023-09-09 17:04:31.869 [info] > git config --get commit.template [9ms]
2023-09-09 17:04:31.874 [info] > git for-each-ref --format=%(refname)%00%(upstream:short)%00%(objectname)%00%(upstream:track)%00%(upstream:remotename)%00%(upstream:remoteref) refs/heads/master refs/remotes/master [5ms]
2023-09-09 17:04:32.295 [info] > git status -z -uall [414ms]
2023-09-09 17:04:39.005 [info] > git config --get commit.template [10ms]
2023-09-09 17:04:39.008 [info] > git for-each-ref --format=%(refname)%00%(upstream:short)%00%(objectname)%00%(upstream:track)%00%(upstream:remotename)%00%(upstream:remoteref) refs/heads/master refs/remotes/master [4ms]
2023-09-09 17:04:39.278 [info] > git status -z -uall [262ms]
2023-09-09 17:04:48.544 [info] > git config --get commit.template [8ms]
2023-09-09 17:04:48.547 [info] > git for-each-ref --format=%(refname)%00%(upstream:short)%00%(objectname)%00%(upstream:track)%00%(upstream:remotename)%00%(upstream:remoteref) refs/heads/master refs/remotes/master [4ms]
2023-09-09 17:04:48.816 [info] > git status -z -uall [262ms]
2023-09-09 17:04:53.894 [info] > git config --get commit.template [9ms]
2023-09-09 17:04:53.897 [info] > git for-each-ref --format=%(refname)%00%(upstream:short)%00%(objectname)%00%(upstream:track)%00%(upstream:remotename)%00%(upstream:remoteref) refs/heads/master refs/remotes/master [4ms]
2023-09-09 17:04:54.187 [info] > git status -z -uall [282ms]
2023-09-09 17:04:59.247 [info] > git config --get commit.template [9ms]
2023-09-09 17:04:59.250 [info] > git for-each-ref --format=%(refname)%00%(upstream:short)%00%(objectname)%00%(upstream:track)%00%(upstream:remotename)%00%(upstream:remoteref) refs/heads/master refs/remotes/master [4ms]
2023-09-09 17:04:59.505 [info] > git status -z -uall [247ms]
2023-09-09 17:05:04.564 [info] > git config --get commit.template [9ms]
2023-09-09 17:05:04.569 [info] > git for-each-ref --format=%(refname)%00%(upstream:short)%00%(objectname)%00%(upstream:track)%00%(upstream:remotename)%00%(upstream:remoteref) refs/heads/master refs/remotes/master [5ms]
2023-09-09 17:05:04.845 [info] > git status -z -uall [268ms]
2023-09-09 17:05:09.911 [info] > git config --get commit.template [9ms]
2023-09-09 17:05:09.915 [info] > git for-each-ref --format=%(refname)%00%(upstream:short)%00%(objectname)%00%(upstream:track)%00%(upstream:remotename)%00%(upstream:remoteref) refs/heads/master refs/remotes/master [5ms]
2023-09-09 17:05:10.180 [info] > git status -z -uall [257ms]
2023-09-09 17:05:15.257 [info] > git config --get commit.template [9ms]
2023-09-09 17:05:15.260 [info] > git for-each-ref --format=%(refname)%00%(upstream:short)%00%(objectname)%00%(upstream:track)%00%(upstream:remotename)%00%(upstream:remoteref) refs/heads/master refs/remotes/master [4ms]
2023-09-09 17:05:15.532 [info] > git status -z -uall [264ms]
2023-09-09 17:05:20.590 [info] > git config --get commit.template [9ms]
2023-09-09 17:05:20.594 [info] > git for-each-ref --format=%(refname)%00%(upstream:short)%00%(objectname)%00%(upstream:track)%00%(upstream:remotename)%00%(upstream:remoteref) refs/heads/master refs/remotes/master [5ms]
2023-09-09 17:05:20.870 [info] > git status -z -uall [267ms]
2023-09-09 17:05:25.925 [info] > git config --get commit.template [9ms]
2023-09-09 17:05:25.928 [info] > git for-each-ref --format=%(refname)%00%(upstream:short)%00%(objectname)%00%(upstream:track)%00%(upstream:remotename)%00%(upstream:remoteref) refs/heads/master refs/remotes/master [4ms]
2023-09-09 17:05:26.197 [info] > git status -z -uall [261ms]
2023-09-09 17:05:31.258 [info] > git config --get commit.template [11ms]
2023-09-09 17:05:31.261 [info] > git for-each-ref --format=%(refname)%00%(upstream:short)%00%(objectname)%00%(upstream:track)%00%(upstream:remotename)%00%(upstream:remoteref) refs/heads/master refs/remotes/master [4ms]
2023-09-09 17:05:31.556 [info] > git status -z -uall [287ms]
2023-09-09 17:05:36.613 [info] > git config --get commit.template [10ms]
2023-09-09 17:05:36.617 [info] > git for-each-ref --format=%(refname)%00%(upstream:short)%00%(objectname)%00%(upstream:track)%00%(upstream:remotename)%00%(upstream:remoteref) refs/heads/master refs/remotes/master [5ms]
2023-09-09 17:05:37.026 [info] > git status -z -uall [400ms]
2023-09-09 17:05:42.089 [info] > git config --get commit.template [10ms]
2023-09-09 17:05:42.093 [info] > git for-each-ref --format=%(refname)%00%(upstream:short)%00%(objectname)%00%(upstream:track)%00%(upstream:remotename)%00%(upstream:remoteref) refs/heads/master refs/remotes/master [5ms]
2023-09-09 17:05:42.361 [info] > git status -z -uall [259ms]
2023-09-09 17:05:54.156 [info] > git config --get commit.template [9ms]
2023-09-09 17:05:54.159 [info] > git for-each-ref --format=%(refname)%00%(upstream:short)%00%(objectname)%00%(upstream:track)%00%(upstream:remotename)%00%(upstream:remoteref) refs/heads/master refs/remotes/master [4ms]
2023-09-09 17:05:54.408 [info] > git status -z -uall [241ms]
2023-09-09 17:05:59.465 [info] > git config --get commit.template [10ms]
2023-09-09 17:05:59.469 [info] > git for-each-ref --format=%(refname)%00%(upstream:short)%00%(objectname)%00%(upstream:track)%00%(upstream:remotename)%00%(upstream:remoteref) refs/heads/master refs/remotes/master [4ms]
2023-09-09 17:05:59.755 [info] > git status -z -uall [277ms]
2023-09-09 17:06:06.602 [info] > git config --get commit.template [10ms]
2023-09-09 17:06:06.606 [info] > git for-each-ref --format=%(refname)%00%(upstream:short)%00%(objectname)%00%(upstream:track)%00%(upstream:remotename)%00%(upstream:remoteref) refs/heads/master refs/remotes/master [4ms]
2023-09-09 17:06:06.881 [info] > git status -z -uall [265ms]
2023-09-09 17:06:15.700 [info] > git show --textconv :html/webAppDev/Assignment1/app/Http/Controllers/HomeController.php [10ms]
2023-09-09 17:06:15.702 [info] > git ls-files --stage -- /var/www/html/webAppDev/Assignment1/app/Http/Controllers/HomeController.php [3ms]
2023-09-09 17:06:24.542 [info] > git config --get commit.template [10ms]
2023-09-09 17:06:24.546 [info] > git for-each-ref --format=%(refname)%00%(upstream:short)%00%(objectname)%00%(upstream:track)%00%(upstream:remotename)%00%(upstream:remoteref) refs/heads/master refs/remotes/master [6ms]
2023-09-09 17:06:25.072 [info] > git status -z -uall [518ms]
2023-09-09 17:06:30.148 [info] > git config --get commit.template [9ms]
2023-09-09 17:06:30.152 [info] > git for-each-ref --format=%(refname)%00%(upstream:short)%00%(objectname)%00%(upstream:track)%00%(upstream:remotename)%00%(upstream:remoteref) refs/heads/master refs/remotes/master [4ms]
2023-09-09 17:06:30.415 [info] > git status -z -uall [255ms]
2023-09-09 17:06:35.477 [info] > git config --get commit.template [11ms]
2023-09-09 17:06:35.480 [info] > git for-each-ref --format=%(refname)%00%(upstream:short)%00%(objectname)%00%(upstream:track)%00%(upstream:remotename)%00%(upstream:remoteref) refs/heads/master refs/remotes/master [4ms]
2023-09-09 17:06:35.758 [info] > git status -z -uall [269ms]
2023-09-09 17:06:40.813 [info] > git config --get commit.template [8ms]
2023-09-09 17:06:40.817 [info] > git for-each-ref --format=%(refname)%00%(upstream:short)%00%(objectname)%00%(upstream:track)%00%(upstream:remotename)%00%(upstream:remoteref) refs/heads/master refs/remotes/master [4ms]
2023-09-09 17:06:41.230 [info] > git status -z -uall [405ms]
2023-09-09 17:06:46.288 [info] > git config --get commit.template [9ms]
2023-09-09 17:06:46.291 [info] > git for-each-ref --format=%(refname)%00%(upstream:short)%00%(objectname)%00%(upstream:track)%00%(upstream:remotename)%00%(upstream:remoteref) refs/heads/master refs/remotes/master [4ms]
2023-09-09 17:06:46.560 [info] > git status -z -uall [261ms]
2023-09-09 17:06:51.639 [info] > git config --get commit.template [10ms]
2023-09-09 17:06:51.643 [info] > git for-each-ref --format=%(refname)%00%(upstream:short)%00%(objectname)%00%(upstream:track)%00%(upstream:remotename)%00%(upstream:remoteref) refs/heads/master refs/remotes/master [3ms]
2023-09-09 17:06:51.896 [info] > git status -z -uall [246ms]
2023-09-09 17:06:58.042 [info] > git config --get commit.template [10ms]
2023-09-09 17:06:58.046 [info] > git for-each-ref --format=%(refname)%00%(upstream:short)%00%(objectname)%00%(upstream:track)%00%(upstream:remotename)%00%(upstream:remoteref) refs/heads/master refs/remotes/master [4ms]
2023-09-09 17:06:58.303 [info] > git status -z -uall [250ms]
2023-09-09 17:07:03.357 [info] > git config --get commit.template [8ms]
2023-09-09 17:07:03.361 [info] > git for-each-ref --format=%(refname)%00%(upstream:short)%00%(objectname)%00%(upstream:track)%00%(upstream:remotename)%00%(upstream:remoteref) refs/heads/master refs/remotes/master [5ms]
2023-09-09 17:07:03.636 [info] > git status -z -uall [265ms]
2023-09-09 17:07:08.693 [info] > git config --get commit.template [10ms]
2023-09-09 17:07:08.696 [info] > git for-each-ref --format=%(refname)%00%(upstream:short)%00%(objectname)%00%(upstream:track)%00%(upstream:remotename)%00%(upstream:remoteref) refs/heads/master refs/remotes/master [4ms]
2023-09-09 17:07:08.963 [info] > git status -z -uall [258ms]
2023-09-09 17:07:14.040 [info] > git config --get commit.template [9ms]
2023-09-09 17:07:14.044 [info] > git for-each-ref --format=%(refname)%00%(upstream:short)%00%(objectname)%00%(upstream:track)%00%(upstream:remotename)%00%(upstream:remoteref) refs/heads/master refs/remotes/master [4ms]
2023-09-09 17:07:14.312 [info] > git status -z -uall [261ms]
2023-09-09 17:07:19.382 [info] > git config --get commit.template [13ms]
2023-09-09 17:07:19.387 [info] > git for-each-ref --format=%(refname)%00%(upstream:short)%00%(objectname)%00%(upstream:track)%00%(upstream:remotename)%00%(upstream:remoteref) refs/heads/master refs/remotes/master [6ms]
2023-09-09 17:07:19.647 [info] > git status -z -uall [248ms]
