2023-09-09 19:27:31.951 [info] Log level: Info
2023-09-09 19:27:31.951 [info] Validating found git in: "git"
2023-09-09 19:27:31.951 [info] Using git "2.30.2" from "git"
2023-09-09 19:27:31.951 [info] > git rev-parse --show-toplevel [34ms]
2023-09-09 19:27:31.951 [info] fatal: not a git repository (or any of the parent directories): .git
2023-09-09 19:27:31.951 [info] > git rev-parse --show-toplevel [16ms]
2023-09-09 19:27:31.951 [info] > git rev-parse --git-dir --git-common-dir [6ms]
2023-09-09 19:27:31.951 [info] Open repository: /var/www
2023-09-09 19:27:31.951 [info] > git rev-parse --show-toplevel [6ms]
2023-09-09 19:27:31.951 [info] fatal: not a git repository (or any of the parent directories): .git
2023-09-09 19:27:31.951 [info] > git config --get commit.template [5ms]
2023-09-09 19:27:31.951 [info] > git rev-parse --show-toplevel [6ms]
2023-09-09 19:27:31.951 [info] fatal: not a git repository (or any of the parent directories): .git
2023-09-09 19:27:31.951 [info] > git rev-parse --show-toplevel [1ms]
2023-09-09 19:27:31.951 [info] fatal: not a git repository (or any of the parent directories): .git
2023-09-09 19:27:31.952 [info] > git rev-parse --show-toplevel [2ms]
2023-09-09 19:27:31.952 [info] fatal: not a git repository (or any of the parent directories): .git
2023-09-09 19:27:31.952 [info] > git rev-parse --show-toplevel [2ms]
2023-09-09 19:27:31.952 [info] fatal: not a git repository (or any of the parent directories): .git
2023-09-09 19:27:31.952 [info] > git rev-parse --show-toplevel [2ms]
2023-09-09 19:27:31.952 [info] fatal: not a git repository (or any of the parent directories): .git
2023-09-09 19:27:31.952 [info] > git rev-parse --show-toplevel [2ms]
2023-09-09 19:27:31.952 [info] fatal: not a git repository (or any of the parent directories): .git
2023-09-09 19:27:31.952 [info] > git for-each-ref --format=%(refname)%00%(upstream:short)%00%(objectname)%00%(upstream:track)%00%(upstream:remotename)%00%(upstream:remoteref) refs/heads/master refs/remotes/master [30ms]
2023-09-09 19:27:31.952 [info] > git rev-parse --show-toplevel [6ms]
2023-09-09 19:27:31.952 [info] fatal: not a git repository (or any of the parent directories): .git
2023-09-09 19:27:31.952 [info] > git rev-parse --show-toplevel [2ms]
2023-09-09 19:27:31.952 [info] fatal: not a git repository (or any of the parent directories): .git
2023-09-09 19:27:31.952 [info] > git rev-parse --show-toplevel [1ms]
2023-09-09 19:27:31.952 [info] fatal: not a git repository (or any of the parent directories): .git
2023-09-09 19:27:31.952 [info] > git rev-parse --show-toplevel [3ms]
2023-09-09 19:27:31.952 [info] fatal: not a git repository (or any of the parent directories): .git
2023-09-09 19:27:31.953 [info] > git check-ignore -v -z --stdin [4ms]
2023-09-09 19:27:31.953 [info] > git status -z -uall [895ms]
2023-09-09 19:27:31.954 [info] > git config --get commit.template [7ms]
2023-09-09 19:27:31.954 [info] > git show --textconv :html/webAppDev/Assignment1/app/Http/Controllers/CommentController.php [9ms]
2023-09-09 19:27:31.955 [info] > git for-each-ref --format=%(refname)%00%(upstream:short)%00%(objectname)%00%(upstream:track)%00%(upstream:remotename)%00%(upstream:remoteref) refs/heads/master refs/remotes/master [19ms]
2023-09-09 19:27:31.955 [info] > git ls-files --stage -- /var/www/html/webAppDev/Assignment1/app/Http/Controllers/CommentController.php [474ms]
2023-09-09 19:27:31.956 [info] > git status -z -uall [593ms]
2023-09-09 19:27:32.456 [info] > git check-ignore -v -z --stdin [4ms]
2023-09-09 19:27:33.924 [info] > git config --get commit.template [8ms]
2023-09-09 19:27:33.940 [info] > git for-each-ref --format=%(refname)%00%(upstream:short)%00%(objectname)%00%(upstream:track)%00%(upstream:remotename)%00%(upstream:remoteref) refs/heads/master refs/remotes/master [17ms]
2023-09-09 19:27:34.428 [info] > git status -z -uall [480ms]
2023-09-09 19:30:18.227 [info] > git config --get commit.template [6ms]
2023-09-09 19:30:18.232 [info] > git for-each-ref --format=%(refname)%00%(upstream:short)%00%(objectname)%00%(upstream:track)%00%(upstream:remotename)%00%(upstream:remoteref) refs/heads/master refs/remotes/master [5ms]
2023-09-09 19:30:18.720 [info] > git status -z -uall [484ms]
2023-09-09 19:30:23.790 [info] > git config --get commit.template [7ms]
2023-09-09 19:30:23.794 [info] > git for-each-ref --format=%(refname)%00%(upstream:short)%00%(objectname)%00%(upstream:track)%00%(upstream:remotename)%00%(upstream:remoteref) refs/heads/master refs/remotes/master [4ms]
2023-09-09 19:30:24.069 [info] > git status -z -uall [269ms]
2023-09-09 19:30:24.549 [info] > git check-ignore -v -z --stdin [6ms]
2023-09-09 19:30:25.910 [info] > git show --textconv :html/webAppDev/Assignment1/_Checklist_README.md [8ms]
2023-09-09 19:30:25.912 [info] > git ls-files --stage -- /var/www/html/webAppDev/Assignment1/_Checklist_README.md [2ms]
2023-09-09 19:31:33.861 [info] > git config --get commit.template [7ms]
2023-09-09 19:31:33.869 [info] > git for-each-ref --format=%(refname)%00%(upstream:short)%00%(objectname)%00%(upstream:track)%00%(upstream:remotename)%00%(upstream:remoteref) refs/heads/master refs/remotes/master [9ms]
2023-09-09 19:31:34.363 [info] > git status -z -uall [486ms]
2023-09-09 19:32:50.829 [info] > git config --get commit.template [8ms]
2023-09-09 19:32:50.832 [info] > git for-each-ref --format=%(refname)%00%(upstream:short)%00%(objectname)%00%(upstream:track)%00%(upstream:remotename)%00%(upstream:remoteref) refs/heads/master refs/remotes/master [5ms]
2023-09-09 19:32:51.318 [info] > git status -z -uall [479ms]
2023-09-09 19:32:56.380 [info] > git config --get commit.template [8ms]
2023-09-09 19:32:56.383 [info] > git for-each-ref --format=%(refname)%00%(upstream:short)%00%(objectname)%00%(upstream:track)%00%(upstream:remotename)%00%(upstream:remoteref) refs/heads/master refs/remotes/master [4ms]
2023-09-09 19:32:56.642 [info] > git status -z -uall [252ms]
2023-09-09 19:33:01.703 [info] > git config --get commit.template [8ms]
2023-09-09 19:33:01.706 [info] > git for-each-ref --format=%(refname)%00%(upstream:short)%00%(objectname)%00%(upstream:track)%00%(upstream:remotename)%00%(upstream:remoteref) refs/heads/master refs/remotes/master [4ms]
2023-09-09 19:33:01.961 [info] > git status -z -uall [249ms]
2023-09-09 19:33:07.043 [info] > git config --get commit.template [8ms]
2023-09-09 19:33:07.047 [info] > git for-each-ref --format=%(refname)%00%(upstream:short)%00%(objectname)%00%(upstream:track)%00%(upstream:remotename)%00%(upstream:remoteref) refs/heads/master refs/remotes/master [4ms]
2023-09-09 19:33:07.318 [info] > git status -z -uall [265ms]
2023-09-09 19:33:12.373 [info] > git config --get commit.template [8ms]
2023-09-09 19:33:12.376 [info] > git for-each-ref --format=%(refname)%00%(upstream:short)%00%(objectname)%00%(upstream:track)%00%(upstream:remotename)%00%(upstream:remoteref) refs/heads/master refs/remotes/master [4ms]
2023-09-09 19:33:12.638 [info] > git status -z -uall [255ms]
2023-09-09 19:33:17.696 [info] > git config --get commit.template [8ms]
2023-09-09 19:33:17.699 [info] > git for-each-ref --format=%(refname)%00%(upstream:short)%00%(objectname)%00%(upstream:track)%00%(upstream:remotename)%00%(upstream:remoteref) refs/heads/master refs/remotes/master [4ms]
2023-09-09 19:33:17.955 [info] > git status -z -uall [250ms]
2023-09-09 19:33:23.816 [info] > git config --get commit.template [8ms]
2023-09-09 19:33:23.820 [info] > git for-each-ref --format=%(refname)%00%(upstream:short)%00%(objectname)%00%(upstream:track)%00%(upstream:remotename)%00%(upstream:remoteref) refs/heads/master refs/remotes/master [5ms]
2023-09-09 19:33:24.077 [info] > git status -z -uall [249ms]
2023-09-09 19:33:29.159 [info] > git config --get commit.template [10ms]
2023-09-09 19:33:29.162 [info] > git for-each-ref --format=%(refname)%00%(upstream:short)%00%(objectname)%00%(upstream:track)%00%(upstream:remotename)%00%(upstream:remoteref) refs/heads/master refs/remotes/master [4ms]
2023-09-09 19:33:29.433 [info] > git status -z -uall [263ms]
2023-09-09 19:33:34.486 [info] > git config --get commit.template [8ms]
2023-09-09 19:33:34.490 [info] > git for-each-ref --format=%(refname)%00%(upstream:short)%00%(objectname)%00%(upstream:track)%00%(upstream:remotename)%00%(upstream:remoteref) refs/heads/master refs/remotes/master [4ms]
2023-09-09 19:33:34.741 [info] > git status -z -uall [244ms]
2023-09-09 19:33:39.796 [info] > git config --get commit.template [8ms]
2023-09-09 19:33:39.799 [info] > git for-each-ref --format=%(refname)%00%(upstream:short)%00%(objectname)%00%(upstream:track)%00%(upstream:remotename)%00%(upstream:remoteref) refs/heads/master refs/remotes/master [3ms]
2023-09-09 19:33:40.050 [info] > git status -z -uall [246ms]
2023-09-09 19:33:45.104 [info] > git config --get commit.template [7ms]
2023-09-09 19:33:45.107 [info] > git for-each-ref --format=%(refname)%00%(upstream:short)%00%(objectname)%00%(upstream:track)%00%(upstream:remotename)%00%(upstream:remoteref) refs/heads/master refs/remotes/master [4ms]
2023-09-09 19:33:45.380 [info] > git status -z -uall [267ms]
2023-09-09 19:33:52.236 [info] > git config --get commit.template [8ms]
2023-09-09 19:33:52.243 [info] > git for-each-ref --format=%(refname)%00%(upstream:short)%00%(objectname)%00%(upstream:track)%00%(upstream:remotename)%00%(upstream:remoteref) refs/heads/master refs/remotes/master [8ms]
2023-09-09 19:33:52.694 [info] > git status -z -uall [442ms]
2023-09-09 19:33:57.758 [info] > git config --get commit.template [11ms]
2023-09-09 19:33:57.759 [info] > git for-each-ref --format=%(refname)%00%(upstream:short)%00%(objectname)%00%(upstream:track)%00%(upstream:remotename)%00%(upstream:remoteref) refs/heads/master refs/remotes/master [9ms]
2023-09-09 19:33:58.029 [info] > git status -z -uall [260ms]
2023-09-09 19:34:03.082 [info] > git config --get commit.template [8ms]
2023-09-09 19:34:03.086 [info] > git for-each-ref --format=%(refname)%00%(upstream:short)%00%(objectname)%00%(upstream:track)%00%(upstream:remotename)%00%(upstream:remoteref) refs/heads/master refs/remotes/master [5ms]
2023-09-09 19:34:03.392 [info] > git status -z -uall [299ms]
2023-09-09 19:34:08.447 [info] > git config --get commit.template [9ms]
2023-09-09 19:34:08.451 [info] > git for-each-ref --format=%(refname)%00%(upstream:short)%00%(objectname)%00%(upstream:track)%00%(upstream:remotename)%00%(upstream:remoteref) refs/heads/master refs/remotes/master [5ms]
2023-09-09 19:34:08.714 [info] > git status -z -uall [256ms]
2023-09-09 19:34:13.768 [info] > git config --get commit.template [8ms]
2023-09-09 19:34:13.772 [info] > git for-each-ref --format=%(refname)%00%(upstream:short)%00%(objectname)%00%(upstream:track)%00%(upstream:remotename)%00%(upstream:remoteref) refs/heads/master refs/remotes/master [4ms]
2023-09-09 19:34:14.036 [info] > git status -z -uall [257ms]
2023-09-09 19:34:19.092 [info] > git config --get commit.template [8ms]
2023-09-09 19:34:19.097 [info] > git for-each-ref --format=%(refname)%00%(upstream:short)%00%(objectname)%00%(upstream:track)%00%(upstream:remotename)%00%(upstream:remoteref) refs/heads/master refs/remotes/master [6ms]
2023-09-09 19:34:19.381 [info] > git status -z -uall [277ms]
2023-09-09 19:34:26.165 [info] > git config --get commit.template [7ms]
2023-09-09 19:34:26.169 [info] > git for-each-ref --format=%(refname)%00%(upstream:short)%00%(objectname)%00%(upstream:track)%00%(upstream:remotename)%00%(upstream:remoteref) refs/heads/master refs/remotes/master [5ms]
2023-09-09 19:34:26.439 [info] > git status -z -uall [262ms]
2023-09-09 19:34:31.496 [info] > git config --get commit.template [7ms]
2023-09-09 19:34:31.500 [info] > git for-each-ref --format=%(refname)%00%(upstream:short)%00%(objectname)%00%(upstream:track)%00%(upstream:remotename)%00%(upstream:remoteref) refs/heads/master refs/remotes/master [4ms]
2023-09-09 19:34:31.751 [info] > git status -z -uall [245ms]
2023-09-09 19:34:36.806 [info] > git config --get commit.template [8ms]
2023-09-09 19:34:36.809 [info] > git for-each-ref --format=%(refname)%00%(upstream:short)%00%(objectname)%00%(upstream:track)%00%(upstream:remotename)%00%(upstream:remoteref) refs/heads/master refs/remotes/master [4ms]
2023-09-09 19:34:37.067 [info] > git status -z -uall [251ms]
2023-09-09 19:34:42.122 [info] > git config --get commit.template [8ms]
2023-09-09 19:34:42.126 [info] > git for-each-ref --format=%(refname)%00%(upstream:short)%00%(objectname)%00%(upstream:track)%00%(upstream:remotename)%00%(upstream:remoteref) refs/heads/master refs/remotes/master [4ms]
2023-09-09 19:34:42.398 [info] > git status -z -uall [265ms]
2023-09-09 19:34:47.453 [info] > git config --get commit.template [8ms]
2023-09-09 19:34:47.457 [info] > git for-each-ref --format=%(refname)%00%(upstream:short)%00%(objectname)%00%(upstream:track)%00%(upstream:remotename)%00%(upstream:remoteref) refs/heads/master refs/remotes/master [3ms]
2023-09-09 19:34:47.717 [info] > git status -z -uall [254ms]
2023-09-09 19:34:52.770 [info] > git config --get commit.template [7ms]
2023-09-09 19:34:52.775 [info] > git for-each-ref --format=%(refname)%00%(upstream:short)%00%(objectname)%00%(upstream:track)%00%(upstream:remotename)%00%(upstream:remoteref) refs/heads/master refs/remotes/master [5ms]
2023-09-09 19:34:53.276 [info] > git status -z -uall [494ms]
2023-09-09 19:34:58.329 [info] > git config --get commit.template [8ms]
2023-09-09 19:34:58.333 [info] > git for-each-ref --format=%(refname)%00%(upstream:short)%00%(objectname)%00%(upstream:track)%00%(upstream:remotename)%00%(upstream:remoteref) refs/heads/master refs/remotes/master [4ms]
2023-09-09 19:34:58.605 [info] > git status -z -uall [266ms]
2023-09-09 19:35:04.590 [info] > git config --get commit.template [8ms]
2023-09-09 19:35:04.594 [info] > git for-each-ref --format=%(refname)%00%(upstream:short)%00%(objectname)%00%(upstream:track)%00%(upstream:remotename)%00%(upstream:remoteref) refs/heads/master refs/remotes/master [5ms]
2023-09-09 19:35:04.860 [info] > git status -z -uall [259ms]
2023-09-09 19:35:09.912 [info] > git config --get commit.template [8ms]
2023-09-09 19:35:09.916 [info] > git for-each-ref --format=%(refname)%00%(upstream:short)%00%(objectname)%00%(upstream:track)%00%(upstream:remotename)%00%(upstream:remoteref) refs/heads/master refs/remotes/master [5ms]
2023-09-09 19:35:10.173 [info] > git status -z -uall [251ms]
2023-09-09 19:35:15.227 [info] > git config --get commit.template [8ms]
2023-09-09 19:35:15.231 [info] > git for-each-ref --format=%(refname)%00%(upstream:short)%00%(objectname)%00%(upstream:track)%00%(upstream:remotename)%00%(upstream:remoteref) refs/heads/master refs/remotes/master [5ms]
2023-09-09 19:35:15.500 [info] > git status -z -uall [263ms]
2023-09-09 19:35:20.559 [info] > git config --get commit.template [8ms]
2023-09-09 19:35:20.563 [info] > git for-each-ref --format=%(refname)%00%(upstream:short)%00%(objectname)%00%(upstream:track)%00%(upstream:remotename)%00%(upstream:remoteref) refs/heads/master refs/remotes/master [4ms]
2023-09-09 19:35:20.822 [info] > git status -z -uall [253ms]
2023-09-09 19:35:25.878 [info] > git config --get commit.template [8ms]
2023-09-09 19:35:25.883 [info] > git for-each-ref --format=%(refname)%00%(upstream:short)%00%(objectname)%00%(upstream:track)%00%(upstream:remotename)%00%(upstream:remoteref) refs/heads/master refs/remotes/master [5ms]
2023-09-09 19:35:26.153 [info] > git status -z -uall [264ms]
2023-09-09 19:35:31.205 [info] > git config --get commit.template [7ms]
2023-09-09 19:35:31.209 [info] > git for-each-ref --format=%(refname)%00%(upstream:short)%00%(objectname)%00%(upstream:track)%00%(upstream:remotename)%00%(upstream:remoteref) refs/heads/master refs/remotes/master [5ms]
2023-09-09 19:35:31.487 [info] > git status -z -uall [272ms]
2023-09-09 19:35:36.542 [info] > git config --get commit.template [9ms]
2023-09-09 19:35:36.547 [info] > git for-each-ref --format=%(refname)%00%(upstream:short)%00%(objectname)%00%(upstream:track)%00%(upstream:remotename)%00%(upstream:remoteref) refs/heads/master refs/remotes/master [6ms]
2023-09-09 19:35:36.798 [info] > git status -z -uall [244ms]
2023-09-09 19:35:41.850 [info] > git config --get commit.template [8ms]
2023-09-09 19:35:41.854 [info] > git for-each-ref --format=%(refname)%00%(upstream:short)%00%(objectname)%00%(upstream:track)%00%(upstream:remotename)%00%(upstream:remoteref) refs/heads/master refs/remotes/master [4ms]
2023-09-09 19:35:42.134 [info] > git status -z -uall [275ms]
2023-09-09 19:35:47.187 [info] > git config --get commit.template [8ms]
2023-09-09 19:35:47.191 [info] > git for-each-ref --format=%(refname)%00%(upstream:short)%00%(objectname)%00%(upstream:track)%00%(upstream:remotename)%00%(upstream:remoteref) refs/heads/master refs/remotes/master [4ms]
2023-09-09 19:35:47.464 [info] > git status -z -uall [266ms]
2023-09-09 19:35:52.541 [info] > git config --get commit.template [9ms]
2023-09-09 19:35:52.544 [info] > git for-each-ref --format=%(refname)%00%(upstream:short)%00%(objectname)%00%(upstream:track)%00%(upstream:remotename)%00%(upstream:remoteref) refs/heads/master refs/remotes/master [5ms]
2023-09-09 19:35:52.796 [info] > git status -z -uall [243ms]
2023-09-09 19:35:57.849 [info] > git config --get commit.template [8ms]
2023-09-09 19:35:57.853 [info] > git for-each-ref --format=%(refname)%00%(upstream:short)%00%(objectname)%00%(upstream:track)%00%(upstream:remotename)%00%(upstream:remoteref) refs/heads/master refs/remotes/master [5ms]
2023-09-09 19:35:58.354 [info] > git status -z -uall [495ms]
2023-09-09 19:36:03.423 [info] > git config --get commit.template [16ms]
2023-09-09 19:36:03.441 [info] > git for-each-ref --format=%(refname)%00%(upstream:short)%00%(objectname)%00%(upstream:track)%00%(upstream:remotename)%00%(upstream:remoteref) refs/heads/master refs/remotes/master [20ms]
2023-09-09 19:36:03.712 [info] > git status -z -uall [261ms]
2023-09-09 19:36:08.768 [info] > git config --get commit.template [9ms]
2023-09-09 19:36:08.772 [info] > git for-each-ref --format=%(refname)%00%(upstream:short)%00%(objectname)%00%(upstream:track)%00%(upstream:remotename)%00%(upstream:remoteref) refs/heads/master refs/remotes/master [5ms]
2023-09-09 19:36:09.048 [info] > git status -z -uall [269ms]
2023-09-09 19:36:14.103 [info] > git config --get commit.template [8ms]
2023-09-09 19:36:14.107 [info] > git for-each-ref --format=%(refname)%00%(upstream:short)%00%(objectname)%00%(upstream:track)%00%(upstream:remotename)%00%(upstream:remoteref) refs/heads/master refs/remotes/master [4ms]
2023-09-09 19:36:14.392 [info] > git status -z -uall [277ms]
2023-09-09 19:36:19.444 [info] > git config --get commit.template [7ms]
2023-09-09 19:36:19.448 [info] > git for-each-ref --format=%(refname)%00%(upstream:short)%00%(objectname)%00%(upstream:track)%00%(upstream:remotename)%00%(upstream:remoteref) refs/heads/master refs/remotes/master [4ms]
2023-09-09 19:36:19.706 [info] > git status -z -uall [253ms]
2023-09-09 19:36:24.765 [info] > git config --get commit.template [9ms]
2023-09-09 19:36:24.769 [info] > git for-each-ref --format=%(refname)%00%(upstream:short)%00%(objectname)%00%(upstream:track)%00%(upstream:remotename)%00%(upstream:remoteref) refs/heads/master refs/remotes/master [4ms]
2023-09-09 19:36:25.035 [info] > git status -z -uall [258ms]
2023-09-09 19:36:30.095 [info] > git config --get commit.template [9ms]
2023-09-09 19:36:30.098 [info] > git for-each-ref --format=%(refname)%00%(upstream:short)%00%(objectname)%00%(upstream:track)%00%(upstream:remotename)%00%(upstream:remoteref) refs/heads/master refs/remotes/master [3ms]
2023-09-09 19:36:30.426 [info] > git status -z -uall [321ms]
2023-09-09 19:36:35.507 [info] > git config --get commit.template [7ms]
2023-09-09 19:36:35.510 [info] > git for-each-ref --format=%(refname)%00%(upstream:short)%00%(objectname)%00%(upstream:track)%00%(upstream:remotename)%00%(upstream:remoteref) refs/heads/master refs/remotes/master [4ms]
2023-09-09 19:36:35.771 [info] > git status -z -uall [255ms]
2023-09-09 19:36:40.824 [info] > git config --get commit.template [7ms]
2023-09-09 19:36:40.827 [info] > git for-each-ref --format=%(refname)%00%(upstream:short)%00%(objectname)%00%(upstream:track)%00%(upstream:remotename)%00%(upstream:remoteref) refs/heads/master refs/remotes/master [4ms]
2023-09-09 19:36:41.083 [info] > git status -z -uall [250ms]
2023-09-09 19:36:46.137 [info] > git config --get commit.template [7ms]
2023-09-09 19:36:46.142 [info] > git for-each-ref --format=%(refname)%00%(upstream:short)%00%(objectname)%00%(upstream:track)%00%(upstream:remotename)%00%(upstream:remoteref) refs/heads/master refs/remotes/master [5ms]
2023-09-09 19:36:46.414 [info] > git status -z -uall [265ms]
2023-09-09 19:36:51.466 [info] > git config --get commit.template [9ms]
2023-09-09 19:36:51.470 [info] > git for-each-ref --format=%(refname)%00%(upstream:short)%00%(objectname)%00%(upstream:track)%00%(upstream:remotename)%00%(upstream:remoteref) refs/heads/master refs/remotes/master [5ms]
2023-09-09 19:36:51.739 [info] > git status -z -uall [261ms]
2023-09-09 19:36:56.798 [info] > git config --get commit.template [9ms]
2023-09-09 19:36:56.804 [info] > git for-each-ref --format=%(refname)%00%(upstream:short)%00%(objectname)%00%(upstream:track)%00%(upstream:remotename)%00%(upstream:remoteref) refs/heads/master refs/remotes/master [6ms]
2023-09-09 19:36:57.067 [info] > git status -z -uall [255ms]
2023-09-09 19:37:02.125 [info] > git config --get commit.template [10ms]
2023-09-09 19:37:02.129 [info] > git for-each-ref --format=%(refname)%00%(upstream:short)%00%(objectname)%00%(upstream:track)%00%(upstream:remotename)%00%(upstream:remoteref) refs/heads/master refs/remotes/master [5ms]
2023-09-09 19:37:02.610 [info] > git status -z -uall [472ms]
2023-09-09 19:37:07.691 [info] > git config --get commit.template [7ms]
2023-09-09 19:37:07.695 [info] > git for-each-ref --format=%(refname)%00%(upstream:short)%00%(objectname)%00%(upstream:track)%00%(upstream:remotename)%00%(upstream:remoteref) refs/heads/master refs/remotes/master [4ms]
2023-09-09 19:37:07.970 [info] > git status -z -uall [270ms]
2023-09-09 19:37:13.029 [info] > git config --get commit.template [7ms]
2023-09-09 19:37:13.032 [info] > git for-each-ref --format=%(refname)%00%(upstream:short)%00%(objectname)%00%(upstream:track)%00%(upstream:remotename)%00%(upstream:remoteref) refs/heads/master refs/remotes/master [4ms]
2023-09-09 19:37:13.303 [info] > git status -z -uall [264ms]
2023-09-09 19:37:18.359 [info] > git config --get commit.template [7ms]
2023-09-09 19:37:18.362 [info] > git for-each-ref --format=%(refname)%00%(upstream:short)%00%(objectname)%00%(upstream:track)%00%(upstream:remotename)%00%(upstream:remoteref) refs/heads/master refs/remotes/master [4ms]
2023-09-09 19:37:18.610 [info] > git status -z -uall [242ms]
2023-09-09 19:37:23.664 [info] > git config --get commit.template [9ms]
2023-09-09 19:37:23.668 [info] > git for-each-ref --format=%(refname)%00%(upstream:short)%00%(objectname)%00%(upstream:track)%00%(upstream:remotename)%00%(upstream:remoteref) refs/heads/master refs/remotes/master [5ms]
2023-09-09 19:37:23.927 [info] > git status -z -uall [250ms]
2023-09-09 19:37:28.982 [info] > git config --get commit.template [10ms]
2023-09-09 19:37:28.986 [info] > git for-each-ref --format=%(refname)%00%(upstream:short)%00%(objectname)%00%(upstream:track)%00%(upstream:remotename)%00%(upstream:remoteref) refs/heads/master refs/remotes/master [4ms]
2023-09-09 19:37:29.262 [info] > git status -z -uall [267ms]
2023-09-09 19:37:34.322 [info] > git config --get commit.template [10ms]
2023-09-09 19:37:34.325 [info] > git for-each-ref --format=%(refname)%00%(upstream:short)%00%(objectname)%00%(upstream:track)%00%(upstream:remotename)%00%(upstream:remoteref) refs/heads/master refs/remotes/master [4ms]
2023-09-09 19:37:34.600 [info] > git status -z -uall [267ms]
2023-09-09 19:37:39.656 [info] > git config --get commit.template [8ms]
2023-09-09 19:37:39.659 [info] > git for-each-ref --format=%(refname)%00%(upstream:short)%00%(objectname)%00%(upstream:track)%00%(upstream:remotename)%00%(upstream:remoteref) refs/heads/master refs/remotes/master [4ms]
2023-09-09 19:37:39.916 [info] > git status -z -uall [250ms]
2023-09-09 19:37:44.969 [info] > git config --get commit.template [7ms]
2023-09-09 19:37:44.973 [info] > git for-each-ref --format=%(refname)%00%(upstream:short)%00%(objectname)%00%(upstream:track)%00%(upstream:remotename)%00%(upstream:remoteref) refs/heads/master refs/remotes/master [4ms]
2023-09-09 19:37:45.245 [info] > git status -z -uall [267ms]
2023-09-09 19:37:50.301 [info] > git config --get commit.template [8ms]
2023-09-09 19:37:50.304 [info] > git for-each-ref --format=%(refname)%00%(upstream:short)%00%(objectname)%00%(upstream:track)%00%(upstream:remotename)%00%(upstream:remoteref) refs/heads/master refs/remotes/master [4ms]
2023-09-09 19:37:50.560 [info] > git status -z -uall [248ms]
2023-09-09 19:37:55.611 [info] > git config --get commit.template [7ms]
2023-09-09 19:37:55.616 [info] > git for-each-ref --format=%(refname)%00%(upstream:short)%00%(objectname)%00%(upstream:track)%00%(upstream:remotename)%00%(upstream:remoteref) refs/heads/master refs/remotes/master [5ms]
2023-09-09 19:37:55.874 [info] > git status -z -uall [251ms]
2023-09-09 19:38:00.928 [info] > git config --get commit.template [7ms]
2023-09-09 19:38:00.932 [info] > git for-each-ref --format=%(refname)%00%(upstream:short)%00%(objectname)%00%(upstream:track)%00%(upstream:remotename)%00%(upstream:remoteref) refs/heads/master refs/remotes/master [5ms]
2023-09-09 19:38:01.204 [info] > git status -z -uall [266ms]
2023-09-09 19:38:06.256 [info] > git config --get commit.template [7ms]
2023-09-09 19:38:06.261 [info] > git for-each-ref --format=%(refname)%00%(upstream:short)%00%(objectname)%00%(upstream:track)%00%(upstream:remotename)%00%(upstream:remoteref) refs/heads/master refs/remotes/master [5ms]
2023-09-09 19:38:06.707 [info] > git status -z -uall [441ms]
2023-09-09 19:38:11.761 [info] > git config --get commit.template [8ms]
2023-09-09 19:38:11.765 [info] > git for-each-ref --format=%(refname)%00%(upstream:short)%00%(objectname)%00%(upstream:track)%00%(upstream:remotename)%00%(upstream:remoteref) refs/heads/master refs/remotes/master [4ms]
2023-09-09 19:38:12.023 [info] > git status -z -uall [253ms]
2023-09-09 19:38:17.075 [info] > git config --get commit.template [7ms]
2023-09-09 19:38:17.078 [info] > git for-each-ref --format=%(refname)%00%(upstream:short)%00%(objectname)%00%(upstream:track)%00%(upstream:remotename)%00%(upstream:remoteref) refs/heads/master refs/remotes/master [4ms]
2023-09-09 19:38:17.376 [info] > git status -z -uall [291ms]
2023-09-09 19:38:22.455 [info] > git config --get commit.template [9ms]
2023-09-09 19:38:22.458 [info] > git for-each-ref --format=%(refname)%00%(upstream:short)%00%(objectname)%00%(upstream:track)%00%(upstream:remotename)%00%(upstream:remoteref) refs/heads/master refs/remotes/master [4ms]
2023-09-09 19:38:22.716 [info] > git status -z -uall [249ms]
2023-09-09 19:38:27.767 [info] > git config --get commit.template [8ms]
2023-09-09 19:38:27.770 [info] > git for-each-ref --format=%(refname)%00%(upstream:short)%00%(objectname)%00%(upstream:track)%00%(upstream:remotename)%00%(upstream:remoteref) refs/heads/master refs/remotes/master [4ms]
2023-09-09 19:38:28.067 [info] > git status -z -uall [291ms]
2023-09-09 19:38:33.120 [info] > git config --get commit.template [7ms]
2023-09-09 19:38:33.124 [info] > git for-each-ref --format=%(refname)%00%(upstream:short)%00%(objectname)%00%(upstream:track)%00%(upstream:remotename)%00%(upstream:remoteref) refs/heads/master refs/remotes/master [4ms]
2023-09-09 19:38:33.387 [info] > git status -z -uall [257ms]
2023-09-09 19:38:38.440 [info] > git config --get commit.template [7ms]
2023-09-09 19:38:38.443 [info] > git for-each-ref --format=%(refname)%00%(upstream:short)%00%(objectname)%00%(upstream:track)%00%(upstream:remotename)%00%(upstream:remoteref) refs/heads/master refs/remotes/master [4ms]
2023-09-09 19:38:38.694 [info] > git status -z -uall [245ms]
2023-09-09 19:38:43.748 [info] > git config --get commit.template [7ms]
2023-09-09 19:38:43.751 [info] > git for-each-ref --format=%(refname)%00%(upstream:short)%00%(objectname)%00%(upstream:track)%00%(upstream:remotename)%00%(upstream:remoteref) refs/heads/master refs/remotes/master [4ms]
2023-09-09 19:38:43.991 [info] > git status -z -uall [234ms]
2023-09-09 19:38:49.046 [info] > git config --get commit.template [8ms]
2023-09-09 19:38:49.050 [info] > git for-each-ref --format=%(refname)%00%(upstream:short)%00%(objectname)%00%(upstream:track)%00%(upstream:remotename)%00%(upstream:remoteref) refs/heads/master refs/remotes/master [4ms]
2023-09-09 19:38:49.310 [info] > git status -z -uall [253ms]
2023-09-09 19:38:54.364 [info] > git config --get commit.template [8ms]
2023-09-09 19:38:54.368 [info] > git for-each-ref --format=%(refname)%00%(upstream:short)%00%(objectname)%00%(upstream:track)%00%(upstream:remotename)%00%(upstream:remoteref) refs/heads/master refs/remotes/master [4ms]
2023-09-09 19:38:54.638 [info] > git status -z -uall [263ms]
2023-09-09 19:38:59.689 [info] > git config --get commit.template [8ms]
2023-09-09 19:38:59.692 [info] > git for-each-ref --format=%(refname)%00%(upstream:short)%00%(objectname)%00%(upstream:track)%00%(upstream:remotename)%00%(upstream:remoteref) refs/heads/master refs/remotes/master [4ms]
2023-09-09 19:38:59.941 [info] > git status -z -uall [242ms]
2023-09-09 19:39:04.994 [info] > git config --get commit.template [7ms]
2023-09-09 19:39:04.998 [info] > git for-each-ref --format=%(refname)%00%(upstream:short)%00%(objectname)%00%(upstream:track)%00%(upstream:remotename)%00%(upstream:remoteref) refs/heads/master refs/remotes/master [4ms]
2023-09-09 19:39:05.266 [info] > git status -z -uall [262ms]
2023-09-09 19:39:10.318 [info] > git config --get commit.template [7ms]
2023-09-09 19:39:10.323 [info] > git for-each-ref --format=%(refname)%00%(upstream:short)%00%(objectname)%00%(upstream:track)%00%(upstream:remotename)%00%(upstream:remoteref) refs/heads/master refs/remotes/master [4ms]
2023-09-09 19:39:10.771 [info] > git status -z -uall [442ms]
2023-09-09 19:39:15.823 [info] > git config --get commit.template [7ms]
2023-09-09 19:39:15.827 [info] > git for-each-ref --format=%(refname)%00%(upstream:short)%00%(objectname)%00%(upstream:track)%00%(upstream:remotename)%00%(upstream:remoteref) refs/heads/master refs/remotes/master [5ms]
2023-09-09 19:39:16.065 [info] > git status -z -uall [233ms]
2023-09-09 19:39:21.115 [info] > git config --get commit.template [8ms]
2023-09-09 19:39:21.119 [info] > git for-each-ref --format=%(refname)%00%(upstream:short)%00%(objectname)%00%(upstream:track)%00%(upstream:remotename)%00%(upstream:remoteref) refs/heads/master refs/remotes/master [4ms]
2023-09-09 19:39:21.366 [info] > git status -z -uall [241ms]
2023-09-09 19:39:26.419 [info] > git config --get commit.template [8ms]
2023-09-09 19:39:26.423 [info] > git for-each-ref --format=%(refname)%00%(upstream:short)%00%(objectname)%00%(upstream:track)%00%(upstream:remotename)%00%(upstream:remoteref) refs/heads/master refs/remotes/master [5ms]
2023-09-09 19:39:26.670 [info] > git status -z -uall [240ms]
2023-09-09 19:39:31.721 [info] > git config --get commit.template [8ms]
2023-09-09 19:39:31.724 [info] > git for-each-ref --format=%(refname)%00%(upstream:short)%00%(objectname)%00%(upstream:track)%00%(upstream:remotename)%00%(upstream:remoteref) refs/heads/master refs/remotes/master [4ms]
2023-09-09 19:39:31.974 [info] > git status -z -uall [244ms]
2023-09-09 19:39:37.027 [info] > git config --get commit.template [8ms]
2023-09-09 19:39:37.031 [info] > git for-each-ref --format=%(refname)%00%(upstream:short)%00%(objectname)%00%(upstream:track)%00%(upstream:remotename)%00%(upstream:remoteref) refs/heads/master refs/remotes/master [5ms]
2023-09-09 19:39:37.296 [info] > git status -z -uall [259ms]
2023-09-09 19:39:42.352 [info] > git config --get commit.template [9ms]
2023-09-09 19:39:42.354 [info] > git for-each-ref --format=%(refname)%00%(upstream:short)%00%(objectname)%00%(upstream:track)%00%(upstream:remotename)%00%(upstream:remoteref) refs/heads/master refs/remotes/master [2ms]
2023-09-09 19:39:42.600 [info] > git status -z -uall [240ms]
2023-09-09 19:39:47.652 [info] > git config --get commit.template [6ms]
2023-09-09 19:39:47.655 [info] > git for-each-ref --format=%(refname)%00%(upstream:short)%00%(objectname)%00%(upstream:track)%00%(upstream:remotename)%00%(upstream:remoteref) refs/heads/master refs/remotes/master [4ms]
2023-09-09 19:39:47.909 [info] > git status -z -uall [248ms]
2023-09-09 19:39:52.962 [info] > git config --get commit.template [8ms]
2023-09-09 19:39:52.973 [info] > git for-each-ref --format=%(refname)%00%(upstream:short)%00%(objectname)%00%(upstream:track)%00%(upstream:remotename)%00%(upstream:remoteref) refs/heads/master refs/remotes/master [12ms]
2023-09-09 19:39:53.241 [info] > git status -z -uall [259ms]
2023-09-09 19:39:58.296 [info] > git config --get commit.template [9ms]
2023-09-09 19:39:58.302 [info] > git for-each-ref --format=%(refname)%00%(upstream:short)%00%(objectname)%00%(upstream:track)%00%(upstream:remotename)%00%(upstream:remoteref) refs/heads/master refs/remotes/master [7ms]
2023-09-09 19:39:58.566 [info] > git status -z -uall [257ms]
2023-09-09 19:40:03.626 [info] > git config --get commit.template [11ms]
2023-09-09 19:40:03.640 [info] > git for-each-ref --format=%(refname)%00%(upstream:short)%00%(objectname)%00%(upstream:track)%00%(upstream:remotename)%00%(upstream:remoteref) refs/heads/master refs/remotes/master [13ms]
2023-09-09 19:40:03.933 [info] > git status -z -uall [284ms]
2023-09-09 19:40:09.009 [info] > git config --get commit.template [8ms]
2023-09-09 19:40:09.013 [info] > git for-each-ref --format=%(refname)%00%(upstream:short)%00%(objectname)%00%(upstream:track)%00%(upstream:remotename)%00%(upstream:remoteref) refs/heads/master refs/remotes/master [5ms]
2023-09-09 19:40:09.303 [info] > git status -z -uall [284ms]
2023-09-09 19:40:14.355 [info] > git config --get commit.template [7ms]
2023-09-09 19:40:14.359 [info] > git for-each-ref --format=%(refname)%00%(upstream:short)%00%(objectname)%00%(upstream:track)%00%(upstream:remotename)%00%(upstream:remoteref) refs/heads/master refs/remotes/master [5ms]
2023-09-09 19:40:14.815 [info] > git status -z -uall [450ms]
2023-09-09 19:40:19.869 [info] > git config --get commit.template [7ms]
2023-09-09 19:40:19.873 [info] > git for-each-ref --format=%(refname)%00%(upstream:short)%00%(objectname)%00%(upstream:track)%00%(upstream:remotename)%00%(upstream:remoteref) refs/heads/master refs/remotes/master [4ms]
2023-09-09 19:40:20.148 [info] > git status -z -uall [269ms]
2023-09-09 19:40:25.202 [info] > git config --get commit.template [7ms]
2023-09-09 19:40:25.206 [info] > git for-each-ref --format=%(refname)%00%(upstream:short)%00%(objectname)%00%(upstream:track)%00%(upstream:remotename)%00%(upstream:remoteref) refs/heads/master refs/remotes/master [4ms]
2023-09-09 19:40:25.466 [info] > git status -z -uall [254ms]
2023-09-09 19:40:30.520 [info] > git config --get commit.template [8ms]
2023-09-09 19:40:30.525 [info] > git for-each-ref --format=%(refname)%00%(upstream:short)%00%(objectname)%00%(upstream:track)%00%(upstream:remotename)%00%(upstream:remoteref) refs/heads/master refs/remotes/master [5ms]
2023-09-09 19:40:30.791 [info] > git status -z -uall [259ms]
2023-09-09 19:40:52.590 [info] > git config --get commit.template [6ms]
2023-09-09 19:40:52.594 [info] > git for-each-ref --format=%(refname)%00%(upstream:short)%00%(objectname)%00%(upstream:track)%00%(upstream:remotename)%00%(upstream:remoteref) refs/heads/master refs/remotes/master [4ms]
2023-09-09 19:40:52.862 [info] > git status -z -uall [263ms]
2023-09-09 19:40:57.933 [info] > git config --get commit.template [8ms]
2023-09-09 19:40:57.937 [info] > git for-each-ref --format=%(refname)%00%(upstream:short)%00%(objectname)%00%(upstream:track)%00%(upstream:remotename)%00%(upstream:remoteref) refs/heads/master refs/remotes/master [4ms]
2023-09-09 19:40:58.198 [info] > git status -z -uall [255ms]
2023-09-09 19:41:03.280 [info] > git config --get commit.template [10ms]
2023-09-09 19:41:03.287 [info] > git for-each-ref --format=%(refname)%00%(upstream:short)%00%(objectname)%00%(upstream:track)%00%(upstream:remotename)%00%(upstream:remoteref) refs/heads/master refs/remotes/master [8ms]
2023-09-09 19:41:03.585 [info] > git status -z -uall [288ms]
2023-09-09 19:41:08.641 [info] > git config --get commit.template [7ms]
2023-09-09 19:41:08.645 [info] > git for-each-ref --format=%(refname)%00%(upstream:short)%00%(objectname)%00%(upstream:track)%00%(upstream:remotename)%00%(upstream:remoteref) refs/heads/master refs/remotes/master [4ms]
2023-09-09 19:41:08.894 [info] > git status -z -uall [244ms]
2023-09-09 19:41:13.970 [info] > git config --get commit.template [8ms]
2023-09-09 19:41:13.974 [info] > git for-each-ref --format=%(refname)%00%(upstream:short)%00%(objectname)%00%(upstream:track)%00%(upstream:remotename)%00%(upstream:remoteref) refs/heads/master refs/remotes/master [4ms]
2023-09-09 19:41:14.229 [info] > git status -z -uall [248ms]
2023-09-09 19:41:19.285 [info] > git config --get commit.template [10ms]
2023-09-09 19:41:19.289 [info] > git for-each-ref --format=%(refname)%00%(upstream:short)%00%(objectname)%00%(upstream:track)%00%(upstream:remotename)%00%(upstream:remoteref) refs/heads/master refs/remotes/master [5ms]
2023-09-09 19:41:19.760 [info] > git status -z -uall [464ms]
2023-09-09 19:41:24.816 [info] > git config --get commit.template [8ms]
2023-09-09 19:41:24.820 [info] > git for-each-ref --format=%(refname)%00%(upstream:short)%00%(objectname)%00%(upstream:track)%00%(upstream:remotename)%00%(upstream:remoteref) refs/heads/master refs/remotes/master [4ms]
2023-09-09 19:41:25.095 [info] > git status -z -uall [268ms]
2023-09-09 19:41:30.170 [info] > git config --get commit.template [8ms]
2023-09-09 19:41:30.173 [info] > git for-each-ref --format=%(refname)%00%(upstream:short)%00%(objectname)%00%(upstream:track)%00%(upstream:remotename)%00%(upstream:remoteref) refs/heads/master refs/remotes/master [4ms]
2023-09-09 19:41:30.420 [info] > git status -z -uall [241ms]
2023-09-09 19:41:35.480 [info] > git config --get commit.template [8ms]
2023-09-09 19:41:35.484 [info] > git for-each-ref --format=%(refname)%00%(upstream:short)%00%(objectname)%00%(upstream:track)%00%(upstream:remotename)%00%(upstream:remoteref) refs/heads/master refs/remotes/master [4ms]
2023-09-09 19:41:35.739 [info] > git status -z -uall [250ms]
2023-09-09 19:41:40.795 [info] > git config --get commit.template [8ms]
2023-09-09 19:41:40.799 [info] > git for-each-ref --format=%(refname)%00%(upstream:short)%00%(objectname)%00%(upstream:track)%00%(upstream:remotename)%00%(upstream:remoteref) refs/heads/master refs/remotes/master [4ms]
2023-09-09 19:41:41.054 [info] > git status -z -uall [249ms]
2023-09-09 19:41:46.109 [info] > git config --get commit.template [8ms]
2023-09-09 19:41:46.112 [info] > git for-each-ref --format=%(refname)%00%(upstream:short)%00%(objectname)%00%(upstream:track)%00%(upstream:remotename)%00%(upstream:remoteref) refs/heads/master refs/remotes/master [4ms]
2023-09-09 19:41:46.363 [info] > git status -z -uall [245ms]
2023-09-09 19:41:51.415 [info] > git config --get commit.template [8ms]
2023-09-09 19:41:51.419 [info] > git for-each-ref --format=%(refname)%00%(upstream:short)%00%(objectname)%00%(upstream:track)%00%(upstream:remotename)%00%(upstream:remoteref) refs/heads/master refs/remotes/master [4ms]
2023-09-09 19:41:51.675 [info] > git status -z -uall [249ms]
2023-09-09 19:41:56.730 [info] > git config --get commit.template [7ms]
2023-09-09 19:41:56.734 [info] > git for-each-ref --format=%(refname)%00%(upstream:short)%00%(objectname)%00%(upstream:track)%00%(upstream:remotename)%00%(upstream:remoteref) refs/heads/master refs/remotes/master [4ms]
2023-09-09 19:41:56.986 [info] > git status -z -uall [246ms]
2023-09-09 19:42:02.039 [info] > git config --get commit.template [7ms]
2023-09-09 19:42:02.042 [info] > git for-each-ref --format=%(refname)%00%(upstream:short)%00%(objectname)%00%(upstream:track)%00%(upstream:remotename)%00%(upstream:remoteref) refs/heads/master refs/remotes/master [4ms]
2023-09-09 19:42:02.304 [info] > git status -z -uall [254ms]
2023-09-09 19:42:07.356 [info] > git config --get commit.template [8ms]
2023-09-09 19:42:07.359 [info] > git for-each-ref --format=%(refname)%00%(upstream:short)%00%(objectname)%00%(upstream:track)%00%(upstream:remotename)%00%(upstream:remoteref) refs/heads/master refs/remotes/master [4ms]
2023-09-09 19:42:07.620 [info] > git status -z -uall [254ms]
2023-09-09 19:42:12.677 [info] > git config --get commit.template [8ms]
2023-09-09 19:42:12.680 [info] > git for-each-ref --format=%(refname)%00%(upstream:short)%00%(objectname)%00%(upstream:track)%00%(upstream:remotename)%00%(upstream:remoteref) refs/heads/master refs/remotes/master [4ms]
2023-09-09 19:42:12.942 [info] > git status -z -uall [254ms]
2023-09-09 19:42:17.995 [info] > git config --get commit.template [7ms]
2023-09-09 19:42:17.999 [info] > git for-each-ref --format=%(refname)%00%(upstream:short)%00%(objectname)%00%(upstream:track)%00%(upstream:remotename)%00%(upstream:remoteref) refs/heads/master refs/remotes/master [4ms]
2023-09-09 19:42:18.251 [info] > git status -z -uall [245ms]
2023-09-09 19:42:23.307 [info] > git config --get commit.template [7ms]
2023-09-09 19:42:23.312 [info] > git for-each-ref --format=%(refname)%00%(upstream:short)%00%(objectname)%00%(upstream:track)%00%(upstream:remotename)%00%(upstream:remoteref) refs/heads/master refs/remotes/master [5ms]
2023-09-09 19:42:23.749 [info] > git status -z -uall [431ms]
2023-09-09 19:42:28.803 [info] > git config --get commit.template [8ms]
2023-09-09 19:42:28.807 [info] > git for-each-ref --format=%(refname)%00%(upstream:short)%00%(objectname)%00%(upstream:track)%00%(upstream:remotename)%00%(upstream:remoteref) refs/heads/master refs/remotes/master [5ms]
2023-09-09 19:42:29.073 [info] > git status -z -uall [260ms]
2023-09-09 19:42:34.131 [info] > git config --get commit.template [7ms]
2023-09-09 19:42:34.136 [info] > git for-each-ref --format=%(refname)%00%(upstream:short)%00%(objectname)%00%(upstream:track)%00%(upstream:remotename)%00%(upstream:remoteref) refs/heads/master refs/remotes/master [5ms]
2023-09-09 19:42:34.392 [info] > git status -z -uall [250ms]
2023-09-09 19:42:39.452 [info] > git config --get commit.template [8ms]
2023-09-09 19:42:39.455 [info] > git for-each-ref --format=%(refname)%00%(upstream:short)%00%(objectname)%00%(upstream:track)%00%(upstream:remotename)%00%(upstream:remoteref) refs/heads/master refs/remotes/master [4ms]
2023-09-09 19:42:39.706 [info] > git status -z -uall [244ms]
2023-09-09 19:42:44.760 [info] > git config --get commit.template [8ms]
2023-09-09 19:42:44.763 [info] > git for-each-ref --format=%(refname)%00%(upstream:short)%00%(objectname)%00%(upstream:track)%00%(upstream:remotename)%00%(upstream:remoteref) refs/heads/master refs/remotes/master [4ms]
2023-09-09 19:42:45.010 [info] > git status -z -uall [240ms]
2023-09-09 19:42:51.826 [info] > git config --get commit.template [8ms]
2023-09-09 19:42:51.830 [info] > git for-each-ref --format=%(refname)%00%(upstream:short)%00%(objectname)%00%(upstream:track)%00%(upstream:remotename)%00%(upstream:remoteref) refs/heads/master refs/remotes/master [4ms]
2023-09-09 19:42:52.077 [info] > git status -z -uall [241ms]
2023-09-09 19:42:57.882 [info] > git config --get commit.template [10ms]
2023-09-09 19:42:57.886 [info] > git for-each-ref --format=%(refname)%00%(upstream:short)%00%(objectname)%00%(upstream:track)%00%(upstream:remotename)%00%(upstream:remoteref) refs/heads/master refs/remotes/master [3ms]
2023-09-09 19:42:58.142 [info] > git status -z -uall [250ms]
2023-09-09 19:43:03.196 [info] > git config --get commit.template [8ms]
2023-09-09 19:43:03.200 [info] > git for-each-ref --format=%(refname)%00%(upstream:short)%00%(objectname)%00%(upstream:track)%00%(upstream:remotename)%00%(upstream:remoteref) refs/heads/master refs/remotes/master [5ms]
2023-09-09 19:43:03.471 [info] > git status -z -uall [264ms]
2023-09-09 19:43:08.525 [info] > git config --get commit.template [8ms]
2023-09-09 19:43:08.528 [info] > git for-each-ref --format=%(refname)%00%(upstream:short)%00%(objectname)%00%(upstream:track)%00%(upstream:remotename)%00%(upstream:remoteref) refs/heads/master refs/remotes/master [4ms]
2023-09-09 19:43:08.786 [info] > git status -z -uall [252ms]
2023-09-09 19:43:13.840 [info] > git config --get commit.template [7ms]
2023-09-09 19:43:13.843 [info] > git for-each-ref --format=%(refname)%00%(upstream:short)%00%(objectname)%00%(upstream:track)%00%(upstream:remotename)%00%(upstream:remoteref) refs/heads/master refs/remotes/master [4ms]
2023-09-09 19:43:14.107 [info] > git status -z -uall [258ms]
2023-09-09 19:43:19.168 [info] > git config --get commit.template [13ms]
2023-09-09 19:43:19.171 [info] > git for-each-ref --format=%(refname)%00%(upstream:short)%00%(objectname)%00%(upstream:track)%00%(upstream:remotename)%00%(upstream:remoteref) refs/heads/master refs/remotes/master [4ms]
2023-09-09 19:43:19.449 [info] > git status -z -uall [269ms]
2023-09-09 19:43:24.502 [info] > git config --get commit.template [7ms]
2023-09-09 19:43:24.506 [info] > git for-each-ref --format=%(refname)%00%(upstream:short)%00%(objectname)%00%(upstream:track)%00%(upstream:remotename)%00%(upstream:remoteref) refs/heads/master refs/remotes/master [5ms]
2023-09-09 19:43:24.959 [info] > git status -z -uall [446ms]
2023-09-09 19:43:30.017 [info] > git config --get commit.template [9ms]
2023-09-09 19:43:30.021 [info] > git for-each-ref --format=%(refname)%00%(upstream:short)%00%(objectname)%00%(upstream:track)%00%(upstream:remotename)%00%(upstream:remoteref) refs/heads/master refs/remotes/master [4ms]
2023-09-09 19:43:30.280 [info] > git status -z -uall [252ms]
2023-09-09 19:43:35.356 [info] > git config --get commit.template [9ms]
2023-09-09 19:43:35.361 [info] > git for-each-ref --format=%(refname)%00%(upstream:short)%00%(objectname)%00%(upstream:track)%00%(upstream:remotename)%00%(upstream:remoteref) refs/heads/master refs/remotes/master [6ms]
2023-09-09 19:43:35.633 [info] > git status -z -uall [266ms]
2023-09-09 19:43:40.687 [info] > git config --get commit.template [7ms]
2023-09-09 19:43:40.691 [info] > git for-each-ref --format=%(refname)%00%(upstream:short)%00%(objectname)%00%(upstream:track)%00%(upstream:remotename)%00%(upstream:remoteref) refs/heads/master refs/remotes/master [4ms]
2023-09-09 19:43:40.947 [info] > git status -z -uall [250ms]
2023-09-09 19:43:45.995 [info] > git config --get commit.template [1ms]
2023-09-09 19:43:46.007 [info] > git for-each-ref --format=%(refname)%00%(upstream:short)%00%(objectname)%00%(upstream:track)%00%(upstream:remotename)%00%(upstream:remoteref) refs/heads/master refs/remotes/master [5ms]
2023-09-09 19:43:46.261 [info] > git status -z -uall [246ms]
2023-09-09 19:43:51.316 [info] > git config --get commit.template [9ms]
2023-09-09 19:43:51.319 [info] > git for-each-ref --format=%(refname)%00%(upstream:short)%00%(objectname)%00%(upstream:track)%00%(upstream:remotename)%00%(upstream:remoteref) refs/heads/master refs/remotes/master [4ms]
2023-09-09 19:43:51.574 [info] > git status -z -uall [249ms]
2023-09-09 19:43:56.627 [info] > git config --get commit.template [7ms]
2023-09-09 19:43:56.630 [info] > git for-each-ref --format=%(refname)%00%(upstream:short)%00%(objectname)%00%(upstream:track)%00%(upstream:remotename)%00%(upstream:remoteref) refs/heads/master refs/remotes/master [4ms]
2023-09-09 19:43:56.882 [info] > git status -z -uall [245ms]
2023-09-09 19:44:01.939 [info] > git config --get commit.template [8ms]
2023-09-09 19:44:01.943 [info] > git for-each-ref --format=%(refname)%00%(upstream:short)%00%(objectname)%00%(upstream:track)%00%(upstream:remotename)%00%(upstream:remoteref) refs/heads/master refs/remotes/master [4ms]
2023-09-09 19:44:02.218 [info] > git status -z -uall [267ms]
2023-09-09 19:44:07.275 [info] > git config --get commit.template [9ms]
2023-09-09 19:44:07.278 [info] > git for-each-ref --format=%(refname)%00%(upstream:short)%00%(objectname)%00%(upstream:track)%00%(upstream:remotename)%00%(upstream:remoteref) refs/heads/master refs/remotes/master [4ms]
2023-09-09 19:44:07.532 [info] > git status -z -uall [247ms]
2023-09-09 19:44:12.625 [info] > git config --get commit.template [9ms]
2023-09-09 19:44:12.630 [info] > git for-each-ref --format=%(refname)%00%(upstream:short)%00%(objectname)%00%(upstream:track)%00%(upstream:remotename)%00%(upstream:remoteref) refs/heads/master refs/remotes/master [6ms]
2023-09-09 19:44:12.891 [info] > git status -z -uall [254ms]
2023-09-09 19:44:17.947 [info] > git config --get commit.template [8ms]
2023-09-09 19:44:17.950 [info] > git for-each-ref --format=%(refname)%00%(upstream:short)%00%(objectname)%00%(upstream:track)%00%(upstream:remotename)%00%(upstream:remoteref) refs/heads/master refs/remotes/master [4ms]
2023-09-09 19:44:18.222 [info] > git status -z -uall [265ms]
2023-09-09 19:44:23.277 [info] > git config --get commit.template [7ms]
2023-09-09 19:44:23.280 [info] > git for-each-ref --format=%(refname)%00%(upstream:short)%00%(objectname)%00%(upstream:track)%00%(upstream:remotename)%00%(upstream:remoteref) refs/heads/master refs/remotes/master [4ms]
2023-09-09 19:44:23.558 [info] > git status -z -uall [272ms]
2023-09-09 19:44:28.609 [info] > git config --get commit.template [7ms]
2023-09-09 19:44:28.614 [info] > git for-each-ref --format=%(refname)%00%(upstream:short)%00%(objectname)%00%(upstream:track)%00%(upstream:remotename)%00%(upstream:remoteref) refs/heads/master refs/remotes/master [5ms]
2023-09-09 19:44:29.063 [info] > git status -z -uall [444ms]
2023-09-09 19:44:34.133 [info] > git config --get commit.template [21ms]
2023-09-09 19:44:34.134 [info] > git for-each-ref --format=%(refname)%00%(upstream:short)%00%(objectname)%00%(upstream:track)%00%(upstream:remotename)%00%(upstream:remoteref) refs/heads/master refs/remotes/master [1ms]
2023-09-09 19:44:34.390 [info] > git status -z -uall [248ms]
2023-09-09 19:44:39.446 [info] > git config --get commit.template [9ms]
2023-09-09 19:44:39.450 [info] > git for-each-ref --format=%(refname)%00%(upstream:short)%00%(objectname)%00%(upstream:track)%00%(upstream:remotename)%00%(upstream:remoteref) refs/heads/master refs/remotes/master [5ms]
2023-09-09 19:44:39.717 [info] > git status -z -uall [259ms]
2023-09-09 19:44:44.770 [info] > git config --get commit.template [5ms]
2023-09-09 19:44:44.787 [info] > git for-each-ref --format=%(refname)%00%(upstream:short)%00%(objectname)%00%(upstream:track)%00%(upstream:remotename)%00%(upstream:remoteref) refs/heads/master refs/remotes/master [4ms]
2023-09-09 19:44:45.100 [info] > git status -z -uall [303ms]
2023-09-09 19:44:50.155 [info] > git config --get commit.template [9ms]
2023-09-09 19:44:50.160 [info] > git for-each-ref --format=%(refname)%00%(upstream:short)%00%(objectname)%00%(upstream:track)%00%(upstream:remotename)%00%(upstream:remoteref) refs/heads/master refs/remotes/master [5ms]
2023-09-09 19:44:50.420 [info] > git status -z -uall [253ms]
2023-09-09 19:44:55.475 [info] > git config --get commit.template [8ms]
2023-09-09 19:44:55.479 [info] > git for-each-ref --format=%(refname)%00%(upstream:short)%00%(objectname)%00%(upstream:track)%00%(upstream:remotename)%00%(upstream:remoteref) refs/heads/master refs/remotes/master [5ms]
2023-09-09 19:44:55.738 [info] > git status -z -uall [253ms]
2023-09-09 19:45:00.793 [info] > git config --get commit.template [7ms]
2023-09-09 19:45:00.797 [info] > git for-each-ref --format=%(refname)%00%(upstream:short)%00%(objectname)%00%(upstream:track)%00%(upstream:remotename)%00%(upstream:remoteref) refs/heads/master refs/remotes/master [4ms]
2023-09-09 19:45:01.097 [info] > git status -z -uall [294ms]
2023-09-09 19:45:06.153 [info] > git config --get commit.template [8ms]
2023-09-09 19:45:06.158 [info] > git for-each-ref --format=%(refname)%00%(upstream:short)%00%(objectname)%00%(upstream:track)%00%(upstream:remotename)%00%(upstream:remoteref) refs/heads/master refs/remotes/master [7ms]
2023-09-09 19:45:06.479 [info] > git status -z -uall [312ms]
2023-09-09 19:45:11.533 [info] > git config --get commit.template [8ms]
2023-09-09 19:45:11.536 [info] > git for-each-ref --format=%(refname)%00%(upstream:short)%00%(objectname)%00%(upstream:track)%00%(upstream:remotename)%00%(upstream:remoteref) refs/heads/master refs/remotes/master [4ms]
2023-09-09 19:45:11.785 [info] > git status -z -uall [243ms]
2023-09-09 19:45:16.838 [info] > git config --get commit.template [8ms]
2023-09-09 19:45:16.841 [info] > git for-each-ref --format=%(refname)%00%(upstream:short)%00%(objectname)%00%(upstream:track)%00%(upstream:remotename)%00%(upstream:remoteref) refs/heads/master refs/remotes/master [4ms]
2023-09-09 19:45:17.116 [info] > git status -z -uall [269ms]
2023-09-09 19:45:22.169 [info] > git config --get commit.template [7ms]
2023-09-09 19:45:22.173 [info] > git for-each-ref --format=%(refname)%00%(upstream:short)%00%(objectname)%00%(upstream:track)%00%(upstream:remotename)%00%(upstream:remoteref) refs/heads/master refs/remotes/master [5ms]
2023-09-09 19:45:22.428 [info] > git status -z -uall [249ms]
2023-09-09 19:45:27.480 [info] > git config --get commit.template [7ms]
2023-09-09 19:45:27.483 [info] > git for-each-ref --format=%(refname)%00%(upstream:short)%00%(objectname)%00%(upstream:track)%00%(upstream:remotename)%00%(upstream:remoteref) refs/heads/master refs/remotes/master [4ms]
2023-09-09 19:45:27.748 [info] > git status -z -uall [259ms]
2023-09-09 19:45:32.804 [info] > git config --get commit.template [8ms]
2023-09-09 19:45:32.808 [info] > git for-each-ref --format=%(refname)%00%(upstream:short)%00%(objectname)%00%(upstream:track)%00%(upstream:remotename)%00%(upstream:remoteref) refs/heads/master refs/remotes/master [4ms]
2023-09-09 19:45:33.299 [info] > git status -z -uall [485ms]
2023-09-09 19:45:38.352 [info] > git config --get commit.template [8ms]
2023-09-09 19:45:38.356 [info] > git for-each-ref --format=%(refname)%00%(upstream:short)%00%(objectname)%00%(upstream:track)%00%(upstream:remotename)%00%(upstream:remoteref) refs/heads/master refs/remotes/master [5ms]
2023-09-09 19:45:38.630 [info] > git status -z -uall [268ms]
2023-09-09 19:45:43.684 [info] > git config --get commit.template [8ms]
2023-09-09 19:45:43.687 [info] > git for-each-ref --format=%(refname)%00%(upstream:short)%00%(objectname)%00%(upstream:track)%00%(upstream:remotename)%00%(upstream:remoteref) refs/heads/master refs/remotes/master [4ms]
2023-09-09 19:45:43.940 [info] > git status -z -uall [247ms]
2023-09-09 19:45:49.000 [info] > git config --get commit.template [10ms]
2023-09-09 19:45:49.003 [info] > git for-each-ref --format=%(refname)%00%(upstream:short)%00%(objectname)%00%(upstream:track)%00%(upstream:remotename)%00%(upstream:remoteref) refs/heads/master refs/remotes/master [4ms]
2023-09-09 19:45:49.288 [info] > git status -z -uall [279ms]
2023-09-09 19:45:54.342 [info] > git config --get commit.template [8ms]
2023-09-09 19:45:54.346 [info] > git for-each-ref --format=%(refname)%00%(upstream:short)%00%(objectname)%00%(upstream:track)%00%(upstream:remotename)%00%(upstream:remoteref) refs/heads/master refs/remotes/master [5ms]
2023-09-09 19:45:54.596 [info] > git status -z -uall [242ms]
2023-09-09 19:45:59.677 [info] > git config --get commit.template [9ms]
2023-09-09 19:45:59.681 [info] > git for-each-ref --format=%(refname)%00%(upstream:short)%00%(objectname)%00%(upstream:track)%00%(upstream:remotename)%00%(upstream:remoteref) refs/heads/master refs/remotes/master [5ms]
2023-09-09 19:45:59.935 [info] > git status -z -uall [247ms]
2023-09-09 19:46:04.991 [info] > git config --get commit.template [8ms]
2023-09-09 19:46:04.995 [info] > git for-each-ref --format=%(refname)%00%(upstream:short)%00%(objectname)%00%(upstream:track)%00%(upstream:remotename)%00%(upstream:remoteref) refs/heads/master refs/remotes/master [4ms]
2023-09-09 19:46:05.280 [info] > git status -z -uall [278ms]
2023-09-09 19:46:10.339 [info] > git config --get commit.template [8ms]
2023-09-09 19:46:10.342 [info] > git for-each-ref --format=%(refname)%00%(upstream:short)%00%(objectname)%00%(upstream:track)%00%(upstream:remotename)%00%(upstream:remoteref) refs/heads/master refs/remotes/master [4ms]
2023-09-09 19:46:10.626 [info] > git status -z -uall [278ms]
2023-09-09 19:46:15.681 [info] > git config --get commit.template [7ms]
2023-09-09 19:46:15.684 [info] > git for-each-ref --format=%(refname)%00%(upstream:short)%00%(objectname)%00%(upstream:track)%00%(upstream:remotename)%00%(upstream:remoteref) refs/heads/master refs/remotes/master [4ms]
2023-09-09 19:46:15.947 [info] > git status -z -uall [256ms]
2023-09-09 19:46:21.005 [info] > git config --get commit.template [8ms]
2023-09-09 19:46:21.009 [info] > git for-each-ref --format=%(refname)%00%(upstream:short)%00%(objectname)%00%(upstream:track)%00%(upstream:remotename)%00%(upstream:remoteref) refs/heads/master refs/remotes/master [4ms]
2023-09-09 19:46:21.281 [info] > git status -z -uall [266ms]
2023-09-09 19:46:26.338 [info] > git config --get commit.template [9ms]
2023-09-09 19:46:26.342 [info] > git for-each-ref --format=%(refname)%00%(upstream:short)%00%(objectname)%00%(upstream:track)%00%(upstream:remotename)%00%(upstream:remoteref) refs/heads/master refs/remotes/master [5ms]
2023-09-09 19:46:26.622 [info] > git status -z -uall [272ms]
2023-09-09 19:46:31.676 [info] > git config --get commit.template [7ms]
2023-09-09 19:46:31.680 [info] > git for-each-ref --format=%(refname)%00%(upstream:short)%00%(objectname)%00%(upstream:track)%00%(upstream:remotename)%00%(upstream:remoteref) refs/heads/master refs/remotes/master [5ms]
2023-09-09 19:46:31.946 [info] > git status -z -uall [260ms]
2023-09-09 19:46:37.001 [info] > git config --get commit.template [8ms]
2023-09-09 19:46:37.005 [info] > git for-each-ref --format=%(refname)%00%(upstream:short)%00%(objectname)%00%(upstream:track)%00%(upstream:remotename)%00%(upstream:remoteref) refs/heads/master refs/remotes/master [5ms]
2023-09-09 19:46:37.457 [info] > git status -z -uall [445ms]
2023-09-09 19:46:42.511 [info] > git config --get commit.template [7ms]
2023-09-09 19:46:42.514 [info] > git for-each-ref --format=%(refname)%00%(upstream:short)%00%(objectname)%00%(upstream:track)%00%(upstream:remotename)%00%(upstream:remoteref) refs/heads/master refs/remotes/master [4ms]
2023-09-09 19:46:42.759 [info] > git status -z -uall [238ms]
2023-09-09 19:46:47.815 [info] > git config --get commit.template [7ms]
2023-09-09 19:46:47.818 [info] > git for-each-ref --format=%(refname)%00%(upstream:short)%00%(objectname)%00%(upstream:track)%00%(upstream:remotename)%00%(upstream:remoteref) refs/heads/master refs/remotes/master [4ms]
2023-09-09 19:46:48.095 [info] > git status -z -uall [271ms]
2023-09-09 19:46:53.151 [info] > git config --get commit.template [8ms]
2023-09-09 19:46:53.154 [info] > git for-each-ref --format=%(refname)%00%(upstream:short)%00%(objectname)%00%(upstream:track)%00%(upstream:remotename)%00%(upstream:remoteref) refs/heads/master refs/remotes/master [4ms]
2023-09-09 19:46:53.435 [info] > git status -z -uall [272ms]
2023-09-09 19:46:58.497 [info] > git config --get commit.template [11ms]
2023-09-09 19:46:58.500 [info] > git for-each-ref --format=%(refname)%00%(upstream:short)%00%(objectname)%00%(upstream:track)%00%(upstream:remotename)%00%(upstream:remoteref) refs/heads/master refs/remotes/master [4ms]
2023-09-09 19:46:58.849 [info] > git status -z -uall [340ms]
2023-09-09 19:47:03.907 [info] > git config --get commit.template [9ms]
2023-09-09 19:47:03.909 [info] > git for-each-ref --format=%(refname)%00%(upstream:short)%00%(objectname)%00%(upstream:track)%00%(upstream:remotename)%00%(upstream:remoteref) refs/heads/master refs/remotes/master [3ms]
2023-09-09 19:47:04.191 [info] > git status -z -uall [275ms]
2023-09-09 19:47:09.243 [info] > git config --get commit.template [7ms]
2023-09-09 19:47:09.248 [info] > git for-each-ref --format=%(refname)%00%(upstream:short)%00%(objectname)%00%(upstream:track)%00%(upstream:remotename)%00%(upstream:remoteref) refs/heads/master refs/remotes/master [5ms]
2023-09-09 19:47:09.514 [info] > git status -z -uall [260ms]
2023-09-09 19:47:14.571 [info] > git config --get commit.template [8ms]
2023-09-09 19:47:14.575 [info] > git for-each-ref --format=%(refname)%00%(upstream:short)%00%(objectname)%00%(upstream:track)%00%(upstream:remotename)%00%(upstream:remoteref) refs/heads/master refs/remotes/master [4ms]
2023-09-09 19:47:14.841 [info] > git status -z -uall [260ms]
2023-09-09 19:47:19.896 [info] > git config --get commit.template [8ms]
2023-09-09 19:47:19.900 [info] > git for-each-ref --format=%(refname)%00%(upstream:short)%00%(objectname)%00%(upstream:track)%00%(upstream:remotename)%00%(upstream:remoteref) refs/heads/master refs/remotes/master [5ms]
2023-09-09 19:47:20.169 [info] > git status -z -uall [262ms]
2023-09-09 19:47:25.233 [info] > git config --get commit.template [8ms]
2023-09-09 19:47:25.237 [info] > git for-each-ref --format=%(refname)%00%(upstream:short)%00%(objectname)%00%(upstream:track)%00%(upstream:remotename)%00%(upstream:remoteref) refs/heads/master refs/remotes/master [4ms]
2023-09-09 19:47:25.537 [info] > git status -z -uall [292ms]
2023-09-09 19:47:30.593 [info] > git config --get commit.template [8ms]
2023-09-09 19:47:30.597 [info] > git for-each-ref --format=%(refname)%00%(upstream:short)%00%(objectname)%00%(upstream:track)%00%(upstream:remotename)%00%(upstream:remoteref) refs/heads/master refs/remotes/master [5ms]
2023-09-09 19:47:30.851 [info] > git status -z -uall [249ms]
2023-09-09 19:47:35.904 [info] > git config --get commit.template [8ms]
2023-09-09 19:47:35.908 [info] > git for-each-ref --format=%(refname)%00%(upstream:short)%00%(objectname)%00%(upstream:track)%00%(upstream:remotename)%00%(upstream:remoteref) refs/heads/master refs/remotes/master [4ms]
2023-09-09 19:47:36.181 [info] > git status -z -uall [267ms]
2023-09-09 19:47:41.244 [info] > git config --get commit.template [12ms]
2023-09-09 19:47:41.254 [info] > git for-each-ref --format=%(refname)%00%(upstream:short)%00%(objectname)%00%(upstream:track)%00%(upstream:remotename)%00%(upstream:remoteref) refs/heads/master refs/remotes/master [11ms]
2023-09-09 19:47:41.746 [info] > git status -z -uall [482ms]
2023-09-09 19:47:46.801 [info] > git config --get commit.template [9ms]
2023-09-09 19:47:46.805 [info] > git for-each-ref --format=%(refname)%00%(upstream:short)%00%(objectname)%00%(upstream:track)%00%(upstream:remotename)%00%(upstream:remoteref) refs/heads/master refs/remotes/master [5ms]
2023-09-09 19:47:47.244 [info] > git status -z -uall [434ms]
2023-09-09 19:47:52.305 [info] > git config --get commit.template [8ms]
2023-09-09 19:47:52.309 [info] > git for-each-ref --format=%(refname)%00%(upstream:short)%00%(objectname)%00%(upstream:track)%00%(upstream:remotename)%00%(upstream:remoteref) refs/heads/master refs/remotes/master [4ms]
2023-09-09 19:47:52.581 [info] > git status -z -uall [265ms]
2023-09-09 19:47:57.638 [info] > git config --get commit.template [8ms]
2023-09-09 19:47:57.641 [info] > git for-each-ref --format=%(refname)%00%(upstream:short)%00%(objectname)%00%(upstream:track)%00%(upstream:remotename)%00%(upstream:remoteref) refs/heads/master refs/remotes/master [4ms]
2023-09-09 19:47:57.889 [info] > git status -z -uall [241ms]
2023-09-09 19:48:02.945 [info] > git config --get commit.template [8ms]
2023-09-09 19:48:02.949 [info] > git for-each-ref --format=%(refname)%00%(upstream:short)%00%(objectname)%00%(upstream:track)%00%(upstream:remotename)%00%(upstream:remoteref) refs/heads/master refs/remotes/master [4ms]
2023-09-09 19:48:03.240 [info] > git status -z -uall [284ms]
2023-09-09 19:48:08.294 [info] > git config --get commit.template [9ms]
2023-09-09 19:48:08.297 [info] > git for-each-ref --format=%(refname)%00%(upstream:short)%00%(objectname)%00%(upstream:track)%00%(upstream:remotename)%00%(upstream:remoteref) refs/heads/master refs/remotes/master [4ms]
2023-09-09 19:48:08.550 [info] > git status -z -uall [246ms]
2023-09-09 19:48:13.607 [info] > git config --get commit.template [8ms]
2023-09-09 19:48:13.611 [info] > git for-each-ref --format=%(refname)%00%(upstream:short)%00%(objectname)%00%(upstream:track)%00%(upstream:remotename)%00%(upstream:remoteref) refs/heads/master refs/remotes/master [5ms]
2023-09-09 19:48:13.866 [info] > git status -z -uall [249ms]
2023-09-09 19:48:19.718 [info] > git config --get commit.template [8ms]
2023-09-09 19:48:19.721 [info] > git for-each-ref --format=%(refname)%00%(upstream:short)%00%(objectname)%00%(upstream:track)%00%(upstream:remotename)%00%(upstream:remoteref) refs/heads/master refs/remotes/master [4ms]
2023-09-09 19:48:19.994 [info] > git status -z -uall [266ms]
2023-09-09 19:48:25.052 [info] > git config --get commit.template [7ms]
2023-09-09 19:48:25.057 [info] > git for-each-ref --format=%(refname)%00%(upstream:short)%00%(objectname)%00%(upstream:track)%00%(upstream:remotename)%00%(upstream:remoteref) refs/heads/master refs/remotes/master [6ms]
2023-09-09 19:48:25.341 [info] > git status -z -uall [278ms]
2023-09-09 19:48:30.393 [info] > git config --get commit.template [8ms]
2023-09-09 19:48:30.396 [info] > git for-each-ref --format=%(refname)%00%(upstream:short)%00%(objectname)%00%(upstream:track)%00%(upstream:remotename)%00%(upstream:remoteref) refs/heads/master refs/remotes/master [4ms]
2023-09-09 19:48:30.664 [info] > git status -z -uall [261ms]
2023-09-09 19:48:35.722 [info] > git config --get commit.template [9ms]
2023-09-09 19:48:35.726 [info] > git for-each-ref --format=%(refname)%00%(upstream:short)%00%(objectname)%00%(upstream:track)%00%(upstream:remotename)%00%(upstream:remoteref) refs/heads/master refs/remotes/master [5ms]
2023-09-09 19:48:35.980 [info] > git status -z -uall [248ms]
2023-09-09 19:48:41.033 [info] > git config --get commit.template [7ms]
2023-09-09 19:48:41.036 [info] > git for-each-ref --format=%(refname)%00%(upstream:short)%00%(objectname)%00%(upstream:track)%00%(upstream:remotename)%00%(upstream:remoteref) refs/heads/master refs/remotes/master [4ms]
2023-09-09 19:48:41.294 [info] > git status -z -uall [253ms]
2023-09-09 19:48:46.347 [info] > git config --get commit.template [8ms]
2023-09-09 19:48:46.352 [info] > git for-each-ref --format=%(refname)%00%(upstream:short)%00%(objectname)%00%(upstream:track)%00%(upstream:remotename)%00%(upstream:remoteref) refs/heads/master refs/remotes/master [5ms]
2023-09-09 19:48:46.802 [info] > git status -z -uall [443ms]
2023-09-09 19:48:51.879 [info] > git config --get commit.template [7ms]
2023-09-09 19:48:51.883 [info] > git for-each-ref --format=%(refname)%00%(upstream:short)%00%(objectname)%00%(upstream:track)%00%(upstream:remotename)%00%(upstream:remoteref) refs/heads/master refs/remotes/master [4ms]
2023-09-09 19:48:52.142 [info] > git status -z -uall [253ms]
2023-09-09 19:48:57.195 [info] > git config --get commit.template [8ms]
2023-09-09 19:48:57.199 [info] > git for-each-ref --format=%(refname)%00%(upstream:short)%00%(objectname)%00%(upstream:track)%00%(upstream:remotename)%00%(upstream:remoteref) refs/heads/master refs/remotes/master [5ms]
2023-09-09 19:48:57.463 [info] > git status -z -uall [257ms]
2023-09-09 19:49:02.520 [info] > git config --get commit.template [8ms]
2023-09-09 19:49:02.524 [info] > git for-each-ref --format=%(refname)%00%(upstream:short)%00%(objectname)%00%(upstream:track)%00%(upstream:remotename)%00%(upstream:remoteref) refs/heads/master refs/remotes/master [5ms]
2023-09-09 19:49:02.793 [info] > git status -z -uall [262ms]
2023-09-09 19:49:07.854 [info] > git config --get commit.template [7ms]
2023-09-09 19:49:07.858 [info] > git for-each-ref --format=%(refname)%00%(upstream:short)%00%(objectname)%00%(upstream:track)%00%(upstream:remotename)%00%(upstream:remoteref) refs/heads/master refs/remotes/master [5ms]
2023-09-09 19:49:08.148 [info] > git status -z -uall [284ms]
2023-09-09 19:49:13.223 [info] > git config --get commit.template [7ms]
2023-09-09 19:49:13.226 [info] > git for-each-ref --format=%(refname)%00%(upstream:short)%00%(objectname)%00%(upstream:track)%00%(upstream:remotename)%00%(upstream:remoteref) refs/heads/master refs/remotes/master [4ms]
2023-09-09 19:49:13.490 [info] > git status -z -uall [258ms]
2023-09-09 19:49:18.545 [info] > git config --get commit.template [8ms]
2023-09-09 19:49:18.549 [info] > git for-each-ref --format=%(refname)%00%(upstream:short)%00%(objectname)%00%(upstream:track)%00%(upstream:remotename)%00%(upstream:remoteref) refs/heads/master refs/remotes/master [4ms]
2023-09-09 19:49:18.805 [info] > git status -z -uall [250ms]
2023-09-09 19:49:23.866 [info] > git config --get commit.template [11ms]
2023-09-09 19:49:23.869 [info] > git for-each-ref --format=%(refname)%00%(upstream:short)%00%(objectname)%00%(upstream:track)%00%(upstream:remotename)%00%(upstream:remoteref) refs/heads/master refs/remotes/master [4ms]
2023-09-09 19:49:24.135 [info] > git status -z -uall [259ms]
2023-09-09 19:49:29.191 [info] > git config --get commit.template [8ms]
2023-09-09 19:49:29.194 [info] > git for-each-ref --format=%(refname)%00%(upstream:short)%00%(objectname)%00%(upstream:track)%00%(upstream:remotename)%00%(upstream:remoteref) refs/heads/master refs/remotes/master [4ms]
2023-09-09 19:49:29.458 [info] > git status -z -uall [257ms]
2023-09-09 19:49:35.288 [info] > git config --get commit.template [8ms]
2023-09-09 19:49:35.292 [info] > git for-each-ref --format=%(refname)%00%(upstream:short)%00%(objectname)%00%(upstream:track)%00%(upstream:remotename)%00%(upstream:remoteref) refs/heads/master refs/remotes/master [5ms]
2023-09-09 19:49:35.556 [info] > git status -z -uall [256ms]
2023-09-09 19:49:40.610 [info] > git config --get commit.template [8ms]
2023-09-09 19:49:40.614 [info] > git for-each-ref --format=%(refname)%00%(upstream:short)%00%(objectname)%00%(upstream:track)%00%(upstream:remotename)%00%(upstream:remoteref) refs/heads/master refs/remotes/master [4ms]
2023-09-09 19:49:40.889 [info] > git status -z -uall [268ms]
2023-09-09 19:49:45.966 [info] > git config --get commit.template [7ms]
2023-09-09 19:49:45.969 [info] > git for-each-ref --format=%(refname)%00%(upstream:short)%00%(objectname)%00%(upstream:track)%00%(upstream:remotename)%00%(upstream:remoteref) refs/heads/master refs/remotes/master [4ms]
2023-09-09 19:49:46.407 [info] > git status -z -uall [431ms]
2023-09-09 19:49:51.470 [info] > git config --get commit.template [10ms]
2023-09-09 19:49:51.475 [info] > git for-each-ref --format=%(refname)%00%(upstream:short)%00%(objectname)%00%(upstream:track)%00%(upstream:remotename)%00%(upstream:remoteref) refs/heads/master refs/remotes/master [5ms]
2023-09-09 19:49:51.939 [info] > git status -z -uall [457ms]
2023-09-09 19:49:56.997 [info] > git config --get commit.template [8ms]
2023-09-09 19:49:57.001 [info] > git for-each-ref --format=%(refname)%00%(upstream:short)%00%(objectname)%00%(upstream:track)%00%(upstream:remotename)%00%(upstream:remoteref) refs/heads/master refs/remotes/master [5ms]
2023-09-09 19:49:57.452 [info] > git status -z -uall [445ms]
2023-09-09 19:50:02.516 [info] > git config --get commit.template [12ms]
2023-09-09 19:50:02.520 [info] > git for-each-ref --format=%(refname)%00%(upstream:short)%00%(objectname)%00%(upstream:track)%00%(upstream:remotename)%00%(upstream:remoteref) refs/heads/master refs/remotes/master [4ms]
2023-09-09 19:50:02.822 [info] > git status -z -uall [292ms]
2023-09-09 19:50:07.890 [info] > git config --get commit.template [8ms]
2023-09-09 19:50:07.895 [info] > git for-each-ref --format=%(refname)%00%(upstream:short)%00%(objectname)%00%(upstream:track)%00%(upstream:remotename)%00%(upstream:remoteref) refs/heads/master refs/remotes/master [4ms]
2023-09-09 19:50:08.224 [info] > git status -z -uall [324ms]
2023-09-09 19:50:13.279 [info] > git config --get commit.template [9ms]
2023-09-09 19:50:13.286 [info] > git for-each-ref --format=%(refname)%00%(upstream:short)%00%(objectname)%00%(upstream:track)%00%(upstream:remotename)%00%(upstream:remoteref) refs/heads/master refs/remotes/master [9ms]
2023-09-09 19:50:13.969 [info] > git status -z -uall [675ms]
2023-09-09 19:50:19.026 [info] > git config --get commit.template [9ms]
2023-09-09 19:50:19.030 [info] > git for-each-ref --format=%(refname)%00%(upstream:short)%00%(objectname)%00%(upstream:track)%00%(upstream:remotename)%00%(upstream:remoteref) refs/heads/master refs/remotes/master [5ms]
2023-09-09 19:50:19.412 [info] > git status -z -uall [375ms]
2023-09-09 19:50:24.472 [info] > git config --get commit.template [8ms]
2023-09-09 19:50:24.475 [info] > git for-each-ref --format=%(refname)%00%(upstream:short)%00%(objectname)%00%(upstream:track)%00%(upstream:remotename)%00%(upstream:remoteref) refs/heads/master refs/remotes/master [4ms]
2023-09-09 19:50:24.750 [info] > git status -z -uall [269ms]
