2023-09-10 01:23:19.079 [info] Extension host with pid 578 started
2023-09-10 01:23:19.081 [error] Error: EEXIST: file already exists, open '/var/www/.local/share/code-server/User/workspaceStorage/2326199c/vscode.lock'
2023-09-10 01:23:19.092 [info] Lock '/var/www/.local/share/code-server/User/workspaceStorage/2326199c/vscode.lock': Could not acquire lock, checking if the file is stale.
2023-09-10 01:23:19.097 [info] Lock '/var/www/.local/share/code-server/User/workspaceStorage/2326199c/vscode.lock': The pid 104636 appears to be gone.
2023-09-10 01:23:19.097 [info] Lock '/var/www/.local/share/code-server/User/workspaceStorage/2326199c/vscode.lock': Deleting a stale lock.
2023-09-10 01:23:19.114 [info] Lock '/var/www/.local/share/code-server/User/workspaceStorage/2326199c/vscode.lock': Lock acquired.
2023-09-10 01:23:19.600 [info] ExtensionService#_doActivateExtension vscode.git-base, startup: true, activationEvent: '*', root cause: vscode.git
2023-09-10 01:23:23.386 [info] ExtensionService#_doActivateExtension vscode.git, startup: true, activationEvent: '*'
2023-09-10 01:23:23.387 [info] ExtensionService#_doActivateExtension vscode.github, startup: true, activationEvent: '*'
2023-09-10 01:23:23.491 [info] ExtensionService#_doActivateExtension vscode.extension-editing, startup: false, activationEvent: 'onLanguage:markdown'
2023-09-10 01:23:23.491 [info] ExtensionService#_doActivateExtension vscode.markdown-language-features, startup: false, activationEvent: 'onLanguage:markdown'
2023-09-10 01:23:23.492 [info] ExtensionService#_doActivateExtension vscode.emmet, startup: false, activationEvent: 'onLanguage'
2023-09-10 01:23:23.998 [info] Eager extensions activated
2023-09-10 01:23:23.998 [info] ExtensionService#_doActivateExtension vscode.debug-auto-launch, startup: false, activationEvent: 'onStartupFinished'
2023-09-10 01:23:23.998 [info] ExtensionService#_doActivateExtension vscode.merge-conflict, startup: false, activationEvent: 'onStartupFinished'
2023-09-10 01:23:24.844 [info] ExtensionService#_doActivateExtension vscode.markdown-math, startup: false, activationEvent: 'api', root cause: vscode.markdown-language-features
2023-09-10 01:23:24.921 [warning] [Decorations] CAPPING events from decorations provider vscode.git 3460
2023-09-10 01:23:25.541 [warning] [Decorations] CAPPING events from decorations provider vscode.git 3460
2023-09-10 01:23:28.532 [warning] [Decorations] CAPPING events from decorations provider vscode.git 3462
2023-09-10 01:23:47.285 [warning] [Decorations] CAPPING events from decorations provider vscode.git 3462
2023-09-10 01:23:52.632 [warning] [Decorations] CAPPING events from decorations provider vscode.git 3463
2023-09-10 01:23:57.989 [warning] [Decorations] CAPPING events from decorations provider vscode.git 3463
2023-09-10 01:24:03.358 [warning] [Decorations] CAPPING events from decorations provider vscode.git 3463
2023-09-10 01:24:08.692 [warning] [Decorations] CAPPING events from decorations provider vscode.git 3463
2023-09-10 01:24:14.051 [warning] [Decorations] CAPPING events from decorations provider vscode.git 3463
2023-09-10 01:24:19.425 [warning] [Decorations] CAPPING events from decorations provider vscode.git 3463
2023-09-10 01:24:25.019 [warning] [Decorations] CAPPING events from decorations provider vscode.git 3463
2023-09-10 01:24:30.410 [warning] [Decorations] CAPPING events from decorations provider vscode.git 3463
2023-09-10 01:24:35.777 [warning] [Decorations] CAPPING events from decorations provider vscode.git 3463
2023-09-10 01:24:41.150 [warning] [Decorations] CAPPING events from decorations provider vscode.git 3463
2023-09-10 01:24:46.539 [warning] [Decorations] CAPPING events from decorations provider vscode.git 3463
2023-09-10 01:24:51.907 [warning] [Decorations] CAPPING events from decorations provider vscode.git 3463
2023-09-10 01:24:57.253 [warning] [Decorations] CAPPING events from decorations provider vscode.git 3463
2023-09-10 01:25:02.639 [warning] [Decorations] CAPPING events from decorations provider vscode.git 3463
2023-09-10 01:25:07.988 [warning] [Decorations] CAPPING events from decorations provider vscode.git 3463
2023-09-10 01:25:13.342 [warning] [Decorations] CAPPING events from decorations provider vscode.git 3463
2023-09-10 01:25:18.708 [warning] [Decorations] CAPPING events from decorations provider vscode.git 3463
2023-09-10 01:25:24.086 [warning] [Decorations] CAPPING events from decorations provider vscode.git 3463
2023-09-10 01:25:29.671 [warning] [Decorations] CAPPING events from decorations provider vscode.git 3463
2023-09-10 01:25:35.028 [warning] [Decorations] CAPPING events from decorations provider vscode.git 3463
2023-09-10 01:25:40.403 [warning] [Decorations] CAPPING events from decorations provider vscode.git 3463
2023-09-10 01:25:45.775 [warning] [Decorations] CAPPING events from decorations provider vscode.git 3463
2023-09-10 01:25:51.142 [warning] [Decorations] CAPPING events from decorations provider vscode.git 3463
2023-09-10 01:25:56.482 [warning] [Decorations] CAPPING events from decorations provider vscode.git 3463
2023-09-10 01:26:01.846 [warning] [Decorations] CAPPING events from decorations provider vscode.git 3463
2023-09-10 01:26:07.219 [warning] [Decorations] CAPPING events from decorations provider vscode.git 3463
2023-09-10 01:26:12.576 [warning] [Decorations] CAPPING events from decorations provider vscode.git 3463
2023-09-10 01:26:17.912 [warning] [Decorations] CAPPING events from decorations provider vscode.git 3463
2023-09-10 01:26:23.277 [warning] [Decorations] CAPPING events from decorations provider vscode.git 3463
2023-09-10 01:26:28.637 [warning] [Decorations] CAPPING events from decorations provider vscode.git 3463
2023-09-10 01:26:34.224 [warning] [Decorations] CAPPING events from decorations provider vscode.git 3463
2023-09-10 01:26:39.571 [warning] [Decorations] CAPPING events from decorations provider vscode.git 3463
2023-09-10 01:26:44.928 [warning] [Decorations] CAPPING events from decorations provider vscode.git 3463
2023-09-10 01:26:50.303 [warning] [Decorations] CAPPING events from decorations provider vscode.git 3463
2023-09-10 01:27:10.029 [warning] [Decorations] CAPPING events from decorations provider vscode.git 3463
2023-09-10 01:28:34.449 [warning] [Decorations] CAPPING events from decorations provider vscode.git 3463
2023-09-10 01:28:39.784 [warning] [Decorations] CAPPING events from decorations provider vscode.git 3463
2023-09-10 01:28:45.162 [warning] [Decorations] CAPPING events from decorations provider vscode.git 3463
2023-09-10 01:28:50.518 [warning] [Decorations] CAPPING events from decorations provider vscode.git 3463
2023-09-10 01:28:55.890 [warning] [Decorations] CAPPING events from decorations provider vscode.git 3463
2023-09-10 01:29:01.252 [warning] [Decorations] CAPPING events from decorations provider vscode.git 3463
2023-09-10 01:29:06.623 [warning] [Decorations] CAPPING events from decorations provider vscode.git 3463
2023-09-10 01:29:11.950 [warning] [Decorations] CAPPING events from decorations provider vscode.git 3463
2023-09-10 01:29:17.289 [warning] [Decorations] CAPPING events from decorations provider vscode.git 3463
2023-09-10 01:29:22.636 [warning] [Decorations] CAPPING events from decorations provider vscode.git 3463
2023-09-10 01:29:27.983 [warning] [Decorations] CAPPING events from decorations provider vscode.git 3463
2023-09-10 01:29:33.960 [warning] [Decorations] CAPPING events from decorations provider vscode.git 3464
2023-09-10 01:40:11.516 [warning] [Decorations] CAPPING events from decorations provider vscode.git 3463
2023-09-10 01:40:57.091 [warning] [Decorations] CAPPING events from decorations provider vscode.git 3463
2023-09-10 01:41:02.480 [warning] [Decorations] CAPPING events from decorations provider vscode.git 3463
2023-09-10 01:41:07.852 [warning] [Decorations] CAPPING events from decorations provider vscode.git 3463
2023-09-10 01:41:13.503 [warning] [Decorations] CAPPING events from decorations provider vscode.git 3463
2023-09-10 01:41:18.852 [warning] [Decorations] CAPPING events from decorations provider vscode.git 3464
2023-09-10 01:41:24.211 [warning] [Decorations] CAPPING events from decorations provider vscode.git 3464
2023-09-10 01:41:29.626 [warning] [Decorations] CAPPING events from decorations provider vscode.git 3464
2023-09-10 01:41:34.996 [warning] [Decorations] CAPPING events from decorations provider vscode.git 3464
2023-09-10 01:41:40.541 [warning] [Decorations] CAPPING events from decorations provider vscode.git 3465
2023-09-10 01:41:45.918 [warning] [Decorations] CAPPING events from decorations provider vscode.git 3464
2023-09-10 01:41:51.336 [warning] [Decorations] CAPPING events from decorations provider vscode.git 3464
2023-09-10 01:41:56.698 [warning] [Decorations] CAPPING events from decorations provider vscode.git 3464
2023-09-10 01:42:02.114 [warning] [Decorations] CAPPING events from decorations provider vscode.git 3464
2023-09-10 01:42:07.483 [warning] [Decorations] CAPPING events from decorations provider vscode.git 3464
2023-09-10 01:42:12.841 [warning] [Decorations] CAPPING events from decorations provider vscode.git 3464
2023-09-10 01:42:18.415 [warning] [Decorations] CAPPING events from decorations provider vscode.git 3464
2023-09-10 01:42:23.771 [warning] [Decorations] CAPPING events from decorations provider vscode.git 3465
2023-09-10 01:42:29.122 [warning] [Decorations] CAPPING events from decorations provider vscode.git 3466
2023-09-10 01:42:34.359 [info] ExtensionService#_doActivateExtension vscode.media-preview, startup: false, activationEvent: 'onCustomEditor:imagePreview.previewEditor'
2023-09-10 01:42:34.471 [warning] [Decorations] CAPPING events from decorations provider vscode.git 3466
2023-09-10 01:42:39.851 [warning] [Decorations] CAPPING events from decorations provider vscode.git 3466
2023-09-10 01:42:46.748 [warning] [Decorations] CAPPING events from decorations provider vscode.git 3467
2023-09-10 01:42:52.119 [warning] [Decorations] CAPPING events from decorations provider vscode.git 3466
2023-09-10 01:42:57.463 [warning] [Decorations] CAPPING events from decorations provider vscode.git 3466
2023-09-10 01:43:02.841 [warning] [Decorations] CAPPING events from decorations provider vscode.git 3466
2023-09-10 01:43:08.246 [warning] [Decorations] CAPPING events from decorations provider vscode.git 3466
2023-09-10 01:43:13.617 [warning] [Decorations] CAPPING events from decorations provider vscode.git 3466
2023-09-10 01:43:19.222 [warning] [Decorations] CAPPING events from decorations provider vscode.git 3467
2023-09-10 01:43:24.591 [warning] [Decorations] CAPPING events from decorations provider vscode.git 3467
2023-09-10 01:43:29.957 [warning] [Decorations] CAPPING events from decorations provider vscode.git 3467
2023-09-10 01:43:35.324 [warning] [Decorations] CAPPING events from decorations provider vscode.git 3467
2023-09-10 01:43:40.676 [warning] [Decorations] CAPPING events from decorations provider vscode.git 3467
2023-09-10 01:43:46.047 [warning] [Decorations] CAPPING events from decorations provider vscode.git 3467
2023-09-10 01:43:51.407 [warning] [Decorations] CAPPING events from decorations provider vscode.git 3467
2023-09-10 01:43:56.772 [warning] [Decorations] CAPPING events from decorations provider vscode.git 3467
2023-09-10 01:44:02.143 [warning] [Decorations] CAPPING events from decorations provider vscode.git 3467
2023-09-10 01:44:07.497 [warning] [Decorations] CAPPING events from decorations provider vscode.git 3467
2023-09-10 01:44:12.897 [warning] [Decorations] CAPPING events from decorations provider vscode.git 3467
2023-09-10 01:44:18.242 [warning] [Decorations] CAPPING events from decorations provider vscode.git 3467
2023-09-10 01:44:23.804 [warning] [Decorations] CAPPING events from decorations provider vscode.git 3467
2023-09-10 01:44:29.169 [warning] [Decorations] CAPPING events from decorations provider vscode.git 3467
2023-09-10 01:44:34.517 [warning] [Decorations] CAPPING events from decorations provider vscode.git 3467
2023-09-10 01:44:39.887 [warning] [Decorations] CAPPING events from decorations provider vscode.git 3467
2023-09-10 01:44:45.283 [warning] [Decorations] CAPPING events from decorations provider vscode.git 3467
2023-09-10 01:44:50.633 [warning] [Decorations] CAPPING events from decorations provider vscode.git 3467
2023-09-10 01:44:56.023 [warning] [Decorations] CAPPING events from decorations provider vscode.git 3467
2023-09-10 01:45:01.429 [warning] [Decorations] CAPPING events from decorations provider vscode.git 3467
2023-09-10 01:45:06.849 [warning] [Decorations] CAPPING events from decorations provider vscode.git 3467
2023-09-10 01:45:12.217 [warning] [Decorations] CAPPING events from decorations provider vscode.git 3467
2023-09-10 01:45:17.572 [warning] [Decorations] CAPPING events from decorations provider vscode.git 3467
2023-09-10 01:45:22.934 [warning] [Decorations] CAPPING events from decorations provider vscode.git 3467
2023-09-10 01:45:28.567 [warning] [Decorations] CAPPING events from decorations provider vscode.git 3467
2023-09-10 01:45:33.938 [warning] [Decorations] CAPPING events from decorations provider vscode.git 3467
2023-09-10 01:45:39.315 [warning] [Decorations] CAPPING events from decorations provider vscode.git 3467
2023-09-10 01:45:46.190 [warning] [Decorations] CAPPING events from decorations provider vscode.git 3467
2023-09-10 01:45:51.568 [warning] [Decorations] CAPPING events from decorations provider vscode.git 3467
2023-09-10 01:45:56.944 [warning] [Decorations] CAPPING events from decorations provider vscode.git 3467
2023-09-10 01:46:02.384 [warning] [Decorations] CAPPING events from decorations provider vscode.git 3467
2023-09-10 01:46:07.754 [warning] [Decorations] CAPPING events from decorations provider vscode.git 3467
2023-09-10 01:46:13.096 [warning] [Decorations] CAPPING events from decorations provider vscode.git 3467
2023-09-10 01:46:18.407 [warning] [Decorations] CAPPING events from decorations provider vscode.git 3467
2023-09-10 01:46:23.738 [warning] [Decorations] CAPPING events from decorations provider vscode.git 3467
2023-09-10 01:46:29.358 [warning] [Decorations] CAPPING events from decorations provider vscode.git 3467
2023-09-10 01:46:34.702 [warning] [Decorations] CAPPING events from decorations provider vscode.git 3467
2023-09-10 01:46:40.072 [warning] [Decorations] CAPPING events from decorations provider vscode.git 3467
2023-09-10 01:46:48.329 [warning] [Decorations] CAPPING events from decorations provider vscode.git 3467
2023-09-10 01:46:53.736 [warning] [Decorations] CAPPING events from decorations provider vscode.git 3467
2023-09-10 01:46:59.098 [warning] [Decorations] CAPPING events from decorations provider vscode.git 3467
2023-09-10 01:47:04.474 [warning] [Decorations] CAPPING events from decorations provider vscode.git 3467
2023-09-10 01:47:09.890 [warning] [Decorations] CAPPING events from decorations provider vscode.git 3467
2023-09-10 01:47:15.261 [warning] [Decorations] CAPPING events from decorations provider vscode.git 3467
2023-09-10 01:47:20.643 [warning] [Decorations] CAPPING events from decorations provider vscode.git 3467
2023-09-10 01:47:26.030 [warning] [Decorations] CAPPING events from decorations provider vscode.git 3467
2023-09-10 01:47:31.730 [warning] [Decorations] CAPPING events from decorations provider vscode.git 3467
2023-09-10 01:47:37.126 [warning] [Decorations] CAPPING events from decorations provider vscode.git 3467
2023-09-10 01:47:42.560 [warning] [Decorations] CAPPING events from decorations provider vscode.git 3467
2023-09-10 01:47:47.977 [warning] [Decorations] CAPPING events from decorations provider vscode.git 3467
2023-09-10 01:47:53.403 [warning] [Decorations] CAPPING events from decorations provider vscode.git 3467
2023-09-10 01:47:58.802 [warning] [Decorations] CAPPING events from decorations provider vscode.git 3467
2023-09-10 01:48:04.229 [warning] [Decorations] CAPPING events from decorations provider vscode.git 3467
2023-09-10 01:48:09.633 [warning] [Decorations] CAPPING events from decorations provider vscode.git 3467
2023-09-10 01:48:15.028 [warning] [Decorations] CAPPING events from decorations provider vscode.git 3467
2023-09-10 01:48:20.480 [warning] [Decorations] CAPPING events from decorations provider vscode.git 3467
2023-09-10 01:48:25.927 [warning] [Decorations] CAPPING events from decorations provider vscode.git 3467
2023-09-10 01:48:31.336 [warning] [Decorations] CAPPING events from decorations provider vscode.git 3467
2023-09-10 01:48:36.994 [warning] [Decorations] CAPPING events from decorations provider vscode.git 3467
2023-09-10 01:48:42.429 [warning] [Decorations] CAPPING events from decorations provider vscode.git 3467
2023-09-10 01:48:47.874 [warning] [Decorations] CAPPING events from decorations provider vscode.git 3467
2023-09-10 01:48:53.256 [warning] [Decorations] CAPPING events from decorations provider vscode.git 3467
2023-09-10 01:48:58.645 [warning] [Decorations] CAPPING events from decorations provider vscode.git 3467
2023-09-10 01:49:04.048 [warning] [Decorations] CAPPING events from decorations provider vscode.git 3467
2023-09-10 01:49:09.452 [warning] [Decorations] CAPPING events from decorations provider vscode.git 3467
2023-09-10 01:49:14.844 [warning] [Decorations] CAPPING events from decorations provider vscode.git 3467
2023-09-10 01:49:20.273 [warning] [Decorations] CAPPING events from decorations provider vscode.git 3467
2023-09-10 01:49:50.880 [warning] [Decorations] CAPPING events from decorations provider vscode.git 3468
2023-09-10 01:49:56.261 [warning] [Decorations] CAPPING events from decorations provider vscode.git 3467
2023-09-10 01:50:01.665 [warning] [Decorations] CAPPING events from decorations provider vscode.git 3467
2023-09-10 01:50:07.058 [warning] [Decorations] CAPPING events from decorations provider vscode.git 3467
2023-09-10 01:50:12.430 [warning] [Decorations] CAPPING events from decorations provider vscode.git 3468
2023-09-10 01:50:17.806 [warning] [Decorations] CAPPING events from decorations provider vscode.git 3468
2023-09-10 01:50:23.216 [warning] [Decorations] CAPPING events from decorations provider vscode.git 3468
2023-09-10 01:50:28.585 [warning] [Decorations] CAPPING events from decorations provider vscode.git 3468
2023-09-10 01:50:33.953 [warning] [Decorations] CAPPING events from decorations provider vscode.git 3468
2023-09-10 01:50:39.331 [warning] [Decorations] CAPPING events from decorations provider vscode.git 3468
2023-09-10 01:50:44.745 [warning] [Decorations] CAPPING events from decorations provider vscode.git 3468
2023-09-10 01:50:50.126 [warning] [Decorations] CAPPING events from decorations provider vscode.git 3468
2023-09-10 01:50:55.837 [warning] [Decorations] CAPPING events from decorations provider vscode.git 3468
2023-09-10 01:51:01.217 [warning] [Decorations] CAPPING events from decorations provider vscode.git 3468
2023-09-10 01:51:06.623 [warning] [Decorations] CAPPING events from decorations provider vscode.git 3468
2023-09-10 01:51:12.012 [warning] [Decorations] CAPPING events from decorations provider vscode.git 3468
2023-09-10 01:51:17.397 [warning] [Decorations] CAPPING events from decorations provider vscode.git 3468
2023-09-10 01:51:22.839 [warning] [Decorations] CAPPING events from decorations provider vscode.git 3468
2023-09-10 01:51:28.264 [warning] [Decorations] CAPPING events from decorations provider vscode.git 3468
2023-09-10 01:51:33.729 [warning] [Decorations] CAPPING events from decorations provider vscode.git 3468
2023-09-10 01:51:39.124 [warning] [Decorations] CAPPING events from decorations provider vscode.git 3468
2023-09-10 01:51:44.508 [warning] [Decorations] CAPPING events from decorations provider vscode.git 3468
2023-09-10 01:51:49.937 [warning] [Decorations] CAPPING events from decorations provider vscode.git 3468
2023-09-10 01:51:55.315 [warning] [Decorations] CAPPING events from decorations provider vscode.git 3468
2023-09-10 01:52:01.006 [warning] [Decorations] CAPPING events from decorations provider vscode.git 3468
2023-09-10 01:52:06.413 [warning] [Decorations] CAPPING events from decorations provider vscode.git 3468
2023-09-10 01:52:11.877 [warning] [Decorations] CAPPING events from decorations provider vscode.git 3469
2023-09-10 01:52:17.279 [warning] [Decorations] CAPPING events from decorations provider vscode.git 3468
2023-09-10 01:52:22.738 [warning] [Decorations] CAPPING events from decorations provider vscode.git 3468
2023-09-10 01:52:28.160 [warning] [Decorations] CAPPING events from decorations provider vscode.git 3469
2023-09-10 01:52:33.700 [warning] [Decorations] CAPPING events from decorations provider vscode.git 3469
2023-09-10 01:52:39.141 [warning] [Decorations] CAPPING events from decorations provider vscode.git 3470
2023-09-10 01:52:44.508 [warning] [Decorations] CAPPING events from decorations provider vscode.git 3469
2023-09-10 01:52:49.928 [warning] [Decorations] CAPPING events from decorations provider vscode.git 3469
2023-09-10 01:52:55.322 [warning] [Decorations] CAPPING events from decorations provider vscode.git 3469
2023-09-10 01:53:00.749 [warning] [Decorations] CAPPING events from decorations provider vscode.git 3469
2023-09-10 01:53:06.388 [warning] [Decorations] CAPPING events from decorations provider vscode.git 3469
2023-09-10 01:53:06.440 [info] ExtensionService#_doActivateExtension vscode.php-language-features, startup: false, activationEvent: 'onLanguage:php'
2023-09-10 01:53:11.795 [warning] [Decorations] CAPPING events from decorations provider vscode.git 3469
2023-09-10 01:53:17.197 [warning] [Decorations] CAPPING events from decorations provider vscode.git 3469
2023-09-10 01:55:55.991 [warning] [Decorations] CAPPING events from decorations provider vscode.git 3469
2023-09-10 01:57:13.563 [warning] [Decorations] CAPPING events from decorations provider vscode.git 3471
2023-09-10 01:57:18.961 [warning] [Decorations] CAPPING events from decorations provider vscode.git 3471
2023-09-10 01:57:24.367 [warning] [Decorations] CAPPING events from decorations provider vscode.git 3471
2023-09-10 01:57:29.762 [warning] [Decorations] CAPPING events from decorations provider vscode.git 3471
2023-09-10 01:57:35.190 [warning] [Decorations] CAPPING events from decorations provider vscode.git 3471
2023-09-10 01:57:40.603 [warning] [Decorations] CAPPING events from decorations provider vscode.git 3471
2023-09-10 01:57:45.997 [warning] [Decorations] CAPPING events from decorations provider vscode.git 3471
2023-09-10 01:57:51.423 [warning] [Decorations] CAPPING events from decorations provider vscode.git 3471
2023-09-10 01:57:56.844 [warning] [Decorations] CAPPING events from decorations provider vscode.git 3471
2023-09-10 01:58:02.323 [warning] [Decorations] CAPPING events from decorations provider vscode.git 3471
2023-09-10 01:58:07.787 [warning] [Decorations] CAPPING events from decorations provider vscode.git 3471
2023-09-10 01:58:27.457 [warning] [Decorations] CAPPING events from decorations provider vscode.git 3471
2023-09-10 01:58:32.851 [warning] [Decorations] CAPPING events from decorations provider vscode.git 3471
2023-09-10 01:58:38.281 [warning] [Decorations] CAPPING events from decorations provider vscode.git 3471
2023-09-10 01:58:43.656 [warning] [Decorations] CAPPING events from decorations provider vscode.git 3471
2023-09-10 01:58:49.054 [warning] [Decorations] CAPPING events from decorations provider vscode.git 3471
2023-09-10 01:58:54.486 [warning] [Decorations] CAPPING events from decorations provider vscode.git 3471
2023-09-10 01:58:59.867 [warning] [Decorations] CAPPING events from decorations provider vscode.git 3471
2023-09-10 01:59:05.323 [warning] [Decorations] CAPPING events from decorations provider vscode.git 3471
2023-09-10 01:59:10.698 [warning] [Decorations] CAPPING events from decorations provider vscode.git 3471
2023-09-10 01:59:16.112 [warning] [Decorations] CAPPING events from decorations provider vscode.git 3471
2023-09-10 01:59:21.501 [warning] [Decorations] CAPPING events from decorations provider vscode.git 3471
2023-09-10 01:59:26.901 [warning] [Decorations] CAPPING events from decorations provider vscode.git 3471
2023-09-10 01:59:32.632 [warning] [Decorations] CAPPING events from decorations provider vscode.git 3471
2023-09-10 01:59:38.015 [warning] [Decorations] CAPPING events from decorations provider vscode.git 3471
2023-09-10 01:59:43.432 [warning] [Decorations] CAPPING events from decorations provider vscode.git 3471
2023-09-10 01:59:48.811 [warning] [Decorations] CAPPING events from decorations provider vscode.git 3471
2023-09-10 01:59:54.220 [warning] [Decorations] CAPPING events from decorations provider vscode.git 3471
2023-09-10 01:59:59.621 [warning] [Decorations] CAPPING events from decorations provider vscode.git 3471
2023-09-10 02:00:05.071 [warning] [Decorations] CAPPING events from decorations provider vscode.git 3471
2023-09-10 02:00:10.971 [warning] [Decorations] CAPPING events from decorations provider vscode.git 3471
2023-09-10 02:01:43.835 [warning] [Decorations] CAPPING events from decorations provider vscode.git 3471
2023-09-10 02:01:50.734 [warning] [Decorations] CAPPING events from decorations provider vscode.git 3471
2023-09-10 02:01:56.105 [warning] [Decorations] CAPPING events from decorations provider vscode.git 3471
2023-09-10 02:02:01.557 [warning] [Decorations] CAPPING events from decorations provider vscode.git 3471
2023-09-10 02:02:06.937 [warning] [Decorations] CAPPING events from decorations provider vscode.git 3471
2023-09-10 02:12:11.911 [warning] [Decorations] CAPPING events from decorations provider vscode.git 3471
2023-09-10 02:12:17.306 [warning] [Decorations] CAPPING events from decorations provider vscode.git 3471
2023-09-10 02:12:22.722 [warning] [Decorations] CAPPING events from decorations provider vscode.git 3471
2023-09-10 02:12:28.189 [warning] [Decorations] CAPPING events from decorations provider vscode.git 3471
2023-09-10 02:12:33.575 [warning] [Decorations] CAPPING events from decorations provider vscode.git 3471
2023-09-10 02:12:38.981 [warning] [Decorations] CAPPING events from decorations provider vscode.git 3471
2023-09-10 02:12:44.397 [warning] [Decorations] CAPPING events from decorations provider vscode.git 3471
2023-09-10 02:12:49.780 [warning] [Decorations] CAPPING events from decorations provider vscode.git 3471
2023-09-10 02:12:55.151 [warning] [Decorations] CAPPING events from decorations provider vscode.git 3471
2023-09-10 02:13:00.528 [warning] [Decorations] CAPPING events from decorations provider vscode.git 3471
2023-09-10 02:13:05.935 [warning] [Decorations] CAPPING events from decorations provider vscode.git 3471
2023-09-10 02:13:11.318 [warning] [Decorations] CAPPING events from decorations provider vscode.git 3471
