2023-09-09 19:53:48.034 [info] Log level: Info
2023-09-09 19:53:48.034 [info] Validating found git in: "git"
2023-09-09 19:53:48.034 [info] Using git "2.30.2" from "git"
2023-09-09 19:53:48.034 [info] > git rev-parse --show-toplevel [42ms]
2023-09-09 19:53:48.034 [info] fatal: not a git repository (or any of the parent directories): .git
2023-09-09 19:53:48.034 [info] > git rev-parse --show-toplevel [16ms]
2023-09-09 19:53:48.034 [info] > git rev-parse --git-dir --git-common-dir [4ms]
2023-09-09 19:53:48.034 [info] Open repository: /var/www
2023-09-09 19:53:48.034 [info] > git rev-parse --show-toplevel [6ms]
2023-09-09 19:53:48.034 [info] fatal: not a git repository (or any of the parent directories): .git
2023-09-09 19:53:48.034 [info] > git config --get commit.template [13ms]
2023-09-09 19:53:48.034 [info] > git rev-parse --show-toplevel [7ms]
2023-09-09 19:53:48.034 [info] fatal: not a git repository (or any of the parent directories): .git
2023-09-09 19:53:48.034 [info] > git rev-parse --show-toplevel [2ms]
2023-09-09 19:53:48.034 [info] fatal: not a git repository (or any of the parent directories): .git
2023-09-09 19:53:48.034 [info] > git rev-parse --show-toplevel [2ms]
2023-09-09 19:53:48.034 [info] fatal: not a git repository (or any of the parent directories): .git
2023-09-09 19:53:48.034 [info] > git rev-parse --show-toplevel [1ms]
2023-09-09 19:53:48.034 [info] fatal: not a git repository (or any of the parent directories): .git
2023-09-09 19:53:48.034 [info] > git for-each-ref --format=%(refname)%00%(upstream:short)%00%(objectname)%00%(upstream:track)%00%(upstream:remotename)%00%(upstream:remoteref) refs/heads/master refs/remotes/master [24ms]
2023-09-09 19:53:48.034 [info] > git rev-parse --show-toplevel [7ms]
2023-09-09 19:53:48.034 [info] fatal: not a git repository (or any of the parent directories): .git
2023-09-09 19:53:48.034 [info] > git rev-parse --show-toplevel [2ms]
2023-09-09 19:53:48.034 [info] fatal: not a git repository (or any of the parent directories): .git
2023-09-09 19:53:48.034 [info] > git rev-parse --show-toplevel [2ms]
2023-09-09 19:53:48.034 [info] fatal: not a git repository (or any of the parent directories): .git
2023-09-09 19:53:48.034 [info] > git rev-parse --show-toplevel [2ms]
2023-09-09 19:53:48.034 [info] fatal: not a git repository (or any of the parent directories): .git
2023-09-09 19:53:48.034 [info] > git status -z -uall [519ms]
2023-09-09 19:53:48.034 [info] > git config --get commit.template [1ms]
2023-09-09 19:53:48.034 [info] > git for-each-ref --format=%(refname)%00%(upstream:short)%00%(objectname)%00%(upstream:track)%00%(upstream:remotename)%00%(upstream:remoteref) refs/heads/master refs/remotes/master [17ms]
2023-09-09 19:53:48.034 [info] > git check-ignore -v -z --stdin [16ms]
2023-09-09 19:53:48.034 [info] > git rev-parse --show-toplevel [2ms]
2023-09-09 19:53:48.034 [info] fatal: not a git repository (or any of the parent directories): .git
2023-09-09 19:53:48.034 [info] > git rev-parse --show-toplevel [2ms]
2023-09-09 19:53:48.034 [info] fatal: not a git repository (or any of the parent directories): .git
2023-09-09 19:53:48.034 [info] > git status -z -uall [559ms]
2023-09-09 19:53:48.311 [info] > git show --textconv :html/webAppDev/Assignment1/_Checklist_README.md [9ms]
2023-09-09 19:53:48.313 [info] > git ls-files --stage -- /var/www/html/webAppDev/Assignment1/_Checklist_README.md [3ms]
2023-09-09 19:53:48.949 [info] > git config --get commit.template [17ms]
2023-09-09 19:53:48.950 [info] > git for-each-ref --format=%(refname)%00%(upstream:short)%00%(objectname)%00%(upstream:track)%00%(upstream:remotename)%00%(upstream:remoteref) refs/heads/master refs/remotes/master [9ms]
2023-09-09 19:53:49.461 [info] > git check-ignore -v -z --stdin [10ms]
2023-09-09 19:53:49.541 [info] > git status -z -uall [580ms]
2023-09-09 19:54:52.133 [info] > git config --get commit.template [8ms]
2023-09-09 19:54:52.136 [info] > git for-each-ref --format=%(refname)%00%(upstream:short)%00%(objectname)%00%(upstream:track)%00%(upstream:remotename)%00%(upstream:remoteref) refs/heads/master refs/remotes/master [5ms]
2023-09-09 19:54:52.597 [info] > git status -z -uall [456ms]
2023-09-09 19:54:57.712 [info] > git config --get commit.template [7ms]
2023-09-09 19:54:57.715 [info] > git for-each-ref --format=%(refname)%00%(upstream:short)%00%(objectname)%00%(upstream:track)%00%(upstream:remotename)%00%(upstream:remoteref) refs/heads/master refs/remotes/master [4ms]
2023-09-09 19:54:57.973 [info] > git status -z -uall [252ms]
2023-09-09 19:55:39.791 [info] > git config --get commit.template [8ms]
2023-09-09 19:55:39.795 [info] > git for-each-ref --format=%(refname)%00%(upstream:short)%00%(objectname)%00%(upstream:track)%00%(upstream:remotename)%00%(upstream:remoteref) refs/heads/master refs/remotes/master [5ms]
2023-09-09 19:55:40.070 [info] > git status -z -uall [270ms]
2023-09-09 19:55:45.147 [info] > git config --get commit.template [8ms]
2023-09-09 19:55:45.150 [info] > git for-each-ref --format=%(refname)%00%(upstream:short)%00%(objectname)%00%(upstream:track)%00%(upstream:remotename)%00%(upstream:remoteref) refs/heads/master refs/remotes/master [5ms]
2023-09-09 19:55:45.413 [info] > git status -z -uall [257ms]
2023-09-09 19:55:54.110 [info] > git show --textconv :html/webAppDev/Assignment1/_Documentation_README.md [7ms]
2023-09-09 19:55:54.112 [info] > git ls-files --stage -- /var/www/html/webAppDev/Assignment1/_Documentation_README.md [2ms]
2023-09-09 19:56:51.469 [info] > git show --textconv :html/webAppDev/Assignment1/_Security_README.md [7ms]
2023-09-09 19:56:51.472 [info] > git ls-files --stage -- /var/www/html/webAppDev/Assignment1/_Security_README.md [4ms]
2023-09-09 20:00:07.020 [info] > git config --get commit.template [27ms]
2023-09-09 20:00:07.058 [info] > git for-each-ref --format=%(refname)%00%(upstream:short)%00%(objectname)%00%(upstream:track)%00%(upstream:remotename)%00%(upstream:remoteref) refs/heads/master refs/remotes/master [59ms]
2023-09-09 20:00:08.095 [info] > git status -z -uall [1030ms]
2023-09-09 20:00:13.164 [info] > git config --get commit.template [16ms]
2023-09-09 20:00:13.196 [info] > git for-each-ref --format=%(refname)%00%(upstream:short)%00%(objectname)%00%(upstream:track)%00%(upstream:remotename)%00%(upstream:remoteref) refs/heads/master refs/remotes/master [41ms]
2023-09-09 20:00:16.237 [info] > git status -z -uall [3034ms]
2023-09-09 20:00:21.300 [info] > git config --get commit.template [7ms]
2023-09-09 20:00:21.303 [info] > git for-each-ref --format=%(refname)%00%(upstream:short)%00%(objectname)%00%(upstream:track)%00%(upstream:remotename)%00%(upstream:remoteref) refs/heads/master refs/remotes/master [4ms]
2023-09-09 20:00:21.572 [info] > git status -z -uall [262ms]
2023-09-09 20:00:26.628 [info] > git config --get commit.template [8ms]
2023-09-09 20:00:26.631 [info] > git for-each-ref --format=%(refname)%00%(upstream:short)%00%(objectname)%00%(upstream:track)%00%(upstream:remotename)%00%(upstream:remoteref) refs/heads/master refs/remotes/master [4ms]
2023-09-09 20:00:26.892 [info] > git status -z -uall [255ms]
2023-09-09 20:00:31.952 [info] > git config --get commit.template [10ms]
2023-09-09 20:00:31.955 [info] > git for-each-ref --format=%(refname)%00%(upstream:short)%00%(objectname)%00%(upstream:track)%00%(upstream:remotename)%00%(upstream:remoteref) refs/heads/master refs/remotes/master [5ms]
2023-09-09 20:00:32.227 [info] > git status -z -uall [264ms]
2023-09-09 20:03:13.757 [info] > git config --get commit.template [9ms]
2023-09-09 20:03:13.761 [info] > git for-each-ref --format=%(refname)%00%(upstream:short)%00%(objectname)%00%(upstream:track)%00%(upstream:remotename)%00%(upstream:remoteref) refs/heads/master refs/remotes/master [5ms]
2023-09-09 20:03:14.241 [info] > git status -z -uall [473ms]
2023-09-09 20:03:19.296 [info] > git config --get commit.template [2ms]
2023-09-09 20:03:19.323 [info] > git for-each-ref --format=%(refname)%00%(upstream:short)%00%(objectname)%00%(upstream:track)%00%(upstream:remotename)%00%(upstream:remoteref) refs/heads/master refs/remotes/master [8ms]
2023-09-09 20:03:19.578 [info] > git status -z -uall [248ms]
2023-09-09 20:04:04.481 [info] > git config --get commit.template [7ms]
2023-09-09 20:04:04.484 [info] > git for-each-ref --format=%(refname)%00%(upstream:short)%00%(objectname)%00%(upstream:track)%00%(upstream:remotename)%00%(upstream:remoteref) refs/heads/master refs/remotes/master [5ms]
2023-09-09 20:04:04.766 [info] > git status -z -uall [277ms]
2023-09-09 20:04:49.942 [info] > git config --get commit.template [7ms]
2023-09-09 20:04:49.945 [info] > git for-each-ref --format=%(refname)%00%(upstream:short)%00%(objectname)%00%(upstream:track)%00%(upstream:remotename)%00%(upstream:remoteref) refs/heads/master refs/remotes/master [4ms]
2023-09-09 20:04:50.413 [info] > git status -z -uall [462ms]
2023-09-09 20:05:04.967 [info] > git config --get commit.template [6ms]
2023-09-09 20:05:04.970 [info] > git for-each-ref --format=%(refname)%00%(upstream:short)%00%(objectname)%00%(upstream:track)%00%(upstream:remotename)%00%(upstream:remoteref) refs/heads/master refs/remotes/master [4ms]
2023-09-09 20:05:05.251 [info] > git status -z -uall [274ms]
2023-09-09 20:05:35.857 [info] > git config --get commit.template [7ms]
2023-09-09 20:05:35.860 [info] > git for-each-ref --format=%(refname)%00%(upstream:short)%00%(objectname)%00%(upstream:track)%00%(upstream:remotename)%00%(upstream:remoteref) refs/heads/master refs/remotes/master [4ms]
2023-09-09 20:05:36.134 [info] > git status -z -uall [268ms]
2023-09-09 20:05:41.205 [info] > git config --get commit.template [8ms]
2023-09-09 20:05:41.208 [info] > git for-each-ref --format=%(refname)%00%(upstream:short)%00%(objectname)%00%(upstream:track)%00%(upstream:remotename)%00%(upstream:remoteref) refs/heads/master refs/remotes/master [4ms]
2023-09-09 20:05:41.479 [info] > git status -z -uall [265ms]
2023-09-09 20:10:22.507 [info] > git config --get commit.template [7ms]
2023-09-09 20:10:22.511 [info] > git for-each-ref --format=%(refname)%00%(upstream:short)%00%(objectname)%00%(upstream:track)%00%(upstream:remotename)%00%(upstream:remoteref) refs/heads/master refs/remotes/master [5ms]
2023-09-09 20:10:22.969 [info] > git status -z -uall [453ms]
2023-09-09 20:10:29.003 [info] > git config --get commit.template [9ms]
2023-09-09 20:10:29.007 [info] > git for-each-ref --format=%(refname)%00%(upstream:short)%00%(objectname)%00%(upstream:track)%00%(upstream:remotename)%00%(upstream:remoteref) refs/heads/master refs/remotes/master [5ms]
2023-09-09 20:10:29.285 [info] > git status -z -uall [269ms]
