0 verbose cli /usr/bin/node /usr/bin/npm
1 info using npm@9.7.2
2 info using node@v18.16.1
3 timing npm:load:whichnode Completed in 1ms
4 timing config:load:defaults Completed in 1ms
5 timing config:load:file:/usr/lib/node_modules/npm/npmrc Completed in 0ms
6 timing config:load:builtin Completed in 2ms
7 timing config:load:cli Completed in 3ms
8 timing config:load:env Completed in 0ms
9 timing config:load:file:/var/www/.cache/typescript/5.0/.npmrc Completed in 0ms
10 timing config:load:project Completed in 5ms
11 timing config:load:file:/var/www/.npmrc Completed in 0ms
12 timing config:load:user Completed in 0ms
13 timing config:load:file:/usr/etc/npmrc Completed in 0ms
14 timing config:load:global Completed in 0ms
15 timing config:load:setEnvs Completed in 1ms
16 timing config:load Completed in 12ms
17 timing npm:load:configload Completed in 13ms
18 timing config:load:flatten Completed in 3ms
19 timing npm:load:mkdirpcache Completed in 0ms
20 timing npm:load:mkdirplogs Completed in 0ms
21 verbose title npm install @types/bootstrap@ts5.0
22 verbose argv "install" "--ignore-scripts" "@types/bootstrap@ts5.0" "--save-dev" "--user-agent" "typesInstaller/5.0.4"
23 timing npm:load:setTitle Completed in 1ms
24 timing npm:load:display Completed in 1ms
25 verbose logfile logs-max:10 dir:/var/www/.npm/_logs/2023-09-08T05_34_16_949Z-
26 verbose logfile /var/www/.npm/_logs/2023-09-08T05_34_16_949Z-debug-0.log
27 timing npm:load:logFile Completed in 11ms
28 timing npm:load:timers Completed in 0ms
29 timing npm:load:configScope Completed in 0ms
30 timing npm:load Completed in 46ms
31 timing arborist:ctor Completed in 1ms
32 silly logfile done cleaning log files
33 timing idealTree:init Completed in 39ms
34 timing arborist:ctor Completed in 0ms
35 http fetch GET 200 https://registry.npmjs.org/@types%2fbootstrap 249ms (cache updated)
36 timing idealTree:userRequests Completed in 255ms
37 silly idealTree buildDeps
38 silly fetch manifest @types/bootstrap@5.2.6
39 silly placeDep ROOT @types/bootstrap@5.2.6 REPLACE for:  want: 5.2.6
40 timing idealTree:#root Completed in 9ms
41 timing idealTree:node_modules/@types/bootstrap Completed in 0ms
42 timing idealTree:buildDeps Completed in 11ms
43 timing idealTree:fixDepFlags Completed in 1ms
44 timing idealTree Completed in 309ms
45 timing reify:loadTrees Completed in 310ms
46 timing reify:diffTrees Completed in 4ms
47 silly reify moves {}
48 timing reify:retireShallow Completed in 2ms
49 timing reify:createSparse Completed in 1ms
50 timing reify:loadBundles Completed in 0ms
51 silly audit bulk request {
51 silly audit   '@popperjs/core': [ '2.11.8' ],
51 silly audit   '@types/jquery': [ '3.5.16' ],
51 silly audit   '@types/lodash': [ '4.14.196' ],
51 silly audit   '@types/node': [ '20.4.8' ],
51 silly audit   '@types/node-sass': [ '4.11.3' ],
51 silly audit   '@types/sass-loader': [ '8.0.5' ],
51 silly audit   '@types/sizzle': [ '2.3.3' ],
51 silly audit   '@types/source-list-map': [ '0.1.2' ],
51 silly audit   '@types/tapable': [ '1.0.8' ],
51 silly audit   '@types/uglify-js': [ '3.17.1' ],
51 silly audit   '@types/webpack': [ '4.41.33' ],
51 silly audit   '@types/webpack-sources': [ '3.2.0' ],
51 silly audit   'source-map': [ '0.7.4', '0.6.1' ],
51 silly audit   anymatch: [ '3.1.3' ],
51 silly audit   'binary-extensions': [ '2.2.0' ],
51 silly audit   braces: [ '3.0.2' ],
51 silly audit   chokidar: [ '3.5.3' ],
51 silly audit   'fill-range': [ '7.0.1' ],
51 silly audit   fsevents: [ '2.3.2' ],
51 silly audit   'glob-parent': [ '5.1.2' ],
51 silly audit   immutable: [ '4.3.2' ],
51 silly audit   'is-binary-path': [ '2.1.0' ],
51 silly audit   'is-extglob': [ '2.1.1' ],
51 silly audit   'is-glob': [ '4.0.3' ],
51 silly audit   'is-number': [ '7.0.0' ],
51 silly audit   'normalize-path': [ '3.0.0' ],
51 silly audit   picomatch: [ '2.3.1' ],
51 silly audit   readdirp: [ '3.6.0' ],
51 silly audit   sass: [ '1.64.2' ],
51 silly audit   'source-map-js': [ '1.0.2' ],
51 silly audit   'to-regex-range': [ '5.0.1' ],
51 silly audit   'types-registry': [ '0.1.659' ],
51 silly audit   '@types/bootstrap': [ '5.2.6' ]
51 silly audit }
52 verbose reify failed optional dependency /var/www/.cache/typescript/5.0/node_modules/fsevents
53 silly reify mark deleted [ '/var/www/.cache/typescript/5.0/node_modules/fsevents' ]
54 timing reifyNode:node_modules/fsevents Completed in 4ms
55 timing reify:unpack Completed in 4ms
56 timing reify:unretire Completed in 0ms
57 timing build:queue Completed in 1ms
58 timing build:deps Completed in 2ms
59 timing build Completed in 2ms
60 timing reify:build Completed in 3ms
61 timing reify:trash Completed in 2ms
62 timing reify:save Completed in 17ms
63 http fetch POST 200 https://registry.npmjs.org/-/npm/v1/security/advisories/bulk 437ms
64 timing auditReport:getReport Completed in 443ms
65 silly audit report {}
66 timing auditReport:init Completed in 0ms
67 timing reify:audit Completed in 443ms
68 timing reify Completed in 767ms
69 silly ADD
70 timing command:install Completed in 773ms
71 verbose exit 0
72 timing npm Completed in 993ms
73 info ok
