0 verbose cli /usr/bin/node /usr/bin/npm
1 info using npm@9.7.2
2 info using node@v18.16.1
3 timing npm:load:whichnode Completed in 2ms
4 timing config:load:defaults Completed in 2ms
5 timing config:load:file:/usr/lib/node_modules/npm/npmrc Completed in 2ms
6 timing config:load:builtin Completed in 4ms
7 timing config:load:cli Completed in 3ms
8 timing config:load:env Completed in 0ms
9 timing config:load:file:/var/www/html/webAppDev/Assignment1/.npmrc Completed in 0ms
10 timing config:load:project Completed in 5ms
11 timing config:load:file:/var/www/.npmrc Completed in 1ms
12 timing config:load:user Completed in 1ms
13 timing config:load:file:/usr/etc/npmrc Completed in 0ms
14 timing config:load:global Completed in 0ms
15 timing config:load:setEnvs Completed in 1ms
16 timing config:load Completed in 16ms
17 timing npm:load:configload Completed in 16ms
18 timing config:load:flatten Completed in 3ms
19 timing npm:load:mkdirpcache Completed in 1ms
20 timing npm:load:mkdirplogs Completed in 1ms
21 verbose title npm install
22 verbose argv "install"
23 timing npm:load:setTitle Completed in 0ms
24 timing npm:load:display Completed in 1ms
25 verbose logfile logs-max:10 dir:/var/www/.npm/_logs/2023-09-08T05_33_10_080Z-
26 verbose logfile /var/www/.npm/_logs/2023-09-08T05_33_10_080Z-debug-0.log
27 timing npm:load:logFile Completed in 17ms
28 timing npm:load:timers Completed in 0ms
29 timing npm:load:configScope Completed in 0ms
30 timing npm:load Completed in 58ms
31 timing arborist:ctor Completed in 1ms
32 silly logfile done cleaning log files
33 timing arborist:ctor Completed in 0ms
34 timing idealTree:init Completed in 25ms
35 timing idealTree:userRequests Completed in 0ms
36 silly idealTree buildDeps
37 silly fetch manifest axios@^1.1.2
38 http fetch GET 200 https://registry.npmjs.org/axios 259ms (cache miss)
39 silly fetch manifest laravel-vite-plugin@^0.7.5
40 http fetch GET 200 https://registry.npmjs.org/laravel-vite-plugin 471ms (cache miss)
41 silly fetch manifest vite@^4.0.0
42 http fetch GET 200 https://registry.npmjs.org/vite 486ms (cache miss)
43 silly fetch manifest @types/node@>= 14
44 http fetch GET 200 https://registry.npmjs.org/@types%2fnode 240ms (cache updated)
45 silly fetch manifest less@*
46 http fetch GET 200 https://registry.npmjs.org/less 293ms (cache miss)
47 silly fetch manifest lightningcss@^1.21.0
48 http fetch GET 200 https://registry.npmjs.org/lightningcss 46ms (cache miss)
49 silly fetch manifest sass@*
50 http fetch GET 200 https://registry.npmjs.org/sass 77ms (cache updated)
51 silly fetch manifest stylus@*
52 http fetch GET 200 https://registry.npmjs.org/stylus 112ms (cache miss)
53 silly fetch manifest sugarss@*
54 http fetch GET 200 https://registry.npmjs.org/sugarss 43ms (cache miss)
55 silly fetch manifest postcss@^8.3.3
56 http fetch GET 200 https://registry.npmjs.org/postcss 58ms (cache miss)
57 silly fetch manifest terser@^5.4.0
58 http fetch GET 200 https://registry.npmjs.org/terser 54ms (cache miss)
59 silly placeDep ROOT axios@1.5.0 OK for:  want: ^1.1.2
60 silly fetch manifest follow-redirects@^1.15.0
61 silly fetch manifest form-data@^4.0.0
62 silly fetch manifest proxy-from-env@^1.1.0
63 silly placeDep ROOT laravel-vite-plugin@0.7.8 OK for:  want: ^0.7.5
64 silly placeDep ROOT vite@4.4.9 OK for: laravel-vite-plugin@0.7.8 want: ^3.0.0 || ^4.0.0
65 silly fetch manifest picocolors@^1.0.0
66 silly fetch manifest vite-plugin-full-reload@^1.0.5
67 silly fetch manifest esbuild@^0.18.10
68 silly fetch manifest postcss@^8.4.27
69 silly fetch manifest rollup@^3.27.1
70 silly fetch manifest fsevents@~2.3.2
71 http fetch GET 200 https://registry.npmjs.org/follow-redirects 59ms (cache miss)
72 http fetch GET 200 https://registry.npmjs.org/picocolors 86ms (cache miss)
73 http fetch GET 200 https://registry.npmjs.org/fsevents 104ms (cache updated)
74 http fetch GET 200 https://registry.npmjs.org/form-data 117ms (cache miss)
75 http fetch GET 200 https://registry.npmjs.org/proxy-from-env 128ms (cache miss)
76 http fetch GET 200 https://registry.npmjs.org/esbuild 239ms (cache miss)
77 http fetch GET 200 https://registry.npmjs.org/rollup 364ms (cache miss)
78 http fetch GET 200 https://registry.npmjs.org/vite-plugin-full-reload 991ms (cache miss)
79 timing idealTree:#root Completed in 3215ms
80 silly placeDep ROOT follow-redirects@1.15.2 OK for: axios@1.5.0 want: ^1.15.0
81 silly placeDep ROOT form-data@4.0.0 OK for: axios@1.5.0 want: ^4.0.0
82 silly fetch manifest asynckit@^0.4.0
83 silly fetch manifest combined-stream@^1.0.8
84 silly fetch manifest mime-types@^2.1.12
85 silly placeDep ROOT proxy-from-env@1.1.0 OK for: axios@1.5.0 want: ^1.1.0
86 http fetch GET 200 https://registry.npmjs.org/asynckit 58ms (cache miss)
87 http fetch GET 200 https://registry.npmjs.org/mime-types 58ms (cache miss)
88 http fetch GET 200 https://registry.npmjs.org/combined-stream 62ms (cache miss)
89 timing idealTree:node_modules/axios Completed in 70ms
90 timing idealTree:node_modules/follow-redirects Completed in 0ms
91 silly placeDep ROOT asynckit@0.4.0 OK for: form-data@4.0.0 want: ^0.4.0
92 silly placeDep ROOT combined-stream@1.0.8 OK for: form-data@4.0.0 want: ^1.0.8
93 silly fetch manifest delayed-stream@~1.0.0
94 silly placeDep ROOT mime-types@2.1.35 OK for: form-data@4.0.0 want: ^2.1.12
95 silly fetch manifest mime-db@1.52.0
96 http fetch GET 200 https://registry.npmjs.org/delayed-stream 58ms (cache miss)
97 http fetch GET 200 https://registry.npmjs.org/mime-db 63ms (cache miss)
98 timing idealTree:node_modules/form-data Completed in 74ms
99 timing idealTree:node_modules/asynckit Completed in 0ms
100 silly placeDep ROOT delayed-stream@1.0.0 OK for: combined-stream@1.0.8 want: ~1.0.0
101 timing idealTree:node_modules/combined-stream Completed in 2ms
102 timing idealTree:node_modules/delayed-stream Completed in 0ms
103 silly fetch manifest vite@^3.0.0 || ^4.0.0
104 silly placeDep ROOT picocolors@1.0.0 OK for: laravel-vite-plugin@0.7.8 want: ^1.0.0
105 silly placeDep ROOT vite-plugin-full-reload@1.0.5 OK for: laravel-vite-plugin@0.7.8 want: ^1.0.5
106 silly fetch manifest picomatch@^2.3.1
107 http fetch GET 200 https://registry.npmjs.org/picomatch 81ms (cache revalidated)
108 timing idealTree:node_modules/laravel-vite-plugin Completed in 91ms
109 silly placeDep ROOT mime-db@1.52.0 OK for: mime-types@2.1.35 want: 1.52.0
110 timing idealTree:node_modules/mime-types Completed in 1ms
111 timing idealTree:node_modules/mime-db Completed in 0ms
112 timing idealTree:node_modules/picocolors Completed in 0ms
113 timing idealTree:node_modules/proxy-from-env Completed in 0ms
114 silly placeDep ROOT esbuild@0.18.20 OK for: vite@4.4.9 want: ^0.18.10
115 silly fetch manifest @esbuild/android-arm@0.18.20
116 silly fetch manifest @esbuild/android-arm64@0.18.20
117 silly fetch manifest @esbuild/android-x64@0.18.20
118 silly fetch manifest @esbuild/darwin-arm64@0.18.20
119 silly fetch manifest @esbuild/darwin-x64@0.18.20
120 silly fetch manifest @esbuild/freebsd-arm64@0.18.20
121 silly fetch manifest @esbuild/freebsd-x64@0.18.20
122 silly fetch manifest @esbuild/linux-arm@0.18.20
123 silly fetch manifest @esbuild/linux-arm64@0.18.20
124 silly fetch manifest @esbuild/linux-ia32@0.18.20
125 silly fetch manifest @esbuild/linux-loong64@0.18.20
126 silly fetch manifest @esbuild/linux-mips64el@0.18.20
127 silly fetch manifest @esbuild/linux-ppc64@0.18.20
128 silly fetch manifest @esbuild/linux-riscv64@0.18.20
129 silly fetch manifest @esbuild/linux-s390x@0.18.20
130 silly fetch manifest @esbuild/linux-x64@0.18.20
131 silly fetch manifest @esbuild/netbsd-x64@0.18.20
132 silly fetch manifest @esbuild/openbsd-x64@0.18.20
133 silly fetch manifest @esbuild/sunos-x64@0.18.20
134 silly fetch manifest @esbuild/win32-arm64@0.18.20
135 silly fetch manifest @esbuild/win32-ia32@0.18.20
136 silly fetch manifest @esbuild/win32-x64@0.18.20
137 silly placeDep ROOT fsevents@2.3.3 OK for: vite@4.4.9 want: ~2.3.2
138 silly placeDep ROOT postcss@8.4.29 OK for: vite@4.4.9 want: ^8.4.27
139 silly fetch manifest nanoid@^3.3.6
140 silly fetch manifest source-map-js@^1.0.2
141 silly placeDep ROOT rollup@3.29.0 OK for: vite@4.4.9 want: ^3.27.1
142 http fetch GET 200 https://registry.npmjs.org/@esbuild%2fandroid-x64 101ms (cache miss)
143 http fetch GET 200 https://registry.npmjs.org/@esbuild%2fandroid-arm64 113ms (cache miss)
144 http fetch GET 200 https://registry.npmjs.org/@esbuild%2fandroid-arm 114ms (cache miss)
145 http fetch GET 200 https://registry.npmjs.org/@esbuild%2fdarwin-x64 115ms (cache miss)
146 http fetch GET 200 https://registry.npmjs.org/@esbuild%2ffreebsd-arm64 171ms (cache miss)
147 http fetch GET 200 https://registry.npmjs.org/@esbuild%2fdarwin-arm64 180ms (cache miss)
148 http fetch GET 200 https://registry.npmjs.org/@esbuild%2fsunos-x64 179ms (cache miss)
149 http fetch GET 200 https://registry.npmjs.org/nanoid 175ms (cache miss)
150 http fetch GET 200 https://registry.npmjs.org/@esbuild%2fnetbsd-x64 192ms (cache miss)
151 http fetch GET 200 https://registry.npmjs.org/@esbuild%2fwin32-x64 189ms (cache miss)
152 http fetch GET 200 https://registry.npmjs.org/@esbuild%2fwin32-arm64 192ms (cache miss)
153 http fetch GET 200 https://registry.npmjs.org/@esbuild%2flinux-ia32 211ms (cache miss)
154 http fetch GET 200 https://registry.npmjs.org/@esbuild%2flinux-x64 211ms (cache miss)
155 http fetch GET 200 https://registry.npmjs.org/@esbuild%2flinux-riscv64 213ms (cache miss)
156 http fetch GET 200 https://registry.npmjs.org/@esbuild%2flinux-arm64 219ms (cache miss)
157 http fetch GET 200 https://registry.npmjs.org/@esbuild%2flinux-arm 220ms (cache miss)
158 http fetch GET 200 https://registry.npmjs.org/@esbuild%2flinux-ppc64 217ms (cache miss)
159 http fetch GET 200 https://registry.npmjs.org/@esbuild%2flinux-loong64 220ms (cache miss)
160 http fetch GET 200 https://registry.npmjs.org/@esbuild%2fopenbsd-x64 216ms (cache miss)
161 http fetch GET 200 https://registry.npmjs.org/@esbuild%2fwin32-ia32 217ms (cache miss)
162 http fetch GET 200 https://registry.npmjs.org/@esbuild%2flinux-mips64el 524ms (cache miss)
163 http fetch GET 200 https://registry.npmjs.org/@esbuild%2ffreebsd-x64 533ms (cache miss)
164 http fetch GET 200 https://registry.npmjs.org/@esbuild%2flinux-s390x 592ms (cache miss)
165 http fetch GET 200 https://registry.npmjs.org/source-map-js 998ms (cache revalidated)
166 timing idealTree:node_modules/vite Completed in 1025ms
167 silly placeDep ROOT @esbuild/android-arm@0.18.20 OK for: esbuild@0.18.20 want: 0.18.20
168 silly placeDep ROOT @esbuild/android-arm64@0.18.20 OK for: esbuild@0.18.20 want: 0.18.20
169 silly placeDep ROOT @esbuild/android-x64@0.18.20 OK for: esbuild@0.18.20 want: 0.18.20
170 silly placeDep ROOT @esbuild/darwin-arm64@0.18.20 OK for: esbuild@0.18.20 want: 0.18.20
171 silly placeDep ROOT @esbuild/darwin-x64@0.18.20 OK for: esbuild@0.18.20 want: 0.18.20
172 silly placeDep ROOT @esbuild/freebsd-arm64@0.18.20 OK for: esbuild@0.18.20 want: 0.18.20
173 silly placeDep ROOT @esbuild/freebsd-x64@0.18.20 OK for: esbuild@0.18.20 want: 0.18.20
174 silly placeDep ROOT @esbuild/linux-arm@0.18.20 OK for: esbuild@0.18.20 want: 0.18.20
175 silly placeDep ROOT @esbuild/linux-arm64@0.18.20 OK for: esbuild@0.18.20 want: 0.18.20
176 silly placeDep ROOT @esbuild/linux-ia32@0.18.20 OK for: esbuild@0.18.20 want: 0.18.20
177 silly placeDep ROOT @esbuild/linux-loong64@0.18.20 OK for: esbuild@0.18.20 want: 0.18.20
178 silly placeDep ROOT @esbuild/linux-mips64el@0.18.20 OK for: esbuild@0.18.20 want: 0.18.20
179 silly placeDep ROOT @esbuild/linux-ppc64@0.18.20 OK for: esbuild@0.18.20 want: 0.18.20
180 silly placeDep ROOT @esbuild/linux-riscv64@0.18.20 OK for: esbuild@0.18.20 want: 0.18.20
181 silly placeDep ROOT @esbuild/linux-s390x@0.18.20 OK for: esbuild@0.18.20 want: 0.18.20
182 silly placeDep ROOT @esbuild/linux-x64@0.18.20 OK for: esbuild@0.18.20 want: 0.18.20
183 silly placeDep ROOT @esbuild/netbsd-x64@0.18.20 OK for: esbuild@0.18.20 want: 0.18.20
184 silly placeDep ROOT @esbuild/openbsd-x64@0.18.20 OK for: esbuild@0.18.20 want: 0.18.20
185 silly placeDep ROOT @esbuild/sunos-x64@0.18.20 OK for: esbuild@0.18.20 want: 0.18.20
186 silly placeDep ROOT @esbuild/win32-arm64@0.18.20 OK for: esbuild@0.18.20 want: 0.18.20
187 silly placeDep ROOT @esbuild/win32-ia32@0.18.20 OK for: esbuild@0.18.20 want: 0.18.20
188 silly placeDep ROOT @esbuild/win32-x64@0.18.20 OK for: esbuild@0.18.20 want: 0.18.20
189 timing idealTree:node_modules/esbuild Completed in 25ms
190 timing idealTree:node_modules/@esbuild/android-arm Completed in 0ms
191 timing idealTree:node_modules/@esbuild/android-arm64 Completed in 0ms
192 timing idealTree:node_modules/@esbuild/android-x64 Completed in 0ms
193 timing idealTree:node_modules/@esbuild/darwin-arm64 Completed in 0ms
194 timing idealTree:node_modules/@esbuild/darwin-x64 Completed in 0ms
195 timing idealTree:node_modules/@esbuild/freebsd-arm64 Completed in 0ms
196 timing idealTree:node_modules/@esbuild/freebsd-x64 Completed in 0ms
197 timing idealTree:node_modules/@esbuild/linux-arm Completed in 0ms
198 timing idealTree:node_modules/@esbuild/linux-arm64 Completed in 0ms
199 timing idealTree:node_modules/@esbuild/linux-ia32 Completed in 0ms
200 timing idealTree:node_modules/@esbuild/linux-loong64 Completed in 0ms
201 timing idealTree:node_modules/@esbuild/linux-mips64el Completed in 0ms
202 timing idealTree:node_modules/@esbuild/linux-ppc64 Completed in 0ms
203 timing idealTree:node_modules/@esbuild/linux-riscv64 Completed in 0ms
204 timing idealTree:node_modules/@esbuild/linux-s390x Completed in 0ms
205 timing idealTree:node_modules/@esbuild/linux-x64 Completed in 0ms
206 timing idealTree:node_modules/@esbuild/netbsd-x64 Completed in 0ms
207 timing idealTree:node_modules/@esbuild/openbsd-x64 Completed in 0ms
208 timing idealTree:node_modules/@esbuild/sunos-x64 Completed in 0ms
209 timing idealTree:node_modules/@esbuild/win32-arm64 Completed in 0ms
210 timing idealTree:node_modules/@esbuild/win32-ia32 Completed in 0ms
211 timing idealTree:node_modules/@esbuild/win32-x64 Completed in 0ms
212 timing idealTree:node_modules/fsevents Completed in 0ms
213 silly placeDep ROOT nanoid@3.3.6 OK for: postcss@8.4.29 want: ^3.3.6
214 silly placeDep ROOT source-map-js@1.0.2 OK for: postcss@8.4.29 want: ^1.0.2
215 timing idealTree:node_modules/postcss Completed in 2ms
216 timing idealTree:node_modules/nanoid Completed in 0ms
217 timing idealTree:node_modules/rollup Completed in 0ms
218 timing idealTree:node_modules/source-map-js Completed in 0ms
219 silly placeDep ROOT picomatch@2.3.1 OK for: vite-plugin-full-reload@1.0.5 want: ^2.3.1
220 timing idealTree:node_modules/vite-plugin-full-reload Completed in 1ms
221 timing idealTree:node_modules/picomatch Completed in 0ms
222 timing idealTree:buildDeps Completed in 4518ms
223 timing idealTree:fixDepFlags Completed in 1ms
224 timing idealTree Completed in 4546ms
225 timing reify:loadTrees Completed in 4547ms
226 timing reify:diffTrees Completed in 2ms
227 silly reify moves {}
228 timing reify:retireShallow Completed in 1ms
229 timing reify:createSparse Completed in 44ms
230 timing reify:loadBundles Completed in 0ms
231 silly audit bulk request {
231 silly audit   axios: [ '1.5.0' ],
231 silly audit   'laravel-vite-plugin': [ '0.7.8' ],
231 silly audit   vite: [ '4.4.9' ],
231 silly audit   'follow-redirects': [ '1.15.2' ],
231 silly audit   'form-data': [ '4.0.0' ],
231 silly audit   'proxy-from-env': [ '1.1.0' ],
231 silly audit   asynckit: [ '0.4.0' ],
231 silly audit   'combined-stream': [ '1.0.8' ],
231 silly audit   'mime-types': [ '2.1.35' ],
231 silly audit   'delayed-stream': [ '1.0.0' ],
231 silly audit   picocolors: [ '1.0.0' ],
231 silly audit   'vite-plugin-full-reload': [ '1.0.5' ],
231 silly audit   'mime-db': [ '1.52.0' ],
231 silly audit   esbuild: [ '0.18.20' ],
231 silly audit   fsevents: [ '2.3.3' ],
231 silly audit   postcss: [ '8.4.29' ],
231 silly audit   rollup: [ '3.29.0' ],
231 silly audit   '@esbuild/android-arm': [ '0.18.20' ],
231 silly audit   '@esbuild/android-arm64': [ '0.18.20' ],
231 silly audit   '@esbuild/android-x64': [ '0.18.20' ],
231 silly audit   '@esbuild/darwin-arm64': [ '0.18.20' ],
231 silly audit   '@esbuild/darwin-x64': [ '0.18.20' ],
231 silly audit   '@esbuild/freebsd-arm64': [ '0.18.20' ],
231 silly audit   '@esbuild/freebsd-x64': [ '0.18.20' ],
231 silly audit   '@esbuild/linux-arm': [ '0.18.20' ],
231 silly audit   '@esbuild/linux-arm64': [ '0.18.20' ],
231 silly audit   '@esbuild/linux-ia32': [ '0.18.20' ],
231 silly audit   '@esbuild/linux-loong64': [ '0.18.20' ],
231 silly audit   '@esbuild/linux-mips64el': [ '0.18.20' ],
231 silly audit   '@esbuild/linux-ppc64': [ '0.18.20' ],
231 silly audit   '@esbuild/linux-riscv64': [ '0.18.20' ],
231 silly audit   '@esbuild/linux-s390x': [ '0.18.20' ],
231 silly audit   '@esbuild/linux-x64': [ '0.18.20' ],
231 silly audit   '@esbuild/netbsd-x64': [ '0.18.20' ],
231 silly audit   '@esbuild/openbsd-x64': [ '0.18.20' ],
231 silly audit   '@esbuild/sunos-x64': [ '0.18.20' ],
231 silly audit   '@esbuild/win32-arm64': [ '0.18.20' ],
231 silly audit   '@esbuild/win32-ia32': [ '0.18.20' ],
231 silly audit   '@esbuild/win32-x64': [ '0.18.20' ],
231 silly audit   nanoid: [ '3.3.6' ],
231 silly audit   'source-map-js': [ '1.0.2' ],
231 silly audit   picomatch: [ '2.3.1' ]
231 silly audit }
232 verbose reify failed optional dependency /var/www/html/webAppDev/Assignment1/node_modules/@esbuild/win32-x64
233 silly reify mark deleted [
233 silly reify   '/var/www/html/webAppDev/Assignment1/node_modules/@esbuild/win32-x64'
233 silly reify ]
234 verbose reify failed optional dependency /var/www/html/webAppDev/Assignment1/node_modules/@esbuild/win32-ia32
235 silly reify mark deleted [
235 silly reify   '/var/www/html/webAppDev/Assignment1/node_modules/@esbuild/win32-ia32'
235 silly reify ]
236 verbose reify failed optional dependency /var/www/html/webAppDev/Assignment1/node_modules/@esbuild/win32-arm64
237 silly reify mark deleted [
237 silly reify   '/var/www/html/webAppDev/Assignment1/node_modules/@esbuild/win32-arm64'
237 silly reify ]
238 verbose reify failed optional dependency /var/www/html/webAppDev/Assignment1/node_modules/@esbuild/sunos-x64
239 silly reify mark deleted [
239 silly reify   '/var/www/html/webAppDev/Assignment1/node_modules/@esbuild/sunos-x64'
239 silly reify ]
240 verbose reify failed optional dependency /var/www/html/webAppDev/Assignment1/node_modules/@esbuild/openbsd-x64
241 silly reify mark deleted [
241 silly reify   '/var/www/html/webAppDev/Assignment1/node_modules/@esbuild/openbsd-x64'
241 silly reify ]
242 verbose reify failed optional dependency /var/www/html/webAppDev/Assignment1/node_modules/@esbuild/netbsd-x64
243 silly reify mark deleted [
243 silly reify   '/var/www/html/webAppDev/Assignment1/node_modules/@esbuild/netbsd-x64'
243 silly reify ]
244 verbose reify failed optional dependency /var/www/html/webAppDev/Assignment1/node_modules/@esbuild/linux-s390x
245 silly reify mark deleted [
245 silly reify   '/var/www/html/webAppDev/Assignment1/node_modules/@esbuild/linux-s390x'
245 silly reify ]
246 verbose reify failed optional dependency /var/www/html/webAppDev/Assignment1/node_modules/@esbuild/linux-riscv64
247 silly reify mark deleted [
247 silly reify   '/var/www/html/webAppDev/Assignment1/node_modules/@esbuild/linux-riscv64'
247 silly reify ]
248 verbose reify failed optional dependency /var/www/html/webAppDev/Assignment1/node_modules/@esbuild/linux-ppc64
249 silly reify mark deleted [
249 silly reify   '/var/www/html/webAppDev/Assignment1/node_modules/@esbuild/linux-ppc64'
249 silly reify ]
250 verbose reify failed optional dependency /var/www/html/webAppDev/Assignment1/node_modules/@esbuild/linux-mips64el
251 silly reify mark deleted [
251 silly reify   '/var/www/html/webAppDev/Assignment1/node_modules/@esbuild/linux-mips64el'
251 silly reify ]
252 verbose reify failed optional dependency /var/www/html/webAppDev/Assignment1/node_modules/@esbuild/linux-loong64
253 silly reify mark deleted [
253 silly reify   '/var/www/html/webAppDev/Assignment1/node_modules/@esbuild/linux-loong64'
253 silly reify ]
254 verbose reify failed optional dependency /var/www/html/webAppDev/Assignment1/node_modules/@esbuild/linux-ia32
255 silly reify mark deleted [
255 silly reify   '/var/www/html/webAppDev/Assignment1/node_modules/@esbuild/linux-ia32'
255 silly reify ]
256 verbose reify failed optional dependency /var/www/html/webAppDev/Assignment1/node_modules/@esbuild/linux-arm64
257 silly reify mark deleted [
257 silly reify   '/var/www/html/webAppDev/Assignment1/node_modules/@esbuild/linux-arm64'
257 silly reify ]
258 verbose reify failed optional dependency /var/www/html/webAppDev/Assignment1/node_modules/@esbuild/linux-arm
259 silly reify mark deleted [
259 silly reify   '/var/www/html/webAppDev/Assignment1/node_modules/@esbuild/linux-arm'
259 silly reify ]
260 verbose reify failed optional dependency /var/www/html/webAppDev/Assignment1/node_modules/@esbuild/freebsd-x64
261 silly reify mark deleted [
261 silly reify   '/var/www/html/webAppDev/Assignment1/node_modules/@esbuild/freebsd-x64'
261 silly reify ]
262 verbose reify failed optional dependency /var/www/html/webAppDev/Assignment1/node_modules/@esbuild/freebsd-arm64
263 silly reify mark deleted [
263 silly reify   '/var/www/html/webAppDev/Assignment1/node_modules/@esbuild/freebsd-arm64'
263 silly reify ]
264 verbose reify failed optional dependency /var/www/html/webAppDev/Assignment1/node_modules/@esbuild/darwin-x64
265 silly reify mark deleted [
265 silly reify   '/var/www/html/webAppDev/Assignment1/node_modules/@esbuild/darwin-x64'
265 silly reify ]
266 verbose reify failed optional dependency /var/www/html/webAppDev/Assignment1/node_modules/@esbuild/darwin-arm64
267 silly reify mark deleted [
267 silly reify   '/var/www/html/webAppDev/Assignment1/node_modules/@esbuild/darwin-arm64'
267 silly reify ]
268 verbose reify failed optional dependency /var/www/html/webAppDev/Assignment1/node_modules/@esbuild/android-x64
269 silly reify mark deleted [
269 silly reify   '/var/www/html/webAppDev/Assignment1/node_modules/@esbuild/android-x64'
269 silly reify ]
270 verbose reify failed optional dependency /var/www/html/webAppDev/Assignment1/node_modules/@esbuild/android-arm64
271 silly reify mark deleted [
271 silly reify   '/var/www/html/webAppDev/Assignment1/node_modules/@esbuild/android-arm64'
271 silly reify ]
272 verbose reify failed optional dependency /var/www/html/webAppDev/Assignment1/node_modules/@esbuild/android-arm
273 silly reify mark deleted [
273 silly reify   '/var/www/html/webAppDev/Assignment1/node_modules/@esbuild/android-arm'
273 silly reify ]
274 verbose reify failed optional dependency /var/www/html/webAppDev/Assignment1/node_modules/fsevents
275 silly reify mark deleted [ '/var/www/html/webAppDev/Assignment1/node_modules/fsevents' ]
276 timing reifyNode:node_modules/@esbuild/win32-x64 Completed in 25ms
277 timing reifyNode:node_modules/@esbuild/win32-ia32 Completed in 25ms
278 timing reifyNode:node_modules/@esbuild/win32-arm64 Completed in 25ms
279 timing reifyNode:node_modules/@esbuild/sunos-x64 Completed in 26ms
280 timing reifyNode:node_modules/@esbuild/openbsd-x64 Completed in 26ms
281 timing reifyNode:node_modules/@esbuild/netbsd-x64 Completed in 26ms
282 timing reifyNode:node_modules/@esbuild/linux-s390x Completed in 26ms
283 timing reifyNode:node_modules/@esbuild/linux-riscv64 Completed in 26ms
284 timing reifyNode:node_modules/@esbuild/linux-ppc64 Completed in 26ms
285 timing reifyNode:node_modules/@esbuild/linux-mips64el Completed in 26ms
286 timing reifyNode:node_modules/@esbuild/linux-loong64 Completed in 26ms
287 timing reifyNode:node_modules/@esbuild/linux-ia32 Completed in 26ms
288 timing reifyNode:node_modules/@esbuild/linux-arm64 Completed in 26ms
289 timing reifyNode:node_modules/@esbuild/linux-arm Completed in 26ms
290 timing reifyNode:node_modules/@esbuild/freebsd-x64 Completed in 26ms
291 timing reifyNode:node_modules/@esbuild/freebsd-arm64 Completed in 26ms
292 timing reifyNode:node_modules/@esbuild/darwin-x64 Completed in 26ms
293 timing reifyNode:node_modules/@esbuild/darwin-arm64 Completed in 26ms
294 timing reifyNode:node_modules/@esbuild/android-x64 Completed in 26ms
295 timing reifyNode:node_modules/@esbuild/android-arm64 Completed in 26ms
296 timing reifyNode:node_modules/@esbuild/android-arm Completed in 26ms
297 timing reifyNode:node_modules/fsevents Completed in 26ms
298 silly tarball no local data for nanoid@https://registry.npmjs.org/nanoid/-/nanoid-3.3.6.tgz. Extracting by manifest.
299 silly tarball no local data for rollup@https://registry.npmjs.org/rollup/-/rollup-3.29.0.tgz. Extracting by manifest.
300 silly tarball no local data for vite-plugin-full-reload@https://registry.npmjs.org/vite-plugin-full-reload/-/vite-plugin-full-reload-1.0.5.tgz. Extracting by manifest.
301 silly tarball no local data for picocolors@https://registry.npmjs.org/picocolors/-/picocolors-1.0.0.tgz. Extracting by manifest.
302 silly tarball no local data for mime-types@https://registry.npmjs.org/mime-types/-/mime-types-2.1.35.tgz. Extracting by manifest.
303 silly tarball no local data for delayed-stream@https://registry.npmjs.org/delayed-stream/-/delayed-stream-1.0.0.tgz. Extracting by manifest.
304 silly tarball no local data for postcss@https://registry.npmjs.org/postcss/-/postcss-8.4.29.tgz. Extracting by manifest.
305 silly tarball no local data for combined-stream@https://registry.npmjs.org/combined-stream/-/combined-stream-1.0.8.tgz. Extracting by manifest.
306 silly tarball no local data for asynckit@https://registry.npmjs.org/asynckit/-/asynckit-0.4.0.tgz. Extracting by manifest.
307 silly tarball no local data for proxy-from-env@https://registry.npmjs.org/proxy-from-env/-/proxy-from-env-1.1.0.tgz. Extracting by manifest.
308 silly tarball no local data for follow-redirects@https://registry.npmjs.org/follow-redirects/-/follow-redirects-1.15.2.tgz. Extracting by manifest.
309 silly tarball no local data for @esbuild/linux-x64@https://registry.npmjs.org/@esbuild/linux-x64/-/linux-x64-0.18.20.tgz. Extracting by manifest.
310 silly tarball no local data for vite@https://registry.npmjs.org/vite/-/vite-4.4.9.tgz. Extracting by manifest.
311 silly tarball no local data for form-data@https://registry.npmjs.org/form-data/-/form-data-4.0.0.tgz. Extracting by manifest.
312 silly tarball no local data for axios@https://registry.npmjs.org/axios/-/axios-1.5.0.tgz. Extracting by manifest.
313 silly tarball no local data for esbuild@https://registry.npmjs.org/esbuild/-/esbuild-0.18.20.tgz. Extracting by manifest.
314 silly tarball no local data for laravel-vite-plugin@https://registry.npmjs.org/laravel-vite-plugin/-/laravel-vite-plugin-0.7.8.tgz. Extracting by manifest.
315 silly tarball no local data for mime-db@https://registry.npmjs.org/mime-db/-/mime-db-1.52.0.tgz. Extracting by manifest.
316 http fetch POST 200 https://registry.npmjs.org/-/npm/v1/security/advisories/bulk 210ms
317 timing auditReport:getReport Completed in 214ms
318 silly audit report {}
319 timing auditReport:init Completed in 0ms
320 timing reify:audit Completed in 214ms
321 http fetch GET 200 https://registry.npmjs.org/mime-types/-/mime-types-2.1.35.tgz 162ms (cache miss)
322 timing reifyNode:node_modules/mime-types Completed in 207ms
323 http fetch GET 200 https://registry.npmjs.org/delayed-stream/-/delayed-stream-1.0.0.tgz 163ms (cache miss)
324 timing reifyNode:node_modules/delayed-stream Completed in 209ms
325 http fetch GET 200 https://registry.npmjs.org/proxy-from-env/-/proxy-from-env-1.1.0.tgz 164ms (cache miss)
326 timing reifyNode:node_modules/proxy-from-env Completed in 214ms
327 http fetch GET 200 https://registry.npmjs.org/nanoid/-/nanoid-3.3.6.tgz 174ms (cache miss)
328 http fetch GET 200 https://registry.npmjs.org/picocolors/-/picocolors-1.0.0.tgz 172ms (cache miss)
329 timing reifyNode:node_modules/picocolors Completed in 216ms
330 http fetch GET 200 https://registry.npmjs.org/combined-stream/-/combined-stream-1.0.8.tgz 169ms (cache miss)
331 timing reifyNode:node_modules/combined-stream Completed in 216ms
332 http fetch GET 200 https://registry.npmjs.org/form-data/-/form-data-4.0.0.tgz 169ms (cache miss)
333 timing reifyNode:node_modules/form-data Completed in 221ms
334 http fetch GET 200 https://registry.npmjs.org/vite-plugin-full-reload/-/vite-plugin-full-reload-1.0.5.tgz 180ms (cache miss)
335 timing reifyNode:node_modules/vite-plugin-full-reload Completed in 223ms
336 http fetch GET 200 https://registry.npmjs.org/follow-redirects/-/follow-redirects-1.15.2.tgz 178ms (cache miss)
337 timing reifyNode:node_modules/follow-redirects Completed in 228ms
338 http fetch GET 200 https://registry.npmjs.org/laravel-vite-plugin/-/laravel-vite-plugin-0.7.8.tgz 167ms (cache miss)
339 timing reifyNode:node_modules/laravel-vite-plugin Completed in 228ms
340 timing reifyNode:node_modules/picomatch Completed in 233ms
341 http fetch GET 200 https://registry.npmjs.org/mime-db/-/mime-db-1.52.0.tgz 159ms (cache miss)
342 http fetch GET 200 https://registry.npmjs.org/esbuild/-/esbuild-0.18.20.tgz 178ms (cache miss)
343 http fetch GET 200 https://registry.npmjs.org/asynckit/-/asynckit-0.4.0.tgz 186ms (cache miss)
344 timing reifyNode:node_modules/esbuild Completed in 236ms
345 timing reifyNode:node_modules/mime-db Completed in 236ms
346 timing reifyNode:node_modules/asynckit Completed in 238ms
347 timing reifyNode:node_modules/nanoid Completed in 254ms
348 timing reifyNode:node_modules/source-map-js Completed in 255ms
349 http fetch GET 200 https://registry.npmjs.org/postcss/-/postcss-8.4.29.tgz 282ms (cache miss)
350 timing reifyNode:node_modules/postcss Completed in 329ms
351 http fetch GET 200 https://registry.npmjs.org/rollup/-/rollup-3.29.0.tgz 351ms (cache miss)
352 timing reifyNode:node_modules/rollup Completed in 394ms
353 http fetch GET 200 https://registry.npmjs.org/vite/-/vite-4.4.9.tgz 390ms (cache miss)
354 timing reifyNode:node_modules/vite Completed in 441ms
355 http fetch GET 200 https://registry.npmjs.org/axios/-/axios-1.5.0.tgz 408ms (cache miss)
356 timing reifyNode:node_modules/axios Completed in 461ms
357 http fetch GET 200 https://registry.npmjs.org/@esbuild/linux-x64/-/linux-x64-0.18.20.tgz 507ms (cache miss)
358 timing reifyNode:node_modules/@esbuild/linux-x64 Completed in 559ms
359 timing reify:unpack Completed in 561ms
360 timing reify:unretire Completed in 0ms
361 timing build:queue Completed in 7ms
362 timing build:link:node_modules/nanoid Completed in 3ms
363 timing build:link:node_modules/esbuild Completed in 4ms
364 timing build:link:node_modules/vite Completed in 4ms
365 timing build:link:node_modules/rollup Completed in 4ms
366 timing build:link Completed in 5ms
367 info run esbuild@0.18.20 postinstall node_modules/esbuild node install.js
368 info run esbuild@0.18.20 postinstall { code: 0, signal: null }
369 timing build:run:postinstall:node_modules/esbuild Completed in 128ms
370 timing build:run:postinstall Completed in 128ms
371 timing build:deps Completed in 141ms
372 timing build Completed in 141ms
373 timing reify:build Completed in 142ms
374 timing reify:trash Completed in 15ms
375 timing reify:save Completed in 15ms
376 timing reify Completed in 5354ms
377 silly ADD node_modules/picomatch
378 silly ADD node_modules/source-map-js
379 silly ADD node_modules/nanoid
380 silly ADD
381 silly ADD
382 silly ADD
383 silly ADD
384 silly ADD
385 silly ADD
386 silly ADD node_modules/@esbuild/linux-x64
387 silly ADD
388 silly ADD
389 silly ADD
390 silly ADD
391 silly ADD
392 silly ADD
393 silly ADD
394 silly ADD
395 silly ADD
396 silly ADD
397 silly ADD
398 silly ADD
399 silly ADD
400 silly ADD
401 silly ADD
402 silly ADD node_modules/rollup
403 silly ADD node_modules/postcss
404 silly ADD
405 silly ADD node_modules/esbuild
406 silly ADD node_modules/mime-db
407 silly ADD node_modules/vite-plugin-full-reload
408 silly ADD node_modules/picocolors
409 silly ADD node_modules/delayed-stream
410 silly ADD node_modules/mime-types
411 silly ADD node_modules/combined-stream
412 silly ADD node_modules/asynckit
413 silly ADD node_modules/proxy-from-env
414 silly ADD node_modules/form-data
415 silly ADD node_modules/follow-redirects
416 silly ADD node_modules/vite
417 silly ADD node_modules/laravel-vite-plugin
418 silly ADD node_modules/axios
419 timing command:install Completed in 5368ms
420 verbose exit 0
421 timing npm Completed in 5609ms
422 info ok
