0 verbose cli /usr/bin/node /usr/bin/npm
1 info using npm@9.7.2
2 info using node@v18.16.1
3 timing npm:load:whichnode Completed in 1ms
4 timing config:load:defaults Completed in 2ms
5 timing config:load:file:/usr/lib/node_modules/npm/npmrc Completed in 1ms
6 timing config:load:builtin Completed in 1ms
7 timing config:load:cli Completed in 3ms
8 timing config:load:env Completed in 0ms
9 timing config:load:file:/var/www/.cache/typescript/5.0/.npmrc Completed in 0ms
10 timing config:load:project Completed in 4ms
11 timing config:load:file:/var/www/.npmrc Completed in 0ms
12 timing config:load:user Completed in 0ms
13 timing config:load:file:/usr/etc/npmrc Completed in 0ms
14 timing config:load:global Completed in 0ms
15 timing config:load:setEnvs Completed in 1ms
16 timing config:load Completed in 12ms
17 timing npm:load:configload Completed in 12ms
18 timing config:load:flatten Completed in 3ms
19 timing npm:load:mkdirpcache Completed in 0ms
20 timing npm:load:mkdirplogs Completed in 1ms
21 verbose title npm install @types/bootstrap@ts5.0 @types/jquery@ts5.0 @types/lodash@ts5.0 @types/sass-loader@ts5.0
22 verbose argv "install" "--ignore-scripts" "@types/bootstrap@ts5.0" "@types/jquery@ts5.0" "@types/lodash@ts5.0" "@types/sass-loader@ts5.0" "--save-dev" "--user-agent" "typesInstaller/5.0.4"
23 timing npm:load:setTitle Completed in 1ms
24 timing npm:load:display Completed in 0ms
25 verbose logfile logs-max:10 dir:/var/www/.npm/_logs/2023-08-07T03_04_15_188Z-
26 verbose logfile /var/www/.npm/_logs/2023-08-07T03_04_15_188Z-debug-0.log
27 timing npm:load:logFile Completed in 10ms
28 timing npm:load:timers Completed in 0ms
29 timing npm:load:configScope Completed in 0ms
30 timing npm:load Completed in 43ms
31 timing arborist:ctor Completed in 1ms
32 timing idealTree:init Completed in 15ms
33 silly logfile done cleaning log files
34 timing arborist:ctor Completed in 0ms
35 http fetch GET 200 https://registry.npmjs.org/@types%2flodash 147ms (cache miss)
36 http fetch GET 200 https://registry.npmjs.org/@types%2fsass-loader 209ms (cache miss)
37 http fetch GET 200 https://registry.npmjs.org/@types%2fbootstrap 238ms (cache miss)
38 http fetch GET 200 https://registry.npmjs.org/@types%2fjquery 1303ms (cache miss)
39 timing idealTree:userRequests Completed in 1309ms
40 silly idealTree buildDeps
41 silly fetch manifest @types/lodash@4.14.196
42 silly fetch manifest @types/sass-loader@8.0.5
43 silly fetch manifest @types/bootstrap@5.2.6
44 silly fetch manifest @types/jquery@3.5.16
45 silly placeDep ROOT @types/bootstrap@5.2.6 OK for:  want: 5.2.6
46 silly fetch manifest @popperjs/core@^2.9.2
47 silly placeDep ROOT @types/jquery@3.5.16 OK for:  want: 3.5.16
48 silly fetch manifest @types/sizzle@*
49 silly placeDep ROOT @types/lodash@4.14.196 OK for:  want: 4.14.196
50 silly placeDep ROOT @types/sass-loader@8.0.5 OK for:  want: 8.0.5
51 silly fetch manifest @types/node@*
52 silly fetch manifest @types/node-sass@*
53 silly fetch manifest @types/webpack@^4
54 silly fetch manifest sass@^1.45.0
55 http fetch GET 200 https://registry.npmjs.org/@types%2fsizzle 71ms (cache miss)
56 http fetch GET 200 https://registry.npmjs.org/@types%2fnode-sass 85ms (cache miss)
57 http fetch GET 200 https://registry.npmjs.org/@popperjs%2fcore 117ms (cache miss)
58 http fetch GET 200 https://registry.npmjs.org/@types%2fnode 116ms (cache miss)
59 http fetch GET 200 https://registry.npmjs.org/sass 127ms (cache miss)
60 http fetch GET 200 https://registry.npmjs.org/@types%2fwebpack 1724ms (cache miss)
61 timing idealTree:#root Completed in 1741ms
62 silly placeDep ROOT @popperjs/core@2.11.8 OK for: @types/bootstrap@5.2.6 want: ^2.9.2
63 timing idealTree:node_modules/@types/bootstrap Completed in 2ms
64 timing idealTree:node_modules/@popperjs/core Completed in 0ms
65 silly placeDep ROOT @types/sizzle@2.3.3 OK for: @types/jquery@3.5.16 want: *
66 timing idealTree:node_modules/@types/jquery Completed in 2ms
67 timing idealTree:node_modules/@types/lodash Completed in 0ms
68 silly placeDep ROOT @types/node@20.4.8 OK for: @types/sass-loader@8.0.5 want: *
69 silly placeDep ROOT @types/node-sass@4.11.3 OK for: @types/sass-loader@8.0.5 want: *
70 silly placeDep ROOT @types/webpack@4.41.33 OK for: @types/sass-loader@8.0.5 want: ^4
71 silly fetch manifest @types/tapable@^1
72 silly fetch manifest @types/uglify-js@*
73 silly fetch manifest @types/webpack-sources@*
74 silly fetch manifest anymatch@^3.0.0
75 silly fetch manifest source-map@^0.6.0
76 silly placeDep ROOT sass@1.64.2 OK for: @types/sass-loader@8.0.5 want: ^1.45.0
77 silly fetch manifest chokidar@>=3.0.0 <4.0.0
78 silly fetch manifest immutable@^4.0.0
79 silly fetch manifest source-map-js@>=0.6.2 <2.0.0
80 http fetch GET 200 https://registry.npmjs.org/chokidar 55ms (cache miss)
81 http fetch GET 200 https://registry.npmjs.org/anymatch 68ms (cache miss)
82 http fetch GET 200 https://registry.npmjs.org/@types%2fwebpack-sources 92ms (cache miss)
83 http fetch GET 200 https://registry.npmjs.org/immutable 90ms (cache miss)
84 http fetch GET 200 https://registry.npmjs.org/source-map 105ms (cache miss)
85 http fetch GET 200 https://registry.npmjs.org/@types%2ftapable 109ms (cache miss)
86 http fetch GET 200 https://registry.npmjs.org/@types%2fuglify-js 114ms (cache miss)
87 http fetch GET 200 https://registry.npmjs.org/source-map-js 875ms (cache miss)
88 timing idealTree:node_modules/@types/sass-loader Completed in 887ms
89 timing idealTree:node_modules/@types/node Completed in 0ms
90 timing idealTree:node_modules/@types/node-sass Completed in 0ms
91 timing idealTree:node_modules/@types/sizzle Completed in 0ms
92 silly placeDep ROOT @types/tapable@1.0.8 OK for: @types/webpack@4.41.33 want: ^1
93 silly placeDep ROOT @types/uglify-js@3.17.1 OK for: @types/webpack@4.41.33 want: *
94 silly fetch manifest source-map@^0.6.1
95 silly placeDep ROOT @types/webpack-sources@3.2.0 OK for: @types/webpack@4.41.33 want: *
96 silly fetch manifest @types/source-list-map@*
97 silly fetch manifest source-map@^0.7.3
98 silly placeDep ROOT anymatch@3.1.3 OK for: @types/webpack@4.41.33 want: ^3.0.0
99 silly fetch manifest normalize-path@^3.0.0
100 silly fetch manifest picomatch@^2.0.4
101 silly placeDep ROOT source-map@0.6.1 OK for: @types/webpack@4.41.33 want: ^0.6.0
102 http fetch GET 200 https://registry.npmjs.org/normalize-path 62ms (cache miss)
103 http fetch GET 200 https://registry.npmjs.org/picomatch 65ms (cache miss)
104 http fetch GET 200 https://registry.npmjs.org/@types%2fsource-list-map 93ms (cache miss)
105 timing idealTree:node_modules/@types/webpack Completed in 99ms
106 timing idealTree:node_modules/@types/tapable Completed in 0ms
107 timing idealTree:node_modules/@types/uglify-js Completed in 0ms
108 silly placeDep ROOT @types/source-list-map@0.1.2 OK for: @types/webpack-sources@3.2.0 want: *
109 silly placeDep node_modules/@types/webpack-sources source-map@0.7.4 OK for: @types/webpack-sources@3.2.0 want: ^0.7.3
110 timing idealTree:node_modules/@types/webpack-sources Completed in 4ms
111 timing idealTree:node_modules/@types/source-list-map Completed in 0ms
112 silly placeDep ROOT normalize-path@3.0.0 OK for: anymatch@3.1.3 want: ^3.0.0
113 silly placeDep ROOT picomatch@2.3.1 OK for: anymatch@3.1.3 want: ^2.0.4
114 timing idealTree:node_modules/anymatch Completed in 2ms
115 timing idealTree:node_modules/normalize-path Completed in 0ms
116 timing idealTree:node_modules/picomatch Completed in 0ms
117 silly placeDep ROOT chokidar@3.5.3 OK for: sass@1.64.2 want: >=3.0.0 <4.0.0
118 silly fetch manifest braces@~3.0.2
119 silly fetch manifest glob-parent@~5.1.2
120 silly fetch manifest is-binary-path@~2.1.0
121 silly fetch manifest is-glob@~4.0.1
122 silly fetch manifest readdirp@~3.6.0
123 silly fetch manifest fsevents@~2.3.2
124 silly placeDep ROOT immutable@4.3.2 OK for: sass@1.64.2 want: ^4.0.0
125 silly placeDep ROOT source-map-js@1.0.2 OK for: sass@1.64.2 want: >=0.6.2 <2.0.0
126 http fetch GET 200 https://registry.npmjs.org/is-binary-path 49ms (cache miss)
127 http fetch GET 200 https://registry.npmjs.org/glob-parent 53ms (cache miss)
128 http fetch GET 200 https://registry.npmjs.org/braces 56ms (cache miss)
129 http fetch GET 200 https://registry.npmjs.org/readdirp 55ms (cache miss)
130 http fetch GET 200 https://registry.npmjs.org/fsevents 60ms (cache miss)
131 http fetch GET 200 https://registry.npmjs.org/is-glob 63ms (cache miss)
132 timing idealTree:node_modules/sass Completed in 69ms
133 silly placeDep ROOT braces@3.0.2 OK for: chokidar@3.5.3 want: ~3.0.2
134 silly fetch manifest fill-range@^7.0.1
135 silly placeDep ROOT fsevents@2.3.2 OK for: chokidar@3.5.3 want: ~2.3.2
136 silly placeDep ROOT glob-parent@5.1.2 OK for: chokidar@3.5.3 want: ~5.1.2
137 silly fetch manifest is-glob@^4.0.1
138 silly placeDep ROOT is-binary-path@2.1.0 OK for: chokidar@3.5.3 want: ~2.1.0
139 silly fetch manifest binary-extensions@^2.0.0
140 silly placeDep ROOT is-glob@4.0.3 OK for: chokidar@3.5.3 want: ~4.0.1
141 silly fetch manifest is-extglob@^2.1.1
142 silly placeDep ROOT readdirp@3.6.0 OK for: chokidar@3.5.3 want: ~3.6.0
143 http fetch GET 200 https://registry.npmjs.org/binary-extensions 89ms (cache miss)
144 http fetch GET 200 https://registry.npmjs.org/is-extglob 90ms (cache miss)
145 http fetch GET 200 https://registry.npmjs.org/fill-range 96ms (cache miss)
146 timing idealTree:node_modules/chokidar Completed in 102ms
147 silly placeDep ROOT fill-range@7.0.1 OK for: braces@3.0.2 want: ^7.0.1
148 silly fetch manifest to-regex-range@^5.0.1
149 http fetch GET 200 https://registry.npmjs.org/to-regex-range 53ms (cache miss)
150 timing idealTree:node_modules/braces Completed in 56ms
151 silly placeDep ROOT to-regex-range@5.0.1 OK for: fill-range@7.0.1 want: ^5.0.1
152 silly fetch manifest is-number@^7.0.0
153 http fetch GET 200 https://registry.npmjs.org/is-number 62ms (cache miss)
154 timing idealTree:node_modules/fill-range Completed in 65ms
155 timing idealTree:node_modules/fsevents Completed in 0ms
156 timing idealTree:node_modules/glob-parent Completed in 0ms
157 timing idealTree:node_modules/immutable Completed in 0ms
158 silly placeDep ROOT binary-extensions@2.2.0 OK for: is-binary-path@2.1.0 want: ^2.0.0
159 timing idealTree:node_modules/is-binary-path Completed in 1ms
160 timing idealTree:node_modules/binary-extensions Completed in 0ms
161 silly placeDep ROOT is-extglob@2.1.1 OK for: is-glob@4.0.3 want: ^2.1.1
162 timing idealTree:node_modules/is-glob Completed in 2ms
163 timing idealTree:node_modules/is-extglob Completed in 0ms
164 timing idealTree:node_modules/readdirp Completed in 0ms
165 timing idealTree:node_modules/source-map Completed in 0ms
166 timing idealTree:node_modules/source-map-js Completed in 0ms
167 silly placeDep ROOT is-number@7.0.0 OK for: to-regex-range@5.0.1 want: ^7.0.0
168 timing idealTree:node_modules/to-regex-range Completed in 1ms
169 timing idealTree:node_modules/is-number Completed in 0ms
170 timing idealTree:node_modules/@types/webpack-sources/node_modules/source-map Completed in 0ms
171 timing idealTree:buildDeps Completed in 3034ms
172 timing idealTree:fixDepFlags Completed in 1ms
173 timing idealTree Completed in 4360ms
174 timing reify:loadTrees Completed in 4361ms
175 timing reify:diffTrees Completed in 2ms
176 silly reify moves {}
177 timing reify:retireShallow Completed in 1ms
178 timing reify:createSparse Completed in 31ms
179 timing reify:loadBundles Completed in 0ms
180 silly audit bulk request {
180 silly audit   'types-registry': [ '0.1.655' ],
180 silly audit   '@types/bootstrap': [ '5.2.6' ],
180 silly audit   '@types/jquery': [ '3.5.16' ],
180 silly audit   '@types/lodash': [ '4.14.196' ],
180 silly audit   '@types/sass-loader': [ '8.0.5' ],
180 silly audit   '@popperjs/core': [ '2.11.8' ],
180 silly audit   '@types/sizzle': [ '2.3.3' ],
180 silly audit   '@types/node': [ '20.4.8' ],
180 silly audit   '@types/node-sass': [ '4.11.3' ],
180 silly audit   '@types/webpack': [ '4.41.33' ],
180 silly audit   sass: [ '1.64.2' ],
180 silly audit   '@types/tapable': [ '1.0.8' ],
180 silly audit   '@types/uglify-js': [ '3.17.1' ],
180 silly audit   '@types/webpack-sources': [ '3.2.0' ],
180 silly audit   anymatch: [ '3.1.3' ],
180 silly audit   'source-map': [ '0.6.1', '0.7.4' ],
180 silly audit   '@types/source-list-map': [ '0.1.2' ],
180 silly audit   'normalize-path': [ '3.0.0' ],
180 silly audit   picomatch: [ '2.3.1' ],
180 silly audit   chokidar: [ '3.5.3' ],
180 silly audit   immutable: [ '4.3.2' ],
180 silly audit   'source-map-js': [ '1.0.2' ],
180 silly audit   braces: [ '3.0.2' ],
180 silly audit   fsevents: [ '2.3.2' ],
180 silly audit   'glob-parent': [ '5.1.2' ],
180 silly audit   'is-binary-path': [ '2.1.0' ],
180 silly audit   'is-glob': [ '4.0.3' ],
180 silly audit   readdirp: [ '3.6.0' ],
180 silly audit   'fill-range': [ '7.0.1' ],
180 silly audit   'to-regex-range': [ '5.0.1' ],
180 silly audit   'binary-extensions': [ '2.2.0' ],
180 silly audit   'is-extglob': [ '2.1.1' ],
180 silly audit   'is-number': [ '7.0.0' ]
180 silly audit }
181 verbose reify failed optional dependency /var/www/.cache/typescript/5.0/node_modules/fsevents
182 silly reify mark deleted [ '/var/www/.cache/typescript/5.0/node_modules/fsevents' ]
183 timing reifyNode:node_modules/fsevents Completed in 12ms
184 silly tarball no local data for is-number@https://registry.npmjs.org/is-number/-/is-number-7.0.0.tgz. Extracting by manifest.
185 silly tarball no local data for is-extglob@https://registry.npmjs.org/is-extglob/-/is-extglob-2.1.1.tgz. Extracting by manifest.
186 silly tarball no local data for fill-range@https://registry.npmjs.org/fill-range/-/fill-range-7.0.1.tgz. Extracting by manifest.
187 silly tarball no local data for is-glob@https://registry.npmjs.org/is-glob/-/is-glob-4.0.3.tgz. Extracting by manifest.
188 silly tarball no local data for is-binary-path@https://registry.npmjs.org/is-binary-path/-/is-binary-path-2.1.0.tgz. Extracting by manifest.
189 silly tarball no local data for glob-parent@https://registry.npmjs.org/glob-parent/-/glob-parent-5.1.2.tgz. Extracting by manifest.
190 silly tarball no local data for source-map-js@https://registry.npmjs.org/source-map-js/-/source-map-js-1.0.2.tgz. Extracting by manifest.
191 silly tarball no local data for braces@https://registry.npmjs.org/braces/-/braces-3.0.2.tgz. Extracting by manifest.
192 silly tarball no local data for immutable@https://registry.npmjs.org/immutable/-/immutable-4.3.2.tgz. Extracting by manifest.
193 silly tarball no local data for picomatch@https://registry.npmjs.org/picomatch/-/picomatch-2.3.1.tgz. Extracting by manifest.
194 silly tarball no local data for chokidar@https://registry.npmjs.org/chokidar/-/chokidar-3.5.3.tgz. Extracting by manifest.
195 silly tarball no local data for normalize-path@https://registry.npmjs.org/normalize-path/-/normalize-path-3.0.0.tgz. Extracting by manifest.
196 silly tarball no local data for @types/source-list-map@https://registry.npmjs.org/@types/source-list-map/-/source-list-map-0.1.2.tgz. Extracting by manifest.
197 silly tarball no local data for to-regex-range@https://registry.npmjs.org/to-regex-range/-/to-regex-range-5.0.1.tgz. Extracting by manifest.
198 silly tarball no local data for binary-extensions@https://registry.npmjs.org/binary-extensions/-/binary-extensions-2.2.0.tgz. Extracting by manifest.
199 silly tarball no local data for @types/uglify-js@https://registry.npmjs.org/@types/uglify-js/-/uglify-js-3.17.1.tgz. Extracting by manifest.
200 silly tarball no local data for readdirp@https://registry.npmjs.org/readdirp/-/readdirp-3.6.0.tgz. Extracting by manifest.
201 silly tarball no local data for @types/webpack-sources@https://registry.npmjs.org/@types/webpack-sources/-/webpack-sources-3.2.0.tgz. Extracting by manifest.
202 silly tarball no local data for anymatch@https://registry.npmjs.org/anymatch/-/anymatch-3.1.3.tgz. Extracting by manifest.
203 silly tarball no local data for @types/tapable@https://registry.npmjs.org/@types/tapable/-/tapable-1.0.8.tgz. Extracting by manifest.
204 silly tarball no local data for source-map@https://registry.npmjs.org/source-map/-/source-map-0.6.1.tgz. Extracting by manifest.
205 silly tarball no local data for @types/node-sass@https://registry.npmjs.org/@types/node-sass/-/node-sass-4.11.3.tgz. Extracting by manifest.
206 silly tarball no local data for sass@https://registry.npmjs.org/sass/-/sass-1.64.2.tgz. Extracting by manifest.
207 silly tarball no local data for @types/lodash@https://registry.npmjs.org/@types/lodash/-/lodash-4.14.196.tgz. Extracting by manifest.
208 silly tarball no local data for @types/sizzle@https://registry.npmjs.org/@types/sizzle/-/sizzle-2.3.3.tgz. Extracting by manifest.
209 silly tarball no local data for @popperjs/core@https://registry.npmjs.org/@popperjs/core/-/core-2.11.8.tgz. Extracting by manifest.
210 silly tarball no local data for source-map@https://registry.npmjs.org/source-map/-/source-map-0.7.4.tgz. Extracting by manifest.
211 silly tarball no local data for @types/node@https://registry.npmjs.org/@types/node/-/node-20.4.8.tgz. Extracting by manifest.
212 silly tarball no local data for @types/webpack@https://registry.npmjs.org/@types/webpack/-/webpack-4.41.33.tgz. Extracting by manifest.
213 silly tarball no local data for @types/sass-loader@https://registry.npmjs.org/@types/sass-loader/-/sass-loader-8.0.5.tgz. Extracting by manifest.
214 silly tarball no local data for @types/jquery@https://registry.npmjs.org/@types/jquery/-/jquery-3.5.16.tgz. Extracting by manifest.
215 silly tarball no local data for @types/bootstrap@https://registry.npmjs.org/@types/bootstrap/-/bootstrap-5.2.6.tgz. Extracting by manifest.
216 http fetch POST 200 https://registry.npmjs.org/-/npm/v1/security/advisories/bulk 325ms
217 timing auditReport:getReport Completed in 329ms
218 silly audit report {}
219 timing auditReport:init Completed in 0ms
220 timing reify:audit Completed in 329ms
221 http fetch GET 200 https://registry.npmjs.org/fill-range/-/fill-range-7.0.1.tgz 500ms (cache miss)
222 timing reifyNode:node_modules/fill-range Completed in 530ms
223 http fetch GET 200 https://registry.npmjs.org/is-number/-/is-number-7.0.0.tgz 508ms (cache miss)
224 timing reifyNode:node_modules/is-number Completed in 536ms
225 http fetch GET 200 https://registry.npmjs.org/glob-parent/-/glob-parent-5.1.2.tgz 504ms (cache miss)
226 timing reifyNode:node_modules/glob-parent Completed in 536ms
227 http fetch GET 200 https://registry.npmjs.org/is-extglob/-/is-extglob-2.1.1.tgz 509ms (cache miss)
228 timing reifyNode:node_modules/is-extglob Completed in 538ms
229 http fetch GET 200 https://registry.npmjs.org/is-glob/-/is-glob-4.0.3.tgz 508ms (cache miss)
230 timing reifyNode:node_modules/is-glob Completed in 539ms
231 http fetch GET 200 https://registry.npmjs.org/is-binary-path/-/is-binary-path-2.1.0.tgz 508ms (cache miss)
232 timing reifyNode:node_modules/is-binary-path Completed in 539ms
233 http fetch GET 200 https://registry.npmjs.org/normalize-path/-/normalize-path-3.0.0.tgz 505ms (cache miss)
234 timing reifyNode:node_modules/normalize-path Completed in 551ms
235 http fetch GET 200 https://registry.npmjs.org/binary-extensions/-/binary-extensions-2.2.0.tgz 502ms (cache miss)
236 timing reifyNode:node_modules/binary-extensions Completed in 554ms
237 http fetch GET 200 https://registry.npmjs.org/@types/uglify-js/-/uglify-js-3.17.1.tgz 515ms (cache miss)
238 timing reifyNode:node_modules/@types/uglify-js Completed in 567ms
239 http fetch GET 200 https://registry.npmjs.org/anymatch/-/anymatch-3.1.3.tgz 506ms (cache miss)
240 timing reifyNode:node_modules/anymatch Completed in 569ms
241 http fetch GET 200 https://registry.npmjs.org/readdirp/-/readdirp-3.6.0.tgz 519ms (cache miss)
242 timing reifyNode:node_modules/readdirp Completed in 573ms
243 http fetch GET 200 https://registry.npmjs.org/@types/webpack-sources/-/webpack-sources-3.2.0.tgz 520ms (cache miss)
244 http fetch GET 200 https://registry.npmjs.org/@types/source-list-map/-/source-list-map-0.1.2.tgz 528ms (cache miss)
245 timing reifyNode:node_modules/@types/source-list-map Completed in 576ms
246 timing reifyNode:node_modules/@types/webpack-sources Completed in 577ms
247 http fetch GET 200 https://registry.npmjs.org/@types/tapable/-/tapable-1.0.8.tgz 514ms (cache miss)
248 timing reifyNode:node_modules/@types/tapable Completed in 577ms
249 http fetch GET 200 https://registry.npmjs.org/@types/sizzle/-/sizzle-2.3.3.tgz 504ms (cache miss)
250 timing reifyNode:node_modules/@types/sizzle Completed in 578ms
251 http fetch GET 200 https://registry.npmjs.org/to-regex-range/-/to-regex-range-5.0.1.tgz 596ms (cache miss)
252 timing reifyNode:node_modules/to-regex-range Completed in 646ms
253 http fetch GET 200 https://registry.npmjs.org/@types/sass-loader/-/sass-loader-8.0.5.tgz 570ms (cache miss)
254 timing reifyNode:node_modules/@types/sass-loader Completed in 651ms
255 http fetch GET 200 https://registry.npmjs.org/source-map-js/-/source-map-js-1.0.2.tgz 621ms (cache miss)
256 http fetch GET 200 https://registry.npmjs.org/@types/webpack/-/webpack-4.41.33.tgz 591ms (cache miss)
257 timing reifyNode:node_modules/@types/webpack Completed in 670ms
258 timing reifyNode:node_modules/source-map-js Completed in 691ms
259 http fetch GET 200 https://registry.npmjs.org/braces/-/braces-3.0.2.tgz 695ms (cache miss)
260 timing reifyNode:node_modules/braces Completed in 729ms
261 http fetch GET 200 https://registry.npmjs.org/@types/bootstrap/-/bootstrap-5.2.6.tgz 741ms (cache miss)
262 timing reifyNode:node_modules/@types/bootstrap Completed in 854ms
263 http fetch GET 200 https://registry.npmjs.org/picomatch/-/picomatch-2.3.1.tgz 817ms (cache miss)
264 timing reifyNode:node_modules/picomatch Completed in 861ms
265 http fetch GET 200 https://registry.npmjs.org/chokidar/-/chokidar-3.5.3.tgz 816ms (cache miss)
266 timing reifyNode:node_modules/chokidar Completed in 862ms
267 http fetch GET 200 https://registry.npmjs.org/source-map/-/source-map-0.7.4.tgz 950ms (cache miss)
268 timing reifyNode:node_modules/@types/webpack-sources/node_modules/source-map Completed in 1028ms
269 http fetch GET 200 https://registry.npmjs.org/source-map/-/source-map-0.6.1.tgz 1038ms (cache miss)
270 timing reifyNode:node_modules/source-map Completed in 1108ms
271 http fetch GET 200 https://registry.npmjs.org/immutable/-/immutable-4.3.2.tgz 1089ms (cache miss)
272 timing reifyNode:node_modules/immutable Completed in 1124ms
273 http fetch GET 200 https://registry.npmjs.org/@types/node-sass/-/node-sass-4.11.3.tgz 1054ms (cache miss)
274 timing reifyNode:node_modules/@types/node-sass Completed in 1125ms
275 http fetch GET 200 https://registry.npmjs.org/@types/jquery/-/jquery-3.5.16.tgz 1133ms (cache miss)
276 timing reifyNode:node_modules/@types/jquery Completed in 1245ms
277 http fetch GET 200 https://registry.npmjs.org/sass/-/sass-1.64.2.tgz 1667ms (cache miss)
278 timing reifyNode:node_modules/sass Completed in 1738ms
279 http fetch GET 200 https://registry.npmjs.org/@types/node/-/node-20.4.8.tgz 1964ms (cache miss)
280 timing reifyNode:node_modules/@types/node Completed in 2043ms
281 http fetch GET 200 https://registry.npmjs.org/@popperjs/core/-/core-2.11.8.tgz 2104ms (cache miss)
282 timing reifyNode:node_modules/@popperjs/core Completed in 2180ms
283 http fetch GET 200 https://registry.npmjs.org/@types/lodash/-/lodash-4.14.196.tgz 2994ms (cache miss)
284 timing reifyNode:node_modules/@types/lodash Completed in 3073ms
285 timing reify:unpack Completed in 3075ms
286 timing reify:unretire Completed in 0ms
287 timing build:queue Completed in 2ms
288 timing build:link:node_modules/sass Completed in 4ms
289 timing build:link Completed in 4ms
290 timing build:deps Completed in 6ms
291 timing build Completed in 6ms
292 timing reify:build Completed in 7ms
293 timing reify:trash Completed in 0ms
294 timing reify:save Completed in 16ms
295 timing reify Completed in 7514ms
296 silly ADD node_modules/is-number
297 silly ADD node_modules/is-extglob
298 silly ADD node_modules/binary-extensions
299 silly ADD node_modules/to-regex-range
300 silly ADD node_modules/fill-range
301 silly ADD node_modules/readdirp
302 silly ADD node_modules/is-glob
303 silly ADD node_modules/is-binary-path
304 silly ADD node_modules/glob-parent
305 silly ADD
306 silly ADD node_modules/braces
307 silly ADD node_modules/source-map-js
308 silly ADD node_modules/immutable
309 silly ADD node_modules/chokidar
310 silly ADD node_modules/picomatch
311 silly ADD node_modules/normalize-path
312 silly ADD node_modules/@types/source-list-map
313 silly ADD node_modules/source-map
314 silly ADD node_modules/anymatch
315 silly ADD node_modules/@types/webpack-sources
316 silly ADD node_modules/@types/webpack-sources/node_modules/source-map
317 silly ADD node_modules/@types/uglify-js
318 silly ADD node_modules/@types/tapable
319 silly ADD node_modules/sass
320 silly ADD node_modules/@types/webpack
321 silly ADD node_modules/@types/node-sass
322 silly ADD node_modules/@types/node
323 silly ADD node_modules/@types/sizzle
324 silly ADD node_modules/@popperjs/core
325 silly ADD node_modules/@types/sass-loader
326 silly ADD node_modules/@types/lodash
327 silly ADD node_modules/@types/jquery
328 silly ADD node_modules/@types/bootstrap
329 timing command:install Completed in 7521ms
330 verbose exit 0
331 timing npm Completed in 7730ms
332 info ok
