2023-09-10 01:23:27.395 [info] Log level: Info
2023-09-10 01:23:27.396 [info] Validating found git in: "git"
2023-09-10 01:23:27.396 [info] Using git "2.30.2" from "git"
2023-09-10 01:23:27.396 [info] > git rev-parse --show-toplevel [34ms]
2023-09-10 01:23:27.396 [info] fatal: not a git repository (or any of the parent directories): .git
2023-09-10 01:23:27.396 [info] > git rev-parse --show-toplevel [4ms]
2023-09-10 01:23:27.396 [info] > git rev-parse --git-dir --git-common-dir [2ms]
2023-09-10 01:23:27.396 [info] Open repository: /var/www
2023-09-10 01:23:27.396 [info] > git rev-parse --show-toplevel [6ms]
2023-09-10 01:23:27.396 [info] fatal: not a git repository (or any of the parent directories): .git
2023-09-10 01:23:27.396 [info] > git config --get commit.template [6ms]
2023-09-10 01:23:27.396 [info] > git rev-parse --show-toplevel [6ms]
2023-09-10 01:23:27.396 [info] fatal: not a git repository (or any of the parent directories): .git
2023-09-10 01:23:27.396 [info] > git for-each-ref --format=%(refname)%00%(upstream:short)%00%(objectname)%00%(upstream:track)%00%(upstream:remotename)%00%(upstream:remoteref) refs/heads/master refs/remotes/master [45ms]
2023-09-10 01:23:27.396 [info] > git rev-parse --show-toplevel [47ms]
2023-09-10 01:23:27.396 [info] fatal: not a git repository (or any of the parent directories): .git
2023-09-10 01:23:27.396 [info] > git rev-parse --show-toplevel [1ms]
2023-09-10 01:23:27.396 [info] fatal: not a git repository (or any of the parent directories): .git
2023-09-10 01:23:27.396 [info] > git rev-parse --show-toplevel [1ms]
2023-09-10 01:23:27.396 [info] fatal: not a git repository (or any of the parent directories): .git
2023-09-10 01:23:27.396 [info] > git rev-parse --show-toplevel [2ms]
2023-09-10 01:23:27.396 [info] fatal: not a git repository (or any of the parent directories): .git
2023-09-10 01:23:27.396 [info] > git rev-parse --show-toplevel [1ms]
2023-09-10 01:23:27.396 [info] fatal: not a git repository (or any of the parent directories): .git
2023-09-10 01:23:27.396 [info] > git rev-parse --show-toplevel [2ms]
2023-09-10 01:23:27.396 [info] fatal: not a git repository (or any of the parent directories): .git
2023-09-10 01:23:27.396 [info] > git rev-parse --show-toplevel [1ms]
2023-09-10 01:23:27.396 [info] fatal: not a git repository (or any of the parent directories): .git
2023-09-10 01:23:27.396 [info] > git status -z -uall [725ms]
2023-09-10 01:23:27.396 [info] > git config --get commit.template [11ms]
2023-09-10 01:23:27.396 [info] > git for-each-ref --format=%(refname)%00%(upstream:short)%00%(objectname)%00%(upstream:track)%00%(upstream:remotename)%00%(upstream:remoteref) refs/heads/master refs/remotes/master [7ms]
2023-09-10 01:23:27.396 [info] > git check-ignore -v -z --stdin [5ms]
2023-09-10 01:23:27.396 [info] > git status -z -uall [528ms]
2023-09-10 01:23:27.396 [info] > git rev-parse --show-toplevel [9ms]
2023-09-10 01:23:27.396 [info] fatal: not a git repository (or any of the parent directories): .git
2023-09-10 01:23:27.396 [info] > git rev-parse --show-toplevel [3ms]
2023-09-10 01:23:27.396 [info] fatal: not a git repository (or any of the parent directories): .git
2023-09-10 01:23:27.933 [info] > git config --get commit.template [8ms]
2023-09-10 01:23:27.937 [info] > git for-each-ref --format=%(refname)%00%(upstream:short)%00%(objectname)%00%(upstream:track)%00%(upstream:remotename)%00%(upstream:remoteref) refs/heads/master refs/remotes/master [4ms]
2023-09-10 01:23:28.472 [info] > git status -z -uall [529ms]
2023-09-10 01:23:29.206 [info] > git show --textconv :html/webAppDev/Assignment1/_Security_README.md [11ms]
2023-09-10 01:23:29.211 [info] > git ls-files --stage -- /var/www/html/webAppDev/Assignment1/_Security_README.md [7ms]
2023-09-10 01:23:29.689 [info] > git check-ignore -v -z --stdin [4ms]
2023-09-10 01:23:32.740 [info] > git show --textconv :html/webAppDev/Assignment1/_Documentation_README.md [8ms]
2023-09-10 01:23:32.743 [info] > git ls-files --stage -- /var/www/html/webAppDev/Assignment1/_Documentation_README.md [3ms]
2023-09-10 01:23:46.944 [info] > git config --get commit.template [8ms]
2023-09-10 01:23:46.947 [info] > git for-each-ref --format=%(refname)%00%(upstream:short)%00%(objectname)%00%(upstream:track)%00%(upstream:remotename)%00%(upstream:remoteref) refs/heads/master refs/remotes/master [4ms]
2023-09-10 01:23:47.251 [info] > git status -z -uall [298ms]
2023-09-10 01:23:52.314 [info] > git config --get commit.template [9ms]
2023-09-10 01:23:52.317 [info] > git for-each-ref --format=%(refname)%00%(upstream:short)%00%(objectname)%00%(upstream:track)%00%(upstream:remotename)%00%(upstream:remoteref) refs/heads/master refs/remotes/master [4ms]
2023-09-10 01:23:52.599 [info] > git status -z -uall [275ms]
2023-09-10 01:23:57.662 [info] > git config --get commit.template [10ms]
2023-09-10 01:23:57.669 [info] > git for-each-ref --format=%(refname)%00%(upstream:short)%00%(objectname)%00%(upstream:track)%00%(upstream:remotename)%00%(upstream:remoteref) refs/heads/master refs/remotes/master [8ms]
2023-09-10 01:23:57.951 [info] > git status -z -uall [275ms]
2023-09-10 01:24:03.029 [info] > git config --get commit.template [14ms]
2023-09-10 01:24:03.034 [info] > git for-each-ref --format=%(refname)%00%(upstream:short)%00%(objectname)%00%(upstream:track)%00%(upstream:remotename)%00%(upstream:remoteref) refs/heads/master refs/remotes/master [5ms]
2023-09-10 01:24:03.325 [info] > git status -z -uall [282ms]
2023-09-10 01:24:08.387 [info] > git config --get commit.template [11ms]
2023-09-10 01:24:08.391 [info] > git for-each-ref --format=%(refname)%00%(upstream:short)%00%(objectname)%00%(upstream:track)%00%(upstream:remotename)%00%(upstream:remoteref) refs/heads/master refs/remotes/master [5ms]
2023-09-10 01:24:08.662 [info] > git status -z -uall [261ms]
2023-09-10 01:24:13.714 [info] > git config --get commit.template [4ms]
2023-09-10 01:24:13.727 [info] > git for-each-ref --format=%(refname)%00%(upstream:short)%00%(objectname)%00%(upstream:track)%00%(upstream:remotename)%00%(upstream:remoteref) refs/heads/master refs/remotes/master [4ms]
2023-09-10 01:24:14.019 [info] > git status -z -uall [281ms]
2023-09-10 01:24:19.082 [info] > git config --get commit.template [13ms]
2023-09-10 01:24:19.086 [info] > git for-each-ref --format=%(refname)%00%(upstream:short)%00%(objectname)%00%(upstream:track)%00%(upstream:remotename)%00%(upstream:remoteref) refs/heads/master refs/remotes/master [5ms]
2023-09-10 01:24:19.396 [info] > git status -z -uall [300ms]
2023-09-10 01:24:24.462 [info] > git config --get commit.template [14ms]
2023-09-10 01:24:24.467 [info] > git for-each-ref --format=%(refname)%00%(upstream:short)%00%(objectname)%00%(upstream:track)%00%(upstream:remotename)%00%(upstream:remoteref) refs/heads/master refs/remotes/master [6ms]
2023-09-10 01:24:24.986 [info] > git status -z -uall [508ms]
2023-09-10 01:24:30.054 [info] > git config --get commit.template [14ms]
2023-09-10 01:24:30.057 [info] > git for-each-ref --format=%(refname)%00%(upstream:short)%00%(objectname)%00%(upstream:track)%00%(upstream:remotename)%00%(upstream:remoteref) refs/heads/master refs/remotes/master [5ms]
2023-09-10 01:24:30.380 [info] > git status -z -uall [312ms]
2023-09-10 01:24:35.439 [info] > git config --get commit.template [10ms]
2023-09-10 01:24:35.444 [info] > git for-each-ref --format=%(refname)%00%(upstream:short)%00%(objectname)%00%(upstream:track)%00%(upstream:remotename)%00%(upstream:remoteref) refs/heads/master refs/remotes/master [5ms]
2023-09-10 01:24:35.745 [info] > git status -z -uall [293ms]
2023-09-10 01:24:40.802 [info] > git config --get commit.template [9ms]
2023-09-10 01:24:40.806 [info] > git for-each-ref --format=%(refname)%00%(upstream:short)%00%(objectname)%00%(upstream:track)%00%(upstream:remotename)%00%(upstream:remoteref) refs/heads/master refs/remotes/master [4ms]
2023-09-10 01:24:41.118 [info] > git status -z -uall [305ms]
2023-09-10 01:24:46.174 [info] > git config --get commit.template [8ms]
2023-09-10 01:24:46.177 [info] > git for-each-ref --format=%(refname)%00%(upstream:short)%00%(objectname)%00%(upstream:track)%00%(upstream:remotename)%00%(upstream:remoteref) refs/heads/master refs/remotes/master [4ms]
2023-09-10 01:24:46.487 [info] > git status -z -uall [303ms]
2023-09-10 01:24:51.565 [info] > git config --get commit.template [9ms]
2023-09-10 01:24:51.569 [info] > git for-each-ref --format=%(refname)%00%(upstream:short)%00%(objectname)%00%(upstream:track)%00%(upstream:remotename)%00%(upstream:remoteref) refs/heads/master refs/remotes/master [5ms]
2023-09-10 01:24:51.874 [info] > git status -z -uall [298ms]
2023-09-10 01:24:56.932 [info] > git config --get commit.template [9ms]
2023-09-10 01:24:56.936 [info] > git for-each-ref --format=%(refname)%00%(upstream:short)%00%(objectname)%00%(upstream:track)%00%(upstream:remotename)%00%(upstream:remoteref) refs/heads/master refs/remotes/master [5ms]
2023-09-10 01:24:57.224 [info] > git status -z -uall [281ms]
2023-09-10 01:25:02.281 [info] > git config --get commit.template [11ms]
2023-09-10 01:25:02.285 [info] > git for-each-ref --format=%(refname)%00%(upstream:short)%00%(objectname)%00%(upstream:track)%00%(upstream:remotename)%00%(upstream:remoteref) refs/heads/master refs/remotes/master [5ms]
2023-09-10 01:25:02.607 [info] > git status -z -uall [312ms]
2023-09-10 01:25:07.669 [info] > git config --get commit.template [11ms]
2023-09-10 01:25:07.673 [info] > git for-each-ref --format=%(refname)%00%(upstream:short)%00%(objectname)%00%(upstream:track)%00%(upstream:remotename)%00%(upstream:remoteref) refs/heads/master refs/remotes/master [5ms]
2023-09-10 01:25:07.956 [info] > git status -z -uall [275ms]
2023-09-10 01:25:13.014 [info] > git config --get commit.template [9ms]
2023-09-10 01:25:13.018 [info] > git for-each-ref --format=%(refname)%00%(upstream:short)%00%(objectname)%00%(upstream:track)%00%(upstream:remotename)%00%(upstream:remoteref) refs/heads/master refs/remotes/master [5ms]
2023-09-10 01:25:13.311 [info] > git status -z -uall [286ms]
2023-09-10 01:25:18.366 [info] > git config --get commit.template [9ms]
2023-09-10 01:25:18.370 [info] > git for-each-ref --format=%(refname)%00%(upstream:short)%00%(objectname)%00%(upstream:track)%00%(upstream:remotename)%00%(upstream:remoteref) refs/heads/master refs/remotes/master [5ms]
2023-09-10 01:25:18.675 [info] > git status -z -uall [298ms]
2023-09-10 01:25:23.738 [info] > git config --get commit.template [9ms]
2023-09-10 01:25:23.742 [info] > git for-each-ref --format=%(refname)%00%(upstream:short)%00%(objectname)%00%(upstream:track)%00%(upstream:remotename)%00%(upstream:remoteref) refs/heads/master refs/remotes/master [5ms]
2023-09-10 01:25:24.055 [info] > git status -z -uall [307ms]
2023-09-10 01:25:29.110 [info] > git config --get commit.template [8ms]
2023-09-10 01:25:29.115 [info] > git for-each-ref --format=%(refname)%00%(upstream:short)%00%(objectname)%00%(upstream:track)%00%(upstream:remotename)%00%(upstream:remoteref) refs/heads/master refs/remotes/master [5ms]
2023-09-10 01:25:29.630 [info] > git status -z -uall [507ms]
2023-09-10 01:25:34.695 [info] > git config --get commit.template [8ms]
2023-09-10 01:25:34.700 [info] > git for-each-ref --format=%(refname)%00%(upstream:short)%00%(objectname)%00%(upstream:track)%00%(upstream:remotename)%00%(upstream:remoteref) refs/heads/master refs/remotes/master [5ms]
2023-09-10 01:25:34.997 [info] > git status -z -uall [289ms]
2023-09-10 01:25:40.060 [info] > git config --get commit.template [13ms]
2023-09-10 01:25:40.065 [info] > git for-each-ref --format=%(refname)%00%(upstream:short)%00%(objectname)%00%(upstream:track)%00%(upstream:remotename)%00%(upstream:remoteref) refs/heads/master refs/remotes/master [8ms]
2023-09-10 01:25:40.372 [info] > git status -z -uall [298ms]
2023-09-10 01:25:45.436 [info] > git config --get commit.template [10ms]
2023-09-10 01:25:45.440 [info] > git for-each-ref --format=%(refname)%00%(upstream:short)%00%(objectname)%00%(upstream:track)%00%(upstream:remotename)%00%(upstream:remoteref) refs/heads/master refs/remotes/master [4ms]
2023-09-10 01:25:45.744 [info] > git status -z -uall [297ms]
2023-09-10 01:25:50.800 [info] > git config --get commit.template [10ms]
2023-09-10 01:25:50.804 [info] > git for-each-ref --format=%(refname)%00%(upstream:short)%00%(objectname)%00%(upstream:track)%00%(upstream:remotename)%00%(upstream:remoteref) refs/heads/master refs/remotes/master [4ms]
2023-09-10 01:25:51.108 [info] > git status -z -uall [297ms]
2023-09-10 01:25:56.166 [info] > git config --get commit.template [9ms]
2023-09-10 01:25:56.170 [info] > git for-each-ref --format=%(refname)%00%(upstream:short)%00%(objectname)%00%(upstream:track)%00%(upstream:remotename)%00%(upstream:remoteref) refs/heads/master refs/remotes/master [5ms]
2023-09-10 01:25:56.452 [info] > git status -z -uall [275ms]
2023-09-10 01:26:01.506 [info] > git config --get commit.template [9ms]
2023-09-10 01:26:01.510 [info] > git for-each-ref --format=%(refname)%00%(upstream:short)%00%(objectname)%00%(upstream:track)%00%(upstream:remotename)%00%(upstream:remoteref) refs/heads/master refs/remotes/master [4ms]
2023-09-10 01:26:01.814 [info] > git status -z -uall [296ms]
2023-09-10 01:26:06.875 [info] > git config --get commit.template [9ms]
2023-09-10 01:26:06.879 [info] > git for-each-ref --format=%(refname)%00%(upstream:short)%00%(objectname)%00%(upstream:track)%00%(upstream:remotename)%00%(upstream:remoteref) refs/heads/master refs/remotes/master [5ms]
2023-09-10 01:26:07.168 [info] > git status -z -uall [281ms]
2023-09-10 01:26:12.249 [info] > git config --get commit.template [9ms]
2023-09-10 01:26:12.256 [info] > git for-each-ref --format=%(refname)%00%(upstream:short)%00%(objectname)%00%(upstream:track)%00%(upstream:remotename)%00%(upstream:remoteref) refs/heads/master refs/remotes/master [7ms]
2023-09-10 01:26:12.544 [info] > git status -z -uall [281ms]
2023-09-10 01:26:17.600 [info] > git config --get commit.template [8ms]
2023-09-10 01:26:17.604 [info] > git for-each-ref --format=%(refname)%00%(upstream:short)%00%(objectname)%00%(upstream:track)%00%(upstream:remotename)%00%(upstream:remoteref) refs/heads/master refs/remotes/master [5ms]
2023-09-10 01:26:17.881 [info] > git status -z -uall [271ms]
2023-09-10 01:26:22.936 [info] > git config --get commit.template [9ms]
2023-09-10 01:26:22.940 [info] > git for-each-ref --format=%(refname)%00%(upstream:short)%00%(objectname)%00%(upstream:track)%00%(upstream:remotename)%00%(upstream:remoteref) refs/heads/master refs/remotes/master [5ms]
2023-09-10 01:26:23.247 [info] > git status -z -uall [300ms]
2023-09-10 01:26:28.302 [info] > git config --get commit.template [10ms]
2023-09-10 01:26:28.308 [info] > git for-each-ref --format=%(refname)%00%(upstream:short)%00%(objectname)%00%(upstream:track)%00%(upstream:remotename)%00%(upstream:remoteref) refs/heads/master refs/remotes/master [6ms]
2023-09-10 01:26:28.606 [info] > git status -z -uall [290ms]
2023-09-10 01:26:33.660 [info] > git config --get commit.template [8ms]
2023-09-10 01:26:33.664 [info] > git for-each-ref --format=%(refname)%00%(upstream:short)%00%(objectname)%00%(upstream:track)%00%(upstream:remotename)%00%(upstream:remoteref) refs/heads/master refs/remotes/master [5ms]
2023-09-10 01:26:34.193 [info] > git status -z -uall [522ms]
2023-09-10 01:26:39.249 [info] > git config --get commit.template [8ms]
2023-09-10 01:26:39.252 [info] > git for-each-ref --format=%(refname)%00%(upstream:short)%00%(objectname)%00%(upstream:track)%00%(upstream:remotename)%00%(upstream:remoteref) refs/heads/master refs/remotes/master [4ms]
2023-09-10 01:26:39.541 [info] > git status -z -uall [283ms]
2023-09-10 01:26:44.596 [info] > git config --get commit.template [8ms]
2023-09-10 01:26:44.600 [info] > git for-each-ref --format=%(refname)%00%(upstream:short)%00%(objectname)%00%(upstream:track)%00%(upstream:remotename)%00%(upstream:remoteref) refs/heads/master refs/remotes/master [5ms]
2023-09-10 01:26:44.897 [info] > git status -z -uall [291ms]
2023-09-10 01:26:49.955 [info] > git config --get commit.template [8ms]
2023-09-10 01:26:49.960 [info] > git for-each-ref --format=%(refname)%00%(upstream:short)%00%(objectname)%00%(upstream:track)%00%(upstream:remotename)%00%(upstream:remoteref) refs/heads/master refs/remotes/master [5ms]
2023-09-10 01:26:50.271 [info] > git status -z -uall [305ms]
2023-09-10 01:27:09.673 [info] > git config --get commit.template [8ms]
2023-09-10 01:27:09.682 [info] > git for-each-ref --format=%(refname)%00%(upstream:short)%00%(objectname)%00%(upstream:track)%00%(upstream:remotename)%00%(upstream:remoteref) refs/heads/master refs/remotes/master [10ms]
2023-09-10 01:27:09.985 [info] > git status -z -uall [296ms]
2023-09-10 01:28:33.878 [info] > git config --get commit.template [7ms]
2023-09-10 01:28:33.883 [info] > git for-each-ref --format=%(refname)%00%(upstream:short)%00%(objectname)%00%(upstream:track)%00%(upstream:remotename)%00%(upstream:remoteref) refs/heads/master refs/remotes/master [6ms]
2023-09-10 01:28:34.407 [info] > git status -z -uall [519ms]
2023-09-10 01:28:39.474 [info] > git config --get commit.template [8ms]
2023-09-10 01:28:39.478 [info] > git for-each-ref --format=%(refname)%00%(upstream:short)%00%(objectname)%00%(upstream:track)%00%(upstream:remotename)%00%(upstream:remoteref) refs/heads/master refs/remotes/master [4ms]
2023-09-10 01:28:39.752 [info] > git status -z -uall [268ms]
2023-09-10 01:28:44.814 [info] > git config --get commit.template [8ms]
2023-09-10 01:28:44.819 [info] > git for-each-ref --format=%(refname)%00%(upstream:short)%00%(objectname)%00%(upstream:track)%00%(upstream:remotename)%00%(upstream:remoteref) refs/heads/master refs/remotes/master [5ms]
2023-09-10 01:28:45.130 [info] > git status -z -uall [304ms]
2023-09-10 01:28:50.190 [info] > git config --get commit.template [8ms]
2023-09-10 01:28:50.193 [info] > git for-each-ref --format=%(refname)%00%(upstream:short)%00%(objectname)%00%(upstream:track)%00%(upstream:remotename)%00%(upstream:remoteref) refs/heads/master refs/remotes/master [4ms]
2023-09-10 01:28:50.464 [info] > git status -z -uall [264ms]
2023-09-10 01:28:55.544 [info] > git config --get commit.template [9ms]
2023-09-10 01:28:55.548 [info] > git for-each-ref --format=%(refname)%00%(upstream:short)%00%(objectname)%00%(upstream:track)%00%(upstream:remotename)%00%(upstream:remoteref) refs/heads/master refs/remotes/master [5ms]
2023-09-10 01:28:55.859 [info] > git status -z -uall [302ms]
2023-09-10 01:29:00.913 [info] > git config --get commit.template [8ms]
2023-09-10 01:29:00.918 [info] > git for-each-ref --format=%(refname)%00%(upstream:short)%00%(objectname)%00%(upstream:track)%00%(upstream:remotename)%00%(upstream:remoteref) refs/heads/master refs/remotes/master [4ms]
2023-09-10 01:29:01.219 [info] > git status -z -uall [294ms]
2023-09-10 01:29:06.282 [info] > git config --get commit.template [11ms]
2023-09-10 01:29:06.287 [info] > git for-each-ref --format=%(refname)%00%(upstream:short)%00%(objectname)%00%(upstream:track)%00%(upstream:remotename)%00%(upstream:remoteref) refs/heads/master refs/remotes/master [6ms]
2023-09-10 01:29:06.589 [info] > git status -z -uall [294ms]
2023-09-10 01:29:11.648 [info] > git config --get commit.template [9ms]
2023-09-10 01:29:11.656 [info] > git for-each-ref --format=%(refname)%00%(upstream:short)%00%(objectname)%00%(upstream:track)%00%(upstream:remotename)%00%(upstream:remoteref) refs/heads/master refs/remotes/master [8ms]
2023-09-10 01:29:11.919 [info] > git status -z -uall [256ms]
2023-09-10 01:29:16.973 [info] > git config --get commit.template [8ms]
2023-09-10 01:29:16.977 [info] > git for-each-ref --format=%(refname)%00%(upstream:short)%00%(objectname)%00%(upstream:track)%00%(upstream:remotename)%00%(upstream:remoteref) refs/heads/master refs/remotes/master [5ms]
2023-09-10 01:29:17.256 [info] > git status -z -uall [273ms]
2023-09-10 01:29:22.315 [info] > git config --get commit.template [8ms]
2023-09-10 01:29:22.319 [info] > git for-each-ref --format=%(refname)%00%(upstream:short)%00%(objectname)%00%(upstream:track)%00%(upstream:remotename)%00%(upstream:remoteref) refs/heads/master refs/remotes/master [4ms]
2023-09-10 01:29:22.605 [info] > git status -z -uall [279ms]
2023-09-10 01:29:27.659 [info] > git config --get commit.template [8ms]
2023-09-10 01:29:27.663 [info] > git for-each-ref --format=%(refname)%00%(upstream:short)%00%(objectname)%00%(upstream:track)%00%(upstream:remotename)%00%(upstream:remoteref) refs/heads/master refs/remotes/master [5ms]
2023-09-10 01:29:27.952 [info] > git status -z -uall [283ms]
2023-09-10 01:29:33.599 [info] > git config --get commit.template [11ms]
2023-09-10 01:29:33.602 [info] > git for-each-ref --format=%(refname)%00%(upstream:short)%00%(objectname)%00%(upstream:track)%00%(upstream:remotename)%00%(upstream:remoteref) refs/heads/master refs/remotes/master [4ms]
2023-09-10 01:29:33.908 [info] > git status -z -uall [297ms]
2023-09-10 01:40:10.889 [info] > git config --get commit.template [8ms]
2023-09-10 01:40:10.894 [info] > git for-each-ref --format=%(refname)%00%(upstream:short)%00%(objectname)%00%(upstream:track)%00%(upstream:remotename)%00%(upstream:remoteref) refs/heads/master refs/remotes/master [6ms]
2023-09-10 01:40:11.456 [info] > git status -z -uall [556ms]
2023-09-10 01:40:56.736 [info] > git config --get commit.template [6ms]
2023-09-10 01:40:56.739 [info] > git for-each-ref --format=%(refname)%00%(upstream:short)%00%(objectname)%00%(upstream:track)%00%(upstream:remotename)%00%(upstream:remoteref) refs/heads/master refs/remotes/master [4ms]
2023-09-10 01:40:57.045 [info] > git status -z -uall [299ms]
2023-09-10 01:41:02.120 [info] > git config --get commit.template [9ms]
2023-09-10 01:41:02.124 [info] > git for-each-ref --format=%(refname)%00%(upstream:short)%00%(objectname)%00%(upstream:track)%00%(upstream:remotename)%00%(upstream:remoteref) refs/heads/master refs/remotes/master [5ms]
2023-09-10 01:41:02.447 [info] > git status -z -uall [314ms]
2023-09-10 01:41:07.510 [info] > git config --get commit.template [9ms]
2023-09-10 01:41:07.514 [info] > git for-each-ref --format=%(refname)%00%(upstream:short)%00%(objectname)%00%(upstream:track)%00%(upstream:remotename)%00%(upstream:remoteref) refs/heads/master refs/remotes/master [5ms]
2023-09-10 01:41:07.821 [info] > git status -z -uall [299ms]
2023-09-10 01:41:12.882 [info] > git config --get commit.template [9ms]
2023-09-10 01:41:12.887 [info] > git for-each-ref --format=%(refname)%00%(upstream:short)%00%(objectname)%00%(upstream:track)%00%(upstream:remotename)%00%(upstream:remoteref) refs/heads/master refs/remotes/master [7ms]
2023-09-10 01:41:13.422 [info] > git status -z -uall [527ms]
2023-09-10 01:41:18.526 [info] > git config --get commit.template [8ms]
2023-09-10 01:41:18.531 [info] > git for-each-ref --format=%(refname)%00%(upstream:short)%00%(objectname)%00%(upstream:track)%00%(upstream:remotename)%00%(upstream:remoteref) refs/heads/master refs/remotes/master [4ms]
2023-09-10 01:41:18.821 [info] > git status -z -uall [284ms]
2023-09-10 01:41:23.882 [info] > git config --get commit.template [11ms]
2023-09-10 01:41:23.885 [info] > git for-each-ref --format=%(refname)%00%(upstream:short)%00%(objectname)%00%(upstream:track)%00%(upstream:remotename)%00%(upstream:remoteref) refs/heads/master refs/remotes/master [5ms]
2023-09-10 01:41:24.178 [info] > git status -z -uall [286ms]
2023-09-10 01:41:29.239 [info] > git config --get commit.template [8ms]
2023-09-10 01:41:29.243 [info] > git for-each-ref --format=%(refname)%00%(upstream:short)%00%(objectname)%00%(upstream:track)%00%(upstream:remotename)%00%(upstream:remoteref) refs/heads/master refs/remotes/master [4ms]
2023-09-10 01:41:29.591 [info] > git status -z -uall [341ms]
2023-09-10 01:41:34.651 [info] > git config --get commit.template [8ms]
2023-09-10 01:41:34.654 [info] > git for-each-ref --format=%(refname)%00%(upstream:short)%00%(objectname)%00%(upstream:track)%00%(upstream:remotename)%00%(upstream:remoteref) refs/heads/master refs/remotes/master [4ms]
2023-09-10 01:41:34.962 [info] > git status -z -uall [302ms]
2023-09-10 01:41:40.187 [info] > git config --get commit.template [10ms]
2023-09-10 01:41:40.190 [info] > git for-each-ref --format=%(refname)%00%(upstream:short)%00%(objectname)%00%(upstream:track)%00%(upstream:remotename)%00%(upstream:remoteref) refs/heads/master refs/remotes/master [4ms]
2023-09-10 01:41:40.489 [info] > git status -z -uall [292ms]
2023-09-10 01:41:45.566 [info] > git config --get commit.template [8ms]
2023-09-10 01:41:45.571 [info] > git for-each-ref --format=%(refname)%00%(upstream:short)%00%(objectname)%00%(upstream:track)%00%(upstream:remotename)%00%(upstream:remoteref) refs/heads/master refs/remotes/master [5ms]
2023-09-10 01:41:45.883 [info] > git status -z -uall [304ms]
2023-09-10 01:41:50.943 [info] > git config --get commit.template [8ms]
2023-09-10 01:41:50.948 [info] > git for-each-ref --format=%(refname)%00%(upstream:short)%00%(objectname)%00%(upstream:track)%00%(upstream:remotename)%00%(upstream:remoteref) refs/heads/master refs/remotes/master [5ms]
2023-09-10 01:41:51.284 [info] > git status -z -uall [328ms]
2023-09-10 01:41:56.363 [info] > git config --get commit.template [9ms]
2023-09-10 01:41:56.367 [info] > git for-each-ref --format=%(refname)%00%(upstream:short)%00%(objectname)%00%(upstream:track)%00%(upstream:remotename)%00%(upstream:remoteref) refs/heads/master refs/remotes/master [5ms]
2023-09-10 01:41:56.666 [info] > git status -z -uall [291ms]
2023-09-10 01:42:01.618 [info] > git show --textconv :html/webAppDev/Assignment1/_Checklist_README.md [9ms]
2023-09-10 01:42:01.620 [info] > git ls-files --stage -- /var/www/html/webAppDev/Assignment1/_Checklist_README.md [3ms]
2023-09-10 01:42:01.723 [info] > git config --get commit.template [9ms]
2023-09-10 01:42:01.728 [info] > git for-each-ref --format=%(refname)%00%(upstream:short)%00%(objectname)%00%(upstream:track)%00%(upstream:remotename)%00%(upstream:remoteref) refs/heads/master refs/remotes/master [6ms]
2023-09-10 01:42:02.080 [info] > git status -z -uall [344ms]
2023-09-10 01:42:05.542 [info] > git show --textconv :html/webAppDev/Assignment1/_Security_README.md [8ms]
2023-09-10 01:42:05.544 [info] > git ls-files --stage -- /var/www/html/webAppDev/Assignment1/_Security_README.md [3ms]
2023-09-10 01:42:07.144 [info] > git config --get commit.template [8ms]
2023-09-10 01:42:07.148 [info] > git for-each-ref --format=%(refname)%00%(upstream:short)%00%(objectname)%00%(upstream:track)%00%(upstream:remotename)%00%(upstream:remoteref) refs/heads/master refs/remotes/master [5ms]
2023-09-10 01:42:07.446 [info] > git status -z -uall [291ms]
2023-09-10 01:42:07.922 [info] > git show --textconv :html/webAppDev/Assignment1/_Checklist_README.md [7ms]
2023-09-10 01:42:07.924 [info] > git ls-files --stage -- /var/www/html/webAppDev/Assignment1/_Checklist_README.md [3ms]
2023-09-10 01:42:12.507 [info] > git config --get commit.template [8ms]
2023-09-10 01:42:12.511 [info] > git for-each-ref --format=%(refname)%00%(upstream:short)%00%(objectname)%00%(upstream:track)%00%(upstream:remotename)%00%(upstream:remoteref) refs/heads/master refs/remotes/master [5ms]
2023-09-10 01:42:12.808 [info] > git status -z -uall [290ms]
2023-09-10 01:42:17.864 [info] > git config --get commit.template [8ms]
2023-09-10 01:42:17.868 [info] > git for-each-ref --format=%(refname)%00%(upstream:short)%00%(objectname)%00%(upstream:track)%00%(upstream:remotename)%00%(upstream:remoteref) refs/heads/master refs/remotes/master [5ms]
2023-09-10 01:42:18.380 [info] > git status -z -uall [505ms]
2023-09-10 01:42:23.439 [info] > git config --get commit.template [9ms]
2023-09-10 01:42:23.445 [info] > git for-each-ref --format=%(refname)%00%(upstream:short)%00%(objectname)%00%(upstream:track)%00%(upstream:remotename)%00%(upstream:remoteref) refs/heads/master refs/remotes/master [6ms]
2023-09-10 01:42:23.741 [info] > git status -z -uall [288ms]
2023-09-10 01:42:27.330 [info] > git show --textconv :html/webAppDev/Assignment1/_Security_README.md [9ms]
2023-09-10 01:42:27.332 [info] > git ls-files --stage -- /var/www/html/webAppDev/Assignment1/_Security_README.md [3ms]
2023-09-10 01:42:28.795 [info] > git config --get commit.template [9ms]
2023-09-10 01:42:28.799 [info] > git for-each-ref --format=%(refname)%00%(upstream:short)%00%(objectname)%00%(upstream:track)%00%(upstream:remotename)%00%(upstream:remoteref) refs/heads/master refs/remotes/master [4ms]
2023-09-10 01:42:29.090 [info] > git status -z -uall [284ms]
2023-09-10 01:42:34.150 [info] > git config --get commit.template [9ms]
2023-09-10 01:42:34.154 [info] > git for-each-ref --format=%(refname)%00%(upstream:short)%00%(objectname)%00%(upstream:track)%00%(upstream:remotename)%00%(upstream:remoteref) refs/heads/master refs/remotes/master [5ms]
2023-09-10 01:42:34.438 [info] > git status -z -uall [278ms]
2023-09-10 01:42:39.496 [info] > git config --get commit.template [8ms]
2023-09-10 01:42:39.502 [info] > git for-each-ref --format=%(refname)%00%(upstream:short)%00%(objectname)%00%(upstream:track)%00%(upstream:remotename)%00%(upstream:remoteref) refs/heads/master refs/remotes/master [8ms]
2023-09-10 01:42:39.815 [info] > git status -z -uall [306ms]
2023-09-10 01:42:46.412 [info] > git config --get commit.template [10ms]
2023-09-10 01:42:46.422 [info] > git for-each-ref --format=%(refname)%00%(upstream:short)%00%(objectname)%00%(upstream:track)%00%(upstream:remotename)%00%(upstream:remoteref) refs/heads/master refs/remotes/master [10ms]
2023-09-10 01:42:46.717 [info] > git status -z -uall [288ms]
2023-09-10 01:42:49.704 [info] > git check-ignore -v -z --stdin [5ms]
2023-09-10 01:42:51.772 [info] > git config --get commit.template [9ms]
2023-09-10 01:42:51.777 [info] > git for-each-ref --format=%(refname)%00%(upstream:short)%00%(objectname)%00%(upstream:track)%00%(upstream:remotename)%00%(upstream:remoteref) refs/heads/master refs/remotes/master [5ms]
2023-09-10 01:42:52.088 [info] > git status -z -uall [304ms]
2023-09-10 01:42:57.144 [info] > git config --get commit.template [9ms]
2023-09-10 01:42:57.148 [info] > git for-each-ref --format=%(refname)%00%(upstream:short)%00%(objectname)%00%(upstream:track)%00%(upstream:remotename)%00%(upstream:remoteref) refs/heads/master refs/remotes/master [5ms]
2023-09-10 01:42:57.432 [info] > git status -z -uall [276ms]
2023-09-10 01:43:02.489 [info] > git config --get commit.template [10ms]
2023-09-10 01:43:02.493 [info] > git for-each-ref --format=%(refname)%00%(upstream:short)%00%(objectname)%00%(upstream:track)%00%(upstream:remotename)%00%(upstream:remoteref) refs/heads/master refs/remotes/master [5ms]
2023-09-10 01:43:02.809 [info] > git status -z -uall [307ms]
2023-09-10 01:43:07.032 [info] > git show --textconv :html/webAppDev/Assignment1/_Documentation_README.md [8ms]
2023-09-10 01:43:07.035 [info] > git ls-files --stage -- /var/www/html/webAppDev/Assignment1/_Documentation_README.md [3ms]
2023-09-10 01:43:07.866 [info] > git config --get commit.template [9ms]
2023-09-10 01:43:07.870 [info] > git for-each-ref --format=%(refname)%00%(upstream:short)%00%(objectname)%00%(upstream:track)%00%(upstream:remotename)%00%(upstream:remoteref) refs/heads/master refs/remotes/master [4ms]
2023-09-10 01:43:08.193 [info] > git status -z -uall [315ms]
2023-09-10 01:43:13.275 [info] > git config --get commit.template [9ms]
2023-09-10 01:43:13.279 [info] > git for-each-ref --format=%(refname)%00%(upstream:short)%00%(objectname)%00%(upstream:track)%00%(upstream:remotename)%00%(upstream:remoteref) refs/heads/master refs/remotes/master [5ms]
2023-09-10 01:43:13.585 [info] > git status -z -uall [298ms]
2023-09-10 01:43:18.648 [info] > git config --get commit.template [9ms]
2023-09-10 01:43:18.654 [info] > git for-each-ref --format=%(refname)%00%(upstream:short)%00%(objectname)%00%(upstream:track)%00%(upstream:remotename)%00%(upstream:remoteref) refs/heads/master refs/remotes/master [7ms]
2023-09-10 01:43:19.190 [info] > git status -z -uall [529ms]
2023-09-10 01:43:24.248 [info] > git config --get commit.template [8ms]
2023-09-10 01:43:24.252 [info] > git for-each-ref --format=%(refname)%00%(upstream:short)%00%(objectname)%00%(upstream:track)%00%(upstream:remotename)%00%(upstream:remoteref) refs/heads/master refs/remotes/master [4ms]
2023-09-10 01:43:24.557 [info] > git status -z -uall [299ms]
2023-09-10 01:43:29.616 [info] > git config --get commit.template [9ms]
2023-09-10 01:43:29.620 [info] > git for-each-ref --format=%(refname)%00%(upstream:short)%00%(objectname)%00%(upstream:track)%00%(upstream:remotename)%00%(upstream:remoteref) refs/heads/master refs/remotes/master [5ms]
2023-09-10 01:43:29.926 [info] > git status -z -uall [299ms]
2023-09-10 01:43:34.986 [info] > git config --get commit.template [11ms]
2023-09-10 01:43:34.993 [info] > git for-each-ref --format=%(refname)%00%(upstream:short)%00%(objectname)%00%(upstream:track)%00%(upstream:remotename)%00%(upstream:remoteref) refs/heads/master refs/remotes/master [8ms]
2023-09-10 01:43:35.292 [info] > git status -z -uall [292ms]
2023-09-10 01:43:40.349 [info] > git config --get commit.template [8ms]
2023-09-10 01:43:40.353 [info] > git for-each-ref --format=%(refname)%00%(upstream:short)%00%(objectname)%00%(upstream:track)%00%(upstream:remotename)%00%(upstream:remoteref) refs/heads/master refs/remotes/master [5ms]
2023-09-10 01:43:40.645 [info] > git status -z -uall [286ms]
2023-09-10 01:43:45.700 [info] > git config --get commit.template [9ms]
2023-09-10 01:43:45.704 [info] > git for-each-ref --format=%(refname)%00%(upstream:short)%00%(objectname)%00%(upstream:track)%00%(upstream:remotename)%00%(upstream:remoteref) refs/heads/master refs/remotes/master [4ms]
2023-09-10 01:43:46.013 [info] > git status -z -uall [301ms]
2023-09-10 01:43:51.071 [info] > git config --get commit.template [8ms]
2023-09-10 01:43:51.075 [info] > git for-each-ref --format=%(refname)%00%(upstream:short)%00%(objectname)%00%(upstream:track)%00%(upstream:remotename)%00%(upstream:remoteref) refs/heads/master refs/remotes/master [4ms]
2023-09-10 01:43:51.375 [info] > git status -z -uall [293ms]
2023-09-10 01:43:56.433 [info] > git config --get commit.template [8ms]
2023-09-10 01:43:56.437 [info] > git for-each-ref --format=%(refname)%00%(upstream:short)%00%(objectname)%00%(upstream:track)%00%(upstream:remotename)%00%(upstream:remoteref) refs/heads/master refs/remotes/master [4ms]
2023-09-10 01:43:56.740 [info] > git status -z -uall [295ms]
2023-09-10 01:44:01.797 [info] > git config --get commit.template [9ms]
2023-09-10 01:44:01.801 [info] > git for-each-ref --format=%(refname)%00%(upstream:short)%00%(objectname)%00%(upstream:track)%00%(upstream:remotename)%00%(upstream:remoteref) refs/heads/master refs/remotes/master [5ms]
2023-09-10 01:44:02.097 [info] > git status -z -uall [289ms]
2023-09-10 01:44:07.173 [info] > git config --get commit.template [8ms]
2023-09-10 01:44:07.177 [info] > git for-each-ref --format=%(refname)%00%(upstream:short)%00%(objectname)%00%(upstream:track)%00%(upstream:remotename)%00%(upstream:remoteref) refs/heads/master refs/remotes/master [4ms]
2023-09-10 01:44:07.465 [info] > git status -z -uall [280ms]
2023-09-10 01:44:12.522 [info] > git config --get commit.template [8ms]
2023-09-10 01:44:12.529 [info] > git for-each-ref --format=%(refname)%00%(upstream:short)%00%(objectname)%00%(upstream:track)%00%(upstream:remotename)%00%(upstream:remoteref) refs/heads/master refs/remotes/master [7ms]
2023-09-10 01:44:12.840 [info] > git status -z -uall [303ms]
2023-09-10 01:44:17.921 [info] > git config --get commit.template [8ms]
2023-09-10 01:44:17.925 [info] > git for-each-ref --format=%(refname)%00%(upstream:short)%00%(objectname)%00%(upstream:track)%00%(upstream:remotename)%00%(upstream:remoteref) refs/heads/master refs/remotes/master [5ms]
2023-09-10 01:44:18.211 [info] > git status -z -uall [280ms]
2023-09-10 01:44:23.265 [info] > git config --get commit.template [8ms]
2023-09-10 01:44:23.270 [info] > git for-each-ref --format=%(refname)%00%(upstream:short)%00%(objectname)%00%(upstream:track)%00%(upstream:remotename)%00%(upstream:remoteref) refs/heads/master refs/remotes/master [6ms]
2023-09-10 01:44:23.774 [info] > git status -z -uall [498ms]
2023-09-10 01:44:28.827 [info] > git config --get commit.template [8ms]
2023-09-10 01:44:28.831 [info] > git for-each-ref --format=%(refname)%00%(upstream:short)%00%(objectname)%00%(upstream:track)%00%(upstream:remotename)%00%(upstream:remoteref) refs/heads/master refs/remotes/master [5ms]
2023-09-10 01:44:29.136 [info] > git status -z -uall [299ms]
2023-09-10 01:44:34.193 [info] > git config --get commit.template [8ms]
2023-09-10 01:44:34.197 [info] > git for-each-ref --format=%(refname)%00%(upstream:short)%00%(objectname)%00%(upstream:track)%00%(upstream:remotename)%00%(upstream:remoteref) refs/heads/master refs/remotes/master [4ms]
2023-09-10 01:44:34.487 [info] > git status -z -uall [284ms]
2023-09-10 01:44:39.541 [info] > git config --get commit.template [8ms]
2023-09-10 01:44:39.545 [info] > git for-each-ref --format=%(refname)%00%(upstream:short)%00%(objectname)%00%(upstream:track)%00%(upstream:remotename)%00%(upstream:remoteref) refs/heads/master refs/remotes/master [5ms]
2023-09-10 01:44:39.858 [info] > git status -z -uall [307ms]
2023-09-10 01:44:44.910 [info] > git config --get commit.template [8ms]
2023-09-10 01:44:44.914 [info] > git for-each-ref --format=%(refname)%00%(upstream:short)%00%(objectname)%00%(upstream:track)%00%(upstream:remotename)%00%(upstream:remoteref) refs/heads/master refs/remotes/master [4ms]
2023-09-10 01:44:45.248 [info] > git status -z -uall [328ms]
2023-09-10 01:44:50.308 [info] > git config --get commit.template [8ms]
2023-09-10 01:44:50.312 [info] > git for-each-ref --format=%(refname)%00%(upstream:short)%00%(objectname)%00%(upstream:track)%00%(upstream:remotename)%00%(upstream:remoteref) refs/heads/master refs/remotes/master [5ms]
2023-09-10 01:44:50.602 [info] > git status -z -uall [283ms]
2023-09-10 01:44:55.656 [info] > git config --get commit.template [8ms]
2023-09-10 01:44:55.660 [info] > git for-each-ref --format=%(refname)%00%(upstream:short)%00%(objectname)%00%(upstream:track)%00%(upstream:remotename)%00%(upstream:remoteref) refs/heads/master refs/remotes/master [5ms]
2023-09-10 01:44:55.969 [info] > git status -z -uall [303ms]
2023-09-10 01:45:01.050 [info] > git config --get commit.template [9ms]
2023-09-10 01:45:01.054 [info] > git for-each-ref --format=%(refname)%00%(upstream:short)%00%(objectname)%00%(upstream:track)%00%(upstream:remotename)%00%(upstream:remoteref) refs/heads/master refs/remotes/master [5ms]
2023-09-10 01:45:01.395 [info] > git status -z -uall [332ms]
2023-09-10 01:45:06.455 [info] > git config --get commit.template [9ms]
2023-09-10 01:45:06.460 [info] > git for-each-ref --format=%(refname)%00%(upstream:short)%00%(objectname)%00%(upstream:track)%00%(upstream:remotename)%00%(upstream:remoteref) refs/heads/master refs/remotes/master [6ms]
2023-09-10 01:45:06.817 [info] > git status -z -uall [349ms]
2023-09-10 01:45:11.873 [info] > git config --get commit.template [8ms]
2023-09-10 01:45:11.879 [info] > git for-each-ref --format=%(refname)%00%(upstream:short)%00%(objectname)%00%(upstream:track)%00%(upstream:remotename)%00%(upstream:remoteref) refs/heads/master refs/remotes/master [6ms]
2023-09-10 01:45:12.184 [info] > git status -z -uall [296ms]
2023-09-10 01:45:17.243 [info] > git config --get commit.template [8ms]
2023-09-10 01:45:17.246 [info] > git for-each-ref --format=%(refname)%00%(upstream:short)%00%(objectname)%00%(upstream:track)%00%(upstream:remotename)%00%(upstream:remoteref) refs/heads/master refs/remotes/master [4ms]
2023-09-10 01:45:17.541 [info] > git status -z -uall [288ms]
2023-09-10 01:45:22.598 [info] > git config --get commit.template [8ms]
2023-09-10 01:45:22.602 [info] > git for-each-ref --format=%(refname)%00%(upstream:short)%00%(objectname)%00%(upstream:track)%00%(upstream:remotename)%00%(upstream:remoteref) refs/heads/master refs/remotes/master [5ms]
2023-09-10 01:45:22.902 [info] > git status -z -uall [292ms]
2023-09-10 01:45:27.961 [info] > git config --get commit.template [9ms]
2023-09-10 01:45:27.964 [info] > git for-each-ref --format=%(refname)%00%(upstream:short)%00%(objectname)%00%(upstream:track)%00%(upstream:remotename)%00%(upstream:remoteref) refs/heads/master refs/remotes/master [5ms]
2023-09-10 01:45:28.537 [info] > git status -z -uall [565ms]
2023-09-10 01:45:33.605 [info] > git config --get commit.template [10ms]
2023-09-10 01:45:33.609 [info] > git for-each-ref --format=%(refname)%00%(upstream:short)%00%(objectname)%00%(upstream:track)%00%(upstream:remotename)%00%(upstream:remoteref) refs/heads/master refs/remotes/master [5ms]
2023-09-10 01:45:33.907 [info] > git status -z -uall [291ms]
2023-09-10 01:45:38.965 [info] > git config --get commit.template [8ms]
2023-09-10 01:45:38.969 [info] > git for-each-ref --format=%(refname)%00%(upstream:short)%00%(objectname)%00%(upstream:track)%00%(upstream:remotename)%00%(upstream:remoteref) refs/heads/master refs/remotes/master [5ms]
2023-09-10 01:45:39.284 [info] > git status -z -uall [308ms]
2023-09-10 01:45:45.856 [info] > git config --get commit.template [8ms]
2023-09-10 01:45:45.860 [info] > git for-each-ref --format=%(refname)%00%(upstream:short)%00%(objectname)%00%(upstream:track)%00%(upstream:remotename)%00%(upstream:remoteref) refs/heads/master refs/remotes/master [4ms]
2023-09-10 01:45:46.155 [info] > git status -z -uall [287ms]
2023-09-10 01:45:51.214 [info] > git config --get commit.template [8ms]
2023-09-10 01:45:51.218 [info] > git for-each-ref --format=%(refname)%00%(upstream:short)%00%(objectname)%00%(upstream:track)%00%(upstream:remotename)%00%(upstream:remoteref) refs/heads/master refs/remotes/master [5ms]
2023-09-10 01:45:51.534 [info] > git status -z -uall [308ms]
2023-09-10 01:45:56.592 [info] > git config --get commit.template [8ms]
2023-09-10 01:45:56.597 [info] > git for-each-ref --format=%(refname)%00%(upstream:short)%00%(objectname)%00%(upstream:track)%00%(upstream:remotename)%00%(upstream:remoteref) refs/heads/master refs/remotes/master [6ms]
2023-09-10 01:45:56.905 [info] > git status -z -uall [301ms]
2023-09-10 01:46:01.974 [info] > git config --get commit.template [11ms]
2023-09-10 01:46:01.977 [info] > git for-each-ref --format=%(refname)%00%(upstream:short)%00%(objectname)%00%(upstream:track)%00%(upstream:remotename)%00%(upstream:remoteref) refs/heads/master refs/remotes/master [4ms]
2023-09-10 01:46:02.304 [info] > git status -z -uall [316ms]
2023-09-10 01:46:07.412 [info] > git config --get commit.template [9ms]
2023-09-10 01:46:07.416 [info] > git for-each-ref --format=%(refname)%00%(upstream:short)%00%(objectname)%00%(upstream:track)%00%(upstream:remotename)%00%(upstream:remoteref) refs/heads/master refs/remotes/master [5ms]
2023-09-10 01:46:07.724 [info] > git status -z -uall [301ms]
2023-09-10 01:46:12.780 [info] > git config --get commit.template [9ms]
2023-09-10 01:46:12.784 [info] > git for-each-ref --format=%(refname)%00%(upstream:short)%00%(objectname)%00%(upstream:track)%00%(upstream:remotename)%00%(upstream:remoteref) refs/heads/master refs/remotes/master [5ms]
2023-09-10 01:46:13.063 [info] > git status -z -uall [272ms]
2023-09-10 01:46:18.121 [info] > git config --get commit.template [9ms]
2023-09-10 01:46:18.125 [info] > git for-each-ref --format=%(refname)%00%(upstream:short)%00%(objectname)%00%(upstream:track)%00%(upstream:remotename)%00%(upstream:remoteref) refs/heads/master refs/remotes/master [5ms]
2023-09-10 01:46:18.376 [info] > git status -z -uall [244ms]
2023-09-10 01:46:23.434 [info] > git config --get commit.template [9ms]
2023-09-10 01:46:23.438 [info] > git for-each-ref --format=%(refname)%00%(upstream:short)%00%(objectname)%00%(upstream:track)%00%(upstream:remotename)%00%(upstream:remoteref) refs/heads/master refs/remotes/master [5ms]
2023-09-10 01:46:23.709 [info] > git status -z -uall [263ms]
2023-09-10 01:46:28.762 [info] > git config --get commit.template [8ms]
2023-09-10 01:46:28.769 [info] > git for-each-ref --format=%(refname)%00%(upstream:short)%00%(objectname)%00%(upstream:track)%00%(upstream:remotename)%00%(upstream:remoteref) refs/heads/master refs/remotes/master [8ms]
2023-09-10 01:46:29.326 [info] > git status -z -uall [550ms]
2023-09-10 01:46:34.382 [info] > git config --get commit.template [8ms]
2023-09-10 01:46:34.385 [info] > git for-each-ref --format=%(refname)%00%(upstream:short)%00%(objectname)%00%(upstream:track)%00%(upstream:remotename)%00%(upstream:remoteref) refs/heads/master refs/remotes/master [4ms]
2023-09-10 01:46:34.672 [info] > git status -z -uall [279ms]
2023-09-10 01:46:39.725 [info] > git config --get commit.template [7ms]
2023-09-10 01:46:39.728 [info] > git for-each-ref --format=%(refname)%00%(upstream:short)%00%(objectname)%00%(upstream:track)%00%(upstream:remotename)%00%(upstream:remoteref) refs/heads/master refs/remotes/master [4ms]
2023-09-10 01:46:40.026 [info] > git status -z -uall [292ms]
2023-09-10 01:46:47.966 [info] > git config --get commit.template [9ms]
2023-09-10 01:46:47.970 [info] > git for-each-ref --format=%(refname)%00%(upstream:short)%00%(objectname)%00%(upstream:track)%00%(upstream:remotename)%00%(upstream:remoteref) refs/heads/master refs/remotes/master [5ms]
2023-09-10 01:46:48.291 [info] > git status -z -uall [314ms]
2023-09-10 01:46:53.355 [info] > git config --get commit.template [9ms]
2023-09-10 01:46:53.360 [info] > git for-each-ref --format=%(refname)%00%(upstream:short)%00%(objectname)%00%(upstream:track)%00%(upstream:remotename)%00%(upstream:remoteref) refs/heads/master refs/remotes/master [5ms]
2023-09-10 01:46:53.704 [info] > git status -z -uall [338ms]
2023-09-10 01:46:58.765 [info] > git config --get commit.template [10ms]
2023-09-10 01:46:58.769 [info] > git for-each-ref --format=%(refname)%00%(upstream:short)%00%(objectname)%00%(upstream:track)%00%(upstream:remotename)%00%(upstream:remoteref) refs/heads/master refs/remotes/master [5ms]
2023-09-10 01:46:59.065 [info] > git status -z -uall [289ms]
2023-09-10 01:47:04.126 [info] > git config --get commit.template [7ms]
2023-09-10 01:47:04.134 [info] > git for-each-ref --format=%(refname)%00%(upstream:short)%00%(objectname)%00%(upstream:track)%00%(upstream:remotename)%00%(upstream:remoteref) refs/heads/master refs/remotes/master [9ms]
2023-09-10 01:47:04.442 [info] > git status -z -uall [300ms]
2023-09-10 01:47:09.497 [info] > git config --get commit.template [7ms]
2023-09-10 01:47:09.501 [info] > git for-each-ref --format=%(refname)%00%(upstream:short)%00%(objectname)%00%(upstream:track)%00%(upstream:remotename)%00%(upstream:remoteref) refs/heads/master refs/remotes/master [5ms]
2023-09-10 01:47:09.859 [info] > git status -z -uall [352ms]
2023-09-10 01:47:14.916 [info] > git config --get commit.template [8ms]
2023-09-10 01:47:14.920 [info] > git for-each-ref --format=%(refname)%00%(upstream:short)%00%(objectname)%00%(upstream:track)%00%(upstream:remotename)%00%(upstream:remoteref) refs/heads/master refs/remotes/master [5ms]
2023-09-10 01:47:15.228 [info] > git status -z -uall [301ms]
2023-09-10 01:47:20.287 [info] > git config --get commit.template [9ms]
2023-09-10 01:47:20.291 [info] > git for-each-ref --format=%(refname)%00%(upstream:short)%00%(objectname)%00%(upstream:track)%00%(upstream:remotename)%00%(upstream:remoteref) refs/heads/master refs/remotes/master [5ms]
2023-09-10 01:47:20.608 [info] > git status -z -uall [309ms]
2023-09-10 01:47:25.671 [info] > git config --get commit.template [10ms]
2023-09-10 01:47:25.675 [info] > git for-each-ref --format=%(refname)%00%(upstream:short)%00%(objectname)%00%(upstream:track)%00%(upstream:remotename)%00%(upstream:remoteref) refs/heads/master refs/remotes/master [5ms]
2023-09-10 01:47:25.996 [info] > git status -z -uall [313ms]
2023-09-10 01:47:31.058 [info] > git config --get commit.template [10ms]
2023-09-10 01:47:31.065 [info] > git for-each-ref --format=%(refname)%00%(upstream:short)%00%(objectname)%00%(upstream:track)%00%(upstream:remotename)%00%(upstream:remoteref) refs/heads/master refs/remotes/master [9ms]
2023-09-10 01:47:31.679 [info] > git status -z -uall [606ms]
2023-09-10 01:47:36.759 [info] > git config --get commit.template [8ms]
2023-09-10 01:47:36.764 [info] > git for-each-ref --format=%(refname)%00%(upstream:short)%00%(objectname)%00%(upstream:track)%00%(upstream:remotename)%00%(upstream:remoteref) refs/heads/master refs/remotes/master [5ms]
2023-09-10 01:47:37.095 [info] > git status -z -uall [325ms]
2023-09-10 01:47:42.152 [info] > git config --get commit.template [9ms]
2023-09-10 01:47:42.163 [info] > git for-each-ref --format=%(refname)%00%(upstream:short)%00%(objectname)%00%(upstream:track)%00%(upstream:remotename)%00%(upstream:remoteref) refs/heads/master refs/remotes/master [11ms]
2023-09-10 01:47:42.529 [info] > git status -z -uall [358ms]
2023-09-10 01:47:47.585 [info] > git config --get commit.template [8ms]
2023-09-10 01:47:47.590 [info] > git for-each-ref --format=%(refname)%00%(upstream:short)%00%(objectname)%00%(upstream:track)%00%(upstream:remotename)%00%(upstream:remoteref) refs/heads/master refs/remotes/master [5ms]
2023-09-10 01:47:47.944 [info] > git status -z -uall [348ms]
2023-09-10 01:47:53.002 [info] > git config --get commit.template [8ms]
2023-09-10 01:47:53.006 [info] > git for-each-ref --format=%(refname)%00%(upstream:short)%00%(objectname)%00%(upstream:track)%00%(upstream:remotename)%00%(upstream:remoteref) refs/heads/master refs/remotes/master [5ms]
2023-09-10 01:47:53.371 [info] > git status -z -uall [358ms]
2023-09-10 01:47:58.428 [info] > git config --get commit.template [8ms]
2023-09-10 01:47:58.432 [info] > git for-each-ref --format=%(refname)%00%(upstream:short)%00%(objectname)%00%(upstream:track)%00%(upstream:remotename)%00%(upstream:remoteref) refs/heads/master refs/remotes/master [5ms]
2023-09-10 01:47:58.770 [info] > git status -z -uall [331ms]
2023-09-10 01:48:03.823 [info] > git config --get commit.template [4ms]
2023-09-10 01:48:03.836 [info] > git for-each-ref --format=%(refname)%00%(upstream:short)%00%(objectname)%00%(upstream:track)%00%(upstream:remotename)%00%(upstream:remoteref) refs/heads/master refs/remotes/master [5ms]
2023-09-10 01:48:04.199 [info] > git status -z -uall [354ms]
2023-09-10 01:48:09.253 [info] > git config --get commit.template [9ms]
2023-09-10 01:48:09.257 [info] > git for-each-ref --format=%(refname)%00%(upstream:short)%00%(objectname)%00%(upstream:track)%00%(upstream:remotename)%00%(upstream:remoteref) refs/heads/master refs/remotes/master [5ms]
2023-09-10 01:48:09.602 [info] > git status -z -uall [339ms]
2023-09-10 01:48:14.657 [info] > git config --get commit.template [8ms]
2023-09-10 01:48:14.661 [info] > git for-each-ref --format=%(refname)%00%(upstream:short)%00%(objectname)%00%(upstream:track)%00%(upstream:remotename)%00%(upstream:remoteref) refs/heads/master refs/remotes/master [5ms]
2023-09-10 01:48:14.996 [info] > git status -z -uall [329ms]
2023-09-10 01:48:20.055 [info] > git config --get commit.template [9ms]
2023-09-10 01:48:20.059 [info] > git for-each-ref --format=%(refname)%00%(upstream:short)%00%(objectname)%00%(upstream:track)%00%(upstream:remotename)%00%(upstream:remoteref) refs/heads/master refs/remotes/master [5ms]
2023-09-10 01:48:20.449 [info] > git status -z -uall [382ms]
2023-09-10 01:48:25.504 [info] > git config --get commit.template [8ms]
2023-09-10 01:48:25.510 [info] > git for-each-ref --format=%(refname)%00%(upstream:short)%00%(objectname)%00%(upstream:track)%00%(upstream:remotename)%00%(upstream:remoteref) refs/heads/master refs/remotes/master [7ms]
2023-09-10 01:48:25.876 [info] > git status -z -uall [358ms]
2023-09-10 01:48:30.952 [info] > git config --get commit.template [9ms]
2023-09-10 01:48:30.959 [info] > git for-each-ref --format=%(refname)%00%(upstream:short)%00%(objectname)%00%(upstream:track)%00%(upstream:remotename)%00%(upstream:remoteref) refs/heads/master refs/remotes/master [8ms]
2023-09-10 01:48:31.301 [info] > git status -z -uall [335ms]
2023-09-10 01:48:36.366 [info] > git config --get commit.template [8ms]
2023-09-10 01:48:36.371 [info] > git for-each-ref --format=%(refname)%00%(upstream:short)%00%(objectname)%00%(upstream:track)%00%(upstream:remotename)%00%(upstream:remoteref) refs/heads/master refs/remotes/master [6ms]
2023-09-10 01:48:36.964 [info] > git status -z -uall [586ms]
2023-09-10 01:48:42.021 [info] > git config --get commit.template [10ms]
2023-09-10 01:48:42.025 [info] > git for-each-ref --format=%(refname)%00%(upstream:short)%00%(objectname)%00%(upstream:track)%00%(upstream:remotename)%00%(upstream:remoteref) refs/heads/master refs/remotes/master [5ms]
2023-09-10 01:48:42.399 [info] > git status -z -uall [367ms]
2023-09-10 01:48:47.449 [info] > git config --get commit.template [2ms]
2023-09-10 01:48:47.463 [info] > git for-each-ref --format=%(refname)%00%(upstream:short)%00%(objectname)%00%(upstream:track)%00%(upstream:remotename)%00%(upstream:remoteref) refs/heads/master refs/remotes/master [6ms]
2023-09-10 01:48:47.843 [info] > git status -z -uall [371ms]
2023-09-10 01:48:52.900 [info] > git config --get commit.template [8ms]
2023-09-10 01:48:52.905 [info] > git for-each-ref --format=%(refname)%00%(upstream:short)%00%(objectname)%00%(upstream:track)%00%(upstream:remotename)%00%(upstream:remoteref) refs/heads/master refs/remotes/master [5ms]
2023-09-10 01:48:53.225 [info] > git status -z -uall [314ms]
2023-09-10 01:48:58.283 [info] > git config --get commit.template [8ms]
2023-09-10 01:48:58.287 [info] > git for-each-ref --format=%(refname)%00%(upstream:short)%00%(objectname)%00%(upstream:track)%00%(upstream:remotename)%00%(upstream:remoteref) refs/heads/master refs/remotes/master [5ms]
2023-09-10 01:48:58.611 [info] > git status -z -uall [319ms]
2023-09-10 01:49:03.670 [info] > git config --get commit.template [9ms]
2023-09-10 01:49:03.675 [info] > git for-each-ref --format=%(refname)%00%(upstream:short)%00%(objectname)%00%(upstream:track)%00%(upstream:remotename)%00%(upstream:remoteref) refs/heads/master refs/remotes/master [6ms]
2023-09-10 01:49:04.013 [info] > git status -z -uall [329ms]
2023-09-10 01:49:09.073 [info] > git config --get commit.template [9ms]
2023-09-10 01:49:09.077 [info] > git for-each-ref --format=%(refname)%00%(upstream:short)%00%(objectname)%00%(upstream:track)%00%(upstream:remotename)%00%(upstream:remoteref) refs/heads/master refs/remotes/master [5ms]
2023-09-10 01:49:09.421 [info] > git status -z -uall [335ms]
2023-09-10 01:49:14.479 [info] > git config --get commit.template [9ms]
2023-09-10 01:49:14.483 [info] > git for-each-ref --format=%(refname)%00%(upstream:short)%00%(objectname)%00%(upstream:track)%00%(upstream:remotename)%00%(upstream:remoteref) refs/heads/master refs/remotes/master [4ms]
2023-09-10 01:49:14.816 [info] > git status -z -uall [324ms]
2023-09-10 01:49:19.870 [info] > git config --get commit.template [11ms]
2023-09-10 01:49:19.877 [info] > git for-each-ref --format=%(refname)%00%(upstream:short)%00%(objectname)%00%(upstream:track)%00%(upstream:remotename)%00%(upstream:remoteref) refs/heads/master refs/remotes/master [7ms]
2023-09-10 01:49:20.243 [info] > git status -z -uall [357ms]
2023-09-10 01:49:50.261 [info] > git config --get commit.template [7ms]
2023-09-10 01:49:50.266 [info] > git for-each-ref --format=%(refname)%00%(upstream:short)%00%(objectname)%00%(upstream:track)%00%(upstream:remotename)%00%(upstream:remoteref) refs/heads/master refs/remotes/master [6ms]
2023-09-10 01:49:50.843 [info] > git status -z -uall [571ms]
2023-09-10 01:49:55.904 [info] > git config --get commit.template [8ms]
2023-09-10 01:49:55.908 [info] > git for-each-ref --format=%(refname)%00%(upstream:short)%00%(objectname)%00%(upstream:track)%00%(upstream:remotename)%00%(upstream:remoteref) refs/heads/master refs/remotes/master [4ms]
2023-09-10 01:49:56.227 [info] > git status -z -uall [312ms]
2023-09-10 01:50:01.287 [info] > git config --get commit.template [9ms]
2023-09-10 01:50:01.292 [info] > git for-each-ref --format=%(refname)%00%(upstream:short)%00%(objectname)%00%(upstream:track)%00%(upstream:remotename)%00%(upstream:remoteref) refs/heads/master refs/remotes/master [6ms]
2023-09-10 01:50:01.633 [info] > git status -z -uall [331ms]
2023-09-10 01:50:06.689 [info] > git config --get commit.template [9ms]
2023-09-10 01:50:06.694 [info] > git for-each-ref --format=%(refname)%00%(upstream:short)%00%(objectname)%00%(upstream:track)%00%(upstream:remotename)%00%(upstream:remoteref) refs/heads/master refs/remotes/master [6ms]
2023-09-10 01:50:07.029 [info] > git status -z -uall [327ms]
2023-09-10 01:50:12.084 [info] > git config --get commit.template [10ms]
2023-09-10 01:50:12.092 [info] > git for-each-ref --format=%(refname)%00%(upstream:short)%00%(objectname)%00%(upstream:track)%00%(upstream:remotename)%00%(upstream:remoteref) refs/heads/master refs/remotes/master [8ms]
2023-09-10 01:50:12.397 [info] > git status -z -uall [296ms]
2023-09-10 01:50:17.458 [info] > git config --get commit.template [11ms]
2023-09-10 01:50:17.462 [info] > git for-each-ref --format=%(refname)%00%(upstream:short)%00%(objectname)%00%(upstream:track)%00%(upstream:remotename)%00%(upstream:remoteref) refs/heads/master refs/remotes/master [5ms]
2023-09-10 01:50:17.777 [info] > git status -z -uall [307ms]
2023-09-10 01:50:22.834 [info] > git config --get commit.template [11ms]
2023-09-10 01:50:22.838 [info] > git for-each-ref --format=%(refname)%00%(upstream:short)%00%(objectname)%00%(upstream:track)%00%(upstream:remotename)%00%(upstream:remoteref) refs/heads/master refs/remotes/master [5ms]
2023-09-10 01:50:23.188 [info] > git status -z -uall [341ms]
2023-09-10 01:50:28.244 [info] > git config --get commit.template [11ms]
2023-09-10 01:50:28.248 [info] > git for-each-ref --format=%(refname)%00%(upstream:short)%00%(objectname)%00%(upstream:track)%00%(upstream:remotename)%00%(upstream:remoteref) refs/heads/master refs/remotes/master [5ms]
2023-09-10 01:50:28.553 [info] > git status -z -uall [296ms]
2023-09-10 01:50:33.613 [info] > git config --get commit.template [11ms]
2023-09-10 01:50:33.617 [info] > git for-each-ref --format=%(refname)%00%(upstream:short)%00%(objectname)%00%(upstream:track)%00%(upstream:remotename)%00%(upstream:remoteref) refs/heads/master refs/remotes/master [4ms]
2023-09-10 01:50:33.926 [info] > git status -z -uall [299ms]
2023-09-10 01:50:38.982 [info] > git config --get commit.template [12ms]
2023-09-10 01:50:38.990 [info] > git for-each-ref --format=%(refname)%00%(upstream:short)%00%(objectname)%00%(upstream:track)%00%(upstream:remotename)%00%(upstream:remoteref) refs/heads/master refs/remotes/master [9ms]
2023-09-10 01:50:39.303 [info] > git status -z -uall [304ms]
2023-09-10 01:50:44.363 [info] > git config --get commit.template [12ms]
2023-09-10 01:50:44.368 [info] > git for-each-ref --format=%(refname)%00%(upstream:short)%00%(objectname)%00%(upstream:track)%00%(upstream:remotename)%00%(upstream:remoteref) refs/heads/master refs/remotes/master [4ms]
2023-09-10 01:50:44.713 [info] > git status -z -uall [334ms]
2023-09-10 01:50:49.777 [info] > git config --get commit.template [13ms]
2023-09-10 01:50:49.782 [info] > git for-each-ref --format=%(refname)%00%(upstream:short)%00%(objectname)%00%(upstream:track)%00%(upstream:remotename)%00%(upstream:remoteref) refs/heads/master refs/remotes/master [4ms]
2023-09-10 01:50:50.098 [info] > git status -z -uall [305ms]
2023-09-10 01:50:55.152 [info] > git config --get commit.template [8ms]
2023-09-10 01:50:55.157 [info] > git for-each-ref --format=%(refname)%00%(upstream:short)%00%(objectname)%00%(upstream:track)%00%(upstream:remotename)%00%(upstream:remoteref) refs/heads/master refs/remotes/master [5ms]
2023-09-10 01:50:55.807 [info] > git status -z -uall [644ms]
2023-09-10 01:51:00.861 [info] > git config --get commit.template [9ms]
2023-09-10 01:51:00.865 [info] > git for-each-ref --format=%(refname)%00%(upstream:short)%00%(objectname)%00%(upstream:track)%00%(upstream:remotename)%00%(upstream:remoteref) refs/heads/master refs/remotes/master [5ms]
2023-09-10 01:51:01.184 [info] > git status -z -uall [312ms]
2023-09-10 01:51:06.241 [info] > git config --get commit.template [8ms]
2023-09-10 01:51:06.245 [info] > git for-each-ref --format=%(refname)%00%(upstream:short)%00%(objectname)%00%(upstream:track)%00%(upstream:remotename)%00%(upstream:remoteref) refs/heads/master refs/remotes/master [4ms]
2023-09-10 01:51:06.593 [info] > git status -z -uall [342ms]
2023-09-10 01:51:11.653 [info] > git config --get commit.template [10ms]
2023-09-10 01:51:11.656 [info] > git for-each-ref --format=%(refname)%00%(upstream:short)%00%(objectname)%00%(upstream:track)%00%(upstream:remotename)%00%(upstream:remoteref) refs/heads/master refs/remotes/master [4ms]
2023-09-10 01:51:11.961 [info] > git status -z -uall [298ms]
2023-09-10 01:51:17.038 [info] > git config --get commit.template [8ms]
2023-09-10 01:51:17.043 [info] > git for-each-ref --format=%(refname)%00%(upstream:short)%00%(objectname)%00%(upstream:track)%00%(upstream:remotename)%00%(upstream:remoteref) refs/heads/master refs/remotes/master [5ms]
2023-09-10 01:51:17.368 [info] > git status -z -uall [318ms]
2023-09-10 01:51:22.422 [info] > git config --get commit.template [10ms]
2023-09-10 01:51:22.431 [info] > git for-each-ref --format=%(refname)%00%(upstream:short)%00%(objectname)%00%(upstream:track)%00%(upstream:remotename)%00%(upstream:remoteref) refs/heads/master refs/remotes/master [11ms]
2023-09-10 01:51:22.809 [info] > git status -z -uall [369ms]
2023-09-10 01:51:27.863 [info] > git config --get commit.template [9ms]
2023-09-10 01:51:27.870 [info] > git for-each-ref --format=%(refname)%00%(upstream:short)%00%(objectname)%00%(upstream:track)%00%(upstream:remotename)%00%(upstream:remoteref) refs/heads/master refs/remotes/master [8ms]
2023-09-10 01:51:28.233 [info] > git status -z -uall [356ms]
2023-09-10 01:51:33.295 [info] > git config --get commit.template [10ms]
2023-09-10 01:51:33.309 [info] > git for-each-ref --format=%(refname)%00%(upstream:short)%00%(objectname)%00%(upstream:track)%00%(upstream:remotename)%00%(upstream:remoteref) refs/heads/master refs/remotes/master [15ms]
2023-09-10 01:51:33.674 [info] > git status -z -uall [354ms]
2023-09-10 01:51:38.760 [info] > git config --get commit.template [9ms]
2023-09-10 01:51:38.764 [info] > git for-each-ref --format=%(refname)%00%(upstream:short)%00%(objectname)%00%(upstream:track)%00%(upstream:remotename)%00%(upstream:remoteref) refs/heads/master refs/remotes/master [5ms]
2023-09-10 01:51:39.094 [info] > git status -z -uall [323ms]
2023-09-10 01:51:44.148 [info] > git config --get commit.template [8ms]
2023-09-10 01:51:44.152 [info] > git for-each-ref --format=%(refname)%00%(upstream:short)%00%(objectname)%00%(upstream:track)%00%(upstream:remotename)%00%(upstream:remoteref) refs/heads/master refs/remotes/master [5ms]
2023-09-10 01:51:44.474 [info] > git status -z -uall [315ms]
2023-09-10 01:51:49.533 [info] > git config --get commit.template [9ms]
2023-09-10 01:51:49.537 [info] > git for-each-ref --format=%(refname)%00%(upstream:short)%00%(objectname)%00%(upstream:track)%00%(upstream:remotename)%00%(upstream:remoteref) refs/heads/master refs/remotes/master [4ms]
2023-09-10 01:51:49.906 [info] > git status -z -uall [360ms]
2023-09-10 01:51:54.961 [info] > git config --get commit.template [9ms]
2023-09-10 01:51:54.965 [info] > git for-each-ref --format=%(refname)%00%(upstream:short)%00%(objectname)%00%(upstream:track)%00%(upstream:remotename)%00%(upstream:remoteref) refs/heads/master refs/remotes/master [5ms]
2023-09-10 01:51:55.288 [info] > git status -z -uall [316ms]
2023-09-10 01:52:00.343 [info] > git config --get commit.template [10ms]
2023-09-10 01:52:00.349 [info] > git for-each-ref --format=%(refname)%00%(upstream:short)%00%(objectname)%00%(upstream:track)%00%(upstream:remotename)%00%(upstream:remoteref) refs/heads/master refs/remotes/master [6ms]
2023-09-10 01:52:00.972 [info] > git status -z -uall [614ms]
2023-09-10 01:52:06.035 [info] > git config --get commit.template [12ms]
2023-09-10 01:52:06.040 [info] > git for-each-ref --format=%(refname)%00%(upstream:short)%00%(objectname)%00%(upstream:track)%00%(upstream:remotename)%00%(upstream:remoteref) refs/heads/master refs/remotes/master [5ms]
2023-09-10 01:52:06.381 [info] > git status -z -uall [329ms]
2023-09-10 01:52:11.443 [info] > git config --get commit.template [12ms]
2023-09-10 01:52:11.450 [info] > git for-each-ref --format=%(refname)%00%(upstream:short)%00%(objectname)%00%(upstream:track)%00%(upstream:remotename)%00%(upstream:remoteref) refs/heads/master refs/remotes/master [8ms]
2023-09-10 01:52:11.846 [info] > git status -z -uall [386ms]
2023-09-10 01:52:16.907 [info] > git config --get commit.template [12ms]
2023-09-10 01:52:16.911 [info] > git for-each-ref --format=%(refname)%00%(upstream:short)%00%(objectname)%00%(upstream:track)%00%(upstream:remotename)%00%(upstream:remoteref) refs/heads/master refs/remotes/master [5ms]
2023-09-10 01:52:17.245 [info] > git status -z -uall [324ms]
2023-09-10 01:52:17.735 [info] > git show --textconv :html/webAppDev/Assignment1/_Security_README.md [12ms]
2023-09-10 01:52:17.737 [info] > git ls-files --stage -- /var/www/html/webAppDev/Assignment1/_Security_README.md [3ms]
2023-09-10 01:52:22.314 [info] > git config --get commit.template [15ms]
2023-09-10 01:52:22.319 [info] > git for-each-ref --format=%(refname)%00%(upstream:short)%00%(objectname)%00%(upstream:track)%00%(upstream:remotename)%00%(upstream:remoteref) refs/heads/master refs/remotes/master [5ms]
2023-09-10 01:52:22.699 [info] > git status -z -uall [367ms]
2023-09-10 01:52:27.771 [info] > git config --get commit.template [12ms]
2023-09-10 01:52:27.775 [info] > git for-each-ref --format=%(refname)%00%(upstream:short)%00%(objectname)%00%(upstream:track)%00%(upstream:remotename)%00%(upstream:remoteref) refs/heads/master refs/remotes/master [5ms]
2023-09-10 01:52:28.127 [info] > git status -z -uall [341ms]
2023-09-10 01:52:33.310 [info] > git config --get commit.template [14ms]
2023-09-10 01:52:33.314 [info] > git for-each-ref --format=%(refname)%00%(upstream:short)%00%(objectname)%00%(upstream:track)%00%(upstream:remotename)%00%(upstream:remoteref) refs/heads/master refs/remotes/master [4ms]
2023-09-10 01:52:33.672 [info] > git status -z -uall [345ms]
2023-09-10 01:52:38.738 [info] > git config --get commit.template [15ms]
2023-09-10 01:52:38.742 [info] > git for-each-ref --format=%(refname)%00%(upstream:short)%00%(objectname)%00%(upstream:track)%00%(upstream:remotename)%00%(upstream:remoteref) refs/heads/master refs/remotes/master [5ms]
2023-09-10 01:52:39.097 [info] > git status -z -uall [342ms]
2023-09-10 01:52:44.172 [info] > git config --get commit.template [8ms]
2023-09-10 01:52:44.177 [info] > git for-each-ref --format=%(refname)%00%(upstream:short)%00%(objectname)%00%(upstream:track)%00%(upstream:remotename)%00%(upstream:remoteref) refs/heads/master refs/remotes/master [6ms]
2023-09-10 01:52:44.476 [info] > git status -z -uall [292ms]
2023-09-10 01:52:49.534 [info] > git config --get commit.template [8ms]
2023-09-10 01:52:49.538 [info] > git for-each-ref --format=%(refname)%00%(upstream:short)%00%(objectname)%00%(upstream:track)%00%(upstream:remotename)%00%(upstream:remoteref) refs/heads/master refs/remotes/master [4ms]
2023-09-10 01:52:49.894 [info] > git status -z -uall [350ms]
2023-09-10 01:52:54.953 [info] > git config --get commit.template [10ms]
2023-09-10 01:52:54.957 [info] > git for-each-ref --format=%(refname)%00%(upstream:short)%00%(objectname)%00%(upstream:track)%00%(upstream:remotename)%00%(upstream:remoteref) refs/heads/master refs/remotes/master [5ms]
2023-09-10 01:52:55.290 [info] > git status -z -uall [325ms]
2023-09-10 01:53:00.349 [info] > git config --get commit.template [9ms]
2023-09-10 01:53:00.354 [info] > git for-each-ref --format=%(refname)%00%(upstream:short)%00%(objectname)%00%(upstream:track)%00%(upstream:remotename)%00%(upstream:remoteref) refs/heads/master refs/remotes/master [5ms]
2023-09-10 01:53:00.720 [info] > git status -z -uall [358ms]
2023-09-10 01:53:03.253 [info] > git show --textconv :html/webAppDev/Assignment1/_Documentation_README.md [12ms]
2023-09-10 01:53:03.255 [info] > git ls-files --stage -- /var/www/html/webAppDev/Assignment1/_Documentation_README.md [3ms]
2023-09-10 01:53:04.631 [info] > git show --textconv :html/webAppDev/Assignment1/_Security_README.md [10ms]
2023-09-10 01:53:04.633 [info] > git ls-files --stage -- /var/www/html/webAppDev/Assignment1/_Security_README.md [3ms]
2023-09-10 01:53:05.776 [info] > git config --get commit.template [10ms]
2023-09-10 01:53:05.780 [info] > git for-each-ref --format=%(refname)%00%(upstream:short)%00%(objectname)%00%(upstream:track)%00%(upstream:remotename)%00%(upstream:remoteref) refs/heads/master refs/remotes/master [5ms]
2023-09-10 01:53:06.357 [info] > git status -z -uall [568ms]
2023-09-10 01:53:07.918 [info] > git show --textconv :html/webAppDev/Assignment1/app/Http/Kernel.php [11ms]
2023-09-10 01:53:07.920 [info] > git ls-files --stage -- /var/www/html/webAppDev/Assignment1/app/Http/Kernel.php [3ms]
2023-09-10 01:53:11.419 [info] > git config --get commit.template [11ms]
2023-09-10 01:53:11.423 [info] > git for-each-ref --format=%(refname)%00%(upstream:short)%00%(objectname)%00%(upstream:track)%00%(upstream:remotename)%00%(upstream:remoteref) refs/heads/master refs/remotes/master [5ms]
2023-09-10 01:53:11.762 [info] > git status -z -uall [327ms]
2023-09-10 01:53:16.828 [info] > git config --get commit.template [16ms]
2023-09-10 01:53:16.832 [info] > git for-each-ref --format=%(refname)%00%(upstream:short)%00%(objectname)%00%(upstream:track)%00%(upstream:remotename)%00%(upstream:remoteref) refs/heads/master refs/remotes/master [5ms]
2023-09-10 01:53:17.169 [info] > git status -z -uall [326ms]
2023-09-10 01:55:55.330 [info] > git config --get commit.template [7ms]
2023-09-10 01:55:55.335 [info] > git for-each-ref --format=%(refname)%00%(upstream:short)%00%(objectname)%00%(upstream:track)%00%(upstream:remotename)%00%(upstream:remoteref) refs/heads/master refs/remotes/master [6ms]
2023-09-10 01:55:55.950 [info] > git status -z -uall [609ms]
2023-09-10 01:57:12.895 [info] > git config --get commit.template [7ms]
2023-09-10 01:57:12.900 [info] > git for-each-ref --format=%(refname)%00%(upstream:short)%00%(objectname)%00%(upstream:track)%00%(upstream:remotename)%00%(upstream:remoteref) refs/heads/master refs/remotes/master [6ms]
2023-09-10 01:57:13.525 [info] > git status -z -uall [619ms]
2023-09-10 01:57:17.531 [info] > git show --textconv :html/webAppDev/Assignment1/_Security_README.md [9ms]
2023-09-10 01:57:17.534 [info] > git ls-files --stage -- /var/www/html/webAppDev/Assignment1/_Security_README.md [3ms]
2023-09-10 01:57:18.587 [info] > git config --get commit.template [8ms]
2023-09-10 01:57:18.592 [info] > git for-each-ref --format=%(refname)%00%(upstream:short)%00%(objectname)%00%(upstream:track)%00%(upstream:remotename)%00%(upstream:remoteref) refs/heads/master refs/remotes/master [5ms]
2023-09-10 01:57:18.927 [info] > git status -z -uall [328ms]
2023-09-10 01:57:21.327 [info] > git show --textconv :html/webAppDev/Assignment1/_Documentation_README.md [8ms]
2023-09-10 01:57:21.330 [info] > git ls-files --stage -- /var/www/html/webAppDev/Assignment1/_Documentation_README.md [3ms]
2023-09-10 01:57:23.984 [info] > git config --get commit.template [8ms]
2023-09-10 01:57:23.988 [info] > git for-each-ref --format=%(refname)%00%(upstream:short)%00%(objectname)%00%(upstream:track)%00%(upstream:remotename)%00%(upstream:remoteref) refs/heads/master refs/remotes/master [5ms]
2023-09-10 01:57:24.166 [info] > git show --textconv :html/webAppDev/Assignment1/.env [8ms]
2023-09-10 01:57:24.169 [info] > git ls-files --stage -- /var/www/html/webAppDev/Assignment1/.env [4ms]
2023-09-10 01:57:24.336 [info] > git status -z -uall [342ms]
2023-09-10 01:57:29.395 [info] > git config --get commit.template [9ms]
2023-09-10 01:57:29.399 [info] > git for-each-ref --format=%(refname)%00%(upstream:short)%00%(objectname)%00%(upstream:track)%00%(upstream:remotename)%00%(upstream:remoteref) refs/heads/master refs/remotes/master [5ms]
2023-09-10 01:57:29.712 [info] > git status -z -uall [306ms]
2023-09-10 01:57:32.750 [info] > git check-ignore -v -z --stdin [4ms]
2023-09-10 01:57:34.786 [info] > git config --get commit.template [9ms]
2023-09-10 01:57:34.794 [info] > git for-each-ref --format=%(refname)%00%(upstream:short)%00%(objectname)%00%(upstream:track)%00%(upstream:remotename)%00%(upstream:remoteref) refs/heads/master refs/remotes/master [9ms]
2023-09-10 01:57:35.160 [info] > git status -z -uall [358ms]
2023-09-10 01:57:38.531 [info] > git show --textconv :html/webAppDev/Assignment1/app/Http/Controllers/CommentController.php [8ms]
2023-09-10 01:57:38.534 [info] > git ls-files --stage -- /var/www/html/webAppDev/Assignment1/app/Http/Controllers/CommentController.php [4ms]
2023-09-10 01:57:40.213 [info] > git config --get commit.template [8ms]
2023-09-10 01:57:40.220 [info] > git for-each-ref --format=%(refname)%00%(upstream:short)%00%(objectname)%00%(upstream:track)%00%(upstream:remotename)%00%(upstream:remoteref) refs/heads/master refs/remotes/master [7ms]
2023-09-10 01:57:40.573 [info] > git status -z -uall [347ms]
2023-09-10 01:57:45.627 [info] > git config --get commit.template [8ms]
2023-09-10 01:57:45.631 [info] > git for-each-ref --format=%(refname)%00%(upstream:short)%00%(objectname)%00%(upstream:track)%00%(upstream:remotename)%00%(upstream:remoteref) refs/heads/master refs/remotes/master [5ms]
2023-09-10 01:57:45.967 [info] > git status -z -uall [330ms]
2023-09-10 01:57:48.970 [info] > git show --textconv :html/webAppDev/Assignment1/app/Http/Controllers/Controller.php [9ms]
2023-09-10 01:57:48.972 [info] > git ls-files --stage -- /var/www/html/webAppDev/Assignment1/app/Http/Controllers/Controller.php [3ms]
2023-09-10 01:57:51.021 [info] > git config --get commit.template [8ms]
2023-09-10 01:57:51.025 [info] > git for-each-ref --format=%(refname)%00%(upstream:short)%00%(objectname)%00%(upstream:track)%00%(upstream:remotename)%00%(upstream:remoteref) refs/heads/master refs/remotes/master [5ms]
2023-09-10 01:57:51.371 [info] > git status -z -uall [338ms]
2023-09-10 01:57:55.933 [info] > git show --textconv :html/webAppDev/Assignment1/app/Http/Controllers/HomeController.php [9ms]
2023-09-10 01:57:55.935 [info] > git ls-files --stage -- /var/www/html/webAppDev/Assignment1/app/Http/Controllers/HomeController.php [3ms]
2023-09-10 01:57:56.449 [info] > git config --get commit.template [9ms]
2023-09-10 01:57:56.454 [info] > git for-each-ref --format=%(refname)%00%(upstream:short)%00%(objectname)%00%(upstream:track)%00%(upstream:remotename)%00%(upstream:remoteref) refs/heads/master refs/remotes/master [6ms]
2023-09-10 01:57:56.812 [info] > git status -z -uall [349ms]
2023-09-10 01:57:58.888 [info] > git show --textconv :html/webAppDev/Assignment1/app/Http/Controllers/UserController.php [9ms]
2023-09-10 01:57:58.891 [info] > git ls-files --stage -- /var/www/html/webAppDev/Assignment1/app/Http/Controllers/UserController.php [4ms]
2023-09-10 01:58:01.870 [info] > git config --get commit.template [10ms]
2023-09-10 01:58:01.874 [info] > git for-each-ref --format=%(refname)%00%(upstream:short)%00%(objectname)%00%(upstream:track)%00%(upstream:remotename)%00%(upstream:remoteref) refs/heads/master refs/remotes/master [5ms]
2023-09-10 01:58:02.291 [info] > git status -z -uall [407ms]
2023-09-10 01:58:07.348 [info] > git config --get commit.template [8ms]
2023-09-10 01:58:07.354 [info] > git for-each-ref --format=%(refname)%00%(upstream:short)%00%(objectname)%00%(upstream:track)%00%(upstream:remotename)%00%(upstream:remoteref) refs/heads/master refs/remotes/master [7ms]
2023-09-10 01:58:07.754 [info] > git status -z -uall [393ms]
2023-09-10 01:58:26.808 [info] > git config --get commit.template [10ms]
2023-09-10 01:58:26.813 [info] > git for-each-ref --format=%(refname)%00%(upstream:short)%00%(objectname)%00%(upstream:track)%00%(upstream:remotename)%00%(upstream:remoteref) refs/heads/master refs/remotes/master [6ms]
2023-09-10 01:58:27.400 [info] > git status -z -uall [581ms]
2023-09-10 01:58:32.484 [info] > git config --get commit.template [9ms]
2023-09-10 01:58:32.489 [info] > git for-each-ref --format=%(refname)%00%(upstream:short)%00%(objectname)%00%(upstream:track)%00%(upstream:remotename)%00%(upstream:remoteref) refs/heads/master refs/remotes/master [6ms]
2023-09-10 01:58:32.820 [info] > git status -z -uall [324ms]
2023-09-10 01:58:37.876 [info] > git config --get commit.template [8ms]
2023-09-10 01:58:37.879 [info] > git for-each-ref --format=%(refname)%00%(upstream:short)%00%(objectname)%00%(upstream:track)%00%(upstream:remotename)%00%(upstream:remoteref) refs/heads/master refs/remotes/master [4ms]
2023-09-10 01:58:38.249 [info] > git status -z -uall [364ms]
2023-09-10 01:58:41.861 [info] > git check-ignore -v -z --stdin [4ms]
2023-09-10 01:58:43.304 [info] > git config --get commit.template [9ms]
2023-09-10 01:58:43.308 [info] > git for-each-ref --format=%(refname)%00%(upstream:short)%00%(objectname)%00%(upstream:track)%00%(upstream:remotename)%00%(upstream:remoteref) refs/heads/master refs/remotes/master [5ms]
2023-09-10 01:58:43.626 [info] > git status -z -uall [312ms]
2023-09-10 01:58:45.063 [info] > git check-ignore -v -z --stdin [4ms]
2023-09-10 01:58:48.682 [info] > git config --get commit.template [9ms]
2023-09-10 01:58:48.691 [info] > git for-each-ref --format=%(refname)%00%(upstream:short)%00%(objectname)%00%(upstream:track)%00%(upstream:remotename)%00%(upstream:remoteref) refs/heads/master refs/remotes/master [9ms]
2023-09-10 01:58:49.016 [info] > git status -z -uall [317ms]
2023-09-10 01:58:50.957 [info] > git show --textconv :html/webAppDev/Assignment1/app/Http/Controllers/CommentController.php [10ms]
2023-09-10 01:58:50.959 [info] > git ls-files --stage -- /var/www/html/webAppDev/Assignment1/app/Http/Controllers/CommentController.php [2ms]
2023-09-10 01:58:54.085 [info] > git config --get commit.template [11ms]
2023-09-10 01:58:54.090 [info] > git for-each-ref --format=%(refname)%00%(upstream:short)%00%(objectname)%00%(upstream:track)%00%(upstream:remotename)%00%(upstream:remoteref) refs/heads/master refs/remotes/master [5ms]
2023-09-10 01:58:54.454 [info] > git status -z -uall [355ms]
2023-09-10 01:58:59.514 [info] > git config --get commit.template [11ms]
2023-09-10 01:58:59.519 [info] > git for-each-ref --format=%(refname)%00%(upstream:short)%00%(objectname)%00%(upstream:track)%00%(upstream:remotename)%00%(upstream:remoteref) refs/heads/master refs/remotes/master [5ms]
2023-09-10 01:58:59.839 [info] > git status -z -uall [310ms]
2023-09-10 01:59:04.964 [info] > git config --get commit.template [11ms]
2023-09-10 01:59:04.967 [info] > git for-each-ref --format=%(refname)%00%(upstream:short)%00%(objectname)%00%(upstream:track)%00%(upstream:remotename)%00%(upstream:remoteref) refs/heads/master refs/remotes/master [4ms]
2023-09-10 01:59:05.288 [info] > git status -z -uall [310ms]
2023-09-10 01:59:09.762 [info] > git show --textconv :html/webAppDev/Assignment1/app/Http/Controllers/Controller.php [14ms]
2023-09-10 01:59:09.765 [info] > git ls-files --stage -- /var/www/html/webAppDev/Assignment1/app/Http/Controllers/Controller.php [2ms]
2023-09-10 01:59:10.351 [info] > git config --get commit.template [11ms]
2023-09-10 01:59:10.355 [info] > git for-each-ref --format=%(refname)%00%(upstream:short)%00%(objectname)%00%(upstream:track)%00%(upstream:remotename)%00%(upstream:remoteref) refs/heads/master refs/remotes/master [4ms]
2023-09-10 01:59:10.667 [info] > git status -z -uall [303ms]
2023-09-10 01:59:12.410 [info] > git show --textconv :html/webAppDev/Assignment1/app/Http/Controllers/HomeController.php [12ms]
2023-09-10 01:59:12.413 [info] > git ls-files --stage -- /var/www/html/webAppDev/Assignment1/app/Http/Controllers/HomeController.php [4ms]
2023-09-10 01:59:15.731 [info] > git config --get commit.template [13ms]
2023-09-10 01:59:15.735 [info] > git for-each-ref --format=%(refname)%00%(upstream:short)%00%(objectname)%00%(upstream:track)%00%(upstream:remotename)%00%(upstream:remoteref) refs/heads/master refs/remotes/master [5ms]
2023-09-10 01:59:16.084 [info] > git status -z -uall [337ms]
2023-09-10 01:59:21.143 [info] > git config --get commit.template [13ms]
2023-09-10 01:59:21.147 [info] > git for-each-ref --format=%(refname)%00%(upstream:short)%00%(objectname)%00%(upstream:track)%00%(upstream:remotename)%00%(upstream:remoteref) refs/heads/master refs/remotes/master [5ms]
2023-09-10 01:59:21.466 [info] > git status -z -uall [308ms]
2023-09-10 01:59:23.718 [info] > git show --textconv :html/webAppDev/Assignment1/app/Http/Controllers/PostController.php [14ms]
2023-09-10 01:59:23.720 [info] > git ls-files --stage -- /var/www/html/webAppDev/Assignment1/app/Http/Controllers/PostController.php [3ms]
2023-09-10 01:59:26.534 [info] > git config --get commit.template [14ms]
2023-09-10 01:59:26.540 [info] > git for-each-ref --format=%(refname)%00%(upstream:short)%00%(objectname)%00%(upstream:track)%00%(upstream:remotename)%00%(upstream:remoteref) refs/heads/master refs/remotes/master [7ms]
2023-09-10 01:59:26.869 [info] > git status -z -uall [317ms]
2023-09-10 01:59:31.938 [info] > git config --get commit.template [15ms]
2023-09-10 01:59:31.944 [info] > git for-each-ref --format=%(refname)%00%(upstream:short)%00%(objectname)%00%(upstream:track)%00%(upstream:remotename)%00%(upstream:remoteref) refs/heads/master refs/remotes/master [6ms]
2023-09-10 01:59:32.598 [info] > git status -z -uall [639ms]
2023-09-10 01:59:37.656 [info] > git config --get commit.template [8ms]
2023-09-10 01:59:37.661 [info] > git for-each-ref --format=%(refname)%00%(upstream:short)%00%(objectname)%00%(upstream:track)%00%(upstream:remotename)%00%(upstream:remoteref) refs/heads/master refs/remotes/master [6ms]
2023-09-10 01:59:37.984 [info] > git status -z -uall [316ms]
2023-09-10 01:59:43.043 [info] > git config --get commit.template [10ms]
2023-09-10 01:59:43.048 [info] > git for-each-ref --format=%(refname)%00%(upstream:short)%00%(objectname)%00%(upstream:track)%00%(upstream:remotename)%00%(upstream:remoteref) refs/heads/master refs/remotes/master [6ms]
2023-09-10 01:59:43.395 [info] > git status -z -uall [337ms]
2023-09-10 01:59:45.303 [info] > git show --textconv :html/webAppDev/Assignment1/app/Http/Controllers/UserController.php [9ms]
2023-09-10 01:59:45.306 [info] > git ls-files --stage -- /var/www/html/webAppDev/Assignment1/app/Http/Controllers/UserController.php [4ms]
2023-09-10 01:59:48.456 [info] > git config --get commit.template [9ms]
2023-09-10 01:59:48.461 [info] > git for-each-ref --format=%(refname)%00%(upstream:short)%00%(objectname)%00%(upstream:track)%00%(upstream:remotename)%00%(upstream:remoteref) refs/heads/master refs/remotes/master [5ms]
2023-09-10 01:59:48.781 [info] > git status -z -uall [312ms]
2023-09-10 01:59:51.070 [info] > git show --textconv :html/webAppDev/Assignment1/app/Models/Comment.php [10ms]
2023-09-10 01:59:51.073 [info] > git ls-files --stage -- /var/www/html/webAppDev/Assignment1/app/Models/Comment.php [2ms]
2023-09-10 01:59:53.810 [info] > git show --textconv :html/webAppDev/Assignment1/app/Models/Post.php [10ms]
2023-09-10 01:59:53.814 [info] > git ls-files --stage -- /var/www/html/webAppDev/Assignment1/app/Models/Post.php [4ms]
2023-09-10 01:59:53.836 [info] > git config --get commit.template [9ms]
2023-09-10 01:59:53.841 [info] > git for-each-ref --format=%(refname)%00%(upstream:short)%00%(objectname)%00%(upstream:track)%00%(upstream:remotename)%00%(upstream:remoteref) refs/heads/master refs/remotes/master [6ms]
2023-09-10 01:59:54.191 [info] > git status -z -uall [341ms]
2023-09-10 01:59:58.088 [info] > git show --textconv :html/webAppDev/Assignment1/app/Models/User.php [10ms]
2023-09-10 01:59:58.091 [info] > git ls-files --stage -- /var/www/html/webAppDev/Assignment1/app/Models/User.php [3ms]
2023-09-10 01:59:59.247 [info] > git config --get commit.template [9ms]
2023-09-10 01:59:59.252 [info] > git for-each-ref --format=%(refname)%00%(upstream:short)%00%(objectname)%00%(upstream:track)%00%(upstream:remotename)%00%(upstream:remoteref) refs/heads/master refs/remotes/master [6ms]
2023-09-10 01:59:59.591 [info] > git status -z -uall [331ms]
2023-09-10 02:00:04.647 [info] > git config --get commit.template [8ms]
2023-09-10 02:00:04.651 [info] > git for-each-ref --format=%(refname)%00%(upstream:short)%00%(objectname)%00%(upstream:track)%00%(upstream:remotename)%00%(upstream:remoteref) refs/heads/master refs/remotes/master [5ms]
2023-09-10 02:00:05.011 [info] > git status -z -uall [351ms]
2023-09-10 02:00:10.109 [info] > git config --get commit.template [8ms]
2023-09-10 02:00:10.117 [info] > git for-each-ref --format=%(refname)%00%(upstream:short)%00%(objectname)%00%(upstream:track)%00%(upstream:remotename)%00%(upstream:remoteref) refs/heads/master refs/remotes/master [9ms]
2023-09-10 02:00:10.935 [info] > git status -z -uall [809ms]
2023-09-10 02:01:43.236 [info] > git config --get commit.template [9ms]
2023-09-10 02:01:43.241 [info] > git for-each-ref --format=%(refname)%00%(upstream:short)%00%(objectname)%00%(upstream:track)%00%(upstream:remotename)%00%(upstream:remoteref) refs/heads/master refs/remotes/master [7ms]
2023-09-10 02:01:43.796 [info] > git status -z -uall [549ms]
2023-09-10 02:01:50.395 [info] > git config --get commit.template [8ms]
2023-09-10 02:01:50.399 [info] > git for-each-ref --format=%(refname)%00%(upstream:short)%00%(objectname)%00%(upstream:track)%00%(upstream:remotename)%00%(upstream:remoteref) refs/heads/master refs/remotes/master [5ms]
2023-09-10 02:01:50.702 [info] > git status -z -uall [297ms]
2023-09-10 02:01:55.759 [info] > git config --get commit.template [8ms]
2023-09-10 02:01:55.762 [info] > git for-each-ref --format=%(refname)%00%(upstream:short)%00%(objectname)%00%(upstream:track)%00%(upstream:remotename)%00%(upstream:remoteref) refs/heads/master refs/remotes/master [4ms]
2023-09-10 02:01:56.072 [info] > git status -z -uall [304ms]
2023-09-10 02:01:59.748 [info] > git check-ignore -v -z --stdin [3ms]
2023-09-10 02:02:01.135 [info] > git config --get commit.template [11ms]
2023-09-10 02:02:01.139 [info] > git for-each-ref --format=%(refname)%00%(upstream:short)%00%(objectname)%00%(upstream:track)%00%(upstream:remotename)%00%(upstream:remoteref) refs/heads/master refs/remotes/master [5ms]
2023-09-10 02:02:01.502 [info] > git status -z -uall [355ms]
2023-09-10 02:02:06.582 [info] > git config --get commit.template [9ms]
2023-09-10 02:02:06.586 [info] > git for-each-ref --format=%(refname)%00%(upstream:short)%00%(objectname)%00%(upstream:track)%00%(upstream:remotename)%00%(upstream:remoteref) refs/heads/master refs/remotes/master [5ms]
2023-09-10 02:02:06.903 [info] > git status -z -uall [309ms]
2023-09-10 02:12:11.275 [info] > git config --get commit.template [6ms]
2023-09-10 02:12:11.285 [info] > git for-each-ref --format=%(refname)%00%(upstream:short)%00%(objectname)%00%(upstream:track)%00%(upstream:remotename)%00%(upstream:remoteref) refs/heads/master refs/remotes/master [10ms]
2023-09-10 02:12:11.874 [info] > git status -z -uall [584ms]
2023-09-10 02:12:16.934 [info] > git config --get commit.template [7ms]
2023-09-10 02:12:16.938 [info] > git for-each-ref --format=%(refname)%00%(upstream:short)%00%(objectname)%00%(upstream:track)%00%(upstream:remotename)%00%(upstream:remoteref) refs/heads/master refs/remotes/master [5ms]
2023-09-10 02:12:17.273 [info] > git status -z -uall [329ms]
2023-09-10 02:12:22.333 [info] > git config --get commit.template [9ms]
2023-09-10 02:12:22.341 [info] > git for-each-ref --format=%(refname)%00%(upstream:short)%00%(objectname)%00%(upstream:track)%00%(upstream:remotename)%00%(upstream:remoteref) refs/heads/master refs/remotes/master [8ms]
2023-09-10 02:12:22.664 [info] > git status -z -uall [316ms]
2023-09-10 02:12:27.747 [info] > git config --get commit.template [9ms]
2023-09-10 02:12:27.756 [info] > git for-each-ref --format=%(refname)%00%(upstream:short)%00%(objectname)%00%(upstream:track)%00%(upstream:remotename)%00%(upstream:remoteref) refs/heads/master refs/remotes/master [8ms]
2023-09-10 02:12:28.158 [info] > git status -z -uall [396ms]
2023-09-10 02:12:33.214 [info] > git config --get commit.template [8ms]
2023-09-10 02:12:33.219 [info] > git for-each-ref --format=%(refname)%00%(upstream:short)%00%(objectname)%00%(upstream:track)%00%(upstream:remotename)%00%(upstream:remoteref) refs/heads/master refs/remotes/master [5ms]
2023-09-10 02:12:33.543 [info] > git status -z -uall [317ms]
2023-09-10 02:12:38.601 [info] > git config --get commit.template [9ms]
2023-09-10 02:12:38.604 [info] > git for-each-ref --format=%(refname)%00%(upstream:short)%00%(objectname)%00%(upstream:track)%00%(upstream:remotename)%00%(upstream:remoteref) refs/heads/master refs/remotes/master [4ms]
2023-09-10 02:12:38.928 [info] > git status -z -uall [317ms]
2023-09-10 02:12:44.014 [info] > git config --get commit.template [13ms]
2023-09-10 02:12:44.019 [info] > git for-each-ref --format=%(refname)%00%(upstream:short)%00%(objectname)%00%(upstream:track)%00%(upstream:remotename)%00%(upstream:remoteref) refs/heads/master refs/remotes/master [5ms]
2023-09-10 02:12:44.351 [info] > git status -z -uall [323ms]
2023-09-10 02:12:46.843 [info] > git show --textconv :html/webAppDev/Assignment1/app/Http/Controllers/CommentController.php [9ms]
2023-09-10 02:12:46.845 [info] > git ls-files --stage -- /var/www/html/webAppDev/Assignment1/app/Http/Controllers/CommentController.php [3ms]
2023-09-10 02:12:49.422 [info] > git config --get commit.template [9ms]
2023-09-10 02:12:49.425 [info] > git for-each-ref --format=%(refname)%00%(upstream:short)%00%(objectname)%00%(upstream:track)%00%(upstream:remotename)%00%(upstream:remoteref) refs/heads/master refs/remotes/master [4ms]
2023-09-10 02:12:49.747 [info] > git status -z -uall [314ms]
2023-09-10 02:12:54.803 [info] > git config --get commit.template [8ms]
2023-09-10 02:12:54.807 [info] > git for-each-ref --format=%(refname)%00%(upstream:short)%00%(objectname)%00%(upstream:track)%00%(upstream:remotename)%00%(upstream:remoteref) refs/heads/master refs/remotes/master [5ms]
2023-09-10 02:12:55.121 [info] > git status -z -uall [306ms]
2023-09-10 02:13:00.173 [info] > git config --get commit.template [3ms]
2023-09-10 02:13:00.186 [info] > git for-each-ref --format=%(refname)%00%(upstream:short)%00%(objectname)%00%(upstream:track)%00%(upstream:remotename)%00%(upstream:remoteref) refs/heads/master refs/remotes/master [5ms]
2023-09-10 02:13:00.497 [info] > git status -z -uall [303ms]
2023-09-10 02:13:05.552 [info] > git config --get commit.template [8ms]
2023-09-10 02:13:05.556 [info] > git for-each-ref --format=%(refname)%00%(upstream:short)%00%(objectname)%00%(upstream:track)%00%(upstream:remotename)%00%(upstream:remoteref) refs/heads/master refs/remotes/master [4ms]
2023-09-10 02:13:05.903 [info] > git status -z -uall [340ms]
2023-09-10 02:13:06.377 [info] > git show --textconv :html/webAppDev/Assignment1/app/Http/Controllers/PostController.php [8ms]
2023-09-10 02:13:06.380 [info] > git ls-files --stage -- /var/www/html/webAppDev/Assignment1/app/Http/Controllers/PostController.php [3ms]
2023-09-10 02:13:10.960 [info] > git config --get commit.template [8ms]
2023-09-10 02:13:10.965 [info] > git for-each-ref --format=%(refname)%00%(upstream:short)%00%(objectname)%00%(upstream:track)%00%(upstream:remotename)%00%(upstream:remoteref) refs/heads/master refs/remotes/master [4ms]
2023-09-10 02:13:11.288 [info] > git status -z -uall [317ms]
