2023-09-08 14:56:43.876 [info] Extension host with pid 913 started
2023-09-08 14:56:43.897 [error] Error: EEXIST: file already exists, open '/var/www/.local/share/code-server/User/workspaceStorage/2326199c/vscode.lock'
2023-09-08 14:56:43.898 [info] Lock '/var/www/.local/share/code-server/User/workspaceStorage/2326199c/vscode.lock': Could not acquire lock, checking if the file is stale.
2023-09-08 14:56:43.907 [info] Lock '/var/www/.local/share/code-server/User/workspaceStorage/2326199c/vscode.lock': The pid 51172 appears to be gone.
2023-09-08 14:56:43.907 [info] Lock '/var/www/.local/share/code-server/User/workspaceStorage/2326199c/vscode.lock': Deleting a stale lock.
2023-09-08 14:56:43.911 [info] Lock '/var/www/.local/share/code-server/User/workspaceStorage/2326199c/vscode.lock': Lock acquired.
2023-09-08 14:56:44.194 [info] ExtensionService#_doActivateExtension vscode.php-language-features, startup: false, activationEvent: 'onLanguage:php'
2023-09-08 14:56:44.195 [info] ExtensionService#_doActivateExtension vscode.emmet, startup: false, activationEvent: 'onLanguage'
2023-09-08 14:56:44.500 [info] ExtensionService#_doActivateExtension vscode.git-base, startup: true, activationEvent: '*', root cause: vscode.git
2023-09-08 14:56:44.696 [info] ExtensionService#_doActivateExtension vscode.git, startup: true, activationEvent: '*'
2023-09-08 14:56:44.697 [info] ExtensionService#_doActivateExtension vscode.github, startup: true, activationEvent: '*'
2023-09-08 14:56:45.048 [info] Eager extensions activated
2023-09-08 14:56:45.048 [info] ExtensionService#_doActivateExtension vscode.debug-auto-launch, startup: false, activationEvent: 'onStartupFinished'
2023-09-08 14:56:45.049 [info] ExtensionService#_doActivateExtension vscode.merge-conflict, startup: false, activationEvent: 'onStartupFinished'
2023-09-08 14:56:49.664 [warning] [Decorations] CAPPING events from decorations provider vscode.git 3194
2023-09-08 14:56:50.152 [warning] [Decorations] CAPPING events from decorations provider vscode.git 3194
2023-09-08 15:00:03.248 [warning] [Decorations] CAPPING events from decorations provider vscode.git 3194
2023-09-08 15:00:08.583 [warning] [Decorations] CAPPING events from decorations provider vscode.git 3194
2023-09-08 15:01:11.476 [warning] [Decorations] CAPPING events from decorations provider vscode.git 3195
2023-09-08 15:03:11.410 [warning] [Decorations] CAPPING events from decorations provider vscode.git 3195
2023-09-08 15:04:26.656 [warning] [Decorations] CAPPING events from decorations provider vscode.git 3195
2023-09-08 15:04:31.964 [warning] [Decorations] CAPPING events from decorations provider vscode.git 3195
2023-09-08 15:04:37.279 [warning] [Decorations] CAPPING events from decorations provider vscode.git 3196
2023-09-08 15:04:56.111 [warning] [Decorations] CAPPING events from decorations provider vscode.git 3196
2023-09-08 15:05:01.434 [warning] [Decorations] CAPPING events from decorations provider vscode.git 3196
2023-09-08 15:05:06.750 [warning] [Decorations] CAPPING events from decorations provider vscode.git 3196
2023-09-08 15:05:12.070 [warning] [Decorations] CAPPING events from decorations provider vscode.git 3196
2023-09-08 15:05:17.413 [warning] [Decorations] CAPPING events from decorations provider vscode.git 3196
2023-09-08 15:05:39.988 [warning] [Decorations] CAPPING events from decorations provider vscode.git 3196
2023-09-08 15:05:45.296 [warning] [Decorations] CAPPING events from decorations provider vscode.git 3196
2023-09-08 15:05:50.622 [warning] [Decorations] CAPPING events from decorations provider vscode.git 3196
2023-09-08 15:05:55.944 [warning] [Decorations] CAPPING events from decorations provider vscode.git 3196
2023-09-08 15:06:01.269 [warning] [Decorations] CAPPING events from decorations provider vscode.git 3196
2023-09-08 15:06:06.609 [warning] [Decorations] CAPPING events from decorations provider vscode.git 3196
2023-09-08 15:06:11.974 [warning] [Decorations] CAPPING events from decorations provider vscode.git 3196
2023-09-08 15:06:32.471 [warning] [Decorations] CAPPING events from decorations provider vscode.git 3196
2023-09-08 15:06:37.760 [warning] [Decorations] CAPPING events from decorations provider vscode.git 3196
2023-09-08 15:07:42.987 [warning] [Decorations] CAPPING events from decorations provider vscode.git 3196
2023-09-08 15:07:48.302 [warning] [Decorations] CAPPING events from decorations provider vscode.git 3196
2023-09-08 15:07:56.436 [warning] [Decorations] CAPPING events from decorations provider vscode.git 3196
2023-09-08 15:08:01.769 [warning] [Decorations] CAPPING events from decorations provider vscode.git 3196
2023-09-08 15:08:07.093 [warning] [Decorations] CAPPING events from decorations provider vscode.git 3197
2023-09-08 15:08:12.390 [warning] [Decorations] CAPPING events from decorations provider vscode.git 3198
2023-09-08 15:08:29.133 [warning] [Decorations] CAPPING events from decorations provider vscode.git 3199
2023-09-08 15:08:34.427 [warning] [Decorations] CAPPING events from decorations provider vscode.git 3198
2023-09-08 15:08:39.756 [warning] [Decorations] CAPPING events from decorations provider vscode.git 3198
2023-09-08 15:08:54.873 [warning] [Decorations] CAPPING events from decorations provider vscode.git 3198
2023-09-08 15:09:00.180 [warning] [Decorations] CAPPING events from decorations provider vscode.git 3198
2023-09-08 15:09:05.492 [warning] [Decorations] CAPPING events from decorations provider vscode.git 3198
2023-09-08 15:09:39.847 [warning] [Decorations] CAPPING events from decorations provider vscode.git 3199
2023-09-08 15:09:45.391 [warning] [Decorations] CAPPING events from decorations provider vscode.git 3198
2023-09-08 15:09:50.923 [warning] [Decorations] CAPPING events from decorations provider vscode.git 3199
2023-09-08 15:09:59.445 [warning] [Decorations] CAPPING events from decorations provider vscode.git 3199
2023-09-08 15:10:13.080 [warning] [Decorations] CAPPING events from decorations provider vscode.git 3200
2023-09-08 15:10:18.388 [warning] [Decorations] CAPPING events from decorations provider vscode.git 3201
2023-09-08 15:10:45.288 [warning] [Decorations] CAPPING events from decorations provider vscode.git 3202
2023-09-08 15:10:50.601 [warning] [Decorations] CAPPING events from decorations provider vscode.git 3201
2023-09-08 15:10:56.804 [warning] [Decorations] CAPPING events from decorations provider vscode.git 3202
2023-09-08 15:11:06.138 [warning] [Decorations] CAPPING events from decorations provider vscode.git 3202
2023-09-08 15:11:11.456 [warning] [Decorations] CAPPING events from decorations provider vscode.git 3203
2023-09-08 15:11:18.794 [warning] [Decorations] CAPPING events from decorations provider vscode.git 3203
2023-09-08 15:11:24.133 [warning] [Decorations] CAPPING events from decorations provider vscode.git 3203
2023-09-08 15:11:33.988 [warning] [Decorations] CAPPING events from decorations provider vscode.git 3204
2023-09-08 15:11:39.293 [warning] [Decorations] CAPPING events from decorations provider vscode.git 3204
2023-09-08 15:11:45.179 [warning] [Decorations] CAPPING events from decorations provider vscode.git 3203
2023-09-08 15:11:58.346 [warning] [Decorations] CAPPING events from decorations provider vscode.git 3204
2023-09-08 15:12:19.104 [warning] [Decorations] CAPPING events from decorations provider vscode.git 3205
2023-09-08 15:12:57.179 [warning] [Decorations] CAPPING events from decorations provider vscode.git 3205
2023-09-08 15:13:06.748 [warning] [Decorations] CAPPING events from decorations provider vscode.git 3205
2023-09-08 15:13:21.209 [warning] [Decorations] CAPPING events from decorations provider vscode.git 3205
2023-09-08 15:14:43.233 [warning] [Decorations] CAPPING events from decorations provider vscode.git 3205
2023-09-08 15:14:48.553 [warning] [Decorations] CAPPING events from decorations provider vscode.git 3205
2023-09-08 15:16:26.395 [warning] [Decorations] CAPPING events from decorations provider vscode.git 3205
2023-09-08 15:16:43.652 [warning] [Decorations] CAPPING events from decorations provider vscode.git 3206
2023-09-08 15:16:48.967 [warning] [Decorations] CAPPING events from decorations provider vscode.git 3206
2023-09-08 15:16:54.289 [warning] [Decorations] CAPPING events from decorations provider vscode.git 3206
2023-09-08 15:16:59.617 [warning] [Decorations] CAPPING events from decorations provider vscode.git 3206
2023-09-08 15:17:04.941 [warning] [Decorations] CAPPING events from decorations provider vscode.git 3206
2023-09-08 15:18:48.851 [warning] [Decorations] CAPPING events from decorations provider vscode.git 3206
2023-09-08 15:18:54.175 [warning] [Decorations] CAPPING events from decorations provider vscode.git 3206
2023-09-08 15:20:12.483 [warning] [Decorations] CAPPING events from decorations provider vscode.git 3206
2023-09-08 15:22:13.977 [warning] [Decorations] CAPPING events from decorations provider vscode.git 3206
2023-09-08 15:22:31.945 [warning] [Decorations] CAPPING events from decorations provider vscode.git 3206
2023-09-08 15:22:37.266 [warning] [Decorations] CAPPING events from decorations provider vscode.git 3206
2023-09-08 15:22:42.599 [warning] [Decorations] CAPPING events from decorations provider vscode.git 3206
2023-09-08 15:22:47.934 [warning] [Decorations] CAPPING events from decorations provider vscode.git 3206
2023-09-08 15:22:53.212 [warning] [Decorations] CAPPING events from decorations provider vscode.git 3206
2023-09-08 15:22:58.511 [warning] [Decorations] CAPPING events from decorations provider vscode.git 3206
2023-09-08 15:23:20.797 [warning] [Decorations] CAPPING events from decorations provider vscode.git 3206
2023-09-08 15:23:26.118 [warning] [Decorations] CAPPING events from decorations provider vscode.git 3206
2023-09-08 15:23:31.445 [warning] [Decorations] CAPPING events from decorations provider vscode.git 3206
2023-09-08 15:23:36.981 [warning] [Decorations] CAPPING events from decorations provider vscode.git 3206
2023-09-08 15:23:52.853 [warning] [Decorations] CAPPING events from decorations provider vscode.git 3206
2023-09-08 15:23:58.137 [warning] [Decorations] CAPPING events from decorations provider vscode.git 3206
2023-09-08 15:24:01.399 [info] ExtensionService#_doActivateExtension vscode.html-language-features, startup: false, activationEvent: 'onLanguage:html'
2023-09-08 15:24:03.457 [warning] [Decorations] CAPPING events from decorations provider vscode.git 3207
2023-09-08 15:24:09.457 [warning] [Decorations] CAPPING events from decorations provider vscode.git 3207
2023-09-08 15:24:14.750 [warning] [Decorations] CAPPING events from decorations provider vscode.git 3207
2023-09-08 15:24:20.100 [warning] [Decorations] CAPPING events from decorations provider vscode.git 3208
2023-09-08 15:24:25.583 [warning] [Decorations] CAPPING events from decorations provider vscode.git 3208
2023-09-08 15:24:30.872 [warning] [Decorations] CAPPING events from decorations provider vscode.git 3208
2023-09-08 15:24:36.231 [warning] [Decorations] CAPPING events from decorations provider vscode.git 3208
2023-09-08 15:24:42.889 [warning] [Decorations] CAPPING events from decorations provider vscode.git 3208
2023-09-08 15:24:48.215 [warning] [Decorations] CAPPING events from decorations provider vscode.git 3208
2023-09-08 15:24:53.519 [warning] [Decorations] CAPPING events from decorations provider vscode.git 3208
2023-09-08 15:24:58.835 [warning] [Decorations] CAPPING events from decorations provider vscode.git 3208
2023-09-08 15:25:04.148 [warning] [Decorations] CAPPING events from decorations provider vscode.git 3208
2023-09-08 15:25:09.449 [warning] [Decorations] CAPPING events from decorations provider vscode.git 3209
2023-09-08 15:25:24.013 [warning] [Decorations] CAPPING events from decorations provider vscode.git 3209
2023-09-08 15:27:05.750 [warning] [Decorations] CAPPING events from decorations provider vscode.git 3209
2023-09-08 15:27:37.670 [warning] [Decorations] CAPPING events from decorations provider vscode.git 3210
2023-09-08 15:28:20.810 [warning] [Decorations] CAPPING events from decorations provider vscode.git 3209
2023-09-08 15:28:26.131 [warning] [Decorations] CAPPING events from decorations provider vscode.git 3209
2023-09-08 15:28:31.424 [warning] [Decorations] CAPPING events from decorations provider vscode.git 3209
2023-09-08 15:28:36.739 [warning] [Decorations] CAPPING events from decorations provider vscode.git 3209
2023-09-08 15:28:42.053 [warning] [Decorations] CAPPING events from decorations provider vscode.git 3209
2023-09-08 15:28:42.511 [info] ExtensionService#_doActivateExtension vscode.css-language-features, startup: false, activationEvent: 'onLanguage:css'
2023-09-08 15:30:17.974 [warning] [Decorations] CAPPING events from decorations provider vscode.git 3209
2023-09-08 15:30:34.372 [warning] [Decorations] CAPPING events from decorations provider vscode.git 3211
2023-09-08 15:30:39.705 [warning] [Decorations] CAPPING events from decorations provider vscode.git 3211
2023-09-08 15:30:45.057 [warning] [Decorations] CAPPING events from decorations provider vscode.git 3211
2023-09-08 15:30:50.365 [warning] [Decorations] CAPPING events from decorations provider vscode.git 3211
2023-09-08 15:30:55.706 [warning] [Decorations] CAPPING events from decorations provider vscode.git 3211
2023-09-08 15:31:01.464 [warning] [Decorations] CAPPING events from decorations provider vscode.git 3212
2023-09-08 15:31:06.755 [warning] [Decorations] CAPPING events from decorations provider vscode.git 3212
2023-09-08 15:31:12.896 [warning] [Decorations] CAPPING events from decorations provider vscode.git 3212
2023-09-08 15:31:18.405 [warning] [Decorations] CAPPING events from decorations provider vscode.git 3214
2023-09-08 15:31:43.164 [warning] [Decorations] CAPPING events from decorations provider vscode.git 3213
2023-09-08 15:31:48.453 [warning] [Decorations] CAPPING events from decorations provider vscode.git 3213
2023-09-08 15:32:02.851 [warning] [Decorations] CAPPING events from decorations provider vscode.git 3213
2023-09-08 15:32:57.917 [warning] [Decorations] CAPPING events from decorations provider vscode.git 3213
2023-09-08 15:33:03.245 [warning] [Decorations] CAPPING events from decorations provider vscode.git 3213
2023-09-08 15:33:08.544 [warning] [Decorations] CAPPING events from decorations provider vscode.git 3213
2023-09-08 15:33:21.099 [warning] [Decorations] CAPPING events from decorations provider vscode.git 3343
2023-09-08 15:33:26.450 [warning] [Decorations] CAPPING events from decorations provider vscode.git 3343
2023-09-08 15:33:28.538 [info] ExtensionService#_doActivateExtension vscode.npm, startup: false, activationEvent: 'onTerminalQuickFixRequest:ms-vscode.npm-command'
2023-09-08 15:33:36.658 [warning] [Decorations] CAPPING events from decorations provider vscode.git 3343
2023-09-08 15:33:42.004 [warning] [Decorations] CAPPING events from decorations provider vscode.git 3343
2023-09-08 15:33:47.396 [warning] [Decorations] CAPPING events from decorations provider vscode.git 3343
2023-09-08 15:33:52.728 [warning] [Decorations] CAPPING events from decorations provider vscode.git 3343
2023-09-08 15:33:58.336 [warning] [Decorations] CAPPING events from decorations provider vscode.git 3343
2023-09-08 15:34:03.682 [warning] [Decorations] CAPPING events from decorations provider vscode.git 3343
2023-09-08 15:34:05.839 [info] ExtensionService#_doActivateExtension vscode.typescript-language-features, startup: false, activationEvent: 'onLanguage:javascript'
2023-09-08 15:34:09.213 [warning] [Decorations] CAPPING events from decorations provider vscode.git 3344
2023-09-08 15:34:51.094 [warning] [Decorations] CAPPING events from decorations provider vscode.git 3347
2023-09-08 15:34:56.465 [warning] [Decorations] CAPPING events from decorations provider vscode.git 3347
2023-09-08 15:35:02.116 [warning] [Decorations] CAPPING events from decorations provider vscode.git 3347
2023-09-08 15:35:07.490 [warning] [Decorations] CAPPING events from decorations provider vscode.git 3347
2023-09-08 15:35:12.828 [warning] [Decorations] CAPPING events from decorations provider vscode.git 3347
2023-09-08 15:35:18.193 [warning] [Decorations] CAPPING events from decorations provider vscode.git 3347
2023-09-08 15:35:23.542 [warning] [Decorations] CAPPING events from decorations provider vscode.git 3348
2023-09-08 15:35:28.882 [warning] [Decorations] CAPPING events from decorations provider vscode.git 3348
2023-09-08 15:35:34.227 [warning] [Decorations] CAPPING events from decorations provider vscode.git 3349
2023-09-08 15:35:39.559 [warning] [Decorations] CAPPING events from decorations provider vscode.git 3348
2023-09-08 15:36:23.430 [warning] [Decorations] CAPPING events from decorations provider vscode.git 3348
2023-09-08 15:36:28.803 [warning] [Decorations] CAPPING events from decorations provider vscode.git 3348
2023-09-08 15:36:34.156 [warning] [Decorations] CAPPING events from decorations provider vscode.git 3348
2023-09-08 15:36:59.121 [warning] [Decorations] CAPPING events from decorations provider vscode.git 3348
2023-09-08 15:37:04.464 [warning] [Decorations] CAPPING events from decorations provider vscode.git 3348
2023-09-08 15:38:28.275 [warning] [Decorations] CAPPING events from decorations provider vscode.git 3348
2023-09-08 15:38:33.627 [warning] [Decorations] CAPPING events from decorations provider vscode.git 3348
2023-09-08 15:38:53.512 [warning] [Decorations] CAPPING events from decorations provider vscode.git 3348
2023-09-08 15:38:58.866 [warning] [Decorations] CAPPING events from decorations provider vscode.git 3348
2023-09-08 15:40:33.916 [warning] [Decorations] CAPPING events from decorations provider vscode.git 3348
2023-09-08 15:41:30.000 [warning] [Decorations] CAPPING events from decorations provider vscode.git 3349
2023-09-08 15:41:35.595 [warning] [Decorations] CAPPING events from decorations provider vscode.git 3349
2023-09-08 15:42:35.113 [warning] [Decorations] CAPPING events from decorations provider vscode.git 3349
2023-09-08 15:42:40.681 [warning] [Decorations] CAPPING events from decorations provider vscode.git 3350
2023-09-08 15:43:03.083 [warning] [Decorations] CAPPING events from decorations provider vscode.git 3350
2023-09-08 15:43:08.443 [warning] [Decorations] CAPPING events from decorations provider vscode.git 3350
2023-09-08 15:43:13.796 [warning] [Decorations] CAPPING events from decorations provider vscode.git 3350
2023-09-08 15:45:01.227 [warning] [Decorations] CAPPING events from decorations provider vscode.git 3350
2023-09-08 15:45:06.596 [warning] [Decorations] CAPPING events from decorations provider vscode.git 3350
2023-09-08 15:45:13.460 [warning] [Decorations] CAPPING events from decorations provider vscode.git 3350
2023-09-08 15:45:18.789 [warning] [Decorations] CAPPING events from decorations provider vscode.git 3350
2023-09-08 15:46:18.504 [warning] [Decorations] CAPPING events from decorations provider vscode.git 3351
2023-09-08 15:46:23.846 [warning] [Decorations] CAPPING events from decorations provider vscode.git 3351
2023-09-08 15:46:29.211 [warning] [Decorations] CAPPING events from decorations provider vscode.git 3351
2023-09-08 15:46:34.561 [warning] [Decorations] CAPPING events from decorations provider vscode.git 3351
2023-09-08 15:46:39.943 [warning] [Decorations] CAPPING events from decorations provider vscode.git 3351
2023-09-08 15:47:16.006 [warning] [Decorations] CAPPING events from decorations provider vscode.git 3351
2023-09-08 15:47:25.957 [warning] [Decorations] CAPPING events from decorations provider vscode.git 3351
2023-09-08 15:47:36.449 [warning] [Decorations] CAPPING events from decorations provider vscode.git 3351
2023-09-08 15:49:22.084 [warning] [Decorations] CAPPING events from decorations provider vscode.git 3351
2023-09-08 15:50:44.314 [warning] [Decorations] CAPPING events from decorations provider vscode.git 3352
2023-09-08 15:51:13.985 [warning] [Decorations] CAPPING events from decorations provider vscode.git 3353
2023-09-08 15:51:19.311 [warning] [Decorations] CAPPING events from decorations provider vscode.git 3353
2023-09-08 15:51:24.651 [warning] [Decorations] CAPPING events from decorations provider vscode.git 3353
2023-09-08 15:51:56.908 [warning] [Decorations] CAPPING events from decorations provider vscode.git 3353
2023-09-08 15:52:02.281 [warning] [Decorations] CAPPING events from decorations provider vscode.git 3354
2023-09-08 15:52:07.685 [warning] [Decorations] CAPPING events from decorations provider vscode.git 3355
2023-09-08 15:52:29.765 [warning] [Decorations] CAPPING events from decorations provider vscode.git 3355
2023-09-08 15:52:56.915 [warning] [Decorations] CAPPING events from decorations provider vscode.git 3355
2023-09-08 15:53:28.161 [warning] [Decorations] CAPPING events from decorations provider vscode.git 3355
2023-09-08 15:53:55.700 [warning] [Decorations] CAPPING events from decorations provider vscode.git 3355
2023-09-08 15:54:05.345 [warning] [Decorations] CAPPING events from decorations provider vscode.git 3355
2023-09-08 15:54:10.670 [warning] [Decorations] CAPPING events from decorations provider vscode.git 3355
2023-09-08 15:55:00.557 [warning] [Decorations] CAPPING events from decorations provider vscode.git 3355
2023-09-08 15:55:08.415 [warning] [Decorations] CAPPING events from decorations provider vscode.git 3355
2023-09-08 15:55:18.845 [warning] [Decorations] CAPPING events from decorations provider vscode.git 3356
2023-09-08 15:55:54.890 [warning] [Decorations] CAPPING events from decorations provider vscode.git 3355
2023-09-08 15:57:05.880 [warning] [Decorations] CAPPING events from decorations provider vscode.git 3356
2023-09-08 15:57:11.826 [warning] [Decorations] CAPPING events from decorations provider vscode.git 3357
2023-09-08 15:57:39.394 [warning] [Decorations] CAPPING events from decorations provider vscode.git 3357
2023-09-08 15:58:36.361 [warning] [Decorations] CAPPING events from decorations provider vscode.git 3357
2023-09-08 16:02:41.384 [warning] [Decorations] CAPPING events from decorations provider vscode.git 3358
2023-09-08 16:03:46.513 [warning] [Decorations] CAPPING events from decorations provider vscode.git 3358
2023-09-08 16:04:50.833 [warning] [Decorations] CAPPING events from decorations provider vscode.git 3359
2023-09-08 16:04:56.185 [warning] [Decorations] CAPPING events from decorations provider vscode.git 3359
2023-09-08 16:06:59.432 [warning] [Decorations] CAPPING events from decorations provider vscode.git 3359
2023-09-08 16:07:04.800 [warning] [Decorations] CAPPING events from decorations provider vscode.git 3359
2023-09-08 16:07:10.140 [warning] [Decorations] CAPPING events from decorations provider vscode.git 3359
2023-09-08 16:07:15.473 [warning] [Decorations] CAPPING events from decorations provider vscode.git 3359
2023-09-08 16:07:20.829 [warning] [Decorations] CAPPING events from decorations provider vscode.git 3359
2023-09-08 16:07:38.851 [warning] [Decorations] CAPPING events from decorations provider vscode.git 3359
2023-09-08 16:07:48.372 [warning] [Decorations] CAPPING events from decorations provider vscode.git 3359
2023-09-08 16:07:54.682 [warning] [Decorations] CAPPING events from decorations provider vscode.git 3359
2023-09-08 16:08:28.900 [warning] [Decorations] CAPPING events from decorations provider vscode.git 3359
2023-09-08 16:10:00.680 [warning] [Decorations] CAPPING events from decorations provider vscode.git 3360
2023-09-08 16:10:56.935 [warning] [Decorations] CAPPING events from decorations provider vscode.git 3361
2023-09-08 16:12:09.695 [warning] [Decorations] CAPPING events from decorations provider vscode.git 3362
2023-09-08 16:12:20.797 [warning] [Decorations] CAPPING events from decorations provider vscode.git 3363
2023-09-08 16:12:26.127 [warning] [Decorations] CAPPING events from decorations provider vscode.git 3363
2023-09-08 16:12:31.457 [warning] [Decorations] CAPPING events from decorations provider vscode.git 3363
2023-09-08 16:13:11.025 [warning] [Decorations] CAPPING events from decorations provider vscode.git 3364
2023-09-08 16:13:47.887 [warning] [Decorations] CAPPING events from decorations provider vscode.git 3364
2023-09-08 16:14:36.434 [warning] [Decorations] CAPPING events from decorations provider vscode.git 3365
2023-09-08 16:14:42.782 [warning] [Decorations] CAPPING events from decorations provider vscode.git 3366
2023-09-08 16:14:48.823 [warning] [Decorations] CAPPING events from decorations provider vscode.git 3366
2023-09-08 16:15:07.679 [warning] [Decorations] CAPPING events from decorations provider vscode.git 3366
2023-09-08 16:16:28.360 [warning] [Decorations] CAPPING events from decorations provider vscode.git 3366
2023-09-08 16:16:33.712 [warning] [Decorations] CAPPING events from decorations provider vscode.git 3366
2023-09-08 16:16:39.042 [warning] [Decorations] CAPPING events from decorations provider vscode.git 3367
2023-09-08 16:16:44.379 [warning] [Decorations] CAPPING events from decorations provider vscode.git 3367
2023-09-08 16:16:51.049 [warning] [Decorations] CAPPING events from decorations provider vscode.git 3368
2023-09-08 16:17:03.687 [warning] [Decorations] CAPPING events from decorations provider vscode.git 3369
2023-09-08 16:17:09.046 [warning] [Decorations] CAPPING events from decorations provider vscode.git 3368
2023-09-08 16:17:14.432 [warning] [Decorations] CAPPING events from decorations provider vscode.git 3368
2023-09-08 16:17:19.765 [warning] [Decorations] CAPPING events from decorations provider vscode.git 3369
2023-09-08 16:17:25.097 [warning] [Decorations] CAPPING events from decorations provider vscode.git 3369
2023-09-08 16:17:30.604 [warning] [Decorations] CAPPING events from decorations provider vscode.git 3369
2023-09-08 16:17:38.038 [warning] [Decorations] CAPPING events from decorations provider vscode.git 3369
2023-09-08 16:17:43.379 [warning] [Decorations] CAPPING events from decorations provider vscode.git 3369
2023-09-08 16:18:00.953 [warning] [Decorations] CAPPING events from decorations provider vscode.git 3369
2023-09-08 16:18:25.296 [warning] [Decorations] CAPPING events from decorations provider vscode.git 3369
2023-09-08 16:18:38.984 [warning] [Decorations] CAPPING events from decorations provider vscode.git 3370
2023-09-08 16:18:55.709 [warning] [Decorations] CAPPING events from decorations provider vscode.git 3371
2023-09-08 16:21:43.262 [warning] [Decorations] CAPPING events from decorations provider vscode.git 3372
2023-09-08 16:21:49.744 [warning] [Decorations] CAPPING events from decorations provider vscode.git 3373
2023-09-08 16:21:57.019 [warning] [Decorations] CAPPING events from decorations provider vscode.git 3373
2023-09-08 16:22:44.586 [warning] [Decorations] CAPPING events from decorations provider vscode.git 3374
2023-09-08 16:23:17.970 [warning] [Decorations] CAPPING events from decorations provider vscode.git 3375
2023-09-08 16:24:12.099 [warning] [Decorations] CAPPING events from decorations provider vscode.git 3375
2023-09-08 16:24:17.444 [warning] [Decorations] CAPPING events from decorations provider vscode.git 3375
2023-09-08 16:24:22.802 [warning] [Decorations] CAPPING events from decorations provider vscode.git 3375
2023-09-08 16:24:28.157 [warning] [Decorations] CAPPING events from decorations provider vscode.git 3375
2023-09-08 16:24:33.498 [warning] [Decorations] CAPPING events from decorations provider vscode.git 3375
2023-09-08 16:24:38.848 [warning] [Decorations] CAPPING events from decorations provider vscode.git 3375
2023-09-08 16:24:44.193 [warning] [Decorations] CAPPING events from decorations provider vscode.git 3375
2023-09-08 16:26:01.298 [warning] [Decorations] CAPPING events from decorations provider vscode.git 3375
2023-09-08 16:26:06.636 [warning] [Decorations] CAPPING events from decorations provider vscode.git 3376
2023-09-08 16:26:11.985 [warning] [Decorations] CAPPING events from decorations provider vscode.git 3377
2023-09-08 16:26:17.334 [warning] [Decorations] CAPPING events from decorations provider vscode.git 3377
2023-09-08 16:26:22.660 [warning] [Decorations] CAPPING events from decorations provider vscode.git 3377
2023-09-08 16:26:28.022 [warning] [Decorations] CAPPING events from decorations provider vscode.git 3378
2023-09-08 16:26:33.359 [warning] [Decorations] CAPPING events from decorations provider vscode.git 3377
2023-09-08 16:26:38.719 [warning] [Decorations] CAPPING events from decorations provider vscode.git 3377
2023-09-08 16:28:41.915 [warning] [Decorations] CAPPING events from decorations provider vscode.git 3377
2023-09-08 16:28:47.238 [warning] [Decorations] CAPPING events from decorations provider vscode.git 3378
2023-09-08 16:28:52.591 [warning] [Decorations] CAPPING events from decorations provider vscode.git 3378
2023-09-08 16:28:58.467 [warning] [Decorations] CAPPING events from decorations provider vscode.git 3379
2023-09-08 16:29:52.612 [warning] [Decorations] CAPPING events from decorations provider vscode.git 3378
2023-09-08 16:29:57.950 [warning] [Decorations] CAPPING events from decorations provider vscode.git 3379
2023-09-08 16:30:04.033 [warning] [Decorations] CAPPING events from decorations provider vscode.git 3379
2023-09-08 16:30:21.146 [warning] [Decorations] CAPPING events from decorations provider vscode.git 3379
2023-09-08 16:30:26.924 [warning] [Decorations] CAPPING events from decorations provider vscode.git 3379
2023-09-08 16:30:36.527 [warning] [Decorations] CAPPING events from decorations provider vscode.git 3379
2023-09-08 16:30:41.898 [warning] [Decorations] CAPPING events from decorations provider vscode.git 3380
2023-09-08 16:30:47.279 [warning] [Decorations] CAPPING events from decorations provider vscode.git 3382
2023-09-08 16:30:52.840 [warning] [Decorations] CAPPING events from decorations provider vscode.git 3382
2023-09-08 16:31:01.012 [warning] [Decorations] CAPPING events from decorations provider vscode.git 3383
2023-09-08 16:31:06.388 [warning] [Decorations] CAPPING events from decorations provider vscode.git 3382
2023-09-08 16:31:12.945 [warning] [Decorations] CAPPING events from decorations provider vscode.git 3382
2023-09-08 16:31:18.276 [warning] [Decorations] CAPPING events from decorations provider vscode.git 3382
2023-09-08 16:31:23.637 [warning] [Decorations] CAPPING events from decorations provider vscode.git 3382
2023-09-08 16:32:04.515 [warning] [Decorations] CAPPING events from decorations provider vscode.git 3381
2023-09-08 16:32:09.843 [warning] [Decorations] CAPPING events from decorations provider vscode.git 3382
2023-09-08 16:32:15.207 [warning] [Decorations] CAPPING events from decorations provider vscode.git 3383
2023-09-08 16:32:37.726 [warning] [Decorations] CAPPING events from decorations provider vscode.git 3382
2023-09-08 16:32:43.089 [warning] [Decorations] CAPPING events from decorations provider vscode.git 3382
2023-09-08 16:33:09.504 [warning] [Decorations] CAPPING events from decorations provider vscode.git 3382
2023-09-08 16:33:14.835 [warning] [Decorations] CAPPING events from decorations provider vscode.git 3383
2023-09-08 16:33:20.164 [warning] [Decorations] CAPPING events from decorations provider vscode.git 3383
2023-09-08 16:33:32.440 [warning] [Decorations] CAPPING events from decorations provider vscode.git 3383
2023-09-08 16:33:37.757 [warning] [Decorations] CAPPING events from decorations provider vscode.git 3383
2023-09-08 16:33:43.094 [warning] [Decorations] CAPPING events from decorations provider vscode.git 3384
2023-09-08 16:33:48.428 [warning] [Decorations] CAPPING events from decorations provider vscode.git 3385
2023-09-08 16:34:00.605 [warning] [Decorations] CAPPING events from decorations provider vscode.git 3384
2023-09-08 16:34:10.791 [warning] [Decorations] CAPPING events from decorations provider vscode.git 3384
2023-09-08 16:34:16.128 [warning] [Decorations] CAPPING events from decorations provider vscode.git 3385
2023-09-08 16:34:50.735 [warning] [Decorations] CAPPING events from decorations provider vscode.git 3385
2023-09-08 16:34:56.089 [warning] [Decorations] CAPPING events from decorations provider vscode.git 3386
2023-09-08 16:35:15.674 [warning] [Decorations] CAPPING events from decorations provider vscode.git 3386
2023-09-08 16:35:20.996 [warning] [Decorations] CAPPING events from decorations provider vscode.git 3386
2023-09-08 16:35:26.321 [warning] [Decorations] CAPPING events from decorations provider vscode.git 3386
2023-09-08 16:35:34.468 [warning] [Decorations] CAPPING events from decorations provider vscode.git 3386
2023-09-08 16:35:39.807 [warning] [Decorations] CAPPING events from decorations provider vscode.git 3387
2023-09-08 16:35:45.157 [warning] [Decorations] CAPPING events from decorations provider vscode.git 3387
2023-09-08 16:36:14.970 [warning] [Decorations] CAPPING events from decorations provider vscode.git 3387
2023-09-08 16:36:58.186 [warning] [Decorations] CAPPING events from decorations provider vscode.git 3387
2023-09-08 16:37:03.543 [warning] [Decorations] CAPPING events from decorations provider vscode.git 3387
2023-09-08 16:37:42.899 [warning] [Decorations] CAPPING events from decorations provider vscode.git 3387
2023-09-08 16:37:48.258 [warning] [Decorations] CAPPING events from decorations provider vscode.git 3388
2023-09-08 16:37:53.586 [warning] [Decorations] CAPPING events from decorations provider vscode.git 3388
2023-09-08 16:37:59.164 [warning] [Decorations] CAPPING events from decorations provider vscode.git 3388
2023-09-08 16:38:08.783 [warning] [Decorations] CAPPING events from decorations provider vscode.git 3389
2023-09-08 16:38:14.130 [warning] [Decorations] CAPPING events from decorations provider vscode.git 3388
2023-09-08 16:38:19.639 [warning] [Decorations] CAPPING events from decorations provider vscode.git 3388
2023-09-08 16:38:59.420 [warning] [Decorations] CAPPING events from decorations provider vscode.git 3388
2023-09-08 16:39:04.756 [warning] [Decorations] CAPPING events from decorations provider vscode.git 3388
2023-09-08 16:39:10.081 [warning] [Decorations] CAPPING events from decorations provider vscode.git 3388
2023-09-08 16:39:15.404 [warning] [Decorations] CAPPING events from decorations provider vscode.git 3388
2023-09-08 16:39:20.725 [warning] [Decorations] CAPPING events from decorations provider vscode.git 3388
2023-09-08 16:39:26.090 [warning] [Decorations] CAPPING events from decorations provider vscode.git 3388
2023-09-08 16:39:31.828 [warning] [Decorations] CAPPING events from decorations provider vscode.git 3388
2023-09-08 16:39:37.169 [warning] [Decorations] CAPPING events from decorations provider vscode.git 3388
2023-09-08 16:39:42.783 [warning] [Decorations] CAPPING events from decorations provider vscode.git 3388
2023-09-08 16:39:48.520 [warning] [Decorations] CAPPING events from decorations provider vscode.git 3388
2023-09-08 16:39:53.998 [warning] [Decorations] CAPPING events from decorations provider vscode.git 3388
2023-09-08 16:39:59.579 [warning] [Decorations] CAPPING events from decorations provider vscode.git 3388
2023-09-08 16:40:05.060 [warning] [Decorations] CAPPING events from decorations provider vscode.git 3388
2023-09-08 16:40:10.421 [warning] [Decorations] CAPPING events from decorations provider vscode.git 3388
2023-09-08 16:40:15.779 [warning] [Decorations] CAPPING events from decorations provider vscode.git 3389
2023-09-08 16:40:21.132 [warning] [Decorations] CAPPING events from decorations provider vscode.git 3389
2023-09-08 16:40:26.464 [warning] [Decorations] CAPPING events from decorations provider vscode.git 3388
2023-09-08 16:40:31.817 [warning] [Decorations] CAPPING events from decorations provider vscode.git 3389
2023-09-08 16:40:37.156 [warning] [Decorations] CAPPING events from decorations provider vscode.git 3388
2023-09-08 16:40:42.498 [warning] [Decorations] CAPPING events from decorations provider vscode.git 3389
2023-09-08 16:40:47.836 [warning] [Decorations] CAPPING events from decorations provider vscode.git 3389
2023-09-08 16:40:53.182 [warning] [Decorations] CAPPING events from decorations provider vscode.git 3388
2023-09-08 16:40:58.552 [warning] [Decorations] CAPPING events from decorations provider vscode.git 3389
2023-09-08 16:41:04.167 [warning] [Decorations] CAPPING events from decorations provider vscode.git 3388
2023-09-08 16:41:09.506 [warning] [Decorations] CAPPING events from decorations provider vscode.git 3389
2023-09-08 16:41:14.829 [warning] [Decorations] CAPPING events from decorations provider vscode.git 3389
2023-09-08 16:41:27.788 [warning] [Decorations] CAPPING events from decorations provider vscode.git 3388
2023-09-08 16:41:33.143 [warning] [Decorations] CAPPING events from decorations provider vscode.git 3388
2023-09-08 16:41:38.634 [warning] [Decorations] CAPPING events from decorations provider vscode.git 3388
2023-09-08 16:41:50.776 [warning] [Decorations] CAPPING events from decorations provider vscode.git 3388
2023-09-08 16:41:56.109 [warning] [Decorations] CAPPING events from decorations provider vscode.git 3388
2023-09-08 16:42:01.447 [warning] [Decorations] CAPPING events from decorations provider vscode.git 3388
2023-09-08 16:42:27.953 [warning] [Decorations] CAPPING events from decorations provider vscode.git 3388
2023-09-08 16:42:46.292 [warning] [Decorations] CAPPING events from decorations provider vscode.git 3389
2023-09-08 16:42:51.623 [warning] [Decorations] CAPPING events from decorations provider vscode.git 3389
2023-09-08 16:42:56.965 [warning] [Decorations] CAPPING events from decorations provider vscode.git 3389
2023-09-08 16:43:02.322 [warning] [Decorations] CAPPING events from decorations provider vscode.git 3389
2023-09-08 16:43:07.649 [warning] [Decorations] CAPPING events from decorations provider vscode.git 3389
2023-09-08 16:43:12.969 [warning] [Decorations] CAPPING events from decorations provider vscode.git 3389
2023-09-08 16:43:18.813 [warning] [Decorations] CAPPING events from decorations provider vscode.git 3389
2023-09-08 16:43:24.159 [warning] [Decorations] CAPPING events from decorations provider vscode.git 3389
2023-09-08 16:43:32.037 [warning] [Decorations] CAPPING events from decorations provider vscode.git 3389
2023-09-08 16:43:37.391 [warning] [Decorations] CAPPING events from decorations provider vscode.git 3389
2023-09-08 16:43:42.747 [warning] [Decorations] CAPPING events from decorations provider vscode.git 3389
2023-09-08 16:43:48.283 [warning] [Decorations] CAPPING events from decorations provider vscode.git 3389
2023-09-08 16:43:54.772 [warning] [Decorations] CAPPING events from decorations provider vscode.git 3390
2023-09-08 16:44:00.127 [warning] [Decorations] CAPPING events from decorations provider vscode.git 3390
2023-09-08 16:44:07.541 [warning] [Decorations] CAPPING events from decorations provider vscode.git 3391
2023-09-08 16:44:12.855 [warning] [Decorations] CAPPING events from decorations provider vscode.git 3391
2023-09-08 16:44:18.195 [warning] [Decorations] CAPPING events from decorations provider vscode.git 3391
2023-09-08 16:44:23.540 [warning] [Decorations] CAPPING events from decorations provider vscode.git 3391
2023-09-08 16:44:55.880 [warning] [Decorations] CAPPING events from decorations provider vscode.git 3392
2023-09-08 16:45:01.251 [warning] [Decorations] CAPPING events from decorations provider vscode.git 3392
2023-09-08 16:45:14.975 [warning] [Decorations] CAPPING events from decorations provider vscode.git 3393
2023-09-08 16:45:20.305 [warning] [Decorations] CAPPING events from decorations provider vscode.git 3393
2023-09-08 16:45:25.648 [warning] [Decorations] CAPPING events from decorations provider vscode.git 3393
2023-09-08 16:45:30.974 [warning] [Decorations] CAPPING events from decorations provider vscode.git 3393
2023-09-08 16:45:36.333 [warning] [Decorations] CAPPING events from decorations provider vscode.git 3393
2023-09-08 16:45:41.674 [warning] [Decorations] CAPPING events from decorations provider vscode.git 3393
2023-09-08 16:45:42.546 [info] ExtensionService#_doActivateExtension vscode.extension-editing, startup: false, activationEvent: 'onLanguage:markdown'
2023-09-08 16:45:42.547 [info] ExtensionService#_doActivateExtension vscode.markdown-language-features, startup: false, activationEvent: 'onLanguage:markdown'
2023-09-08 16:45:44.147 [info] ExtensionService#_doActivateExtension vscode.markdown-math, startup: false, activationEvent: 'api', root cause: vscode.markdown-language-features
2023-09-08 16:45:47.035 [warning] [Decorations] CAPPING events from decorations provider vscode.git 3393
2023-09-08 16:45:52.360 [warning] [Decorations] CAPPING events from decorations provider vscode.git 3393
2023-09-08 16:50:41.127 [warning] [Decorations] CAPPING events from decorations provider vscode.git 3393
2023-09-08 16:50:46.486 [warning] [Decorations] CAPPING events from decorations provider vscode.git 3394
2023-09-08 16:50:56.027 [warning] [Decorations] CAPPING events from decorations provider vscode.git 3394
2023-09-08 16:51:01.378 [warning] [Decorations] CAPPING events from decorations provider vscode.git 3394
2023-09-08 16:51:10.244 [warning] [Decorations] CAPPING events from decorations provider vscode.git 3394
2023-09-08 16:51:17.897 [warning] [Decorations] CAPPING events from decorations provider vscode.git 3394
2023-09-08 16:51:23.221 [warning] [Decorations] CAPPING events from decorations provider vscode.git 3394
2023-09-08 16:51:28.562 [warning] [Decorations] CAPPING events from decorations provider vscode.git 3394
2023-09-08 16:51:33.909 [warning] [Decorations] CAPPING events from decorations provider vscode.git 3394
2023-09-08 16:51:39.237 [warning] [Decorations] CAPPING events from decorations provider vscode.git 3394
2023-09-08 16:51:44.766 [warning] [Decorations] CAPPING events from decorations provider vscode.git 3394
2023-09-08 16:51:50.126 [warning] [Decorations] CAPPING events from decorations provider vscode.git 3394
2023-09-08 16:51:55.461 [warning] [Decorations] CAPPING events from decorations provider vscode.git 3394
2023-09-08 16:52:00.863 [warning] [Decorations] CAPPING events from decorations provider vscode.git 3394
2023-09-08 16:52:06.222 [warning] [Decorations] CAPPING events from decorations provider vscode.git 3396
2023-09-08 16:52:11.548 [warning] [Decorations] CAPPING events from decorations provider vscode.git 3395
2023-09-08 16:52:41.501 [warning] [Decorations] CAPPING events from decorations provider vscode.git 3395
2023-09-08 16:53:06.300 [warning] [Decorations] CAPPING events from decorations provider vscode.git 3395
2023-09-08 16:53:11.632 [warning] [Decorations] CAPPING events from decorations provider vscode.git 3396
2023-09-08 16:53:24.323 [warning] [Decorations] CAPPING events from decorations provider vscode.git 3396
2023-09-08 16:53:29.700 [warning] [Decorations] CAPPING events from decorations provider vscode.git 3396
2023-09-08 16:59:25.669 [warning] [Decorations] CAPPING events from decorations provider vscode.git 3396
2023-09-08 16:59:43.282 [warning] [Decorations] CAPPING events from decorations provider vscode.git 3396
2023-09-08 16:59:48.655 [warning] [Decorations] CAPPING events from decorations provider vscode.git 3397
2023-09-08 17:00:21.457 [warning] [Decorations] CAPPING events from decorations provider vscode.git 3397
2023-09-08 17:00:27.168 [warning] [Decorations] CAPPING events from decorations provider vscode.git 3398
2023-09-08 17:00:32.593 [warning] [Decorations] CAPPING events from decorations provider vscode.git 3398
2023-09-08 17:00:37.944 [warning] [Decorations] CAPPING events from decorations provider vscode.git 3398
2023-09-08 17:01:12.882 [warning] [Decorations] CAPPING events from decorations provider vscode.git 3398
2023-09-08 17:02:16.956 [warning] [Decorations] CAPPING events from decorations provider vscode.git 3399
2023-09-08 17:02:22.334 [warning] [Decorations] CAPPING events from decorations provider vscode.git 3400
2023-09-08 17:02:36.989 [warning] [Decorations] CAPPING events from decorations provider vscode.git 3400
2023-09-08 17:02:42.326 [warning] [Decorations] CAPPING events from decorations provider vscode.git 3400
2023-09-08 17:02:50.669 [warning] [Decorations] CAPPING events from decorations provider vscode.git 3400
2023-09-08 17:02:56.002 [warning] [Decorations] CAPPING events from decorations provider vscode.git 3401
2023-09-08 17:03:19.468 [warning] [Decorations] CAPPING events from decorations provider vscode.git 3401
2023-09-08 17:03:24.824 [warning] [Decorations] CAPPING events from decorations provider vscode.git 3401
2023-09-08 17:03:36.965 [warning] [Decorations] CAPPING events from decorations provider vscode.git 3401
2023-09-08 17:04:18.184 [warning] [Decorations] CAPPING events from decorations provider vscode.git 3402
2023-09-08 17:04:23.715 [warning] [Decorations] CAPPING events from decorations provider vscode.git 3403
2023-09-08 17:04:29.054 [warning] [Decorations] CAPPING events from decorations provider vscode.git 3403
2023-09-08 17:04:34.385 [warning] [Decorations] CAPPING events from decorations provider vscode.git 3403
2023-09-08 17:04:39.710 [warning] [Decorations] CAPPING events from decorations provider vscode.git 3403
2023-09-08 17:04:45.063 [warning] [Decorations] CAPPING events from decorations provider vscode.git 3403
2023-09-08 17:04:50.408 [warning] [Decorations] CAPPING events from decorations provider vscode.git 3403
2023-09-08 17:04:55.751 [warning] [Decorations] CAPPING events from decorations provider vscode.git 3403
2023-09-08 17:05:01.134 [warning] [Decorations] CAPPING events from decorations provider vscode.git 3403
2023-09-08 17:05:06.484 [warning] [Decorations] CAPPING events from decorations provider vscode.git 3404
2023-09-08 17:05:11.809 [warning] [Decorations] CAPPING events from decorations provider vscode.git 3406
2023-09-08 17:05:17.165 [warning] [Decorations] CAPPING events from decorations provider vscode.git 3404
2023-09-08 17:05:22.509 [warning] [Decorations] CAPPING events from decorations provider vscode.git 3404
2023-09-08 17:05:28.036 [warning] [Decorations] CAPPING events from decorations provider vscode.git 3404
2023-09-08 17:05:33.356 [warning] [Decorations] CAPPING events from decorations provider vscode.git 3405
2023-09-08 17:06:03.878 [warning] [Decorations] CAPPING events from decorations provider vscode.git 3405
2023-09-08 17:06:09.214 [warning] [Decorations] CAPPING events from decorations provider vscode.git 3405
2023-09-08 17:06:14.574 [warning] [Decorations] CAPPING events from decorations provider vscode.git 3405
2023-09-08 17:06:19.888 [warning] [Decorations] CAPPING events from decorations provider vscode.git 3406
2023-09-08 17:06:25.218 [warning] [Decorations] CAPPING events from decorations provider vscode.git 3405
2023-09-08 17:06:30.753 [warning] [Decorations] CAPPING events from decorations provider vscode.git 3406
2023-09-08 17:06:36.100 [warning] [Decorations] CAPPING events from decorations provider vscode.git 3406
2023-09-08 17:06:41.451 [warning] [Decorations] CAPPING events from decorations provider vscode.git 3407
2023-09-08 17:06:46.789 [warning] [Decorations] CAPPING events from decorations provider vscode.git 3406
2023-09-08 17:06:52.136 [warning] [Decorations] CAPPING events from decorations provider vscode.git 3406
2023-09-08 17:06:57.457 [warning] [Decorations] CAPPING events from decorations provider vscode.git 3407
2023-09-08 17:07:02.816 [warning] [Decorations] CAPPING events from decorations provider vscode.git 3407
2023-09-08 17:07:08.162 [warning] [Decorations] CAPPING events from decorations provider vscode.git 3408
2023-09-08 17:07:13.494 [warning] [Decorations] CAPPING events from decorations provider vscode.git 3408
2023-09-08 17:07:18.836 [warning] [Decorations] CAPPING events from decorations provider vscode.git 3408
2023-09-08 17:11:44.409 [warning] [Decorations] CAPPING events from decorations provider vscode.git 3410
2023-09-08 17:11:49.768 [warning] [Decorations] CAPPING events from decorations provider vscode.git 3410
2023-09-08 17:11:55.109 [warning] [Decorations] CAPPING events from decorations provider vscode.git 3410
2023-09-08 17:12:00.477 [warning] [Decorations] CAPPING events from decorations provider vscode.git 3412
2023-09-08 17:12:05.822 [warning] [Decorations] CAPPING events from decorations provider vscode.git 3411
2023-09-08 17:12:11.192 [warning] [Decorations] CAPPING events from decorations provider vscode.git 3411
2023-09-08 17:16:23.489 [warning] [Decorations] CAPPING events from decorations provider vscode.git 3411
2023-09-08 17:16:35.712 [warning] [Decorations] CAPPING events from decorations provider vscode.git 3411
2023-09-08 17:16:41.082 [warning] [Decorations] CAPPING events from decorations provider vscode.git 3411
2023-09-08 17:16:46.461 [warning] [Decorations] CAPPING events from decorations provider vscode.git 3411
2023-09-08 17:16:51.797 [warning] [Decorations] CAPPING events from decorations provider vscode.git 3411
2023-09-08 17:16:57.144 [warning] [Decorations] CAPPING events from decorations provider vscode.git 3411
2023-09-08 17:28:20.123 [warning] [Decorations] CAPPING events from decorations provider vscode.git 3411
