2023-09-09 17:10:04.912 [info] Extension host with pid 23582 started
2023-09-09 17:10:04.913 [error] Error: EEXIST: file already exists, open '/var/www/.local/share/code-server/User/workspaceStorage/2326199c/vscode.lock'
2023-09-09 17:10:04.921 [info] Lock '/var/www/.local/share/code-server/User/workspaceStorage/2326199c/vscode.lock': Could not acquire lock, checking if the file is stale.
2023-09-09 17:10:04.927 [info] Lock '/var/www/.local/share/code-server/User/workspaceStorage/2326199c/vscode.lock': The lock does not look stale, elapsed: 677 ms, giving up.
2023-09-09 17:10:04.927 [error] Error: EEXIST: file already exists, open '/var/www/.local/share/code-server/User/workspaceStorage/2326199c-1/vscode.lock'
2023-09-09 17:10:04.934 [info] Lock '/var/www/.local/share/code-server/User/workspaceStorage/2326199c-1/vscode.lock': Could not acquire lock, checking if the file is stale.
2023-09-09 17:10:04.935 [info] Lock '/var/www/.local/share/code-server/User/workspaceStorage/2326199c-1/vscode.lock': The lock does not look stale, elapsed: 996 ms, giving up.
2023-09-09 17:10:04.949 [info] Lock '/var/www/.local/share/code-server/User/workspaceStorage/2326199c-2/vscode.lock': Lock acquired.
2023-09-09 17:10:05.208 [info] ExtensionService#_doActivateExtension vscode.php-language-features, startup: false, activationEvent: 'onLanguage:php'
2023-09-09 17:10:05.209 [info] ExtensionService#_doActivateExtension vscode.emmet, startup: false, activationEvent: 'onLanguage'
2023-09-09 17:10:05.490 [info] ExtensionService#_doActivateExtension vscode.git-base, startup: true, activationEvent: '*', root cause: vscode.git
2023-09-09 17:10:05.708 [info] ExtensionService#_doActivateExtension vscode.git, startup: true, activationEvent: '*'
2023-09-09 17:10:05.708 [info] ExtensionService#_doActivateExtension vscode.github, startup: true, activationEvent: '*'
2023-09-09 17:10:06.122 [info] Eager extensions activated
2023-09-09 17:10:06.123 [info] ExtensionService#_doActivateExtension vscode.debug-auto-launch, startup: false, activationEvent: 'onStartupFinished'
2023-09-09 17:10:06.124 [info] ExtensionService#_doActivateExtension vscode.merge-conflict, startup: false, activationEvent: 'onStartupFinished'
2023-09-09 17:10:06.751 [warning] [Decorations] CAPPING events from decorations provider vscode.git 3450
2023-09-09 17:10:07.390 [warning] [Decorations] CAPPING events from decorations provider vscode.git 3450
2023-09-09 17:10:11.712 [warning] [Decorations] CAPPING events from decorations provider vscode.git 3452
2023-09-09 17:10:32.931 [warning] [Decorations] CAPPING events from decorations provider vscode.git 3452
2023-09-09 19:32:23.410 [info] Extension host terminating: renderer disconnected for too long (2)
2023-09-09 19:32:23.411 [info] Lock '/var/www/.local/share/code-server/User/workspaceStorage/2326199c-2/vscode.lock': Marking the lockfile as scheduled to be released in 6000 ms.
2023-09-09 19:32:23.424 [error] Canceled: Canceled
	at Object.k [as canceled] (/usr/local/code-server-4.13.0-linux-amd64/lib/vscode/out/vs/workbench/api/node/extensionHostProcess.js:7:1192)
	at /usr/local/code-server-4.13.0-linux-amd64/lib/vscode/out/vs/workbench/api/node/extensionHostProcess.js:110:8281
	at Array.forEach (<anonymous>)
	at a.dispose (/usr/local/code-server-4.13.0-linux-amd64/lib/vscode/out/vs/workbench/api/node/extensionHostProcess.js:110:8246)
	at h.terminate (/usr/local/code-server-4.13.0-linux-amd64/lib/vscode/out/vs/workbench/api/node/extensionHostProcess.js:112:9392)
	at d.terminate (/usr/local/code-server-4.13.0-linux-amd64/lib/vscode/out/vs/workbench/api/node/extensionHostProcess.js:116:1544)
	at g (/usr/local/code-server-4.13.0-linux-amd64/lib/vscode/out/vs/workbench/api/node/extensionHostProcess.js:126:34552)
	at V.a (/usr/local/code-server-4.13.0-linux-amd64/lib/vscode/out/vs/workbench/api/node/extensionHostProcess.js:126:31107)
	at V.h (/usr/local/code-server-4.13.0-linux-amd64/lib/vscode/out/vs/workbench/api/node/extensionHostProcess.js:63:77339)
	at listOnTimeout (node:internal/timers:559:17)
	at processTimers (node:internal/timers:502:7) setContext undefined
2023-09-09 19:32:23.425 [error] Canceled: Canceled
	at Object.k [as canceled] (/usr/local/code-server-4.13.0-linux-amd64/lib/vscode/out/vs/workbench/api/node/extensionHostProcess.js:7:1192)
	at /usr/local/code-server-4.13.0-linux-amd64/lib/vscode/out/vs/workbench/api/node/extensionHostProcess.js:110:8281
	at Array.forEach (<anonymous>)
	at a.dispose (/usr/local/code-server-4.13.0-linux-amd64/lib/vscode/out/vs/workbench/api/node/extensionHostProcess.js:110:8246)
	at h.terminate (/usr/local/code-server-4.13.0-linux-amd64/lib/vscode/out/vs/workbench/api/node/extensionHostProcess.js:112:9392)
	at d.terminate (/usr/local/code-server-4.13.0-linux-amd64/lib/vscode/out/vs/workbench/api/node/extensionHostProcess.js:116:1544)
	at g (/usr/local/code-server-4.13.0-linux-amd64/lib/vscode/out/vs/workbench/api/node/extensionHostProcess.js:126:34552)
	at V.a (/usr/local/code-server-4.13.0-linux-amd64/lib/vscode/out/vs/workbench/api/node/extensionHostProcess.js:126:31107)
	at V.h (/usr/local/code-server-4.13.0-linux-amd64/lib/vscode/out/vs/workbench/api/node/extensionHostProcess.js:63:77339)
	at listOnTimeout (node:internal/timers:559:17)
	at processTimers (node:internal/timers:502:7) setContext undefined
2023-09-09 19:32:23.425 [error] Canceled: Canceled
	at Object.k [as canceled] (/usr/local/code-server-4.13.0-linux-amd64/lib/vscode/out/vs/workbench/api/node/extensionHostProcess.js:7:1192)
	at /usr/local/code-server-4.13.0-linux-amd64/lib/vscode/out/vs/workbench/api/node/extensionHostProcess.js:110:8281
	at Array.forEach (<anonymous>)
	at a.dispose (/usr/local/code-server-4.13.0-linux-amd64/lib/vscode/out/vs/workbench/api/node/extensionHostProcess.js:110:8246)
	at h.terminate (/usr/local/code-server-4.13.0-linux-amd64/lib/vscode/out/vs/workbench/api/node/extensionHostProcess.js:112:9392)
	at d.terminate (/usr/local/code-server-4.13.0-linux-amd64/lib/vscode/out/vs/workbench/api/node/extensionHostProcess.js:116:1544)
	at g (/usr/local/code-server-4.13.0-linux-amd64/lib/vscode/out/vs/workbench/api/node/extensionHostProcess.js:126:34552)
	at V.a (/usr/local/code-server-4.13.0-linux-amd64/lib/vscode/out/vs/workbench/api/node/extensionHostProcess.js:126:31107)
	at V.h (/usr/local/code-server-4.13.0-linux-amd64/lib/vscode/out/vs/workbench/api/node/extensionHostProcess.js:63:77339)
	at listOnTimeout (node:internal/timers:559:17)
	at processTimers (node:internal/timers:502:7) setContext undefined
2023-09-09 19:32:23.426 [error] Canceled: Canceled
	at new l (/usr/local/code-server-4.13.0-linux-amd64/lib/vscode/out/vs/workbench/api/node/extensionHostProcess.js:98:104563)
	at a.O (/usr/local/code-server-4.13.0-linux-amd64/lib/vscode/out/vs/workbench/api/node/extensionHostProcess.js:110:11657)
	at Proxy.H.<computed>.V.charCodeAt.H.<computed> (/usr/local/code-server-4.13.0-linux-amd64/lib/vscode/out/vs/workbench/api/node/extensionHostProcess.js:110:8947)
	at e.ExtHostCommands.g (/usr/local/code-server-4.13.0-linux-amd64/lib/vscode/out/vs/workbench/api/node/extensionHostProcess.js:98:124729)
	at e.ExtHostCommands.executeCommand (/usr/local/code-server-4.13.0-linux-amd64/lib/vscode/out/vs/workbench/api/node/extensionHostProcess.js:98:124105)
	at C.registerCommand.description (/usr/local/code-server-4.13.0-linux-amd64/lib/vscode/out/vs/workbench/api/node/extensionHostProcess.js:98:123398)
	at e.ExtHostCommands.h (/usr/local/code-server-4.13.0-linux-amd64/lib/vscode/out/vs/workbench/api/node/extensionHostProcess.js:98:125315)
	at e.ExtHostCommands.g (/usr/local/code-server-4.13.0-linux-amd64/lib/vscode/out/vs/workbench/api/node/extensionHostProcess.js:98:124205)
	at e.ExtHostCommands.executeCommand (/usr/local/code-server-4.13.0-linux-amd64/lib/vscode/out/vs/workbench/api/node/extensionHostProcess.js:98:124105)
	at Object.executeCommand (/usr/local/code-server-4.13.0-linux-amd64/lib/vscode/out/vs/workbench/api/node/extensionHostProcess.js:116:24043)
	at D (/usr/local/code-server-4.13.0-linux-amd64/lib/vscode/extensions/git/dist/main.js:2:1259661)
	at v.invoke (/usr/local/code-server-4.13.0-linux-amd64/lib/vscode/out/vs/workbench/api/node/extensionHostProcess.js:60:145)
	at h.deliver (/usr/local/code-server-4.13.0-linux-amd64/lib/vscode/out/vs/workbench/api/node/extensionHostProcess.js:60:2121)
	at i.fire (/usr/local/code-server-4.13.0-linux-amd64/lib/vscode/out/vs/workbench/api/node/extensionHostProcess.js:60:1729)
	at Object.m [as dispose] (/usr/local/code-server-4.13.0-linux-amd64/lib/vscode/extensions/git/dist/main.js:2:1274494)
	at /usr/local/code-server-4.13.0-linux-amd64/lib/vscode/extensions/git/dist/main.js:2:1278940
	at Array.forEach (<anonymous>)
	at g.dispose (/usr/local/code-server-4.13.0-linux-amd64/lib/vscode/extensions/git/dist/main.js:2:1278926)
	at t.<anonymous> (/usr/local/code-server-4.13.0-linux-amd64/lib/vscode/out/vs/workbench/api/node/extensionHostProcess.js:96:12369)
	at t.dispose (/usr/local/code-server-4.13.0-linux-amd64/lib/vscode/out/vs/workbench/api/node/extensionHostProcess.js:96:12504)
	at t.<anonymous> (/usr/local/code-server-4.13.0-linux-amd64/lib/vscode/extensions/git/dist/main.js:2:1261791)
	at t.dispose (/usr/local/code-server-4.13.0-linux-amd64/lib/vscode/out/vs/workbench/api/node/extensionHostProcess.js:96:12504)
	at T (/usr/local/code-server-4.13.0-linux-amd64/lib/vscode/out/vs/workbench/api/node/extensionHostProcess.js:10:12080)
	at h.Y (/usr/local/code-server-4.13.0-linux-amd64/lib/vscode/out/vs/workbench/api/node/extensionHostProcess.js:112:11173)
	at /usr/local/code-server-4.13.0-linux-amd64/lib/vscode/out/vs/workbench/api/node/extensionHostProcess.js:112:9157
	at Array.map (<anonymous>)
	at h.R (/usr/local/code-server-4.13.0-linux-amd64/lib/vscode/out/vs/workbench/api/node/extensionHostProcess.js:112:9144)
	at h.terminate (/usr/local/code-server-4.13.0-linux-amd64/lib/vscode/out/vs/workbench/api/node/extensionHostProcess.js:112:9415)
	at d.terminate (/usr/local/code-server-4.13.0-linux-amd64/lib/vscode/out/vs/workbench/api/node/extensionHostProcess.js:116:1544)
	at g (/usr/local/code-server-4.13.0-linux-amd64/lib/vscode/out/vs/workbench/api/node/extensionHostProcess.js:126:34552)
	at V.a (/usr/local/code-server-4.13.0-linux-amd64/lib/vscode/out/vs/workbench/api/node/extensionHostProcess.js:126:31107)
	at V.h (/usr/local/code-server-4.13.0-linux-amd64/lib/vscode/out/vs/workbench/api/node/extensionHostProcess.js:63:77339)
	at listOnTimeout (node:internal/timers:559:17)
	at processTimers (node:internal/timers:502:7) setContext undefined
2023-09-09 19:32:23.426 [info] Extension host with pid 23582 exiting with code 0
