2023-07-21 14:57:59.864 [info] Log level: Info
2023-07-21 14:57:59.864 [info] Validating found git in: "git"
2023-07-21 14:57:59.864 [info] Using git "2.30.2" from "git"
2023-07-21 14:57:59.864 [info] > git rev-parse --show-toplevel [39ms]
2023-07-21 14:57:59.864 [info] > git rev-parse --git-dir --git-common-dir [20ms]
2023-07-21 14:57:59.864 [info] Open repository: /var/www
2023-07-21 14:57:59.864 [info] > git rev-parse --show-toplevel [6ms]
2023-07-21 14:57:59.864 [info] > git config --get commit.template [6ms]
2023-07-21 14:57:59.864 [info] No remotes found in the git config file.
2023-07-21 14:57:59.864 [info] > git rev-parse --show-toplevel [8ms]
2023-07-21 14:57:59.864 [info] > git for-each-ref --format=%(refname)%00%(upstream:short)%00%(objectname)%00%(upstream:track)%00%(upstream:remotename)%00%(upstream:remoteref) refs/heads/master refs/remotes/master [7ms]
2023-07-21 14:57:59.864 [info] > git rev-parse --show-toplevel [7ms]
2023-07-21 14:57:59.864 [info] > git rev-parse --show-toplevel [2ms]
2023-07-21 14:57:59.864 [info] > git rev-parse --show-toplevel [4ms]
2023-07-21 14:57:59.864 [info] fatal: this operation must be run in a work tree
2023-07-21 14:57:59.865 [info] > git status -z -uall [30ms]
2023-07-21 14:57:59.865 [info] No remotes found in the git config file.
2023-07-21 14:57:59.865 [info] > git config --get commit.template [6ms]
2023-07-21 14:57:59.865 [info] > git for-each-ref --format=%(refname)%00%(upstream:short)%00%(objectname)%00%(upstream:track)%00%(upstream:remotename)%00%(upstream:remoteref) refs/heads/master refs/remotes/master [4ms]
2023-07-21 14:57:59.865 [info] > git status -z -uall [18ms]
2023-07-21 14:57:59.865 [info] > git show --textconv :.git/COMMIT_EDITMSG [12ms]
2023-07-21 14:57:59.865 [info] > git ls-files --stage -- /var/www/.git/COMMIT_EDITMSG [7ms]
2023-07-21 14:57:59.865 [info] > git check-ignore -v -z --stdin [3ms]
2023-07-21 14:58:04.198 [info] > git add -A -- /var/www/.local/share/code-server/User/workspaceStorage/-76e0e95c/vscode.lock /var/www/.local/share/code-server/coder-logs/code-server-stdout.log /var/www/.local/share/code-server/logs/20230721T134028/exthost2/remoteexthost.log /var/www/.local/share/code-server/logs/20230721T134028/exthost2/vscode.git/Git.log /var/www/.local/share/code-server/logs/20230721T134028/remoteagent.log /var/www/.local/share/code-server/logs/20230721T134028/exthost3/remoteexthost.log [37ms]
2023-07-21 14:58:04.212 [info] No remotes found in the git config file.
2023-07-21 14:58:04.213 [info] > git config --get commit.template [7ms]
2023-07-21 14:58:04.216 [info] > git for-each-ref --format=%(refname)%00%(upstream:short)%00%(objectname)%00%(upstream:track)%00%(upstream:remotename)%00%(upstream:remoteref) refs/heads/master refs/remotes/master [4ms]
2023-07-21 14:58:04.261 [info] > git status -z -uall [40ms]
2023-07-21 14:58:05.176 [info] > git check-ignore -v -z --stdin [3ms]
2023-07-21 14:58:06.049 [info] > git ls-files --stage -- /var/www/.git/COMMIT_EDITMSG [3ms]
2023-07-21 14:58:06.363 [info] > git show --textconv :.git/COMMIT_EDITMSG [3ms]
2023-07-21 14:58:07.455 [info] No remotes found in the git config file.
2023-07-21 14:58:07.456 [info] > git config --get commit.template [7ms]
2023-07-21 14:58:07.460 [info] > git for-each-ref --format=%(refname)%00%(upstream:short)%00%(objectname)%00%(upstream:track)%00%(upstream:remotename)%00%(upstream:remoteref) refs/heads/master refs/remotes/master [5ms]
2023-07-21 14:58:07.485 [info] > git status -z -uall [20ms]
2023-07-21 14:58:08.178 [info] > git add -A -- /var/www/.local/share/code-server/logs/20230721T134028/remoteptyhost.log /var/www/.local/share/code-server/logs/20230721T134028/exthost3/vscode.git/Git.log /var/www/.local/share/code-server/logs/20230721T134028/exthost3/vscode.github/GitHub.log [12ms]
2023-07-21 14:58:08.187 [info] No remotes found in the git config file.
2023-07-21 14:58:08.192 [info] > git config --get commit.template [6ms]
2023-07-21 14:58:08.196 [info] > git for-each-ref --format=%(refname)%00%(upstream:short)%00%(objectname)%00%(upstream:track)%00%(upstream:remotename)%00%(upstream:remoteref) refs/heads/master refs/remotes/master [4ms]
2023-07-21 14:58:08.220 [info] > git status -z -uall [20ms]
2023-07-21 14:58:09.990 [info] > git ls-files --stage -- /var/www/.git/COMMIT_EDITMSG [3ms]
2023-07-21 14:58:10.274 [info] > git show --textconv :.git/COMMIT_EDITMSG [3ms]
2023-07-21 14:58:10.656 [info] > git add -A -- /var/www/.local/share/code-server/logs/20230721T134028/exthost3/vscode.git/Git.log [8ms]
2023-07-21 14:58:10.668 [info] No remotes found in the git config file.
2023-07-21 14:58:10.669 [info] > git config --get commit.template [6ms]
2023-07-21 14:58:10.672 [info] > git for-each-ref --format=%(refname)%00%(upstream:short)%00%(objectname)%00%(upstream:track)%00%(upstream:remotename)%00%(upstream:remoteref) refs/heads/master refs/remotes/master [4ms]
2023-07-21 14:58:10.702 [info] > git status -z -uall [26ms]
2023-07-21 14:58:12.495 [info] No remotes found in the git config file.
2023-07-21 14:58:12.502 [info] > git config --get commit.template [7ms]
2023-07-21 14:58:12.505 [info] > git for-each-ref --format=%(refname)%00%(upstream:short)%00%(objectname)%00%(upstream:track)%00%(upstream:remotename)%00%(upstream:remoteref) refs/heads/master refs/remotes/master [4ms]
2023-07-21 14:58:12.531 [info] > git status -z -uall [21ms]
2023-07-21 14:58:12.571 [info] > git ls-files --stage -- /var/www/.git/COMMIT_EDITMSG [3ms]
2023-07-21 14:58:12.732 [info] > git add -A -- /var/www/.local/share/code-server/logs/20230721T134028/exthost3/vscode.git/Git.log [11ms]
2023-07-21 14:58:12.745 [info] No remotes found in the git config file.
2023-07-21 14:58:12.746 [info] > git config --get commit.template [7ms]
2023-07-21 14:58:12.749 [info] > git for-each-ref --format=%(refname)%00%(upstream:short)%00%(objectname)%00%(upstream:track)%00%(upstream:remotename)%00%(upstream:remoteref) refs/heads/master refs/remotes/master [4ms]
2023-07-21 14:58:12.773 [info] > git status -z -uall [19ms]
2023-07-21 14:58:12.878 [info] > git show --textconv :.git/COMMIT_EDITMSG [4ms]
2023-07-21 14:58:14.540 [info] > git ls-files --stage -- /var/www/.git/COMMIT_EDITMSG [2ms]
2023-07-21 14:58:14.853 [info] > git show --textconv :.git/COMMIT_EDITMSG [3ms]
2023-07-21 14:58:15.755 [info] > git add -A -- /var/www/.local/share/code-server/logs/20230721T134028/exthost3/vscode.git/Git.log [7ms]
2023-07-21 14:58:15.767 [info] No remotes found in the git config file.
2023-07-21 14:58:15.768 [info] > git config --get commit.template [5ms]
2023-07-21 14:58:15.771 [info] > git for-each-ref --format=%(refname)%00%(upstream:short)%00%(objectname)%00%(upstream:track)%00%(upstream:remotename)%00%(upstream:remoteref) refs/heads/master refs/remotes/master [4ms]
2023-07-21 14:58:15.802 [info] > git status -z -uall [27ms]
2023-07-21 14:58:17.543 [info] No remotes found in the git config file.
2023-07-21 14:58:17.548 [info] > git config --get commit.template [7ms]
2023-07-21 14:58:17.552 [info] > git for-each-ref --format=%(refname)%00%(upstream:short)%00%(objectname)%00%(upstream:track)%00%(upstream:remotename)%00%(upstream:remoteref) refs/heads/master refs/remotes/master [3ms]
2023-07-21 14:58:17.572 [info] > git ls-files --stage -- /var/www/.git/COMMIT_EDITMSG [3ms]
2023-07-21 14:58:17.578 [info] > git status -z -uall [22ms]
2023-07-21 14:58:17.884 [info] > git show --textconv :.git/COMMIT_EDITMSG [3ms]
2023-07-21 14:58:20.179 [info] > git ls-files --stage -- /var/www/.git/COMMIT_EDITMSG [3ms]
2023-07-21 14:58:20.454 [info] > git show --textconv :.git/COMMIT_EDITMSG [3ms]
2023-07-21 15:00:20.483 [info] > git -c user.useConfigOnly=true commit --quiet [122208ms]
2023-07-21 15:00:20.483 [info] Aborting commit due to empty commit message.
2023-07-21 15:00:20.496 [info] No remotes found in the git config file.
2023-07-21 15:00:20.497 [info] > git config --get commit.template [6ms]
2023-07-21 15:00:20.501 [info] > git for-each-ref --format=%(refname)%00%(upstream:short)%00%(objectname)%00%(upstream:track)%00%(upstream:remotename)%00%(upstream:remoteref) refs/heads/master refs/remotes/master [5ms]
2023-07-21 15:00:20.556 [info] > git status -z -uall [50ms]
2023-07-21 15:00:20.570 [info] No remotes found in the git config file.
2023-07-21 15:00:20.576 [info] > git config --get commit.template [7ms]
2023-07-21 15:00:20.579 [info] > git for-each-ref --format=%(refname)%00%(upstream:short)%00%(objectname)%00%(upstream:track)%00%(upstream:remotename)%00%(upstream:remoteref) refs/heads/master refs/remotes/master [4ms]
2023-07-21 15:00:20.603 [info] > git status -z -uall [19ms]
2023-07-21 15:00:20.989 [info] > git check-ignore -v -z --stdin [4ms]
2023-07-21 15:00:21.557 [info] > git check-ignore -v -z --stdin [9ms]
2023-07-21 15:00:22.437 [info] > git show --textconv :html/webAppDev/week1/task3/style.css [7ms]
2023-07-21 15:00:22.443 [info] > git ls-files --stage -- /var/www/html/webAppDev/week1/task3/style.css [6ms]
2023-07-21 15:00:22.452 [info] > git cat-file -s 7ee40d33b693e4f1cd1f4c2b5d6b757a90958633 [4ms]
2023-07-21 15:00:23.391 [info] > git check-ignore -v -z --stdin [4ms]
2023-07-21 15:00:23.662 [info] > git show --textconv :html/webAppDev/week1/task2/index.html [9ms]
2023-07-21 15:00:23.663 [info] > git ls-files --stage -- /var/www/html/webAppDev/week1/task2/index.html [4ms]
2023-07-21 15:00:23.671 [info] > git cat-file -s 2f098a962eddddab9205e2614f4d5c6eb3352a8a [3ms]
2023-07-21 15:00:25.613 [info] No remotes found in the git config file.
2023-07-21 15:00:25.619 [info] > git config --get commit.template [7ms]
2023-07-21 15:00:25.622 [info] > git for-each-ref --format=%(refname)%00%(upstream:short)%00%(objectname)%00%(upstream:track)%00%(upstream:remotename)%00%(upstream:remoteref) refs/heads/master refs/remotes/master [4ms]
2023-07-21 15:00:25.649 [info] > git status -z -uall [20ms]
2023-07-21 15:00:26.539 [info] > git check-ignore -v -z --stdin [7ms]
2023-07-21 15:00:26.782 [info] > git ls-files --stage -- /var/www/html/webAppDev/week1/task1/index.html [3ms]
2023-07-21 15:00:26.788 [info] > git show --textconv :html/webAppDev/week1/task1/index.html [17ms]
2023-07-21 15:00:26.791 [info] > git cat-file -s 06a0b65c0de6c6088143d0eb4d4f930a35dc1a15 [3ms]
2023-07-21 15:00:27.739 [info] > git show --textconv :html/index.html [7ms]
2023-07-21 15:00:27.741 [info] > git ls-files --stage -- /var/www/html/index.html [4ms]
2023-07-21 15:00:27.749 [info] > git cat-file -s 6af3a03c9458f7c95a5130dedfaffcdf6991d242 [3ms]
2023-07-21 15:00:30.659 [info] No remotes found in the git config file.
2023-07-21 15:00:30.664 [info] > git config --get commit.template [6ms]
2023-07-21 15:00:30.668 [info] > git for-each-ref --format=%(refname)%00%(upstream:short)%00%(objectname)%00%(upstream:track)%00%(upstream:remotename)%00%(upstream:remoteref) refs/heads/master refs/remotes/master [4ms]
2023-07-21 15:00:30.691 [info] > git status -z -uall [18ms]
2023-07-21 15:00:35.702 [info] No remotes found in the git config file.
2023-07-21 15:00:35.708 [info] > git config --get commit.template [6ms]
2023-07-21 15:00:35.711 [info] > git for-each-ref --format=%(refname)%00%(upstream:short)%00%(objectname)%00%(upstream:track)%00%(upstream:remotename)%00%(upstream:remoteref) refs/heads/master refs/remotes/master [4ms]
2023-07-21 15:00:35.737 [info] > git status -z -uall [21ms]
2023-07-21 15:00:40.755 [info] No remotes found in the git config file.
2023-07-21 15:00:40.756 [info] > git config --get commit.template [8ms]
2023-07-21 15:00:40.760 [info] > git for-each-ref --format=%(refname)%00%(upstream:short)%00%(objectname)%00%(upstream:track)%00%(upstream:remotename)%00%(upstream:remoteref) refs/heads/master refs/remotes/master [5ms]
2023-07-21 15:00:40.794 [info] > git status -z -uall [28ms]
2023-07-21 15:00:45.808 [info] No remotes found in the git config file.
2023-07-21 15:00:45.814 [info] > git config --get commit.template [8ms]
2023-07-21 15:00:45.820 [info] > git for-each-ref --format=%(refname)%00%(upstream:short)%00%(objectname)%00%(upstream:track)%00%(upstream:remotename)%00%(upstream:remoteref) refs/heads/master refs/remotes/master [6ms]
2023-07-21 15:00:45.851 [info] > git status -z -uall [25ms]
2023-07-21 15:00:48.635 [info] > git show --textconv :.git/COMMIT_EDITMSG [6ms]
2023-07-21 15:00:48.638 [info] > git ls-files --stage -- /var/www/.git/COMMIT_EDITMSG [3ms]
2023-07-21 15:00:49.053 [info] > git ls-files --stage -- /var/www/.git/COMMIT_EDITMSG [4ms]
2023-07-21 15:00:49.331 [info] > git show --textconv :.git/COMMIT_EDITMSG [3ms]
2023-07-21 15:03:50.908 [info] > git ls-files --stage -- /var/www/.git/COMMIT_EDITMSG [6ms]
2023-07-21 15:03:51.211 [info] > git show --textconv :.git/COMMIT_EDITMSG [3ms]
