2023-09-09 15:30:27.804 [info] Log level: Info
2023-09-09 15:30:27.804 [info] Validating found git in: "git"
2023-09-09 15:30:27.804 [info] Using git "2.30.2" from "git"
2023-09-09 15:30:27.804 [info] > git rev-parse --show-toplevel [39ms]
2023-09-09 15:30:27.804 [info] fatal: not a git repository (or any of the parent directories): .git
2023-09-09 15:30:27.804 [info] > git rev-parse --show-toplevel [75ms]
2023-09-09 15:30:27.804 [info] > git rev-parse --git-dir --git-common-dir [14ms]
2023-09-09 15:30:27.804 [info] Open repository: /var/www
2023-09-09 15:30:27.804 [info] > git rev-parse --show-toplevel [7ms]
2023-09-09 15:30:27.804 [info] fatal: not a git repository (or any of the parent directories): .git
2023-09-09 15:30:27.804 [info] > git config --get commit.template [11ms]
2023-09-09 15:30:27.804 [info] > git rev-parse --show-toplevel [7ms]
2023-09-09 15:30:27.804 [info] fatal: not a git repository (or any of the parent directories): .git
2023-09-09 15:30:27.804 [info] > git rev-parse --show-toplevel [1ms]
2023-09-09 15:30:27.804 [info] fatal: not a git repository (or any of the parent directories): .git
2023-09-09 15:30:27.804 [info] > git rev-parse --show-toplevel [2ms]
2023-09-09 15:30:27.804 [info] fatal: not a git repository (or any of the parent directories): .git
2023-09-09 15:30:27.804 [info] > git rev-parse --show-toplevel [2ms]
2023-09-09 15:30:27.804 [info] fatal: not a git repository (or any of the parent directories): .git
2023-09-09 15:30:27.804 [info] > git rev-parse --show-toplevel [1ms]
2023-09-09 15:30:27.804 [info] fatal: not a git repository (or any of the parent directories): .git
2023-09-09 15:30:27.804 [info] > git rev-parse --show-toplevel [1ms]
2023-09-09 15:30:27.804 [info] fatal: not a git repository (or any of the parent directories): .git
2023-09-09 15:30:27.804 [info] > git rev-parse --show-toplevel [1ms]
2023-09-09 15:30:27.804 [info] fatal: not a git repository (or any of the parent directories): .git
2023-09-09 15:30:27.804 [info] > git rev-parse --show-toplevel [3ms]
2023-09-09 15:30:27.804 [info] fatal: not a git repository (or any of the parent directories): .git
2023-09-09 15:30:27.804 [info] > git for-each-ref --format=%(refname)%00%(upstream:short)%00%(objectname)%00%(upstream:track)%00%(upstream:remotename)%00%(upstream:remoteref) refs/heads/master refs/remotes/master [151ms]
2023-09-09 15:30:27.804 [info] > git show --textconv :html/webAppDev/Assignment1/resources/views/home.blade.php [18ms]
2023-09-09 15:30:27.804 [info] > git ls-files --stage -- /var/www/html/webAppDev/Assignment1/resources/views/home.blade.php [21ms]
2023-09-09 15:30:27.804 [info] > git check-ignore -v -z --stdin [109ms]
2023-09-09 15:30:27.804 [info] > git rev-parse --show-toplevel [7ms]
2023-09-09 15:30:27.804 [info] fatal: not a git repository (or any of the parent directories): .git
2023-09-09 15:30:28.370 [info] > git check-ignore -v -z --stdin [23ms]
2023-09-09 15:30:29.749 [info] > git check-ignore -v -z --stdin [24ms]
2023-09-09 15:30:32.277 [info] > git status -z -uall [5640ms]
2023-09-09 15:30:32.365 [info] > git config --get commit.template [10ms]
2023-09-09 15:30:32.379 [info] > git for-each-ref --format=%(refname)%00%(upstream:short)%00%(objectname)%00%(upstream:track)%00%(upstream:remotename)%00%(upstream:remoteref) refs/heads/master refs/remotes/master [7ms]
2023-09-09 15:30:32.803 [info] > git status -z -uall [418ms]
2023-09-09 15:31:09.793 [info] > git show --textconv :html/webAppDev/Assignment1/bootstrap/app.php [9ms]
2023-09-09 15:31:09.796 [info] > git ls-files --stage -- /var/www/html/webAppDev/Assignment1/bootstrap/app.php [3ms]
2023-09-09 15:32:03.094 [info] > git config --get commit.template [8ms]
2023-09-09 15:32:03.097 [info] > git for-each-ref --format=%(refname)%00%(upstream:short)%00%(objectname)%00%(upstream:track)%00%(upstream:remotename)%00%(upstream:remoteref) refs/heads/master refs/remotes/master [5ms]
2023-09-09 15:32:03.433 [info] > git status -z -uall [330ms]
2023-09-09 15:32:18.333 [info] > git config --get commit.template [8ms]
2023-09-09 15:32:18.337 [info] > git for-each-ref --format=%(refname)%00%(upstream:short)%00%(objectname)%00%(upstream:track)%00%(upstream:remotename)%00%(upstream:remoteref) refs/heads/master refs/remotes/master [5ms]
2023-09-09 15:32:18.617 [info] > git status -z -uall [273ms]
2023-09-09 15:32:22.909 [info] > git check-ignore -v -z --stdin [2ms]
2023-09-09 15:32:23.679 [info] > git config --get commit.template [10ms]
2023-09-09 15:32:23.682 [info] > git for-each-ref --format=%(refname)%00%(upstream:short)%00%(objectname)%00%(upstream:track)%00%(upstream:remotename)%00%(upstream:remoteref) refs/heads/master refs/remotes/master [4ms]
2023-09-09 15:32:23.955 [info] > git status -z -uall [263ms]
2023-09-09 15:32:27.936 [info] > git show --textconv :html/webAppDev/Assignment1/app/Http/Controllers/PostController.php [7ms]
2023-09-09 15:32:27.938 [info] > git ls-files --stage -- /var/www/html/webAppDev/Assignment1/app/Http/Controllers/PostController.php [3ms]
2023-09-09 15:32:29.011 [info] > git config --get commit.template [9ms]
2023-09-09 15:32:29.014 [info] > git for-each-ref --format=%(refname)%00%(upstream:short)%00%(objectname)%00%(upstream:track)%00%(upstream:remotename)%00%(upstream:remoteref) refs/heads/master refs/remotes/master [4ms]
2023-09-09 15:32:29.296 [info] > git status -z -uall [276ms]
2023-09-09 15:32:42.078 [info] > git config --get commit.template [7ms]
2023-09-09 15:32:42.081 [info] > git for-each-ref --format=%(refname)%00%(upstream:short)%00%(objectname)%00%(upstream:track)%00%(upstream:remotename)%00%(upstream:remoteref) refs/heads/master refs/remotes/master [5ms]
2023-09-09 15:32:42.360 [info] > git status -z -uall [273ms]
2023-09-09 15:34:20.954 [info] > git config --get commit.template [7ms]
2023-09-09 15:34:20.957 [info] > git for-each-ref --format=%(refname)%00%(upstream:short)%00%(objectname)%00%(upstream:track)%00%(upstream:remotename)%00%(upstream:remoteref) refs/heads/master refs/remotes/master [6ms]
2023-09-09 15:34:21.438 [info] > git status -z -uall [475ms]
2023-09-09 15:34:26.511 [info] > git config --get commit.template [6ms]
2023-09-09 15:34:26.514 [info] > git for-each-ref --format=%(refname)%00%(upstream:short)%00%(objectname)%00%(upstream:track)%00%(upstream:remotename)%00%(upstream:remoteref) refs/heads/master refs/remotes/master [4ms]
2023-09-09 15:34:26.769 [info] > git status -z -uall [250ms]
2023-09-09 15:34:31.827 [info] > git config --get commit.template [8ms]
2023-09-09 15:34:31.830 [info] > git for-each-ref --format=%(refname)%00%(upstream:short)%00%(objectname)%00%(upstream:track)%00%(upstream:remotename)%00%(upstream:remoteref) refs/heads/master refs/remotes/master [5ms]
2023-09-09 15:34:32.100 [info] > git status -z -uall [264ms]
2023-09-09 15:34:37.150 [info] > git config --get commit.template [0ms]
2023-09-09 15:34:37.197 [info] > git for-each-ref --format=%(refname)%00%(upstream:short)%00%(objectname)%00%(upstream:track)%00%(upstream:remotename)%00%(upstream:remoteref) refs/heads/master refs/remotes/master [40ms]
2023-09-09 15:34:37.532 [info] > git status -z -uall [326ms]
2023-09-09 15:34:45.022 [info] > git config --get commit.template [6ms]
2023-09-09 15:34:45.026 [info] > git for-each-ref --format=%(refname)%00%(upstream:short)%00%(objectname)%00%(upstream:track)%00%(upstream:remotename)%00%(upstream:remoteref) refs/heads/master refs/remotes/master [5ms]
2023-09-09 15:34:45.290 [info] > git status -z -uall [258ms]
2023-09-09 15:34:50.346 [info] > git config --get commit.template [9ms]
2023-09-09 15:34:50.349 [info] > git for-each-ref --format=%(refname)%00%(upstream:short)%00%(objectname)%00%(upstream:track)%00%(upstream:remotename)%00%(upstream:remoteref) refs/heads/master refs/remotes/master [4ms]
2023-09-09 15:34:50.615 [info] > git status -z -uall [258ms]
2023-09-09 15:34:55.674 [info] > git config --get commit.template [12ms]
2023-09-09 15:34:55.678 [info] > git for-each-ref --format=%(refname)%00%(upstream:short)%00%(objectname)%00%(upstream:track)%00%(upstream:remotename)%00%(upstream:remoteref) refs/heads/master refs/remotes/master [5ms]
2023-09-09 15:34:55.943 [info] > git status -z -uall [255ms]
2023-09-09 15:34:56.414 [info] > git show --textconv :html/webAppDev/Assignment1/resources/views/posts/edit.blade.php [8ms]
2023-09-09 15:34:56.419 [info] > git ls-files --stage -- /var/www/html/webAppDev/Assignment1/resources/views/posts/edit.blade.php [6ms]
2023-09-09 15:35:00.994 [info] > git config --get commit.template [7ms]
2023-09-09 15:35:01.003 [info] > git for-each-ref --format=%(refname)%00%(upstream:short)%00%(objectname)%00%(upstream:track)%00%(upstream:remotename)%00%(upstream:remoteref) refs/heads/master refs/remotes/master [10ms]
2023-09-09 15:35:01.009 [info] > git check-ignore -v -z --stdin [7ms]
2023-09-09 15:35:01.291 [info] > git status -z -uall [283ms]
2023-09-09 15:35:03.707 [info] > git check-ignore -v -z --stdin [4ms]
2023-09-09 15:35:04.710 [info] > git show --textconv :html/webAppDev/Assignment1/routes/web.php [7ms]
2023-09-09 15:35:04.712 [info] > git ls-files --stage -- /var/www/html/webAppDev/Assignment1/routes/web.php [3ms]
2023-09-09 15:35:06.344 [info] > git config --get commit.template [7ms]
2023-09-09 15:35:06.348 [info] > git for-each-ref --format=%(refname)%00%(upstream:short)%00%(objectname)%00%(upstream:track)%00%(upstream:remotename)%00%(upstream:remoteref) refs/heads/master refs/remotes/master [4ms]
2023-09-09 15:35:06.600 [info] > git status -z -uall [246ms]
2023-09-09 15:35:11.652 [info] > git config --get commit.template [8ms]
2023-09-09 15:35:11.655 [info] > git for-each-ref --format=%(refname)%00%(upstream:short)%00%(objectname)%00%(upstream:track)%00%(upstream:remotename)%00%(upstream:remoteref) refs/heads/master refs/remotes/master [4ms]
2023-09-09 15:35:11.911 [info] > git status -z -uall [250ms]
2023-09-09 15:35:50.300 [info] > git config --get commit.template [6ms]
2023-09-09 15:35:50.304 [info] > git for-each-ref --format=%(refname)%00%(upstream:short)%00%(objectname)%00%(upstream:track)%00%(upstream:remotename)%00%(upstream:remoteref) refs/heads/master refs/remotes/master [5ms]
2023-09-09 15:35:50.793 [info] > git status -z -uall [484ms]
2023-09-09 15:37:03.121 [info] > git config --get commit.template [6ms]
2023-09-09 15:37:03.126 [info] > git for-each-ref --format=%(refname)%00%(upstream:short)%00%(objectname)%00%(upstream:track)%00%(upstream:remotename)%00%(upstream:remoteref) refs/heads/master refs/remotes/master [5ms]
2023-09-09 15:37:03.383 [info] > git ls-files --stage -- /var/www/html/webAppDev/Assignment1/resources/views/posts/edit.blade.php [9ms]
2023-09-09 15:37:03.385 [info] > git ls-files --stage -- /var/www/html/webAppDev/Assignment1/app/Http/Controllers/PostController.php [18ms]
2023-09-09 15:37:03.385 [info] > git ls-files --stage -- /var/www/html/webAppDev/Assignment1/bootstrap/app.php [25ms]
2023-09-09 15:37:03.386 [info] > git ls-files --stage -- /var/www/html/webAppDev/Assignment1/resources/views/home.blade.php [31ms]
2023-09-09 15:37:03.386 [info] > git ls-files --stage -- /var/www/html/webAppDev/Assignment1/routes/web.php [4ms]
2023-09-09 15:37:03.646 [info] > git status -z -uall [515ms]
2023-09-09 15:37:03.646 [info] > git show --textconv :html/webAppDev/Assignment1/resources/views/posts/edit.blade.php [21ms]
2023-09-09 15:37:03.646 [info] > git show --textconv :html/webAppDev/Assignment1/app/Http/Controllers/PostController.php [14ms]
2023-09-09 15:37:03.646 [info] > git show --textconv :html/webAppDev/Assignment1/bootstrap/app.php [9ms]
2023-09-09 15:37:03.646 [info] > git show --textconv :html/webAppDev/Assignment1/resources/views/home.blade.php [4ms]
2023-09-09 15:37:03.703 [info] > git show --textconv :html/webAppDev/Assignment1/routes/web.php [4ms]
2023-09-09 15:37:08.709 [info] > git config --get commit.template [8ms]
2023-09-09 15:37:08.711 [info] > git for-each-ref --format=%(refname)%00%(upstream:short)%00%(objectname)%00%(upstream:track)%00%(upstream:remotename)%00%(upstream:remoteref) refs/heads/master refs/remotes/master [5ms]
2023-09-09 15:37:08.994 [info] > git status -z -uall [275ms]
2023-09-09 15:38:29.840 [info] > git config --get commit.template [6ms]
2023-09-09 15:38:29.845 [info] > git for-each-ref --format=%(refname)%00%(upstream:short)%00%(objectname)%00%(upstream:track)%00%(upstream:remotename)%00%(upstream:remoteref) refs/heads/master refs/remotes/master [5ms]
2023-09-09 15:38:30.364 [info] > git status -z -uall [513ms]
2023-09-09 15:39:32.060 [info] > git config --get commit.template [6ms]
2023-09-09 15:39:32.065 [info] > git for-each-ref --format=%(refname)%00%(upstream:short)%00%(objectname)%00%(upstream:track)%00%(upstream:remotename)%00%(upstream:remoteref) refs/heads/master refs/remotes/master [5ms]
2023-09-09 15:39:32.545 [info] > git status -z -uall [475ms]
2023-09-09 15:41:24.633 [info] > git config --get commit.template [7ms]
2023-09-09 15:41:24.639 [info] > git for-each-ref --format=%(refname)%00%(upstream:short)%00%(objectname)%00%(upstream:track)%00%(upstream:remotename)%00%(upstream:remoteref) refs/heads/master refs/remotes/master [7ms]
2023-09-09 15:41:25.145 [info] > git status -z -uall [499ms]
2023-09-09 15:41:30.721 [info] > git config --get commit.template [7ms]
2023-09-09 15:41:30.724 [info] > git for-each-ref --format=%(refname)%00%(upstream:short)%00%(objectname)%00%(upstream:track)%00%(upstream:remotename)%00%(upstream:remoteref) refs/heads/master refs/remotes/master [4ms]
2023-09-09 15:41:31.024 [info] > git status -z -uall [294ms]
2023-09-09 15:41:39.404 [info] > git config --get commit.template [8ms]
2023-09-09 15:41:39.408 [info] > git for-each-ref --format=%(refname)%00%(upstream:short)%00%(objectname)%00%(upstream:track)%00%(upstream:remotename)%00%(upstream:remoteref) refs/heads/master refs/remotes/master [4ms]
2023-09-09 15:41:39.683 [info] > git status -z -uall [268ms]
2023-09-09 15:42:15.423 [info] > git config --get commit.template [8ms]
2023-09-09 15:42:15.428 [info] > git for-each-ref --format=%(refname)%00%(upstream:short)%00%(objectname)%00%(upstream:track)%00%(upstream:remotename)%00%(upstream:remoteref) refs/heads/master refs/remotes/master [7ms]
2023-09-09 15:42:15.738 [info] > git status -z -uall [305ms]
2023-09-09 15:44:40.020 [info] > git config --get commit.template [6ms]
2023-09-09 15:44:40.025 [info] > git for-each-ref --format=%(refname)%00%(upstream:short)%00%(objectname)%00%(upstream:track)%00%(upstream:remotename)%00%(upstream:remoteref) refs/heads/master refs/remotes/master [6ms]
2023-09-09 15:44:40.513 [info] > git status -z -uall [484ms]
2023-09-09 15:45:22.220 [info] > git config --get commit.template [5ms]
2023-09-09 15:45:22.224 [info] > git for-each-ref --format=%(refname)%00%(upstream:short)%00%(objectname)%00%(upstream:track)%00%(upstream:remotename)%00%(upstream:remoteref) refs/heads/master refs/remotes/master [4ms]
2023-09-09 15:45:22.497 [info] > git status -z -uall [267ms]
2023-09-09 15:45:27.558 [info] > git config --get commit.template [7ms]
2023-09-09 15:45:27.562 [info] > git for-each-ref --format=%(refname)%00%(upstream:short)%00%(objectname)%00%(upstream:track)%00%(upstream:remotename)%00%(upstream:remoteref) refs/heads/master refs/remotes/master [4ms]
2023-09-09 15:45:27.822 [info] > git status -z -uall [254ms]
2023-09-09 15:45:32.880 [info] > git config --get commit.template [7ms]
2023-09-09 15:45:33.163 [info] > git for-each-ref --format=%(refname)%00%(upstream:short)%00%(objectname)%00%(upstream:track)%00%(upstream:remotename)%00%(upstream:remoteref) refs/heads/master refs/remotes/master [283ms]
2023-09-09 15:45:33.505 [info] > git status -z -uall [335ms]
2023-09-09 15:45:38.560 [info] > git config --get commit.template [8ms]
2023-09-09 15:45:38.563 [info] > git for-each-ref --format=%(refname)%00%(upstream:short)%00%(objectname)%00%(upstream:track)%00%(upstream:remotename)%00%(upstream:remoteref) refs/heads/master refs/remotes/master [4ms]
2023-09-09 15:45:38.826 [info] > git status -z -uall [255ms]
2023-09-09 15:45:43.880 [info] > git config --get commit.template [7ms]
2023-09-09 15:45:43.885 [info] > git for-each-ref --format=%(refname)%00%(upstream:short)%00%(objectname)%00%(upstream:track)%00%(upstream:remotename)%00%(upstream:remoteref) refs/heads/master refs/remotes/master [6ms]
2023-09-09 15:45:44.384 [info] > git status -z -uall [492ms]
2023-09-09 15:45:52.666 [info] > git config --get commit.template [8ms]
2023-09-09 15:45:52.670 [info] > git for-each-ref --format=%(refname)%00%(upstream:short)%00%(objectname)%00%(upstream:track)%00%(upstream:remotename)%00%(upstream:remoteref) refs/heads/master refs/remotes/master [5ms]
2023-09-09 15:45:52.951 [info] > git status -z -uall [274ms]
2023-09-09 15:47:36.561 [info] > git config --get commit.template [7ms]
2023-09-09 15:47:36.565 [info] > git for-each-ref --format=%(refname)%00%(upstream:short)%00%(objectname)%00%(upstream:track)%00%(upstream:remotename)%00%(upstream:remoteref) refs/heads/master refs/remotes/master [5ms]
2023-09-09 15:47:37.023 [info] > git status -z -uall [451ms]
2023-09-09 15:47:42.086 [info] > git config --get commit.template [7ms]
2023-09-09 15:47:42.090 [info] > git for-each-ref --format=%(refname)%00%(upstream:short)%00%(objectname)%00%(upstream:track)%00%(upstream:remotename)%00%(upstream:remoteref) refs/heads/master refs/remotes/master [5ms]
2023-09-09 15:47:42.346 [info] > git status -z -uall [250ms]
2023-09-09 15:47:47.405 [info] > git config --get commit.template [8ms]
2023-09-09 15:47:47.409 [info] > git for-each-ref --format=%(refname)%00%(upstream:short)%00%(objectname)%00%(upstream:track)%00%(upstream:remotename)%00%(upstream:remoteref) refs/heads/master refs/remotes/master [6ms]
2023-09-09 15:47:47.835 [info] > git status -z -uall [420ms]
2023-09-09 15:48:11.689 [info] > git config --get commit.template [6ms]
2023-09-09 15:48:11.693 [info] > git for-each-ref --format=%(refname)%00%(upstream:short)%00%(objectname)%00%(upstream:track)%00%(upstream:remotename)%00%(upstream:remoteref) refs/heads/master refs/remotes/master [5ms]
2023-09-09 15:48:11.945 [info] > git status -z -uall [248ms]
2023-09-09 15:48:17.010 [info] > git config --get commit.template [7ms]
2023-09-09 15:48:17.014 [info] > git for-each-ref --format=%(refname)%00%(upstream:short)%00%(objectname)%00%(upstream:track)%00%(upstream:remotename)%00%(upstream:remoteref) refs/heads/master refs/remotes/master [4ms]
2023-09-09 15:48:17.292 [info] > git status -z -uall [272ms]
2023-09-09 15:48:54.181 [info] > git config --get commit.template [6ms]
2023-09-09 15:48:54.185 [info] > git for-each-ref --format=%(refname)%00%(upstream:short)%00%(objectname)%00%(upstream:track)%00%(upstream:remotename)%00%(upstream:remoteref) refs/heads/master refs/remotes/master [5ms]
2023-09-09 15:48:54.704 [info] > git status -z -uall [513ms]
2023-09-09 15:49:10.961 [info] > git config --get commit.template [6ms]
2023-09-09 15:49:10.965 [info] > git for-each-ref --format=%(refname)%00%(upstream:short)%00%(objectname)%00%(upstream:track)%00%(upstream:remotename)%00%(upstream:remoteref) refs/heads/master refs/remotes/master [4ms]
2023-09-09 15:49:11.244 [info] > git status -z -uall [273ms]
2023-09-09 15:49:16.309 [info] > git config --get commit.template [7ms]
2023-09-09 15:49:16.313 [info] > git for-each-ref --format=%(refname)%00%(upstream:short)%00%(objectname)%00%(upstream:track)%00%(upstream:remotename)%00%(upstream:remoteref) refs/heads/master refs/remotes/master [5ms]
2023-09-09 15:49:16.560 [info] > git status -z -uall [241ms]
2023-09-09 15:49:21.614 [info] > git config --get commit.template [6ms]
2023-09-09 15:49:21.619 [info] > git for-each-ref --format=%(refname)%00%(upstream:short)%00%(objectname)%00%(upstream:track)%00%(upstream:remotename)%00%(upstream:remoteref) refs/heads/master refs/remotes/master [6ms]
2023-09-09 15:49:21.889 [info] > git status -z -uall [261ms]
2023-09-09 15:49:26.950 [info] > git config --get commit.template [8ms]
2023-09-09 15:49:26.954 [info] > git for-each-ref --format=%(refname)%00%(upstream:short)%00%(objectname)%00%(upstream:track)%00%(upstream:remotename)%00%(upstream:remoteref) refs/heads/master refs/remotes/master [5ms]
2023-09-09 15:49:27.215 [info] > git status -z -uall [254ms]
2023-09-09 15:49:32.286 [info] > git config --get commit.template [8ms]
2023-09-09 15:49:32.292 [info] > git for-each-ref --format=%(refname)%00%(upstream:short)%00%(objectname)%00%(upstream:track)%00%(upstream:remotename)%00%(upstream:remoteref) refs/heads/master refs/remotes/master [6ms]
2023-09-09 15:49:32.575 [info] > git status -z -uall [275ms]
2023-09-09 15:49:37.635 [info] > git config --get commit.template [9ms]
2023-09-09 15:49:37.639 [info] > git for-each-ref --format=%(refname)%00%(upstream:short)%00%(objectname)%00%(upstream:track)%00%(upstream:remotename)%00%(upstream:remoteref) refs/heads/master refs/remotes/master [6ms]
2023-09-09 15:49:38.083 [info] > git status -z -uall [437ms]
2023-09-09 15:49:43.140 [info] > git config --get commit.template [9ms]
2023-09-09 15:49:43.144 [info] > git for-each-ref --format=%(refname)%00%(upstream:short)%00%(objectname)%00%(upstream:track)%00%(upstream:remotename)%00%(upstream:remoteref) refs/heads/master refs/remotes/master [5ms]
2023-09-09 15:49:43.418 [info] > git status -z -uall [266ms]
2023-09-09 15:49:48.485 [info] > git config --get commit.template [9ms]
2023-09-09 15:49:48.489 [info] > git for-each-ref --format=%(refname)%00%(upstream:short)%00%(objectname)%00%(upstream:track)%00%(upstream:remotename)%00%(upstream:remoteref) refs/heads/master refs/remotes/master [4ms]
2023-09-09 15:49:48.767 [info] > git status -z -uall [271ms]
2023-09-09 15:49:53.829 [info] > git config --get commit.template [11ms]
2023-09-09 15:49:53.832 [info] > git for-each-ref --format=%(refname)%00%(upstream:short)%00%(objectname)%00%(upstream:track)%00%(upstream:remotename)%00%(upstream:remoteref) refs/heads/master refs/remotes/master [4ms]
2023-09-09 15:49:54.092 [info] > git status -z -uall [249ms]
2023-09-09 15:49:59.161 [info] > git config --get commit.template [14ms]
2023-09-09 15:49:59.167 [info] > git for-each-ref --format=%(refname)%00%(upstream:short)%00%(objectname)%00%(upstream:track)%00%(upstream:remotename)%00%(upstream:remoteref) refs/heads/master refs/remotes/master [7ms]
2023-09-09 15:49:59.653 [info] > git status -z -uall [475ms]
2023-09-09 15:50:04.718 [info] > git config --get commit.template [13ms]
2023-09-09 15:50:04.722 [info] > git for-each-ref --format=%(refname)%00%(upstream:short)%00%(objectname)%00%(upstream:track)%00%(upstream:remotename)%00%(upstream:remoteref) refs/heads/master refs/remotes/master [5ms]
2023-09-09 15:50:04.992 [info] > git status -z -uall [260ms]
2023-09-09 15:50:10.059 [info] > git config --get commit.template [12ms]
2023-09-09 15:50:10.063 [info] > git for-each-ref --format=%(refname)%00%(upstream:short)%00%(objectname)%00%(upstream:track)%00%(upstream:remotename)%00%(upstream:remoteref) refs/heads/master refs/remotes/master [5ms]
2023-09-09 15:50:10.346 [info] > git status -z -uall [272ms]
2023-09-09 15:50:15.417 [info] > git config --get commit.template [6ms]
2023-09-09 15:50:15.420 [info] > git for-each-ref --format=%(refname)%00%(upstream:short)%00%(objectname)%00%(upstream:track)%00%(upstream:remotename)%00%(upstream:remoteref) refs/heads/master refs/remotes/master [4ms]
2023-09-09 15:50:15.693 [info] > git status -z -uall [267ms]
2023-09-09 15:50:20.751 [info] > git config --get commit.template [8ms]
2023-09-09 15:50:20.755 [info] > git for-each-ref --format=%(refname)%00%(upstream:short)%00%(objectname)%00%(upstream:track)%00%(upstream:remotename)%00%(upstream:remoteref) refs/heads/master refs/remotes/master [5ms]
2023-09-09 15:50:21.022 [info] > git status -z -uall [261ms]
2023-09-09 15:50:26.075 [info] > git config --get commit.template [7ms]
2023-09-09 15:50:26.081 [info] > git for-each-ref --format=%(refname)%00%(upstream:short)%00%(objectname)%00%(upstream:track)%00%(upstream:remotename)%00%(upstream:remoteref) refs/heads/master refs/remotes/master [6ms]
2023-09-09 15:50:26.394 [info] > git status -z -uall [306ms]
2023-09-09 15:50:31.451 [info] > git config --get commit.template [8ms]
2023-09-09 15:50:31.455 [info] > git for-each-ref --format=%(refname)%00%(upstream:short)%00%(objectname)%00%(upstream:track)%00%(upstream:remotename)%00%(upstream:remoteref) refs/heads/master refs/remotes/master [5ms]
2023-09-09 15:50:31.720 [info] > git status -z -uall [257ms]
2023-09-09 15:50:36.771 [info] > git config --get commit.template [8ms]
2023-09-09 15:50:36.775 [info] > git for-each-ref --format=%(refname)%00%(upstream:short)%00%(objectname)%00%(upstream:track)%00%(upstream:remotename)%00%(upstream:remoteref) refs/heads/master refs/remotes/master [4ms]
2023-09-09 15:50:37.053 [info] > git status -z -uall [272ms]
2023-09-09 15:50:42.103 [info] > git config --get commit.template [7ms]
2023-09-09 15:50:42.107 [info] > git for-each-ref --format=%(refname)%00%(upstream:short)%00%(objectname)%00%(upstream:track)%00%(upstream:remotename)%00%(upstream:remoteref) refs/heads/master refs/remotes/master [5ms]
2023-09-09 15:50:42.369 [info] > git status -z -uall [256ms]
2023-09-09 15:50:47.423 [info] > git config --get commit.template [9ms]
2023-09-09 15:50:47.427 [info] > git for-each-ref --format=%(refname)%00%(upstream:short)%00%(objectname)%00%(upstream:track)%00%(upstream:remotename)%00%(upstream:remoteref) refs/heads/master refs/remotes/master [5ms]
2023-09-09 15:50:47.731 [info] > git status -z -uall [296ms]
2023-09-09 15:50:52.788 [info] > git config --get commit.template [8ms]
2023-09-09 15:50:52.792 [info] > git for-each-ref --format=%(refname)%00%(upstream:short)%00%(objectname)%00%(upstream:track)%00%(upstream:remotename)%00%(upstream:remoteref) refs/heads/master refs/remotes/master [5ms]
2023-09-09 15:50:53.069 [info] > git status -z -uall [270ms]
2023-09-09 15:50:58.124 [info] > git config --get commit.template [8ms]
2023-09-09 15:50:58.128 [info] > git for-each-ref --format=%(refname)%00%(upstream:short)%00%(objectname)%00%(upstream:track)%00%(upstream:remotename)%00%(upstream:remoteref) refs/heads/master refs/remotes/master [5ms]
2023-09-09 15:50:58.427 [info] > git status -z -uall [292ms]
2023-09-09 15:51:03.479 [info] > git config --get commit.template [8ms]
2023-09-09 15:51:03.483 [info] > git for-each-ref --format=%(refname)%00%(upstream:short)%00%(objectname)%00%(upstream:track)%00%(upstream:remotename)%00%(upstream:remoteref) refs/heads/master refs/remotes/master [5ms]
2023-09-09 15:51:04.009 [info] > git status -z -uall [519ms]
2023-09-09 15:51:09.065 [info] > git config --get commit.template [7ms]
2023-09-09 15:51:09.068 [info] > git for-each-ref --format=%(refname)%00%(upstream:short)%00%(objectname)%00%(upstream:track)%00%(upstream:remotename)%00%(upstream:remoteref) refs/heads/master refs/remotes/master [4ms]
2023-09-09 15:51:09.346 [info] > git status -z -uall [271ms]
2023-09-09 15:51:14.400 [info] > git config --get commit.template [9ms]
2023-09-09 15:51:14.404 [info] > git for-each-ref --format=%(refname)%00%(upstream:short)%00%(objectname)%00%(upstream:track)%00%(upstream:remotename)%00%(upstream:remoteref) refs/heads/master refs/remotes/master [4ms]
2023-09-09 15:51:14.689 [info] > git status -z -uall [279ms]
2023-09-09 15:51:19.740 [info] > git config --get commit.template [9ms]
2023-09-09 15:51:19.744 [info] > git for-each-ref --format=%(refname)%00%(upstream:short)%00%(objectname)%00%(upstream:track)%00%(upstream:remotename)%00%(upstream:remoteref) refs/heads/master refs/remotes/master [4ms]
2023-09-09 15:51:20.003 [info] > git status -z -uall [253ms]
2023-09-09 15:51:25.058 [info] > git config --get commit.template [8ms]
2023-09-09 15:51:25.062 [info] > git for-each-ref --format=%(refname)%00%(upstream:short)%00%(objectname)%00%(upstream:track)%00%(upstream:remotename)%00%(upstream:remoteref) refs/heads/master refs/remotes/master [5ms]
2023-09-09 15:51:25.345 [info] > git status -z -uall [275ms]
2023-09-09 15:51:30.400 [info] > git config --get commit.template [7ms]
2023-09-09 15:51:30.403 [info] > git for-each-ref --format=%(refname)%00%(upstream:short)%00%(objectname)%00%(upstream:track)%00%(upstream:remotename)%00%(upstream:remoteref) refs/heads/master refs/remotes/master [4ms]
2023-09-09 15:51:30.665 [info] > git status -z -uall [256ms]
2023-09-09 15:51:35.721 [info] > git config --get commit.template [10ms]
2023-09-09 15:51:35.725 [info] > git for-each-ref --format=%(refname)%00%(upstream:short)%00%(objectname)%00%(upstream:track)%00%(upstream:remotename)%00%(upstream:remoteref) refs/heads/master refs/remotes/master [4ms]
2023-09-09 15:51:35.991 [info] > git status -z -uall [260ms]
2023-09-09 15:51:41.065 [info] > git config --get commit.template [9ms]
2023-09-09 15:51:41.067 [info] > git for-each-ref --format=%(refname)%00%(upstream:short)%00%(objectname)%00%(upstream:track)%00%(upstream:remotename)%00%(upstream:remoteref) refs/heads/master refs/remotes/master [5ms]
2023-09-09 15:51:41.335 [info] > git status -z -uall [259ms]
2023-09-09 15:51:46.387 [info] > git config --get commit.template [9ms]
2023-09-09 15:51:46.391 [info] > git for-each-ref --format=%(refname)%00%(upstream:short)%00%(objectname)%00%(upstream:track)%00%(upstream:remotename)%00%(upstream:remoteref) refs/heads/master refs/remotes/master [5ms]
2023-09-09 15:51:46.655 [info] > git status -z -uall [257ms]
2023-09-09 15:51:51.707 [info] > git config --get commit.template [7ms]
2023-09-09 15:51:51.711 [info] > git for-each-ref --format=%(refname)%00%(upstream:short)%00%(objectname)%00%(upstream:track)%00%(upstream:remotename)%00%(upstream:remoteref) refs/heads/master refs/remotes/master [4ms]
2023-09-09 15:51:51.973 [info] > git status -z -uall [256ms]
2023-09-09 15:51:57.030 [info] > git config --get commit.template [10ms]
2023-09-09 15:51:57.034 [info] > git for-each-ref --format=%(refname)%00%(upstream:short)%00%(objectname)%00%(upstream:track)%00%(upstream:remotename)%00%(upstream:remoteref) refs/heads/master refs/remotes/master [4ms]
2023-09-09 15:51:57.306 [info] > git status -z -uall [266ms]
2023-09-09 15:52:02.359 [info] > git config --get commit.template [8ms]
2023-09-09 15:52:02.363 [info] > git for-each-ref --format=%(refname)%00%(upstream:short)%00%(objectname)%00%(upstream:track)%00%(upstream:remotename)%00%(upstream:remoteref) refs/heads/master refs/remotes/master [5ms]
2023-09-09 15:52:02.637 [info] > git status -z -uall [267ms]
2023-09-09 15:52:07.702 [info] > git config --get commit.template [7ms]
2023-09-09 15:52:07.707 [info] > git for-each-ref --format=%(refname)%00%(upstream:short)%00%(objectname)%00%(upstream:track)%00%(upstream:remotename)%00%(upstream:remoteref) refs/heads/master refs/remotes/master [6ms]
2023-09-09 15:52:08.172 [info] > git status -z -uall [459ms]
2023-09-09 15:52:13.224 [info] > git config --get commit.template [7ms]
2023-09-09 15:52:13.228 [info] > git for-each-ref --format=%(refname)%00%(upstream:short)%00%(objectname)%00%(upstream:track)%00%(upstream:remotename)%00%(upstream:remoteref) refs/heads/master refs/remotes/master [5ms]
2023-09-09 15:52:13.509 [info] > git status -z -uall [276ms]
2023-09-09 15:52:35.941 [info] > git config --get commit.template [7ms]
2023-09-09 15:52:35.945 [info] > git for-each-ref --format=%(refname)%00%(upstream:short)%00%(objectname)%00%(upstream:track)%00%(upstream:remotename)%00%(upstream:remoteref) refs/heads/master refs/remotes/master [5ms]
2023-09-09 15:52:36.215 [info] > git status -z -uall [264ms]
2023-09-09 15:52:40.240 [info] > git show --textconv :html/webAppDev/Assignment1/app/Http/Controllers/HomeController.php [7ms]
2023-09-09 15:52:40.242 [info] > git ls-files --stage -- /var/www/html/webAppDev/Assignment1/app/Http/Controllers/HomeController.php [3ms]
2023-09-09 15:52:41.288 [info] > git config --get commit.template [7ms]
2023-09-09 15:52:41.292 [info] > git for-each-ref --format=%(refname)%00%(upstream:short)%00%(objectname)%00%(upstream:track)%00%(upstream:remotename)%00%(upstream:remoteref) refs/heads/master refs/remotes/master [5ms]
2023-09-09 15:52:41.561 [info] > git status -z -uall [263ms]
2023-09-09 15:52:44.313 [info] > git show --textconv :html/webAppDev/Assignment1/app/Http/Controllers/CommentController.php [7ms]
2023-09-09 15:52:44.315 [info] > git ls-files --stage -- /var/www/html/webAppDev/Assignment1/app/Http/Controllers/CommentController.php [3ms]
2023-09-09 15:52:46.186 [info] > git show --textconv :html/webAppDev/Assignment1/_Security_README.md [10ms]
2023-09-09 15:52:46.188 [info] > git ls-files --stage -- /var/www/html/webAppDev/Assignment1/_Security_README.md [2ms]
2023-09-09 15:52:46.619 [info] > git config --get commit.template [8ms]
2023-09-09 15:52:46.624 [info] > git for-each-ref --format=%(refname)%00%(upstream:short)%00%(objectname)%00%(upstream:track)%00%(upstream:remotename)%00%(upstream:remoteref) refs/heads/master refs/remotes/master [6ms]
2023-09-09 15:52:46.881 [info] > git status -z -uall [249ms]
2023-09-09 15:52:48.333 [info] > git show --textconv :html/webAppDev/Assignment1/resources/views/posts/index.blade.php [9ms]
2023-09-09 15:52:48.336 [info] > git ls-files --stage -- /var/www/html/webAppDev/Assignment1/resources/views/posts/index.blade.php [3ms]
2023-09-09 15:52:51.363 [info] > git show --textconv :html/webAppDev/Assignment1/resources/views/unique-users/index.blade.php [9ms]
2023-09-09 15:52:51.365 [info] > git ls-files --stage -- /var/www/html/webAppDev/Assignment1/resources/views/unique-users/index.blade.php [2ms]
2023-09-09 15:52:51.942 [info] > git config --get commit.template [9ms]
2023-09-09 15:52:51.945 [info] > git for-each-ref --format=%(refname)%00%(upstream:short)%00%(objectname)%00%(upstream:track)%00%(upstream:remotename)%00%(upstream:remoteref) refs/heads/master refs/remotes/master [4ms]
2023-09-09 15:52:52.224 [info] > git status -z -uall [272ms]
2023-09-09 15:52:54.474 [info] > git show --textconv :html/webAppDev/Assignment1/resources/views/unique-users/show.blade.php [9ms]
2023-09-09 15:52:54.477 [info] > git ls-files --stage -- /var/www/html/webAppDev/Assignment1/resources/views/unique-users/show.blade.php [3ms]
2023-09-09 15:52:56.546 [info] > git show --textconv :html/webAppDev/Assignment1/resources/views/posts/show.blade.php [9ms]
2023-09-09 15:52:56.549 [info] > git ls-files --stage -- /var/www/html/webAppDev/Assignment1/resources/views/posts/show.blade.php [4ms]
2023-09-09 15:52:58.517 [info] > git show --textconv :html/webAppDev/Assignment1/resources/views/users/show.blade.php [11ms]
2023-09-09 15:52:58.520 [info] > git ls-files --stage -- /var/www/html/webAppDev/Assignment1/resources/views/users/show.blade.php [3ms]
2023-09-09 15:53:00.267 [info] > git show --textconv :html/webAppDev/Assignment1/resources/views/posts/create.blade.php [9ms]
2023-09-09 15:53:00.269 [info] > git ls-files --stage -- /var/www/html/webAppDev/Assignment1/resources/views/posts/create.blade.php [2ms]
2023-09-09 15:53:04.473 [info] > git show --textconv :html/webAppDev/Assignment1/app/Http/Controllers/UserController.php [8ms]
2023-09-09 15:53:04.475 [info] > git ls-files --stage -- /var/www/html/webAppDev/Assignment1/app/Http/Controllers/UserController.php [3ms]
2023-09-09 15:53:06.304 [info] > git show --textconv :html/webAppDev/Assignment1/app/Models/Comment.php [9ms]
2023-09-09 15:53:06.307 [info] > git ls-files --stage -- /var/www/html/webAppDev/Assignment1/app/Models/Comment.php [3ms]
2023-09-09 15:53:08.164 [info] > git show --textconv :html/webAppDev/Assignment1/app/Models/Post.php [9ms]
2023-09-09 15:53:08.167 [info] > git ls-files --stage -- /var/www/html/webAppDev/Assignment1/app/Models/Post.php [3ms]
2023-09-09 15:53:10.281 [info] > git show --textconv :html/webAppDev/Assignment1/app/Models/User.php [8ms]
2023-09-09 15:53:10.283 [info] > git ls-files --stage -- /var/www/html/webAppDev/Assignment1/app/Models/User.php [3ms]
2023-09-09 15:53:10.963 [info] > git config --get commit.template [9ms]
2023-09-09 15:53:10.967 [info] > git for-each-ref --format=%(refname)%00%(upstream:short)%00%(objectname)%00%(upstream:track)%00%(upstream:remotename)%00%(upstream:remoteref) refs/heads/master refs/remotes/master [5ms]
2023-09-09 15:53:11.441 [info] > git status -z -uall [468ms]
2023-09-09 15:53:13.359 [info] > git show --textconv :html/webAppDev/Assignment1/_Documentation_README.md [6ms]
2023-09-09 15:53:13.362 [info] > git ls-files --stage -- /var/www/html/webAppDev/Assignment1/_Documentation_README.md [3ms]
2023-09-09 15:53:13.438 [info] > git check-ignore -v -z --stdin [3ms]
2023-09-09 15:53:16.510 [info] > git config --get commit.template [8ms]
2023-09-09 15:53:16.514 [info] > git for-each-ref --format=%(refname)%00%(upstream:short)%00%(objectname)%00%(upstream:track)%00%(upstream:remotename)%00%(upstream:remoteref) refs/heads/master refs/remotes/master [5ms]
2023-09-09 15:53:16.774 [info] > git status -z -uall [254ms]
2023-09-09 15:53:18.248 [info] > git show --textconv :html/webAppDev/Assignment1/resources/css/app.css [7ms]
2023-09-09 15:53:18.251 [info] > git ls-files --stage -- /var/www/html/webAppDev/Assignment1/resources/css/app.css [3ms]
2023-09-09 15:53:19.112 [info] > git show --textconv :html/webAppDev/Assignment1/resources/views/layouts/app.blade.php [8ms]
2023-09-09 15:53:19.114 [info] > git ls-files --stage -- /var/www/html/webAppDev/Assignment1/resources/views/layouts/app.blade.php [3ms]
2023-09-09 15:53:39.661 [info] > git config --get commit.template [7ms]
2023-09-09 15:53:39.664 [info] > git for-each-ref --format=%(refname)%00%(upstream:short)%00%(objectname)%00%(upstream:track)%00%(upstream:remotename)%00%(upstream:remoteref) refs/heads/master refs/remotes/master [4ms]
2023-09-09 15:53:39.911 [info] > git status -z -uall [241ms]
2023-09-09 15:53:44.992 [info] > git config --get commit.template [8ms]
2023-09-09 15:53:44.996 [info] > git for-each-ref --format=%(refname)%00%(upstream:short)%00%(objectname)%00%(upstream:track)%00%(upstream:remotename)%00%(upstream:remoteref) refs/heads/master refs/remotes/master [5ms]
2023-09-09 15:53:45.272 [info] > git status -z -uall [270ms]
2023-09-09 15:53:50.331 [info] > git config --get commit.template [10ms]
2023-09-09 15:53:50.335 [info] > git for-each-ref --format=%(refname)%00%(upstream:short)%00%(objectname)%00%(upstream:track)%00%(upstream:remotename)%00%(upstream:remoteref) refs/heads/master refs/remotes/master [5ms]
2023-09-09 15:53:50.836 [info] > git status -z -uall [494ms]
2023-09-09 15:53:55.898 [info] > git config --get commit.template [8ms]
2023-09-09 15:53:55.902 [info] > git for-each-ref --format=%(refname)%00%(upstream:short)%00%(objectname)%00%(upstream:track)%00%(upstream:remotename)%00%(upstream:remoteref) refs/heads/master refs/remotes/master [5ms]
2023-09-09 15:53:56.156 [info] > git status -z -uall [248ms]
2023-09-09 15:54:01.215 [info] > git config --get commit.template [10ms]
2023-09-09 15:54:01.219 [info] > git for-each-ref --format=%(refname)%00%(upstream:short)%00%(objectname)%00%(upstream:track)%00%(upstream:remotename)%00%(upstream:remoteref) refs/heads/master refs/remotes/master [4ms]
2023-09-09 15:54:01.495 [info] > git status -z -uall [268ms]
2023-09-09 15:54:06.557 [info] > git config --get commit.template [9ms]
2023-09-09 15:54:06.560 [info] > git for-each-ref --format=%(refname)%00%(upstream:short)%00%(objectname)%00%(upstream:track)%00%(upstream:remotename)%00%(upstream:remoteref) refs/heads/master refs/remotes/master [4ms]
2023-09-09 15:54:06.842 [info] > git status -z -uall [274ms]
2023-09-09 15:54:11.904 [info] > git config --get commit.template [10ms]
2023-09-09 15:54:11.909 [info] > git for-each-ref --format=%(refname)%00%(upstream:short)%00%(objectname)%00%(upstream:track)%00%(upstream:remotename)%00%(upstream:remoteref) refs/heads/master refs/remotes/master [6ms]
2023-09-09 15:54:12.376 [info] > git status -z -uall [457ms]
2023-09-09 15:54:17.436 [info] > git config --get commit.template [10ms]
2023-09-09 15:54:17.439 [info] > git for-each-ref --format=%(refname)%00%(upstream:short)%00%(objectname)%00%(upstream:track)%00%(upstream:remotename)%00%(upstream:remoteref) refs/heads/master refs/remotes/master [4ms]
2023-09-09 15:54:17.695 [info] > git status -z -uall [247ms]
2023-09-09 15:54:22.767 [info] > git config --get commit.template [14ms]
2023-09-09 15:54:22.770 [info] > git for-each-ref --format=%(refname)%00%(upstream:short)%00%(objectname)%00%(upstream:track)%00%(upstream:remotename)%00%(upstream:remoteref) refs/heads/master refs/remotes/master [4ms]
2023-09-09 15:54:23.047 [info] > git status -z -uall [267ms]
2023-09-09 15:54:28.110 [info] > git config --get commit.template [13ms]
2023-09-09 15:54:28.114 [info] > git for-each-ref --format=%(refname)%00%(upstream:short)%00%(objectname)%00%(upstream:track)%00%(upstream:remotename)%00%(upstream:remoteref) refs/heads/master refs/remotes/master [4ms]
2023-09-09 15:54:28.398 [info] > git status -z -uall [271ms]
2023-09-09 15:54:33.482 [info] > git config --get commit.template [12ms]
2023-09-09 15:54:33.486 [info] > git for-each-ref --format=%(refname)%00%(upstream:short)%00%(objectname)%00%(upstream:track)%00%(upstream:remotename)%00%(upstream:remoteref) refs/heads/master refs/remotes/master [5ms]
2023-09-09 15:54:33.759 [info] > git status -z -uall [263ms]
2023-09-09 15:54:38.823 [info] > git config --get commit.template [13ms]
2023-09-09 15:54:38.828 [info] > git for-each-ref --format=%(refname)%00%(upstream:short)%00%(objectname)%00%(upstream:track)%00%(upstream:remotename)%00%(upstream:remoteref) refs/heads/master refs/remotes/master [6ms]
2023-09-09 15:54:39.084 [info] > git status -z -uall [244ms]
2023-09-09 15:54:44.165 [info] > git config --get commit.template [13ms]
2023-09-09 15:54:44.170 [info] > git for-each-ref --format=%(refname)%00%(upstream:short)%00%(objectname)%00%(upstream:track)%00%(upstream:remotename)%00%(upstream:remoteref) refs/heads/master refs/remotes/master [5ms]
2023-09-09 15:54:44.444 [info] > git status -z -uall [261ms]
