2023-07-12 12:48:45.313 [info] Log level: Info
2023-07-12 12:48:45.313 [info] Validating found git in: "git"
2023-07-12 12:48:45.313 [info] Using git "2.30.2" from "git"
2023-07-12 12:48:45.313 [info] > git rev-parse --show-toplevel [37ms]
2023-07-12 12:48:45.313 [info] fatal: not a git repository (or any parent up to mount point /var)
Stopping at filesystem boundary (GIT_DISCOVERY_ACROSS_FILESYSTEM not set).
2023-07-12 12:48:45.313 [info] > git rev-parse --show-toplevel [1ms]
2023-07-12 12:48:45.313 [info] fatal: not a git repository (or any parent up to mount point /var)
Stopping at filesystem boundary (GIT_DISCOVERY_ACROSS_FILESYSTEM not set).
2023-07-12 12:48:45.313 [info] > git rev-parse --show-toplevel [1ms]
2023-07-12 12:48:45.313 [info] fatal: not a git repository (or any parent up to mount point /var)
Stopping at filesystem boundary (GIT_DISCOVERY_ACROSS_FILESYSTEM not set).
2023-07-12 12:48:45.314 [info] > git rev-parse --show-toplevel [1ms]
2023-07-12 12:48:45.314 [info] fatal: not a git repository (or any parent up to mount point /var)
Stopping at filesystem boundary (GIT_DISCOVERY_ACROSS_FILESYSTEM not set).
2023-07-12 12:48:45.314 [info] > git rev-parse --show-toplevel [1ms]
2023-07-12 12:48:45.314 [info] fatal: not a git repository (or any parent up to mount point /var)
Stopping at filesystem boundary (GIT_DISCOVERY_ACROSS_FILESYSTEM not set).
2023-07-12 12:48:45.376 [info] > git rev-parse --show-toplevel [1ms]
2023-07-12 12:48:45.376 [info] fatal: not a git repository (or any parent up to mount point /var)
Stopping at filesystem boundary (GIT_DISCOVERY_ACROSS_FILESYSTEM not set).
