2023-09-10 16:27:43.620 [info] Extension host with pid 626 started
2023-09-10 16:27:43.625 [error] Error: EEXIST: file already exists, open '/var/www/.local/share/code-server/User/workspaceStorage/2326199c/vscode.lock'
2023-09-10 16:27:43.633 [info] Lock '/var/www/.local/share/code-server/User/workspaceStorage/2326199c/vscode.lock': Could not acquire lock, checking if the file is stale.
2023-09-10 16:27:43.637 [info] Lock '/var/www/.local/share/code-server/User/workspaceStorage/2326199c/vscode.lock': The pid 578 appears to be gone.
2023-09-10 16:27:43.637 [info] Lock '/var/www/.local/share/code-server/User/workspaceStorage/2326199c/vscode.lock': Deleting a stale lock.
2023-09-10 16:27:43.657 [info] Lock '/var/www/.local/share/code-server/User/workspaceStorage/2326199c/vscode.lock': Lock acquired.
2023-09-10 16:27:43.902 [info] ExtensionService#_doActivateExtension vscode.git-base, startup: true, activationEvent: '*', root cause: vscode.git
2023-09-10 16:27:46.173 [info] ExtensionService#_doActivateExtension vscode.git, startup: true, activationEvent: '*'
2023-09-10 16:27:46.173 [info] ExtensionService#_doActivateExtension vscode.github, startup: true, activationEvent: '*'
2023-09-10 16:27:46.511 [info] Eager extensions activated
2023-09-10 16:27:46.511 [info] ExtensionService#_doActivateExtension vscode.debug-auto-launch, startup: false, activationEvent: 'onStartupFinished'
2023-09-10 16:27:46.512 [info] ExtensionService#_doActivateExtension vscode.merge-conflict, startup: false, activationEvent: 'onStartupFinished'
2023-09-10 16:27:46.884 [info] ExtensionService#_doActivateExtension vscode.php-language-features, startup: false, activationEvent: 'onLanguage:php'
2023-09-10 16:27:46.884 [info] ExtensionService#_doActivateExtension vscode.emmet, startup: false, activationEvent: 'onLanguage'
2023-09-10 16:27:49.689 [warning] [Decorations] CAPPING events from decorations provider vscode.git 3462
2023-09-10 16:27:50.235 [warning] [Decorations] CAPPING events from decorations provider vscode.git 3464
2023-09-10 16:27:51.632 [warning] [Decorations] CAPPING events from decorations provider vscode.git 3464
2023-09-10 16:29:44.078 [warning] [Decorations] CAPPING events from decorations provider vscode.git 3464
2023-09-10 16:29:49.422 [warning] [Decorations] CAPPING events from decorations provider vscode.git 3464
2023-09-10 16:29:54.744 [warning] [Decorations] CAPPING events from decorations provider vscode.git 3464
2023-09-10 16:30:00.129 [warning] [Decorations] CAPPING events from decorations provider vscode.git 3464
2023-09-10 16:30:19.533 [warning] [Decorations] CAPPING events from decorations provider vscode.git 3464
2023-09-10 16:30:24.919 [warning] [Decorations] CAPPING events from decorations provider vscode.git 3464
2023-09-10 16:30:30.329 [warning] [Decorations] CAPPING events from decorations provider vscode.git 3464
2023-09-10 16:30:35.752 [warning] [Decorations] CAPPING events from decorations provider vscode.git 3464
2023-09-10 16:30:41.103 [warning] [Decorations] CAPPING events from decorations provider vscode.git 3464
2023-09-10 16:30:46.475 [warning] [Decorations] CAPPING events from decorations provider vscode.git 3464
2023-09-10 16:30:51.827 [warning] [Decorations] CAPPING events from decorations provider vscode.git 3464
2023-09-10 16:30:57.182 [warning] [Decorations] CAPPING events from decorations provider vscode.git 3464
2023-09-10 16:31:02.541 [warning] [Decorations] CAPPING events from decorations provider vscode.git 3464
2023-09-10 16:31:07.892 [warning] [Decorations] CAPPING events from decorations provider vscode.git 3464
2023-09-10 16:31:09.709 [info] ExtensionService#_doActivateExtension vscode.typescript-language-features, startup: false, activationEvent: 'onLanguage:javascript'
2023-09-10 16:31:13.457 [warning] [Decorations] CAPPING events from decorations provider vscode.git 3465
2023-09-10 16:31:14.006 [info] ExtensionService#_doActivateExtension vscode.extension-editing, startup: false, activationEvent: 'onLanguage:json'
2023-09-10 16:31:14.007 [info] ExtensionService#_doActivateExtension vscode.json-language-features, startup: false, activationEvent: 'onLanguage:json'
2023-09-10 16:31:14.007 [info] ExtensionService#_doActivateExtension vscode.npm, startup: false, activationEvent: 'onLanguage:json'
2023-09-10 16:31:24.212 [warning] [Decorations] CAPPING events from decorations provider vscode.git 3470
2023-09-10 16:31:29.613 [warning] [Decorations] CAPPING events from decorations provider vscode.git 3470
2023-09-10 16:31:35.065 [warning] [Decorations] CAPPING events from decorations provider vscode.git 3470
2023-09-10 16:31:40.484 [warning] [Decorations] CAPPING events from decorations provider vscode.git 3470
2023-09-10 16:31:45.832 [warning] [Decorations] CAPPING events from decorations provider vscode.git 3470
2023-09-10 16:31:51.201 [warning] [Decorations] CAPPING events from decorations provider vscode.git 3470
2023-09-10 16:31:56.512 [warning] [Decorations] CAPPING events from decorations provider vscode.git 3470
2023-09-10 16:32:01.883 [warning] [Decorations] CAPPING events from decorations provider vscode.git 3470
2023-09-10 16:32:07.234 [warning] [Decorations] CAPPING events from decorations provider vscode.git 3470
2023-09-10 16:32:12.558 [warning] [Decorations] CAPPING events from decorations provider vscode.git 3470
2023-09-10 16:32:23.461 [warning] [Decorations] CAPPING events from decorations provider vscode.git 3470
2023-09-10 16:32:28.797 [warning] [Decorations] CAPPING events from decorations provider vscode.git 3470
2023-09-10 16:32:34.201 [warning] [Decorations] CAPPING events from decorations provider vscode.git 3470
2023-09-10 16:32:39.604 [warning] [Decorations] CAPPING events from decorations provider vscode.git 3470
2023-09-10 16:32:45.005 [warning] [Decorations] CAPPING events from decorations provider vscode.git 3470
2023-09-10 16:32:50.348 [warning] [Decorations] CAPPING events from decorations provider vscode.git 3470
2023-09-10 16:33:00.314 [warning] [Decorations] CAPPING events from decorations provider vscode.git 3470
2023-09-10 16:33:18.353 [warning] [Decorations] CAPPING events from decorations provider vscode.git 3470
2023-09-10 16:33:52.753 [warning] [Decorations] CAPPING events from decorations provider vscode.git 3470
2023-09-10 16:33:58.105 [warning] [Decorations] CAPPING events from decorations provider vscode.git 3470
2023-09-10 16:34:03.513 [warning] [Decorations] CAPPING events from decorations provider vscode.git 3470
2023-09-10 16:34:08.854 [warning] [Decorations] CAPPING events from decorations provider vscode.git 3470
2023-09-10 16:34:14.251 [warning] [Decorations] CAPPING events from decorations provider vscode.git 3470
2023-09-10 16:34:19.599 [warning] [Decorations] CAPPING events from decorations provider vscode.git 3470
2023-09-10 16:34:29.679 [warning] [Decorations] CAPPING events from decorations provider vscode.git 3471
2023-09-10 16:34:35.044 [warning] [Decorations] CAPPING events from decorations provider vscode.git 3471
2023-09-10 16:34:49.469 [warning] [Decorations] CAPPING events from decorations provider vscode.git 3471
2023-09-10 16:34:55.002 [warning] [Decorations] CAPPING events from decorations provider vscode.git 3471
2023-09-10 16:35:00.358 [warning] [Decorations] CAPPING events from decorations provider vscode.git 3471
2023-09-10 16:35:05.750 [warning] [Decorations] CAPPING events from decorations provider vscode.git 3471
2023-09-10 16:35:11.124 [warning] [Decorations] CAPPING events from decorations provider vscode.git 3471
2023-09-10 16:35:16.450 [warning] [Decorations] CAPPING events from decorations provider vscode.git 3471
2023-09-10 16:35:27.575 [warning] [Decorations] CAPPING events from decorations provider vscode.git 3471
2023-09-10 16:35:32.908 [warning] [Decorations] CAPPING events from decorations provider vscode.git 3471
2023-09-10 16:35:38.281 [warning] [Decorations] CAPPING events from decorations provider vscode.git 3471
2023-09-10 16:35:43.619 [warning] [Decorations] CAPPING events from decorations provider vscode.git 3471
2023-09-10 16:35:48.947 [warning] [Decorations] CAPPING events from decorations provider vscode.git 3471
2023-09-10 16:35:55.998 [warning] [Decorations] CAPPING events from decorations provider vscode.git 3471
2023-09-10 16:36:01.355 [warning] [Decorations] CAPPING events from decorations provider vscode.git 3471
2023-09-10 16:36:11.207 [warning] [Decorations] CAPPING events from decorations provider vscode.git 3471
2023-09-10 16:36:16.548 [warning] [Decorations] CAPPING events from decorations provider vscode.git 3471
2023-09-10 16:36:21.881 [warning] [Decorations] CAPPING events from decorations provider vscode.git 3471
2023-09-10 16:36:27.204 [warning] [Decorations] CAPPING events from decorations provider vscode.git 3471
2023-09-10 16:36:42.907 [warning] [Decorations] CAPPING events from decorations provider vscode.git 3471
2023-09-10 16:36:48.238 [warning] [Decorations] CAPPING events from decorations provider vscode.git 3471
2023-09-10 16:36:53.555 [warning] [Decorations] CAPPING events from decorations provider vscode.git 3471
2023-09-10 16:36:59.090 [warning] [Decorations] CAPPING events from decorations provider vscode.git 3471
2023-09-10 16:37:29.535 [warning] [Decorations] CAPPING events from decorations provider vscode.git 3471
2023-09-10 16:37:56.676 [warning] [Decorations] CAPPING events from decorations provider vscode.git 3471
2023-09-10 16:38:02.203 [warning] [Decorations] CAPPING events from decorations provider vscode.git 3471
2023-09-10 16:38:07.533 [warning] [Decorations] CAPPING events from decorations provider vscode.git 3471
2023-09-10 16:38:12.865 [warning] [Decorations] CAPPING events from decorations provider vscode.git 3471
2023-09-10 16:38:18.235 [warning] [Decorations] CAPPING events from decorations provider vscode.git 3471
2023-09-10 16:38:23.562 [warning] [Decorations] CAPPING events from decorations provider vscode.git 3471
2023-09-10 16:38:28.863 [warning] [Decorations] CAPPING events from decorations provider vscode.git 3471
2023-09-10 16:38:34.217 [warning] [Decorations] CAPPING events from decorations provider vscode.git 3471
2023-09-10 16:38:39.579 [warning] [Decorations] CAPPING events from decorations provider vscode.git 3471
2023-09-10 16:38:58.093 [warning] [Decorations] CAPPING events from decorations provider vscode.git 3472
2023-09-10 16:39:03.608 [warning] [Decorations] CAPPING events from decorations provider vscode.git 3472
2023-09-10 16:39:09.113 [warning] [Decorations] CAPPING events from decorations provider vscode.git 3472
2023-09-10 16:39:14.460 [warning] [Decorations] CAPPING events from decorations provider vscode.git 3472
2023-09-10 16:39:19.823 [warning] [Decorations] CAPPING events from decorations provider vscode.git 3472
2023-09-10 16:39:25.148 [warning] [Decorations] CAPPING events from decorations provider vscode.git 3472
2023-09-10 16:39:30.486 [warning] [Decorations] CAPPING events from decorations provider vscode.git 3472
2023-09-10 16:39:35.893 [warning] [Decorations] CAPPING events from decorations provider vscode.git 3472
2023-09-10 16:39:41.259 [warning] [Decorations] CAPPING events from decorations provider vscode.git 3472
2023-09-10 16:39:46.819 [warning] [Decorations] CAPPING events from decorations provider vscode.git 3472
2023-09-10 16:39:52.423 [warning] [Decorations] CAPPING events from decorations provider vscode.git 3472
2023-09-10 16:39:57.787 [warning] [Decorations] CAPPING events from decorations provider vscode.git 3472
2023-09-10 16:40:03.184 [warning] [Decorations] CAPPING events from decorations provider vscode.git 3472
2023-09-10 16:40:08.691 [warning] [Decorations] CAPPING events from decorations provider vscode.git 3472
2023-09-10 16:40:18.354 [warning] [Decorations] CAPPING events from decorations provider vscode.git 3472
2023-09-10 16:40:23.695 [warning] [Decorations] CAPPING events from decorations provider vscode.git 3472
2023-09-10 16:40:29.062 [warning] [Decorations] CAPPING events from decorations provider vscode.git 3472
2023-09-10 16:40:34.379 [warning] [Decorations] CAPPING events from decorations provider vscode.git 3472
2023-09-10 16:40:39.796 [warning] [Decorations] CAPPING events from decorations provider vscode.git 3472
2023-09-10 16:40:45.112 [warning] [Decorations] CAPPING events from decorations provider vscode.git 3472
2023-09-10 16:40:50.464 [warning] [Decorations] CAPPING events from decorations provider vscode.git 3472
2023-09-10 16:40:55.830 [warning] [Decorations] CAPPING events from decorations provider vscode.git 3472
2023-09-10 16:41:01.239 [warning] [Decorations] CAPPING events from decorations provider vscode.git 3472
2023-09-10 16:41:07.006 [warning] [Decorations] CAPPING events from decorations provider vscode.git 3472
2023-09-10 16:41:12.542 [warning] [Decorations] CAPPING events from decorations provider vscode.git 3472
2023-09-10 16:41:17.868 [warning] [Decorations] CAPPING events from decorations provider vscode.git 3472
2023-09-10 16:41:23.270 [warning] [Decorations] CAPPING events from decorations provider vscode.git 3472
2023-09-10 16:41:28.962 [warning] [Decorations] CAPPING events from decorations provider vscode.git 3472
2023-09-10 16:41:34.331 [warning] [Decorations] CAPPING events from decorations provider vscode.git 3472
2023-09-10 16:41:39.942 [warning] [Decorations] CAPPING events from decorations provider vscode.git 3472
2023-09-10 16:41:45.378 [warning] [Decorations] CAPPING events from decorations provider vscode.git 3472
2023-09-10 16:41:50.695 [warning] [Decorations] CAPPING events from decorations provider vscode.git 3472
2023-09-10 16:41:56.022 [warning] [Decorations] CAPPING events from decorations provider vscode.git 3472
2023-09-10 16:42:01.343 [warning] [Decorations] CAPPING events from decorations provider vscode.git 3472
2023-09-10 16:42:06.677 [warning] [Decorations] CAPPING events from decorations provider vscode.git 3472
2023-09-10 16:42:16.157 [warning] [Decorations] CAPPING events from decorations provider vscode.git 3472
2023-09-10 16:42:21.521 [warning] [Decorations] CAPPING events from decorations provider vscode.git 3472
2023-09-10 16:42:26.862 [warning] [Decorations] CAPPING events from decorations provider vscode.git 3472
2023-09-10 16:42:32.199 [warning] [Decorations] CAPPING events from decorations provider vscode.git 3472
2023-09-10 16:42:37.528 [warning] [Decorations] CAPPING events from decorations provider vscode.git 3472
2023-09-10 16:42:42.896 [warning] [Decorations] CAPPING events from decorations provider vscode.git 3472
2023-09-10 16:42:48.268 [warning] [Decorations] CAPPING events from decorations provider vscode.git 3472
2023-09-10 16:42:53.614 [warning] [Decorations] CAPPING events from decorations provider vscode.git 3472
2023-09-10 16:42:58.936 [warning] [Decorations] CAPPING events from decorations provider vscode.git 3472
2023-09-10 16:43:04.304 [warning] [Decorations] CAPPING events from decorations provider vscode.git 3472
2023-09-10 16:43:15.345 [warning] [Decorations] CAPPING events from decorations provider vscode.git 3472
2023-09-10 16:43:20.863 [warning] [Decorations] CAPPING events from decorations provider vscode.git 3472
2023-09-10 16:43:26.195 [warning] [Decorations] CAPPING events from decorations provider vscode.git 3472
2023-09-10 16:43:31.541 [warning] [Decorations] CAPPING events from decorations provider vscode.git 3472
2023-09-10 16:43:36.879 [warning] [Decorations] CAPPING events from decorations provider vscode.git 3472
2023-09-10 16:43:42.208 [warning] [Decorations] CAPPING events from decorations provider vscode.git 3472
2023-09-10 16:43:47.565 [warning] [Decorations] CAPPING events from decorations provider vscode.git 3472
2023-09-10 16:43:52.928 [warning] [Decorations] CAPPING events from decorations provider vscode.git 3472
2023-09-10 16:43:58.342 [warning] [Decorations] CAPPING events from decorations provider vscode.git 3472
2023-09-10 16:44:03.711 [warning] [Decorations] CAPPING events from decorations provider vscode.git 3472
2023-09-10 16:44:09.064 [warning] [Decorations] CAPPING events from decorations provider vscode.git 3472
2023-09-10 16:44:14.552 [warning] [Decorations] CAPPING events from decorations provider vscode.git 3472
2023-09-10 16:44:19.910 [warning] [Decorations] CAPPING events from decorations provider vscode.git 3472
2023-09-10 16:44:25.411 [warning] [Decorations] CAPPING events from decorations provider vscode.git 3472
2023-09-10 16:44:56.471 [warning] [Decorations] CAPPING events from decorations provider vscode.git 3472
2023-09-10 16:45:56.695 [warning] [Decorations] CAPPING events from decorations provider vscode.git 3472
2023-09-10 16:46:53.012 [warning] [Decorations] CAPPING events from decorations provider vscode.git 3472
2023-09-10 16:46:58.586 [warning] [Decorations] CAPPING events from decorations provider vscode.git 3472
2023-09-10 16:47:03.956 [warning] [Decorations] CAPPING events from decorations provider vscode.git 3473
2023-09-10 16:47:09.297 [warning] [Decorations] CAPPING events from decorations provider vscode.git 3472
2023-09-10 16:47:14.644 [warning] [Decorations] CAPPING events from decorations provider vscode.git 3472
2023-09-10 16:47:19.995 [warning] [Decorations] CAPPING events from decorations provider vscode.git 3472
2023-09-10 16:47:25.348 [warning] [Decorations] CAPPING events from decorations provider vscode.git 3472
2023-09-10 16:47:30.728 [warning] [Decorations] CAPPING events from decorations provider vscode.git 3472
2023-09-10 16:47:36.062 [warning] [Decorations] CAPPING events from decorations provider vscode.git 3472
2023-09-10 16:47:41.413 [warning] [Decorations] CAPPING events from decorations provider vscode.git 3472
2023-09-10 16:47:46.813 [warning] [Decorations] CAPPING events from decorations provider vscode.git 3472
2023-09-10 16:47:52.162 [warning] [Decorations] CAPPING events from decorations provider vscode.git 3472
2023-09-10 16:47:57.527 [warning] [Decorations] CAPPING events from decorations provider vscode.git 3472
2023-09-10 16:48:03.109 [warning] [Decorations] CAPPING events from decorations provider vscode.git 3472
2023-09-10 16:48:08.458 [warning] [Decorations] CAPPING events from decorations provider vscode.git 3472
2023-09-10 16:48:13.807 [warning] [Decorations] CAPPING events from decorations provider vscode.git 3472
2023-09-10 16:48:19.145 [warning] [Decorations] CAPPING events from decorations provider vscode.git 3472
2023-09-10 16:48:24.473 [warning] [Decorations] CAPPING events from decorations provider vscode.git 3472
2023-09-10 16:48:29.838 [warning] [Decorations] CAPPING events from decorations provider vscode.git 3472
2023-09-10 16:48:35.185 [warning] [Decorations] CAPPING events from decorations provider vscode.git 3472
2023-09-10 16:48:40.493 [warning] [Decorations] CAPPING events from decorations provider vscode.git 3472
2023-09-10 16:51:09.629 [warning] [Decorations] CAPPING events from decorations provider vscode.git 3472
2023-09-10 16:52:22.011 [warning] [Decorations] CAPPING events from decorations provider vscode.git 3472
2023-09-10 16:52:27.323 [warning] [Decorations] CAPPING events from decorations provider vscode.git 3472
2023-09-10 16:52:32.683 [warning] [Decorations] CAPPING events from decorations provider vscode.git 3472
2023-09-10 16:52:38.014 [warning] [Decorations] CAPPING events from decorations provider vscode.git 3472
2023-09-10 16:52:43.332 [warning] [Decorations] CAPPING events from decorations provider vscode.git 3472
2023-09-10 16:52:48.651 [warning] [Decorations] CAPPING events from decorations provider vscode.git 3472
2023-09-10 16:52:53.977 [warning] [Decorations] CAPPING events from decorations provider vscode.git 3472
2023-09-10 16:52:59.332 [warning] [Decorations] CAPPING events from decorations provider vscode.git 3472
2023-09-10 16:53:04.673 [warning] [Decorations] CAPPING events from decorations provider vscode.git 3472
2023-09-10 16:53:09.999 [warning] [Decorations] CAPPING events from decorations provider vscode.git 3472
2023-09-10 16:53:15.350 [warning] [Decorations] CAPPING events from decorations provider vscode.git 3472
2023-09-10 16:53:20.675 [warning] [Decorations] CAPPING events from decorations provider vscode.git 3472
2023-09-10 16:53:26.232 [warning] [Decorations] CAPPING events from decorations provider vscode.git 3472
2023-09-10 16:53:31.579 [warning] [Decorations] CAPPING events from decorations provider vscode.git 3472
2023-09-10 16:53:42.084 [warning] [Decorations] CAPPING events from decorations provider vscode.git 3472
2023-09-10 16:53:47.446 [warning] [Decorations] CAPPING events from decorations provider vscode.git 3472
2023-09-10 16:53:52.781 [warning] [Decorations] CAPPING events from decorations provider vscode.git 3472
2023-09-10 16:53:58.125 [warning] [Decorations] CAPPING events from decorations provider vscode.git 3472
2023-09-10 16:54:03.485 [warning] [Decorations] CAPPING events from decorations provider vscode.git 3472
2023-09-10 16:54:08.861 [warning] [Decorations] CAPPING events from decorations provider vscode.git 3472
2023-09-10 16:54:14.200 [warning] [Decorations] CAPPING events from decorations provider vscode.git 3472
2023-09-10 16:54:21.610 [warning] [Decorations] CAPPING events from decorations provider vscode.git 3472
2023-09-10 16:54:27.186 [warning] [Decorations] CAPPING events from decorations provider vscode.git 3472
2023-09-10 16:54:32.543 [warning] [Decorations] CAPPING events from decorations provider vscode.git 3472
2023-09-10 16:54:37.868 [warning] [Decorations] CAPPING events from decorations provider vscode.git 3472
2023-09-10 16:54:43.266 [warning] [Decorations] CAPPING events from decorations provider vscode.git 3472
2023-09-10 16:54:49.349 [warning] [Decorations] CAPPING events from decorations provider vscode.git 3472
2023-09-10 16:57:16.563 [warning] [Decorations] CAPPING events from decorations provider vscode.git 3472
2023-09-10 16:57:42.276 [warning] [Decorations] CAPPING events from decorations provider vscode.git 3472
2023-09-10 16:57:47.616 [warning] [Decorations] CAPPING events from decorations provider vscode.git 3472
2023-09-10 16:57:52.979 [warning] [Decorations] CAPPING events from decorations provider vscode.git 3472
2023-09-10 16:58:10.856 [warning] [Decorations] CAPPING events from decorations provider vscode.git 3472
2023-09-10 16:58:16.167 [warning] [Decorations] CAPPING events from decorations provider vscode.git 3472
2023-09-10 16:58:21.725 [warning] [Decorations] CAPPING events from decorations provider vscode.git 3472
2023-09-10 16:58:27.050 [warning] [Decorations] CAPPING events from decorations provider vscode.git 3472
2023-09-10 16:58:44.328 [warning] [Decorations] CAPPING events from decorations provider vscode.git 3472
2023-09-10 16:58:46.604 [info] ExtensionService#_doActivateExtension vscode.markdown-language-features, startup: false, activationEvent: 'onLanguage:markdown'
2023-09-10 16:58:48.391 [info] ExtensionService#_doActivateExtension vscode.markdown-math, startup: false, activationEvent: 'api', root cause: vscode.markdown-language-features
2023-09-10 16:58:49.679 [warning] [Decorations] CAPPING events from decorations provider vscode.git 3472
2023-09-10 17:00:54.283 [warning] [Decorations] CAPPING events from decorations provider vscode.git 3472
2023-09-10 17:00:59.643 [warning] [Decorations] CAPPING events from decorations provider vscode.git 3472
2023-09-10 17:01:39.371 [warning] [Decorations] CAPPING events from decorations provider vscode.git 3472
2023-09-10 17:01:44.697 [warning] [Decorations] CAPPING events from decorations provider vscode.git 3472
2023-09-10 17:03:35.160 [warning] [Decorations] CAPPING events from decorations provider vscode.git 3472
2023-09-10 17:04:26.688 [warning] [Decorations] CAPPING events from decorations provider vscode.git 3472
2023-09-10 17:04:32.036 [warning] [Decorations] CAPPING events from decorations provider vscode.git 3472
2023-09-10 17:04:37.585 [warning] [Decorations] CAPPING events from decorations provider vscode.git 3472
2023-09-10 17:04:42.897 [warning] [Decorations] CAPPING events from decorations provider vscode.git 3472
2023-09-10 17:04:48.255 [warning] [Decorations] CAPPING events from decorations provider vscode.git 3472
2023-09-10 17:04:53.586 [warning] [Decorations] CAPPING events from decorations provider vscode.git 3472
2023-09-10 17:04:58.918 [warning] [Decorations] CAPPING events from decorations provider vscode.git 3472
2023-09-10 17:05:04.304 [warning] [Decorations] CAPPING events from decorations provider vscode.git 3472
2023-09-10 17:05:09.665 [warning] [Decorations] CAPPING events from decorations provider vscode.git 3472
2023-09-10 17:05:14.987 [warning] [Decorations] CAPPING events from decorations provider vscode.git 3472
2023-09-10 17:05:20.365 [warning] [Decorations] CAPPING events from decorations provider vscode.git 3472
2023-09-10 17:05:25.695 [warning] [Decorations] CAPPING events from decorations provider vscode.git 3472
2023-09-10 17:05:31.013 [warning] [Decorations] CAPPING events from decorations provider vscode.git 3472
2023-09-10 17:05:36.341 [warning] [Decorations] CAPPING events from decorations provider vscode.git 3472
2023-09-10 17:05:59.585 [warning] [Decorations] CAPPING events from decorations provider vscode.git 3472
2023-09-10 17:06:04.937 [warning] [Decorations] CAPPING events from decorations provider vscode.git 3472
2023-09-10 17:06:45.637 [warning] [Decorations] CAPPING events from decorations provider vscode.git 3472
2023-09-10 17:06:50.979 [warning] [Decorations] CAPPING events from decorations provider vscode.git 3472
2023-09-10 17:06:56.495 [warning] [Decorations] CAPPING events from decorations provider vscode.git 3472
2023-09-10 17:07:02.698 [warning] [Decorations] CAPPING events from decorations provider vscode.git 3472
2023-09-10 17:07:08.036 [warning] [Decorations] CAPPING events from decorations provider vscode.git 3472
2023-09-10 17:07:13.405 [warning] [Decorations] CAPPING events from decorations provider vscode.git 3472
2023-09-10 17:07:18.744 [warning] [Decorations] CAPPING events from decorations provider vscode.git 3472
2023-09-10 17:07:28.447 [warning] [Decorations] CAPPING events from decorations provider vscode.git 3472
2023-09-10 17:07:33.824 [warning] [Decorations] CAPPING events from decorations provider vscode.git 3472
2023-09-10 17:07:39.179 [warning] [Decorations] CAPPING events from decorations provider vscode.git 3472
2023-09-10 17:08:14.287 [warning] [Decorations] CAPPING events from decorations provider vscode.git 3472
